2017-11-17 16:12:30,023 [1] INFO  WebCrawler.Services.Program - 文章采集系统开始...
 WebCrawler.Services.Programname2017-11-17 16:12:30,910 [4] INFO  WebCrawlerConsole.DoMain.Crawler - 广东省环境保护厅-环保要闻采集开始***************************
 WebCrawlerConsole.DoMain.Crawlername2017-11-17 16:12:43,191 [4] WARN  WebCrawlerConsole.DoMain.Crawler - 广东省环境保护厅-环保要闻,新闻内容已到上一次最后采集新闻,结束采集
 WebCrawlerConsole.DoMain.Crawlername2017-11-17 16:12:43,360 [4] INFO  WebCrawlerConsole.DoMain.Crawler - 广东省环境保护厅-环保要闻,采集结束,共采集5条...共耗时12448毫秒********
 WebCrawlerConsole.DoMain.Crawlername2017-11-17 16:12:43,362 [4] INFO  WebCrawlerConsole.DoMain.Crawler - *******************************************************************************************
 WebCrawlerConsole.DoMain.Crawlername2017-11-17 16:12:43,412 [1] INFO  WebCrawler.Services.Program - 采集结束
 WebCrawler.Services.Programname2017-11-17 16:13:10,707 [1] INFO  WebCrawler.Services.Program - 文章采集系统开始...
 WebCrawler.Services.Programname2017-11-17 16:13:11,787 [1] INFO  WebCrawler.Services.Program - 采集结束
 WebCrawler.Services.Programname2017-11-17 16:13:41,798 [1] INFO  WebCrawler.Services.Program - 文章采集系统开始...
 WebCrawler.Services.Programname2017-11-17 16:13:42,859 [1] INFO  WebCrawler.Services.Program - 采集结束
 WebCrawler.Services.Programname2017-11-17 16:14:08,932 [1] INFO  WebCrawler.Services.Program - 文章采集系统开始...
 WebCrawler.Services.Programname2017-11-17 16:14:36,253 [1] INFO  WebCrawler.Services.Program - 采集结束
 WebCrawler.Services.Programname2017-11-17 16:14:52,777 [1] INFO  WebCrawler.Services.Program - 文章采集系统开始...
 WebCrawler.Services.Programname2017-11-17 16:16:28,986 [1] INFO  WebCrawler.Services.Program - 文章采集系统开始...
 WebCrawler.Services.Programname2017-11-17 16:17:10,692 [1] INFO  WebCrawler.Services.Program - 文章采集系统开始...
 WebCrawler.Services.Programname2017-11-17 16:17:18,191 [4] INFO  WebCrawlerConsole.DoMain.Crawler - 上海市环境保护局-环保要闻采集开始***************************
 WebCrawlerConsole.DoMain.Crawlername2017-11-17 16:18:52,417 [1] INFO  WebCrawler.Services.Program - 文章采集系统开始...
 WebCrawler.Services.Programname2017-11-17 16:18:53,354 [4] INFO  WebCrawlerConsole.DoMain.Crawler - 上海市环境保护局-环保要闻采集开始***************************
 WebCrawlerConsole.DoMain.Crawlername2017-11-17 16:22:33,861 [1] INFO  WebCrawler.Services.Program - 文章采集系统开始...
 WebCrawler.Services.Programname2017-11-17 16:22:34,813 [4] INFO  WebCrawlerConsole.DoMain.Crawler - 上海市环境保护局-环保要闻采集开始***************************
 WebCrawlerConsole.DoMain.Crawlername2017-11-17 16:50:20,104 [1] INFO  WebCrawler.Services.Program - 文章采集系统开始...
 WebCrawler.Services.Programname2017-11-17 16:50:23,969 [4] INFO  WebCrawlerConsole.DoMain.Crawler - 上海市环境保护局-环保要闻采集开始***************************
 WebCrawlerConsole.DoMain.Crawlername2017-11-17 16:53:56,942 [1] INFO  WebCrawler.Services.Program - 文章采集系统开始...
 WebCrawler.Services.Programname2017-11-17 16:53:57,870 [4] INFO  WebCrawlerConsole.DoMain.Crawler - 上海市环境保护局-环保要闻采集开始***************************
 WebCrawlerConsole.DoMain.Crawlername2017-11-17 16:56:26,477 [1] INFO  WebCrawler.Services.Program - 文章采集系统开始...
 WebCrawler.Services.Programname2017-11-17 16:56:27,249 [4] INFO  WebCrawlerConsole.DoMain.Crawler - 上海市环境保护局-环保要闻采集开始***************************
 WebCrawlerConsole.DoMain.Crawlername2017-11-17 17:00:09,494 [1] INFO  WebCrawler.Services.Program - 文章采集系统开始...
 WebCrawler.Services.Programname2017-11-17 17:00:10,594 [4] INFO  WebCrawlerConsole.DoMain.Crawler - 上海市环境保护局-环保要闻采集开始***************************
 WebCrawlerConsole.DoMain.Crawlername2017-11-17 17:01:04,975 [1] INFO  WebCrawler.Services.Program - 文章采集系统开始...
 WebCrawler.Services.Programname2017-11-17 17:01:06,095 [4] INFO  WebCrawlerConsole.DoMain.Crawler - 上海市环境保护局-环保要闻采集开始***************************
 WebCrawlerConsole.DoMain.Crawlername2017-11-17 17:01:47,616 [1] INFO  WebCrawler.Services.Program - 文章采集系统开始...
 WebCrawler.Services.Programname2017-11-17 17:01:48,788 [4] INFO  WebCrawlerConsole.DoMain.Crawler - 上海市环境保护局-环保要闻采集开始***************************
 WebCrawlerConsole.DoMain.Crawlername2017-11-17 17:03:08,027 [1] INFO  WebCrawler.Services.Program - 文章采集系统开始...
 WebCrawler.Services.Programname2017-11-17 17:03:09,005 [4] INFO  WebCrawlerConsole.DoMain.Crawler - 上海市环境保护局-环保要闻采集开始***************************
 WebCrawlerConsole.DoMain.Crawlername2017-11-17 17:04:03,814 [1] INFO  WebCrawler.Services.Program - 文章采集系统开始...
 WebCrawler.Services.Programname2017-11-17 17:04:04,753 [4] INFO  WebCrawlerConsole.DoMain.Crawler - 上海市环境保护局-环保要闻采集开始***************************
 WebCrawlerConsole.DoMain.Crawlername2017-11-17 17:06:00,500 [1] INFO  WebCrawler.Services.Program - 文章采集系统开始...
 WebCrawler.Services.Programname2017-11-17 17:06:01,350 [4] INFO  WebCrawlerConsole.DoMain.Crawler - 上海市环境保护局-环保要闻采集开始***************************
 WebCrawlerConsole.DoMain.Crawlername2017-11-17 17:06:05,634 [4] ERROR WebCrawlerConsole.DoMain.Crawler - 上海市环境保护局-环保要闻,http://www.sepb.gov.cn/fa/cms/shhj//shhj2272/shhj2157/2017/11/97416.htm,文章详情ivs_content为空
 WebCrawlerConsole.DoMain.Crawlername2017-11-17 17:06:50,357 [1] INFO  WebCrawler.Services.Program - 文章采集系统开始...
 WebCrawler.Services.Programname2017-11-17 17:06:51,452 [4] INFO  WebCrawlerConsole.DoMain.Crawler - 上海市环境保护局-环保要闻采集开始***************************
 WebCrawlerConsole.DoMain.Crawlername2017-11-17 17:15:38,889 [4] ERROR WebCrawlerConsole.DoMain.Crawler - 上海市环境保护局-环保要闻,http://www.sepb.gov.cn/fa/cms/shhj/shhj2272/shhj2157/index.shtml,2017-10-27市环保局党委书记郭芳一行赴市环保信息中心调研,文章内容获取失败
 WebCrawlerConsole.DoMain.Crawlername2017-11-17 17:15:45,868 [4] INFO  WebCrawlerConsole.DoMain.Crawler - 上海市环境保护局-环保要闻,采集结束,共采集19条...共耗时534415毫秒********
 WebCrawlerConsole.DoMain.Crawlername2017-11-17 17:15:45,870 [4] INFO  WebCrawlerConsole.DoMain.Crawler - *******************************************************************************************
 WebCrawlerConsole.DoMain.Crawlername2017-11-17 17:15:45,922 [1] INFO  WebCrawler.Services.Program - 采集结束
 WebCrawler.Services.Programname