2017-10-31 08:23:11,938 [1] INFO  WebCrawler.Services.Program - 文章采集系统开始...
 WebCrawler.Services.Programname2017-10-31 08:42:57,870 [5] INFO  WebCrawlerConsole.DoMain.Crawler - 文华财经-头条采集开始***************************
 WebCrawlerConsole.DoMain.Crawlername2017-10-31 08:43:04,129 [5] WARN  WebCrawlerConsole.DoMain.Crawler - 文华财经-头条,存在相同【标题】的文章:国务院：促进新一代信息技术与制造业深度融合
 WebCrawlerConsole.DoMain.Crawlername2017-10-31 08:43:04,454 [5] WARN  WebCrawlerConsole.DoMain.Crawler - 文华财经-头条,存在相同【标题】的文章:2798家公司发布三季报 前三季净利增逾两成
 WebCrawlerConsole.DoMain.Crawlername2017-10-31 08:43:04,789 [5] WARN  WebCrawlerConsole.DoMain.Crawler - 文华财经-头条,存在相同【标题】的文章:2798家公司发布三季报 前三季净利增逾两成
 WebCrawlerConsole.DoMain.Crawlername2017-10-31 08:43:05,043 [5] WARN  WebCrawlerConsole.DoMain.Crawler - 文华财经-头条,存在相同【标题】的文章:做强期市高质量服务实体经济转型
 WebCrawlerConsole.DoMain.Crawlername2017-10-31 08:43:05,068 [5] WARN  WebCrawlerConsole.DoMain.Crawler - 文华财经-头条,新闻内容已到上一次最后采集新闻,结束采集
 WebCrawlerConsole.DoMain.Crawlername2017-10-31 08:43:05,243 [5] INFO  WebCrawlerConsole.DoMain.Crawler - 文华财经-头条,采集结束,共采集1条...共耗时7370毫秒********
 WebCrawlerConsole.DoMain.Crawlername2017-10-31 08:43:05,244 [5] INFO  WebCrawlerConsole.DoMain.Crawler - *******************************************************************************************
 WebCrawlerConsole.DoMain.Crawlername2017-10-31 08:43:24,956 [1] INFO  WebCrawler.Services.Program - 采集结束
 WebCrawler.Services.Programname2017-10-31 08:46:20,539 [1] INFO  WebCrawler.Services.Program - 文章采集系统开始...
 WebCrawler.Services.Programname2017-10-31 09:40:59,141 [1] INFO  WebCrawler.Services.Program - 文章采集系统开始...
 WebCrawler.Services.Programname2017-10-31 09:41:36,482 [4] INFO  WebCrawlerConsole.DoMain.Crawler - 工信部-重点工作采集开始***************************
 WebCrawlerConsole.DoMain.Crawlername2017-10-31 09:41:38,526 [4] WARN  WebCrawlerConsole.DoMain.Crawler - 工信部-重点工作,存在相同【标题】的文章:工业和信息化部2018年考试录用公务员公告
 WebCrawlerConsole.DoMain.Crawlername2017-10-31 09:41:38,613 [4] WARN  WebCrawlerConsole.DoMain.Crawler - 工信部-重点工作,存在相同【标题】的文章:工业和信息化部关于印发《产业关键共性技术发展指南（2017年）》的通知
 WebCrawlerConsole.DoMain.Crawlername2017-10-31 09:41:38,615 [4] WARN  WebCrawlerConsole.DoMain.Crawler - 工信部-重点工作,新闻内容已到上一次最后采集新闻,结束采集
 WebCrawlerConsole.DoMain.Crawlername2017-10-31 09:41:38,617 [4] INFO  WebCrawlerConsole.DoMain.Crawler - 工信部-重点工作,采集结束,共采集0条...共耗时2133毫秒********
 WebCrawlerConsole.DoMain.Crawlername2017-10-31 09:41:38,619 [4] INFO  WebCrawlerConsole.DoMain.Crawler - *******************************************************************************************
 WebCrawlerConsole.DoMain.Crawlername2017-10-31 09:41:38,620 [4] INFO  WebCrawlerConsole.DoMain.Crawler - 工信部-时政要闻采集开始***************************
 WebCrawlerConsole.DoMain.Crawlername2017-10-31 09:41:38,663 [4] ERROR WebCrawlerConsole.DoMain.Crawler - 工信部-时政要闻采集异常,【页码ID获取失败】
 WebCrawlerConsole.DoMain.Crawlername2017-10-31 09:41:38,665 [4] INFO  WebCrawlerConsole.DoMain.Crawler - 工信部-工作动态采集开始***************************
 WebCrawlerConsole.DoMain.Crawlername2017-10-31 09:41:38,746 [4] INFO  WebCrawlerConsole.DoMain.Crawler - 工信部-工作动态,采集结束,共采集0条...共耗时79毫秒********
 WebCrawlerConsole.DoMain.Crawlername2017-10-31 09:41:38,748 [4] INFO  WebCrawlerConsole.DoMain.Crawler - *******************************************************************************************
 WebCrawlerConsole.DoMain.Crawlername2017-10-31 09:41:38,748 [4] INFO  WebCrawlerConsole.DoMain.Crawler - 工信部-领导活动采集开始***************************
 WebCrawlerConsole.DoMain.Crawlername2017-10-31 09:41:39,764 [4] INFO  WebCrawlerConsole.DoMain.Crawler - 工信部-领导活动,采集结束,共采集0条...共耗时1013毫秒********
 WebCrawlerConsole.DoMain.Crawlername2017-10-31 09:41:39,766 [4] INFO  WebCrawlerConsole.DoMain.Crawler - *******************************************************************************************
 WebCrawlerConsole.DoMain.Crawlername2017-10-31 09:44:51,099 [1] INFO  WebCrawler.Services.Program - 文章采集系统开始...
 WebCrawler.Services.Programname2017-10-31 09:45:22,999 [4] INFO  WebCrawlerConsole.DoMain.Crawler - 工信部-重点工作采集开始***************************
 WebCrawlerConsole.DoMain.Crawlername2017-10-31 09:45:24,551 [4] WARN  WebCrawlerConsole.DoMain.Crawler - 工信部-重点工作,存在相同【标题】的文章:工业和信息化部2018年考试录用公务员公告
 WebCrawlerConsole.DoMain.Crawlername2017-10-31 09:45:24,634 [4] WARN  WebCrawlerConsole.DoMain.Crawler - 工信部-重点工作,存在相同【标题】的文章:工业和信息化部关于印发《产业关键共性技术发展指南（2017年）》的通知
 WebCrawlerConsole.DoMain.Crawlername2017-10-31 09:45:24,636 [4] WARN  WebCrawlerConsole.DoMain.Crawler - 工信部-重点工作,新闻内容已到上一次最后采集新闻,结束采集
 WebCrawlerConsole.DoMain.Crawlername2017-10-31 09:45:24,638 [4] INFO  WebCrawlerConsole.DoMain.Crawler - 工信部-重点工作,采集结束,共采集0条...共耗时1637毫秒********
 WebCrawlerConsole.DoMain.Crawlername2017-10-31 09:45:24,641 [4] INFO  WebCrawlerConsole.DoMain.Crawler - *******************************************************************************************
 WebCrawlerConsole.DoMain.Crawlername2017-10-31 09:45:24,642 [4] INFO  WebCrawlerConsole.DoMain.Crawler - 工信部-时政要闻采集开始***************************
 WebCrawlerConsole.DoMain.Crawlername2017-10-31 09:45:24,687 [4] ERROR WebCrawlerConsole.DoMain.Crawler - 工信部-时政要闻采集异常,【页码ID获取失败】
 WebCrawlerConsole.DoMain.Crawlername2017-10-31 09:45:24,689 [4] INFO  WebCrawlerConsole.DoMain.Crawler - 工信部-工作动态采集开始***************************
 WebCrawlerConsole.DoMain.Crawlername2017-10-31 09:45:24,772 [4] INFO  WebCrawlerConsole.DoMain.Crawler - 工信部-工作动态,采集结束,共采集0条...共耗时81毫秒********
 WebCrawlerConsole.DoMain.Crawlername2017-10-31 09:45:24,775 [4] INFO  WebCrawlerConsole.DoMain.Crawler - *******************************************************************************************
 WebCrawlerConsole.DoMain.Crawlername2017-10-31 09:45:24,776 [4] INFO  WebCrawlerConsole.DoMain.Crawler - 工信部-领导活动采集开始***************************
 WebCrawlerConsole.DoMain.Crawlername2017-10-31 09:45:24,824 [4] INFO  WebCrawlerConsole.DoMain.Crawler - 工信部-领导活动,采集结束,共采集0条...共耗时46毫秒********
 WebCrawlerConsole.DoMain.Crawlername2017-10-31 09:45:24,826 [4] INFO  WebCrawlerConsole.DoMain.Crawler - *******************************************************************************************
 WebCrawlerConsole.DoMain.Crawlername2017-10-31 09:45:24,955 [1] INFO  WebCrawler.Services.Program - 采集结束
 WebCrawler.Services.Programname2017-10-31 09:47:19,411 [1] INFO  WebCrawler.Services.Program - 文章采集系统开始...
 WebCrawler.Services.Programname2017-10-31 09:54:15,664 [4] INFO  WebCrawlerConsole.DoMain.Crawler - 工信部-重点工作采集开始***************************
 WebCrawlerConsole.DoMain.Crawlername2017-10-31 09:54:17,346 [4] WARN  WebCrawlerConsole.DoMain.Crawler - 工信部-重点工作,存在相同【标题】的文章:工业和信息化部2018年考试录用公务员公告
 WebCrawlerConsole.DoMain.Crawlername2017-10-31 09:54:17,431 [4] WARN  WebCrawlerConsole.DoMain.Crawler - 工信部-重点工作,存在相同【标题】的文章:工业和信息化部关于印发《产业关键共性技术发展指南（2017年）》的通知
 WebCrawlerConsole.DoMain.Crawlername2017-10-31 09:54:17,433 [4] WARN  WebCrawlerConsole.DoMain.Crawler - 工信部-重点工作,新闻内容已到上一次最后采集新闻,结束采集
 WebCrawlerConsole.DoMain.Crawlername2017-10-31 09:54:17,434 [4] INFO  WebCrawlerConsole.DoMain.Crawler - 工信部-重点工作,采集结束,共采集0条...共耗时1766毫秒********
 WebCrawlerConsole.DoMain.Crawlername2017-10-31 09:54:17,436 [4] INFO  WebCrawlerConsole.DoMain.Crawler - *******************************************************************************************
 WebCrawlerConsole.DoMain.Crawlername2017-10-31 09:54:17,437 [4] INFO  WebCrawlerConsole.DoMain.Crawler - 工信部-时政要闻采集开始***************************
 WebCrawlerConsole.DoMain.Crawlername2017-10-31 09:54:17,478 [4] ERROR WebCrawlerConsole.DoMain.Crawler - 工信部-时政要闻采集异常,【页码ID获取失败】
 WebCrawlerConsole.DoMain.Crawlername2017-10-31 09:54:17,480 [4] INFO  WebCrawlerConsole.DoMain.Crawler - 工信部-工作动态采集开始***************************
 WebCrawlerConsole.DoMain.Crawlername2017-10-31 09:54:17,561 [4] INFO  WebCrawlerConsole.DoMain.Crawler - 工信部-工作动态,采集结束,共采集0条...共耗时79毫秒********
 WebCrawlerConsole.DoMain.Crawlername2017-10-31 09:54:17,563 [4] INFO  WebCrawlerConsole.DoMain.Crawler - *******************************************************************************************
 WebCrawlerConsole.DoMain.Crawlername2017-10-31 09:54:17,564 [4] INFO  WebCrawlerConsole.DoMain.Crawler - 工信部-领导活动采集开始***************************
 WebCrawlerConsole.DoMain.Crawlername2017-10-31 09:54:17,609 [4] INFO  WebCrawlerConsole.DoMain.Crawler - 工信部-领导活动,采集结束,共采集0条...共耗时44毫秒********
 WebCrawlerConsole.DoMain.Crawlername2017-10-31 09:54:17,611 [4] INFO  WebCrawlerConsole.DoMain.Crawler - *******************************************************************************************
 WebCrawlerConsole.DoMain.Crawlername2017-10-31 09:54:17,710 [1] INFO  WebCrawler.Services.Program - 采集结束
 WebCrawler.Services.Programname2017-10-31 09:57:12,720 [1] INFO  WebCrawler.Services.Program - 文章采集系统开始...
 WebCrawler.Services.Programname2017-10-31 09:57:43,905 [4] INFO  WebCrawlerConsole.DoMain.Crawler - 工信部-重点工作采集开始***************************
 WebCrawlerConsole.DoMain.Crawlername2017-10-31 09:59:23,695 [4] WARN  WebCrawlerConsole.DoMain.Crawler - 工信部-重点工作,存在相同【标题】的文章:工业和信息化部2018年考试录用公务员公告
 WebCrawlerConsole.DoMain.Crawlername2017-10-31 09:59:23,776 [4] WARN  WebCrawlerConsole.DoMain.Crawler - 工信部-重点工作,存在相同【标题】的文章:工业和信息化部关于印发《产业关键共性技术发展指南（2017年）》的通知
 WebCrawlerConsole.DoMain.Crawlername2017-10-31 09:59:23,778 [4] WARN  WebCrawlerConsole.DoMain.Crawler - 工信部-重点工作,新闻内容已到上一次最后采集新闻,结束采集
 WebCrawlerConsole.DoMain.Crawlername2017-10-31 09:59:53,948 [4] INFO  WebCrawlerConsole.DoMain.Crawler - 工信部-重点工作,采集结束,共采集0条...共耗时129663毫秒********
 WebCrawlerConsole.DoMain.Crawlername2017-10-31 09:59:53,949 [4] INFO  WebCrawlerConsole.DoMain.Crawler - *******************************************************************************************
 WebCrawlerConsole.DoMain.Crawlername2017-10-31 09:59:53,950 [4] INFO  WebCrawlerConsole.DoMain.Crawler - 工信部-时政要闻采集开始***************************
 WebCrawlerConsole.DoMain.Crawlername2017-10-31 09:59:54,055 [4] ERROR WebCrawlerConsole.DoMain.Crawler - 工信部-时政要闻采集异常,【页码ID获取失败】
 WebCrawlerConsole.DoMain.Crawlername2017-10-31 09:59:54,056 [4] INFO  WebCrawlerConsole.DoMain.Crawler - 工信部-工作动态采集开始***************************
 WebCrawlerConsole.DoMain.Crawlername2017-10-31 09:59:54,276 [4] INFO  WebCrawlerConsole.DoMain.Crawler - 工信部-工作动态,采集结束,共采集0条...共耗时220毫秒********
 WebCrawlerConsole.DoMain.Crawlername2017-10-31 09:59:54,277 [4] INFO  WebCrawlerConsole.DoMain.Crawler - *******************************************************************************************
 WebCrawlerConsole.DoMain.Crawlername2017-10-31 09:59:54,278 [4] INFO  WebCrawlerConsole.DoMain.Crawler - 工信部-领导活动采集开始***************************
 WebCrawlerConsole.DoMain.Crawlername2017-10-31 09:59:54,371 [4] INFO  WebCrawlerConsole.DoMain.Crawler - 工信部-领导活动,采集结束,共采集0条...共耗时92毫秒********
 WebCrawlerConsole.DoMain.Crawlername2017-10-31 09:59:54,372 [4] INFO  WebCrawlerConsole.DoMain.Crawler - *******************************************************************************************
 WebCrawlerConsole.DoMain.Crawlername2017-10-31 09:59:54,484 [1] INFO  WebCrawler.Services.Program - 采集结束
 WebCrawler.Services.Programname2017-10-31 10:00:24,428 [1] INFO  WebCrawler.Services.Program - 文章采集系统开始...
 WebCrawler.Services.Programname2017-10-31 10:00:45,402 [4] INFO  WebCrawlerConsole.DoMain.Crawler - 工信部-重点工作采集开始***************************
 WebCrawlerConsole.DoMain.Crawlername2017-10-31 10:05:43,945 [4] WARN  WebCrawlerConsole.DoMain.Crawler - 工信部-重点工作,存在相同【标题】的文章:工业和信息化部2018年考试录用公务员公告
 WebCrawlerConsole.DoMain.Crawlername2017-10-31 10:05:44,074 [4] WARN  WebCrawlerConsole.DoMain.Crawler - 工信部-重点工作,存在相同【标题】的文章:工业和信息化部关于印发《产业关键共性技术发展指南（2017年）》的通知
 WebCrawlerConsole.DoMain.Crawlername2017-10-31 10:05:44,076 [4] WARN  WebCrawlerConsole.DoMain.Crawler - 工信部-重点工作,新闻内容已到上一次最后采集新闻,结束采集
 WebCrawlerConsole.DoMain.Crawlername2017-10-31 10:05:59,464 [4] INFO  WebCrawlerConsole.DoMain.Crawler - 工信部-重点工作,采集结束,共采集0条...共耗时313386毫秒********
 WebCrawlerConsole.DoMain.Crawlername2017-10-31 10:06:00,035 [4] INFO  WebCrawlerConsole.DoMain.Crawler - *******************************************************************************************
 WebCrawlerConsole.DoMain.Crawlername2017-10-31 10:06:04,069 [4] INFO  WebCrawlerConsole.DoMain.Crawler - 工信部-时政要闻采集开始***************************
 WebCrawlerConsole.DoMain.Crawlername2017-10-31 10:06:08,167 [4] ERROR WebCrawlerConsole.DoMain.Crawler - 工信部-时政要闻采集异常,【页码ID获取失败】
 WebCrawlerConsole.DoMain.Crawlername2017-10-31 10:06:09,435 [4] INFO  WebCrawlerConsole.DoMain.Crawler - 工信部-工作动态采集开始***************************
 WebCrawlerConsole.DoMain.Crawlername2017-10-31 10:06:11,747 [4] INFO  WebCrawlerConsole.DoMain.Crawler - 工信部-工作动态,采集结束,共采集0条...共耗时81毫秒********
 WebCrawlerConsole.DoMain.Crawlername2017-10-31 10:06:11,749 [4] INFO  WebCrawlerConsole.DoMain.Crawler - *******************************************************************************************
 WebCrawlerConsole.DoMain.Crawlername2017-10-31 10:06:11,750 [4] INFO  WebCrawlerConsole.DoMain.Crawler - 工信部-领导活动采集开始***************************
 WebCrawlerConsole.DoMain.Crawlername2017-10-31 10:06:11,799 [4] INFO  WebCrawlerConsole.DoMain.Crawler - 工信部-领导活动,采集结束,共采集0条...共耗时48毫秒********
 WebCrawlerConsole.DoMain.Crawlername2017-10-31 10:06:11,806 [4] INFO  WebCrawlerConsole.DoMain.Crawler - *******************************************************************************************
 WebCrawlerConsole.DoMain.Crawlername2017-10-31 10:06:20,589 [1] INFO  WebCrawler.Services.Program - 采集结束
 WebCrawler.Services.Programname2017-10-31 10:06:36,009 [1] INFO  WebCrawler.Services.Program - 文章采集系统开始...
 WebCrawler.Services.Programname2017-10-31 10:07:13,889 [4] INFO  WebCrawlerConsole.DoMain.Crawler - 工信部-重点工作采集开始***************************
 WebCrawlerConsole.DoMain.Crawlername2017-10-31 10:08:36,050 [4] WARN  WebCrawlerConsole.DoMain.Crawler - 工信部-重点工作,存在相同【标题】的文章:工业和信息化部2018年考试录用公务员公告
 WebCrawlerConsole.DoMain.Crawlername2017-10-31 10:08:36,133 [4] WARN  WebCrawlerConsole.DoMain.Crawler - 工信部-重点工作,存在相同【标题】的文章:工业和信息化部关于印发《产业关键共性技术发展指南（2017年）》的通知
 WebCrawlerConsole.DoMain.Crawlername2017-10-31 10:08:36,135 [4] WARN  WebCrawlerConsole.DoMain.Crawler - 工信部-重点工作,新闻内容已到上一次最后采集新闻,结束采集
 WebCrawlerConsole.DoMain.Crawlername2017-10-31 10:08:36,138 [4] INFO  WebCrawlerConsole.DoMain.Crawler - 工信部-重点工作,采集结束,共采集0条...共耗时81816毫秒********
 WebCrawlerConsole.DoMain.Crawlername2017-10-31 10:08:36,139 [4] INFO  WebCrawlerConsole.DoMain.Crawler - *******************************************************************************************
 WebCrawlerConsole.DoMain.Crawlername2017-10-31 10:08:36,141 [4] INFO  WebCrawlerConsole.DoMain.Crawler - 工信部-时政要闻采集开始***************************
 WebCrawlerConsole.DoMain.Crawlername2017-10-31 10:08:41,370 [4] ERROR WebCrawlerConsole.DoMain.Crawler - 工信部-时政要闻采集异常,【页码ID获取失败】
 WebCrawlerConsole.DoMain.Crawlername2017-10-31 10:08:41,372 [4] INFO  WebCrawlerConsole.DoMain.Crawler - 工信部-工作动态采集开始***************************
 WebCrawlerConsole.DoMain.Crawlername2017-10-31 10:08:41,752 [4] INFO  WebCrawlerConsole.DoMain.Crawler - 工信部-工作动态,采集结束,共采集0条...共耗时378毫秒********
 WebCrawlerConsole.DoMain.Crawlername2017-10-31 10:08:41,754 [4] INFO  WebCrawlerConsole.DoMain.Crawler - *******************************************************************************************
 WebCrawlerConsole.DoMain.Crawlername2017-10-31 10:08:41,755 [4] INFO  WebCrawlerConsole.DoMain.Crawler - 工信部-领导活动采集开始***************************
 WebCrawlerConsole.DoMain.Crawlername2017-10-31 10:08:41,813 [4] INFO  WebCrawlerConsole.DoMain.Crawler - 工信部-领导活动,采集结束,共采集0条...共耗时56毫秒********
 WebCrawlerConsole.DoMain.Crawlername2017-10-31 10:08:41,815 [4] INFO  WebCrawlerConsole.DoMain.Crawler - *******************************************************************************************
 WebCrawlerConsole.DoMain.Crawlername2017-10-31 10:08:44,500 [1] INFO  WebCrawler.Services.Program - 采集结束
 WebCrawler.Services.Programname2017-10-31 10:09:08,099 [1] INFO  WebCrawler.Services.Program - 文章采集系统开始...
 WebCrawler.Services.Programname2017-10-31 10:09:18,394 [4] INFO  WebCrawlerConsole.DoMain.Crawler - 工信部-重点工作采集开始***************************
 WebCrawlerConsole.DoMain.Crawlername2017-10-31 10:09:20,125 [4] WARN  WebCrawlerConsole.DoMain.Crawler - 工信部-重点工作,存在相同【标题】的文章:工业和信息化部2018年考试录用公务员公告
 WebCrawlerConsole.DoMain.Crawlername2017-10-31 10:09:20,209 [4] WARN  WebCrawlerConsole.DoMain.Crawler - 工信部-重点工作,存在相同【标题】的文章:工业和信息化部关于印发《产业关键共性技术发展指南（2017年）》的通知
 WebCrawlerConsole.DoMain.Crawlername2017-10-31 10:09:20,211 [4] WARN  WebCrawlerConsole.DoMain.Crawler - 工信部-重点工作,新闻内容已到上一次最后采集新闻,结束采集
 WebCrawlerConsole.DoMain.Crawlername2017-10-31 10:09:20,214 [4] INFO  WebCrawlerConsole.DoMain.Crawler - 工信部-重点工作,采集结束,共采集0条...共耗时1818毫秒********
 WebCrawlerConsole.DoMain.Crawlername2017-10-31 10:09:20,216 [4] INFO  WebCrawlerConsole.DoMain.Crawler - *******************************************************************************************
 WebCrawlerConsole.DoMain.Crawlername2017-10-31 10:09:20,217 [4] INFO  WebCrawlerConsole.DoMain.Crawler - 工信部-时政要闻采集开始***************************
 WebCrawlerConsole.DoMain.Crawlername2017-10-31 10:11:14,015 [4] ERROR WebCrawlerConsole.DoMain.Crawler - 工信部-时政要闻采集异常,【页码ID获取失败】
 WebCrawlerConsole.DoMain.Crawlername2017-10-31 10:22:21,110 [1] INFO  WebCrawler.Services.Program - 文章采集系统开始...
 WebCrawler.Services.Programname2017-10-31 10:22:33,704 [4] INFO  WebCrawlerConsole.DoMain.Crawler - 工信部-重点工作采集开始***************************
 WebCrawlerConsole.DoMain.Crawlername2017-10-31 10:22:41,387 [4] ERROR WebCrawlerConsole.DoMain.Crawler - 工信部-重点工作采集异常,【页码ID获取失败】
 WebCrawlerConsole.DoMain.Crawlername2017-10-31 10:22:42,843 [4] INFO  WebCrawlerConsole.DoMain.Crawler - 工信部-时政要闻采集开始***************************
 WebCrawlerConsole.DoMain.Crawlername2017-10-31 10:22:47,825 [4] ERROR WebCrawlerConsole.DoMain.Crawler - 工信部-时政要闻采集异常,【页码ID获取失败】
 WebCrawlerConsole.DoMain.Crawlername2017-10-31 10:22:47,826 [4] INFO  WebCrawlerConsole.DoMain.Crawler - 工信部-工作动态采集开始***************************
 WebCrawlerConsole.DoMain.Crawlername2017-10-31 10:22:49,451 [4] ERROR WebCrawlerConsole.DoMain.Crawler - 工信部-工作动态采集异常,【页码ID获取失败】
 WebCrawlerConsole.DoMain.Crawlername2017-10-31 10:22:49,453 [4] INFO  WebCrawlerConsole.DoMain.Crawler - 工信部-领导活动采集开始***************************
 WebCrawlerConsole.DoMain.Crawlername2017-10-31 10:22:50,778 [4] ERROR WebCrawlerConsole.DoMain.Crawler - 工信部-领导活动采集异常,【页码ID获取失败】
 WebCrawlerConsole.DoMain.Crawlername2017-10-31 10:22:50,783 [1] INFO  WebCrawler.Services.Program - 采集结束
 WebCrawler.Services.Programname2017-10-31 10:23:27,423 [1] INFO  WebCrawler.Services.Program - 文章采集系统开始...
 WebCrawler.Services.Programname2017-10-31 10:23:28,658 [4] INFO  WebCrawlerConsole.DoMain.Crawler - 工信部-重点工作采集开始***************************
 WebCrawlerConsole.DoMain.Crawlername2017-10-31 10:27:44,743 [4] WARN  WebCrawlerConsole.DoMain.Crawler - 工信部-重点工作,存在相同【标题】的文章:工业和信息化部2018年考试录用公务员公告
 WebCrawlerConsole.DoMain.Crawlername2017-10-31 10:27:44,824 [4] WARN  WebCrawlerConsole.DoMain.Crawler - 工信部-重点工作,存在相同【标题】的文章:工业和信息化部关于印发《产业关键共性技术发展指南（2017年）》的通知
 WebCrawlerConsole.DoMain.Crawlername2017-10-31 10:27:44,825 [4] WARN  WebCrawlerConsole.DoMain.Crawler - 工信部-重点工作,新闻内容已到上一次最后采集新闻,结束采集
 WebCrawlerConsole.DoMain.Crawlername2017-10-31 10:27:44,827 [4] INFO  WebCrawlerConsole.DoMain.Crawler - 工信部-重点工作,采集结束,共采集0条...共耗时256168毫秒********
 WebCrawlerConsole.DoMain.Crawlername2017-10-31 10:27:44,829 [4] INFO  WebCrawlerConsole.DoMain.Crawler - *******************************************************************************************
 WebCrawlerConsole.DoMain.Crawlername2017-10-31 10:27:44,830 [4] INFO  WebCrawlerConsole.DoMain.Crawler - 工信部-时政要闻采集开始***************************
 WebCrawlerConsole.DoMain.Crawlername2017-10-31 10:27:47,895 [4] ERROR WebCrawlerConsole.DoMain.Crawler - 工信部-时政要闻采集异常,【页码ID获取失败】
 WebCrawlerConsole.DoMain.Crawlername2017-10-31 10:27:47,896 [4] INFO  WebCrawlerConsole.DoMain.Crawler - 工信部-工作动态采集开始***************************
 WebCrawlerConsole.DoMain.Crawlername2017-10-31 10:27:48,698 [4] INFO  WebCrawlerConsole.DoMain.Crawler - 工信部-工作动态,采集结束,共采集0条...共耗时800毫秒********
 WebCrawlerConsole.DoMain.Crawlername2017-10-31 10:27:48,700 [4] INFO  WebCrawlerConsole.DoMain.Crawler - *******************************************************************************************
 WebCrawlerConsole.DoMain.Crawlername2017-10-31 10:27:48,701 [4] INFO  WebCrawlerConsole.DoMain.Crawler - 工信部-领导活动采集开始***************************
 WebCrawlerConsole.DoMain.Crawlername2017-10-31 10:27:49,562 [4] INFO  WebCrawlerConsole.DoMain.Crawler - 工信部-领导活动,采集结束,共采集0条...共耗时859毫秒********
 WebCrawlerConsole.DoMain.Crawlername2017-10-31 10:27:49,564 [4] INFO  WebCrawlerConsole.DoMain.Crawler - *******************************************************************************************
 WebCrawlerConsole.DoMain.Crawlername2017-10-31 10:27:49,667 [1] INFO  WebCrawler.Services.Program - 采集结束
 WebCrawler.Services.Programname2017-10-31 10:30:10,499 [1] INFO  WebCrawler.Services.Program - 文章采集系统开始...
 WebCrawler.Services.Programname2017-10-31 10:30:11,607 [4] INFO  WebCrawlerConsole.DoMain.Crawler - 工信部-重点工作采集开始***************************
 WebCrawlerConsole.DoMain.Crawlername2017-10-31 10:30:20,173 [4] ERROR WebCrawlerConsole.DoMain.Crawler - 工信部-重点工作采集异常,【页码ID获取失败】
 WebCrawlerConsole.DoMain.Crawlername2017-10-31 10:30:20,175 [4] INFO  WebCrawlerConsole.DoMain.Crawler - 工信部-时政要闻采集开始***************************
 WebCrawlerConsole.DoMain.Crawlername2017-10-31 10:30:26,011 [4] WARN  WebCrawlerConsole.DoMain.Crawler - 工信部-时政要闻,存在相同【标题】的文章:国务院办公厅印发《关于积极推进供应链创新与应用的指导意见》
 WebCrawlerConsole.DoMain.Crawlername2017-10-31 10:30:27,305 [4] ERROR WebCrawlerConsole.DoMain.Crawler - 工信部-时政要闻,http://www.gov.cn/zhuanti/2017dswzd11/guide.html,中国政府网：“国务院大事我知道”网上答题（第十一期 9月）,文章标题h4#artitle获取失败
 WebCrawlerConsole.DoMain.Crawlername2017-10-31 10:30:29,730 [4] ERROR WebCrawlerConsole.DoMain.Crawler - 工信部-时政要闻,http://www.gov.cn/zhuanti/2017dswzd10/guide.html,中国政府网：“国务院大事我知道”网上答题（第十期 8月）,文章标题h4#artitle获取失败
 WebCrawlerConsole.DoMain.Crawlername2017-10-31 10:30:31,496 [4] WARN  WebCrawlerConsole.DoMain.Crawler - 工信部-时政要闻,存在相同【标题】的文章:国务院印发《关于促进外资增长若干措施的通知》
 WebCrawlerConsole.DoMain.Crawlername2017-10-31 10:30:31,687 [4] ERROR WebCrawlerConsole.DoMain.Crawler - 工信部-时政要闻,http://www.gov.cn/zhuanti/2017dswzd09/guide.html,中国政府网：“国务院大事我知道”网上答题（第九期 7月）,文章标题h4#artitle获取失败
 WebCrawlerConsole.DoMain.Crawlername2017-10-31 10:30:33,597 [4] WARN  WebCrawlerConsole.DoMain.Crawler - 工信部-时政要闻,存在相同【标题】的文章:财经观察：中国将继续发挥全球经济“稳定器”作用――国际机构看好中国经济前景
 WebCrawlerConsole.DoMain.Crawlername2017-10-31 10:30:37,914 [4] ERROR WebCrawlerConsole.DoMain.Crawler - 工信部-时政要闻,http://www.gov.cn/zhuanti/2017dswzd08/guide.html,中国政府网：“国务院大事我知道”网上答题,文章标题h4#artitle获取失败
 WebCrawlerConsole.DoMain.Crawlername2017-10-31 10:30:41,827 [4] WARN  WebCrawlerConsole.DoMain.Crawler - 工信部-时政要闻,存在相同【标题】的文章:习近平主持中共中央政治局会议
 WebCrawlerConsole.DoMain.Crawlername2017-10-31 10:30:43,862 [4] WARN  WebCrawlerConsole.DoMain.Crawler - 工信部-时政要闻,存在相同【标题】的文章:国务院办公厅关于对2016年落实有关重大政策措施真抓实干成效明显地方予以表扬激励的通报
 WebCrawlerConsole.DoMain.Crawlername2017-10-31 10:30:44,109 [4] WARN  WebCrawlerConsole.DoMain.Crawler - 工信部-时政要闻,存在相同【标题】的文章:习近平主持中共中央政治局会议
 WebCrawlerConsole.DoMain.Crawlername2017-10-31 10:30:46,530 [4] WARN  WebCrawlerConsole.DoMain.Crawler - 工信部-时政要闻,存在相同【标题】的文章:习近平主持中共中央政治局会议
 WebCrawlerConsole.DoMain.Crawlername2017-10-31 10:30:47,026 [4] WARN  WebCrawlerConsole.DoMain.Crawler - 工信部-时政要闻,存在相同【标题】的文章:国务院印发《关于新形势下加强打击侵犯知识产权和制售假冒伪劣商品工作的意见》
 WebCrawlerConsole.DoMain.Crawlername2017-10-31 10:30:49,322 [4] WARN  WebCrawlerConsole.DoMain.Crawler - 工信部-时政要闻,存在相同【标题】的文章:习近平主持中共中央政治局会议
 WebCrawlerConsole.DoMain.Crawlername2017-10-31 10:30:56,116 [4] WARN  WebCrawlerConsole.DoMain.Crawler - 工信部-时政要闻,新闻内容已到上一次最后采集新闻,结束采集
 WebCrawlerConsole.DoMain.Crawlername2017-10-31 10:30:56,818 [4] INFO  WebCrawlerConsole.DoMain.Crawler - 工信部-时政要闻,采集结束,共采集186条...共耗时36641毫秒********
 WebCrawlerConsole.DoMain.Crawlername2017-10-31 10:30:56,821 [4] INFO  WebCrawlerConsole.DoMain.Crawler - *******************************************************************************************
 WebCrawlerConsole.DoMain.Crawlername2017-10-31 10:30:56,823 [4] INFO  WebCrawlerConsole.DoMain.Crawler - 工信部-工作动态采集开始***************************
 WebCrawlerConsole.DoMain.Crawlername2017-10-31 10:31:01,900 [4] ERROR WebCrawlerConsole.DoMain.Crawler - 工信部-工作动态采集异常,【页码ID获取失败】
 WebCrawlerConsole.DoMain.Crawlername2017-10-31 10:31:04,064 [4] INFO  WebCrawlerConsole.DoMain.Crawler - 工信部-领导活动采集开始***************************
 WebCrawlerConsole.DoMain.Crawlername2017-10-31 10:31:18,433 [4] ERROR WebCrawlerConsole.DoMain.Crawler - 工信部-领导活动采集异常,【页码ID获取失败】
 WebCrawlerConsole.DoMain.Crawlername2017-10-31 10:31:18,483 [1] INFO  WebCrawler.Services.Program - 采集结束
 WebCrawler.Services.Programname2017-10-31 10:38:14,911 [1] INFO  WebCrawler.Services.Program - 文章采集系统开始...
 WebCrawler.Services.Programname2017-10-31 10:38:16,196 [4] INFO  WebCrawlerConsole.DoMain.Crawler - 工信部-重点工作采集开始***************************
 WebCrawlerConsole.DoMain.Crawlername2017-10-31 10:39:09,239 [1] INFO  WebCrawler.Services.Program - 文章采集系统开始...
 WebCrawler.Services.Programname2017-10-31 10:39:10,307 [4] INFO  WebCrawlerConsole.DoMain.Crawler - 工信部-重点工作采集开始***************************
 WebCrawlerConsole.DoMain.Crawlername2017-10-31 10:52:17,719 [1] INFO  WebCrawler.Services.Program - 文章采集系统开始...
 WebCrawler.Services.Programname2017-10-31 10:52:18,747 [4] INFO  WebCrawlerConsole.DoMain.Crawler - 工信部-重点工作采集开始***************************
 WebCrawlerConsole.DoMain.Crawlername2017-10-31 10:52:27,525 [4] WARN  WebCrawlerConsole.DoMain.Crawler - 工信部-重点工作,存在相同【标题】的文章:工业和信息化部2018年考试录用公务员公告
 WebCrawlerConsole.DoMain.Crawlername2017-10-31 10:52:27,616 [4] WARN  WebCrawlerConsole.DoMain.Crawler - 工信部-重点工作,存在相同【标题】的文章:工业和信息化部关于印发《产业关键共性技术发展指南（2017年）》的通知
 WebCrawlerConsole.DoMain.Crawlername2017-10-31 10:52:27,619 [4] WARN  WebCrawlerConsole.DoMain.Crawler - 工信部-重点工作,新闻内容已到上一次最后采集新闻,结束采集
 WebCrawlerConsole.DoMain.Crawlername2017-10-31 10:52:27,621 [4] INFO  WebCrawlerConsole.DoMain.Crawler - 工信部-重点工作,采集结束,共采集0条...共耗时8872毫秒********
 WebCrawlerConsole.DoMain.Crawlername2017-10-31 10:52:27,623 [4] INFO  WebCrawlerConsole.DoMain.Crawler - *******************************************************************************************
 WebCrawlerConsole.DoMain.Crawlername2017-10-31 10:52:27,623 [4] INFO  WebCrawlerConsole.DoMain.Crawler - 工信部-时政要闻采集开始***************************
 WebCrawlerConsole.DoMain.Crawlername2017-10-31 10:52:38,658 [4] INFO  WebCrawlerConsole.DoMain.Crawler - 工信部-时政要闻,采集结束,共采集0条...共耗时11033毫秒********
 WebCrawlerConsole.DoMain.Crawlername2017-10-31 10:52:38,660 [4] INFO  WebCrawlerConsole.DoMain.Crawler - *******************************************************************************************
 WebCrawlerConsole.DoMain.Crawlername2017-10-31 10:52:38,661 [4] INFO  WebCrawlerConsole.DoMain.Crawler - 工信部-工作动态采集开始***************************
 WebCrawlerConsole.DoMain.Crawlername2017-10-31 10:53:04,717 [4] INFO  WebCrawlerConsole.DoMain.Crawler - 工信部-工作动态,采集结束,共采集0条...共耗时26054毫秒********
 WebCrawlerConsole.DoMain.Crawlername2017-10-31 10:53:04,720 [4] INFO  WebCrawlerConsole.DoMain.Crawler - *******************************************************************************************
 WebCrawlerConsole.DoMain.Crawlername2017-10-31 10:53:04,721 [4] INFO  WebCrawlerConsole.DoMain.Crawler - 工信部-领导活动采集开始***************************
 WebCrawlerConsole.DoMain.Crawlername2017-10-31 10:53:12,366 [4] INFO  WebCrawlerConsole.DoMain.Crawler - 工信部-领导活动,采集结束,共采集0条...共耗时7642毫秒********
 WebCrawlerConsole.DoMain.Crawlername2017-10-31 10:53:12,370 [4] INFO  WebCrawlerConsole.DoMain.Crawler - *******************************************************************************************
 WebCrawlerConsole.DoMain.Crawlername2017-10-31 10:53:12,511 [1] INFO  WebCrawler.Services.Program - 采集结束
 WebCrawler.Services.Programname2017-10-31 10:53:48,951 [1] INFO  WebCrawler.Services.Program - 文章采集系统开始...
 WebCrawler.Services.Programname2017-10-31 10:53:50,151 [4] INFO  WebCrawlerConsole.DoMain.Crawler - 工信部-重点工作采集开始***************************
 WebCrawlerConsole.DoMain.Crawlername2017-10-31 10:53:51,589 [4] WARN  WebCrawlerConsole.DoMain.Crawler - 工信部-重点工作,存在相同【标题】的文章:工业和信息化部2018年考试录用公务员公告
 WebCrawlerConsole.DoMain.Crawlername2017-10-31 10:53:51,671 [4] WARN  WebCrawlerConsole.DoMain.Crawler - 工信部-重点工作,存在相同【标题】的文章:工业和信息化部关于印发《产业关键共性技术发展指南（2017年）》的通知
 WebCrawlerConsole.DoMain.Crawlername2017-10-31 10:53:51,674 [4] WARN  WebCrawlerConsole.DoMain.Crawler - 工信部-重点工作,新闻内容已到上一次最后采集新闻,结束采集
 WebCrawlerConsole.DoMain.Crawlername2017-10-31 10:53:51,676 [4] INFO  WebCrawlerConsole.DoMain.Crawler - 工信部-重点工作,采集结束,共采集0条...共耗时1524毫秒********
 WebCrawlerConsole.DoMain.Crawlername2017-10-31 10:53:51,678 [4] INFO  WebCrawlerConsole.DoMain.Crawler - *******************************************************************************************
 WebCrawlerConsole.DoMain.Crawlername2017-10-31 10:53:51,679 [4] INFO  WebCrawlerConsole.DoMain.Crawler - 工信部-时政要闻采集开始***************************
 WebCrawlerConsole.DoMain.Crawlername2017-10-31 10:53:51,717 [4] INFO  WebCrawlerConsole.DoMain.Crawler - 工信部-时政要闻,采集结束,共采集0条...共耗时36毫秒********
 WebCrawlerConsole.DoMain.Crawlername2017-10-31 10:53:51,719 [4] INFO  WebCrawlerConsole.DoMain.Crawler - *******************************************************************************************
 WebCrawlerConsole.DoMain.Crawlername2017-10-31 10:53:51,720 [4] INFO  WebCrawlerConsole.DoMain.Crawler - 工信部-工作动态采集开始***************************
 WebCrawlerConsole.DoMain.Crawlername2017-10-31 10:53:51,797 [4] INFO  WebCrawlerConsole.DoMain.Crawler - 工信部-工作动态,采集结束,共采集0条...共耗时75毫秒********
 WebCrawlerConsole.DoMain.Crawlername2017-10-31 10:53:51,798 [4] INFO  WebCrawlerConsole.DoMain.Crawler - *******************************************************************************************
 WebCrawlerConsole.DoMain.Crawlername2017-10-31 10:53:51,799 [4] INFO  WebCrawlerConsole.DoMain.Crawler - 工信部-领导活动采集开始***************************
 WebCrawlerConsole.DoMain.Crawlername2017-10-31 10:53:52,803 [4] INFO  WebCrawlerConsole.DoMain.Crawler - 工信部-领导活动,采集结束,共采集0条...共耗时1002毫秒********
 WebCrawlerConsole.DoMain.Crawlername2017-10-31 10:53:52,805 [4] INFO  WebCrawlerConsole.DoMain.Crawler - *******************************************************************************************
 WebCrawlerConsole.DoMain.Crawlername2017-10-31 10:53:52,937 [1] INFO  WebCrawler.Services.Program - 采集结束
 WebCrawler.Services.Programname2017-10-31 10:57:10,245 [1] INFO  WebCrawler.Services.Program - 文章采集系统开始...
 WebCrawler.Services.Programname2017-10-31 10:57:11,118 [4] INFO  WebCrawlerConsole.DoMain.Crawler - 工信部-重点工作采集开始***************************
 WebCrawlerConsole.DoMain.Crawlername2017-10-31 10:57:45,034 [4] WARN  WebCrawlerConsole.DoMain.Crawler - 工信部-重点工作,存在相同【标题】的文章:工业和信息化部2018年考试录用公务员公告
 WebCrawlerConsole.DoMain.Crawlername2017-10-31 10:57:45,117 [4] WARN  WebCrawlerConsole.DoMain.Crawler - 工信部-重点工作,存在相同【标题】的文章:工业和信息化部关于印发《产业关键共性技术发展指南（2017年）》的通知
 WebCrawlerConsole.DoMain.Crawlername2017-10-31 10:57:45,120 [4] WARN  WebCrawlerConsole.DoMain.Crawler - 工信部-重点工作,新闻内容已到上一次最后采集新闻,结束采集
 WebCrawlerConsole.DoMain.Crawlername2017-10-31 10:57:54,728 [4] INFO  WebCrawlerConsole.DoMain.Crawler - 工信部-重点工作,采集结束,共采集0条...共耗时42528毫秒********
 WebCrawlerConsole.DoMain.Crawlername2017-10-31 10:57:55,499 [4] INFO  WebCrawlerConsole.DoMain.Crawler - *******************************************************************************************
 WebCrawlerConsole.DoMain.Crawlername2017-10-31 10:57:58,413 [4] INFO  WebCrawlerConsole.DoMain.Crawler - 工信部-时政要闻采集开始***************************
 WebCrawlerConsole.DoMain.Crawlername2017-10-31 10:58:00,300 [4] INFO  WebCrawlerConsole.DoMain.Crawler - 工信部-时政要闻,采集结束,共采集0条...共耗时1884毫秒********
 WebCrawlerConsole.DoMain.Crawlername2017-10-31 10:58:00,302 [4] INFO  WebCrawlerConsole.DoMain.Crawler - *******************************************************************************************
 WebCrawlerConsole.DoMain.Crawlername2017-10-31 10:58:00,303 [4] INFO  WebCrawlerConsole.DoMain.Crawler - 工信部-工作动态采集开始***************************
 WebCrawlerConsole.DoMain.Crawlername2017-10-31 10:58:02,474 [4] INFO  WebCrawlerConsole.DoMain.Crawler - 工信部-工作动态,采集结束,共采集0条...共耗时2169毫秒********
 WebCrawlerConsole.DoMain.Crawlername2017-10-31 10:58:02,476 [4] INFO  WebCrawlerConsole.DoMain.Crawler - *******************************************************************************************
 WebCrawlerConsole.DoMain.Crawlername2017-10-31 10:58:02,477 [4] INFO  WebCrawlerConsole.DoMain.Crawler - 工信部-领导活动采集开始***************************
 WebCrawlerConsole.DoMain.Crawlername2017-10-31 10:58:11,848 [4] INFO  WebCrawlerConsole.DoMain.Crawler - 工信部-领导活动,采集结束,共采集0条...共耗时9369毫秒********
 WebCrawlerConsole.DoMain.Crawlername2017-10-31 10:58:11,851 [4] INFO  WebCrawlerConsole.DoMain.Crawler - *******************************************************************************************
 WebCrawlerConsole.DoMain.Crawlername2017-10-31 10:58:11,983 [1] INFO  WebCrawler.Services.Program - 采集结束
 WebCrawler.Services.Programname2017-10-31 11:35:35,109 [1] INFO  WebCrawler.Services.Program - 文章采集系统开始...
 WebCrawler.Services.Programname2017-10-31 11:35:36,099 [4] INFO  WebCrawlerConsole.DoMain.Crawler - 工信部-重点工作采集开始***************************
 WebCrawlerConsole.DoMain.Crawlername2017-10-31 11:37:13,003 [4] ERROR WebCrawlerConsole.DoMain.Crawler - 【工信部-重点工作】采集失败,startIndex 不能大于字符串长度。
参数名: startIndex
 WebCrawlerConsole.DoMain.Crawlername2017-10-31 11:37:13,006 [1] INFO  WebCrawler.Services.Program - 采集结束
 WebCrawler.Services.Programname2017-10-31 11:37:26,296 [1] INFO  WebCrawler.Services.Program - 文章采集系统开始...
 WebCrawler.Services.Programname2017-10-31 11:37:27,348 [4] INFO  WebCrawlerConsole.DoMain.Crawler - 工信部-重点工作采集开始***************************
 WebCrawlerConsole.DoMain.Crawlername2017-10-31 11:52:36,566 [4] WARN  WebCrawlerConsole.DoMain.Crawler - 工信部-重点工作,存在相同【标题】的文章:工业和信息化部2018年考试录用公务员公告
 WebCrawlerConsole.DoMain.Crawlername2017-10-31 11:52:36,969 [4] WARN  WebCrawlerConsole.DoMain.Crawler - 工信部-重点工作,存在相同【标题】的文章:工业和信息化部关于印发《产业关键共性技术发展指南（2017年）》的通知
 WebCrawlerConsole.DoMain.Crawlername2017-10-31 11:52:37,048 [4] WARN  WebCrawlerConsole.DoMain.Crawler - 工信部-重点工作,新闻内容已到上一次最后采集新闻,结束采集
 WebCrawlerConsole.DoMain.Crawlername2017-10-31 11:52:37,141 [4] INFO  WebCrawlerConsole.DoMain.Crawler - 工信部-重点工作,采集结束,共采集1条...共耗时909791毫秒********
 WebCrawlerConsole.DoMain.Crawlername2017-10-31 11:52:37,142 [4] INFO  WebCrawlerConsole.DoMain.Crawler - *******************************************************************************************
 WebCrawlerConsole.DoMain.Crawlername2017-10-31 11:52:37,142 [4] INFO  WebCrawlerConsole.DoMain.Crawler - 工信部-时政要闻采集开始***************************
 WebCrawlerConsole.DoMain.Crawlername2017-10-31 11:52:39,584 [4] INFO  WebCrawlerConsole.DoMain.Crawler - 工信部-时政要闻,采集结束,共采集1条...共耗时2440毫秒********
 WebCrawlerConsole.DoMain.Crawlername2017-10-31 11:52:39,589 [4] INFO  WebCrawlerConsole.DoMain.Crawler - *******************************************************************************************
 WebCrawlerConsole.DoMain.Crawlername2017-10-31 11:52:39,590 [4] INFO  WebCrawlerConsole.DoMain.Crawler - 工信部-工作动态采集开始***************************
 WebCrawlerConsole.DoMain.Crawlername2017-10-31 11:52:40,691 [4] INFO  WebCrawlerConsole.DoMain.Crawler - 工信部-工作动态,采集结束,共采集1条...共耗时1099毫秒********
 WebCrawlerConsole.DoMain.Crawlername2017-10-31 11:52:40,693 [4] INFO  WebCrawlerConsole.DoMain.Crawler - *******************************************************************************************
 WebCrawlerConsole.DoMain.Crawlername2017-10-31 11:52:40,694 [4] INFO  WebCrawlerConsole.DoMain.Crawler - 工信部-领导活动采集开始***************************
 WebCrawlerConsole.DoMain.Crawlername2017-10-31 11:52:41,458 [4] INFO  WebCrawlerConsole.DoMain.Crawler - 工信部-领导活动,采集结束,共采集1条...共耗时762毫秒********
 WebCrawlerConsole.DoMain.Crawlername2017-10-31 11:52:41,459 [4] INFO  WebCrawlerConsole.DoMain.Crawler - *******************************************************************************************
 WebCrawlerConsole.DoMain.Crawlername2017-10-31 11:52:41,547 [1] INFO  WebCrawler.Services.Program - 采集结束
 WebCrawler.Services.Programname2017-10-31 14:20:48,036 [1] INFO  WebCrawler.Services.Program - 文章采集系统开始...
 WebCrawler.Services.Programname2017-10-31 14:20:49,083 [4] INFO  WebCrawlerConsole.DoMain.Crawler - 工信部-重点工作采集开始***************************
 WebCrawlerConsole.DoMain.Crawlername2017-10-31 14:20:57,599 [4] WARN  WebCrawlerConsole.DoMain.Crawler - 工信部-重点工作,存在相同【标题】的文章:两部门发布《免征车辆购置税的新能源汽车车型目录》（第十三批）公告
 WebCrawlerConsole.DoMain.Crawlername2017-10-31 14:20:58,067 [4] WARN  WebCrawlerConsole.DoMain.Crawler - 工信部-重点工作,存在相同【标题】的文章:工业和信息化部2018年考试录用公务员公告
 WebCrawlerConsole.DoMain.Crawlername2017-10-31 14:20:58,150 [4] WARN  WebCrawlerConsole.DoMain.Crawler - 工信部-重点工作,存在相同【标题】的文章:工业和信息化部关于印发《产业关键共性技术发展指南（2017年）》的通知
 WebCrawlerConsole.DoMain.Crawlername2017-10-31 14:20:58,152 [4] WARN  WebCrawlerConsole.DoMain.Crawler - 工信部-重点工作,新闻内容已到上一次最后采集新闻,结束采集
 WebCrawlerConsole.DoMain.Crawlername2017-10-31 14:20:58,154 [4] INFO  WebCrawlerConsole.DoMain.Crawler - 工信部-重点工作,采集结束,共采集0条...共耗时9070毫秒********
 WebCrawlerConsole.DoMain.Crawlername2017-10-31 14:20:58,156 [4] INFO  WebCrawlerConsole.DoMain.Crawler - *******************************************************************************************
 WebCrawlerConsole.DoMain.Crawlername2017-10-31 14:20:58,156 [4] INFO  WebCrawlerConsole.DoMain.Crawler - 工信部-时政要闻采集开始***************************
 WebCrawlerConsole.DoMain.Crawlername2017-10-31 14:20:58,240 [4] INFO  WebCrawlerConsole.DoMain.Crawler - 工信部-时政要闻,采集结束,共采集0条...共耗时82毫秒********
 WebCrawlerConsole.DoMain.Crawlername2017-10-31 14:20:58,241 [4] INFO  WebCrawlerConsole.DoMain.Crawler - *******************************************************************************************
 WebCrawlerConsole.DoMain.Crawlername2017-10-31 14:20:58,242 [4] INFO  WebCrawlerConsole.DoMain.Crawler - 工信部-工作动态采集开始***************************
 WebCrawlerConsole.DoMain.Crawlername2017-10-31 14:20:58,432 [4] INFO  WebCrawlerConsole.DoMain.Crawler - 工信部-工作动态,采集结束,共采集0条...共耗时189毫秒********
 WebCrawlerConsole.DoMain.Crawlername2017-10-31 14:20:58,434 [4] INFO  WebCrawlerConsole.DoMain.Crawler - *******************************************************************************************
 WebCrawlerConsole.DoMain.Crawlername2017-10-31 14:20:58,436 [4] INFO  WebCrawlerConsole.DoMain.Crawler - 工信部-领导活动采集开始***************************
 WebCrawlerConsole.DoMain.Crawlername2017-10-31 14:20:58,518 [4] INFO  WebCrawlerConsole.DoMain.Crawler - 工信部-领导活动,采集结束,共采集0条...共耗时80毫秒********
 WebCrawlerConsole.DoMain.Crawlername2017-10-31 14:20:58,519 [4] INFO  WebCrawlerConsole.DoMain.Crawler - *******************************************************************************************
 WebCrawlerConsole.DoMain.Crawlername2017-10-31 14:20:58,659 [1] INFO  WebCrawler.Services.Program - 采集结束
 WebCrawler.Services.Programname2017-10-31 15:55:37,569 [1] INFO  WebCrawler.Services.Program - 文章采集系统开始...
 WebCrawler.Services.Programname2017-10-31 15:55:38,588 [4] INFO  WebCrawlerConsole.DoMain.Crawler - 长江锡业网-锡评采集开始***************************
 WebCrawlerConsole.DoMain.Crawlername2017-10-31 15:55:41,670 [4] WARN  WebCrawlerConsole.DoMain.Crawler - 长江锡业网-锡评,新闻内容已到上一次最后采集新闻,结束采集
 WebCrawlerConsole.DoMain.Crawlername2017-10-31 15:55:42,699 [4] WARN  WebCrawlerConsole.DoMain.Crawler - 长江锡业网-锡评,新闻内容已到上一次最后采集新闻,结束采集
 WebCrawlerConsole.DoMain.Crawlername2017-10-31 15:55:43,630 [4] WARN  WebCrawlerConsole.DoMain.Crawler - 长江锡业网-锡评,新闻内容已到上一次最后采集新闻,结束采集
 WebCrawlerConsole.DoMain.Crawlername2017-10-31 15:55:44,538 [4] WARN  WebCrawlerConsole.DoMain.Crawler - 长江锡业网-锡评,新闻内容已到上一次最后采集新闻,结束采集
 WebCrawlerConsole.DoMain.Crawlername2017-10-31 15:55:44,540 [4] INFO  WebCrawlerConsole.DoMain.Crawler - 长江锡业网-锡评,采集结束,共采集1条...共耗时5950毫秒********
 WebCrawlerConsole.DoMain.Crawlername2017-10-31 15:55:44,541 [4] INFO  WebCrawlerConsole.DoMain.Crawler - *******************************************************************************************
 WebCrawlerConsole.DoMain.Crawlername2017-10-31 15:55:44,597 [1] INFO  WebCrawler.Services.Program - 采集结束
 WebCrawler.Services.Programname2017-10-31 15:56:03,741 [1] INFO  WebCrawler.Services.Program - 文章采集系统开始...
 WebCrawler.Services.Programname2017-10-31 15:56:04,886 [4] INFO  WebCrawlerConsole.DoMain.Crawler - 有色金属网-锡采集开始***************************
 WebCrawlerConsole.DoMain.Crawlername2017-10-31 15:56:06,110 [4] WARN  WebCrawlerConsole.DoMain.Crawler - 有色金属网-锡,新闻内容未更新,结束采集
 WebCrawlerConsole.DoMain.Crawlername2017-10-31 15:56:06,113 [4] INFO  WebCrawlerConsole.DoMain.Crawler - 有色金属网-锡,采集结束,共采集0条...共耗时1225毫秒********
 WebCrawlerConsole.DoMain.Crawlername2017-10-31 15:56:06,114 [4] INFO  WebCrawlerConsole.DoMain.Crawler - *******************************************************************************************
 WebCrawlerConsole.DoMain.Crawlername2017-10-31 15:56:06,194 [1] INFO  WebCrawler.Services.Program - 采集结束
 WebCrawler.Services.Programname2017-10-31 15:56:19,351 [1] INFO  WebCrawler.Services.Program - 文章采集系统开始...
 WebCrawler.Services.Programname2017-10-31 15:56:21,218 [4] INFO  WebCrawlerConsole.DoMain.Crawler - 亚洲金属网-锡采集开始***************************
 WebCrawlerConsole.DoMain.Crawlername2017-10-31 15:56:22,904 [4] WARN  WebCrawlerConsole.DoMain.Crawler - 亚洲金属网-锡,新闻内容未更新,结束采集
 WebCrawlerConsole.DoMain.Crawlername2017-10-31 15:56:22,905 [4] INFO  WebCrawlerConsole.DoMain.Crawler - 亚洲金属网-锡,采集结束,共采集0条...共耗时1686毫秒********
 WebCrawlerConsole.DoMain.Crawlername2017-10-31 15:56:22,907 [4] INFO  WebCrawlerConsole.DoMain.Crawler - *******************************************************************************************
 WebCrawlerConsole.DoMain.Crawlername2017-10-31 15:56:22,991 [1] INFO  WebCrawler.Services.Program - 采集结束
 WebCrawler.Services.Programname2017-10-31 15:56:41,568 [1] INFO  WebCrawler.Services.Program - 文章采集系统开始...
 WebCrawler.Services.Programname2017-10-31 15:56:42,517 [4] INFO  WebCrawlerConsole.DoMain.Crawler - 环保部-环境要闻采集开始***************************
 WebCrawlerConsole.DoMain.Crawlername2017-10-31 15:56:43,897 [4] WARN  WebCrawlerConsole.DoMain.Crawler - 环保部-环境要闻,存在相同【标题】的文章:两部委与四大央企共同签署备忘录 理顺基站环保管理机制，加强事中事后环保工作
 WebCrawlerConsole.DoMain.Crawlername2017-10-31 15:56:43,899 [4] WARN  WebCrawlerConsole.DoMain.Crawler - 环保部-环境要闻,新闻内容已到上一次最后采集新闻,结束采集
 WebCrawlerConsole.DoMain.Crawlername2017-10-31 15:56:43,902 [4] INFO  WebCrawlerConsole.DoMain.Crawler - 环保部-环境要闻,采集结束,共采集0条...共耗时1383毫秒********
 WebCrawlerConsole.DoMain.Crawlername2017-10-31 15:56:43,904 [4] INFO  WebCrawlerConsole.DoMain.Crawler - *******************************************************************************************
 WebCrawlerConsole.DoMain.Crawlername2017-10-31 15:56:43,905 [4] INFO  WebCrawlerConsole.DoMain.Crawler - 环保部-地方快讯采集开始***************************
 WebCrawlerConsole.DoMain.Crawlername2017-10-31 15:56:43,999 [4] INFO  WebCrawlerConsole.DoMain.Crawler - 环保部-地方快讯,采集结束,共采集0条...共耗时92毫秒********
 WebCrawlerConsole.DoMain.Crawlername2017-10-31 15:56:44,000 [4] INFO  WebCrawlerConsole.DoMain.Crawler - *******************************************************************************************
 WebCrawlerConsole.DoMain.Crawlername2017-10-31 15:56:44,001 [4] INFO  WebCrawlerConsole.DoMain.Crawler - 环保部-聚焦重污染天气采集开始***************************
 WebCrawlerConsole.DoMain.Crawlername2017-10-31 15:56:44,183 [4] INFO  WebCrawlerConsole.DoMain.Crawler - 环保部-聚焦重污染天气,采集结束,共采集0条...共耗时180毫秒********
 WebCrawlerConsole.DoMain.Crawlername2017-10-31 15:56:44,187 [4] INFO  WebCrawlerConsole.DoMain.Crawler - *******************************************************************************************
 WebCrawlerConsole.DoMain.Crawlername2017-10-31 15:56:44,188 [4] INFO  WebCrawlerConsole.DoMain.Crawler - 环保部-通知公告采集开始***************************
 WebCrawlerConsole.DoMain.Crawlername2017-10-31 15:56:44,311 [4] INFO  WebCrawlerConsole.DoMain.Crawler - 环保部-通知公告,采集结束,共采集0条...共耗时121毫秒********
 WebCrawlerConsole.DoMain.Crawlername2017-10-31 15:56:44,313 [4] INFO  WebCrawlerConsole.DoMain.Crawler - *******************************************************************************************
 WebCrawlerConsole.DoMain.Crawlername2017-10-31 15:56:44,314 [4] INFO  WebCrawlerConsole.DoMain.Crawler - 环保部-热点回应采集开始***************************
 WebCrawlerConsole.DoMain.Crawlername2017-10-31 15:56:44,435 [4] INFO  WebCrawlerConsole.DoMain.Crawler - 环保部-热点回应,采集结束,共采集0条...共耗时118毫秒********
 WebCrawlerConsole.DoMain.Crawlername2017-10-31 15:56:44,438 [4] INFO  WebCrawlerConsole.DoMain.Crawler - *******************************************************************************************
 WebCrawlerConsole.DoMain.Crawlername2017-10-31 15:56:44,440 [4] INFO  WebCrawlerConsole.DoMain.Crawler - 环保部-政策法规解读采集开始***************************
 WebCrawlerConsole.DoMain.Crawlername2017-10-31 15:56:44,540 [4] INFO  WebCrawlerConsole.DoMain.Crawler - 环保部-政策法规解读,采集结束,共采集0条...共耗时98毫秒********
 WebCrawlerConsole.DoMain.Crawlername2017-10-31 15:56:44,545 [4] INFO  WebCrawlerConsole.DoMain.Crawler - *******************************************************************************************
 WebCrawlerConsole.DoMain.Crawlername2017-10-31 15:56:44,692 [1] INFO  WebCrawler.Services.Program - 采集结束
 WebCrawler.Services.Programname2017-10-31 16:01:56,995 [1] INFO  WebCrawler.Services.Program - 文章采集系统开始...
 WebCrawler.Services.Programname2017-10-31 16:01:58,029 [4] INFO  WebCrawlerConsole.DoMain.Crawler - 海关总署-新闻搜索采集开始***************************
 WebCrawlerConsole.DoMain.Crawlername2017-10-31 16:02:00,917 [4] WARN  WebCrawlerConsole.DoMain.Crawler - 海关总署-新闻搜索,存在相同【标题】的文章:海关总署公告2017年第52号（关于发布《海关监管作业场所设置规范》的公告）
 WebCrawlerConsole.DoMain.Crawlername2017-10-31 16:02:01,157 [4] WARN  WebCrawlerConsole.DoMain.Crawler - 海关总署-新闻搜索,存在相同【标题】的文章:【全面贯彻落实党的十九大精神】让中欧班列的“火车头”带领“一带一路”的列车驶向繁荣
 WebCrawlerConsole.DoMain.Crawlername2017-10-31 16:02:01,434 [4] WARN  WebCrawlerConsole.DoMain.Crawler - 海关总署-新闻搜索,存在相同【标题】的文章:【全面贯彻落实党的十九大精神】青岛海关：人人都是十九大精神学习者
 WebCrawlerConsole.DoMain.Crawlername2017-10-31 16:02:01,656 [4] WARN  WebCrawlerConsole.DoMain.Crawler - 海关总署-新闻搜索,存在相同【标题】的文章:“去繁就简”带动进出口通关提速
 WebCrawlerConsole.DoMain.Crawlername2017-10-31 16:02:01,906 [4] WARN  WebCrawlerConsole.DoMain.Crawler - 海关总署-新闻搜索,存在相同【标题】的文章:拱北口岸查获旅客绑藏内存条进境案（图）
 WebCrawlerConsole.DoMain.Crawlername2017-10-31 16:02:02,175 [4] WARN  WebCrawlerConsole.DoMain.Crawler - 海关总署-新闻搜索,存在相同【标题】的文章:青岛海关查获“龙腾”行动案值最大侵权案（图）
 WebCrawlerConsole.DoMain.Crawlername2017-10-31 16:02:02,430 [4] WARN  WebCrawlerConsole.DoMain.Crawler - 海关总署-新闻搜索,存在相同【标题】的文章:海关总署召开全国海关电视电话会议传达学习党的十九大精神（图）
 WebCrawlerConsole.DoMain.Crawlername2017-10-31 16:02:02,721 [4] WARN  WebCrawlerConsole.DoMain.Crawler - 海关总署-新闻搜索,存在相同【标题】的文章:红心向党
 WebCrawlerConsole.DoMain.Crawlername2017-10-31 16:02:02,991 [4] WARN  WebCrawlerConsole.DoMain.Crawler - 海关总署-新闻搜索,存在相同【标题】的文章:海关总署党组迅速学习贯彻党的十九大和十九届一中全会精神(图)
 WebCrawlerConsole.DoMain.Crawlername2017-10-31 16:02:03,240 [4] WARN  WebCrawlerConsole.DoMain.Crawler - 海关总署-新闻搜索,存在相同【标题】的文章:你好，十九大！加油，海关！
 WebCrawlerConsole.DoMain.Crawlername2017-10-31 16:02:03,584 [4] WARN  WebCrawlerConsole.DoMain.Crawler - 海关总署-新闻搜索,存在相同【标题】的文章:海关总署组织收看党的十九大开幕会（图）
 WebCrawlerConsole.DoMain.Crawlername2017-10-31 16:02:03,876 [4] WARN  WebCrawlerConsole.DoMain.Crawler - 海关总署-新闻搜索,存在相同【标题】的文章:青春见证发展
 WebCrawlerConsole.DoMain.Crawlername2017-10-31 16:02:04,130 [4] WARN  WebCrawlerConsole.DoMain.Crawler - 海关总署-新闻搜索,存在相同【标题】的文章:海关总署党组迅速传达学习党的十八届七中全会重要精神
 WebCrawlerConsole.DoMain.Crawlername2017-10-31 16:02:04,441 [4] WARN  WebCrawlerConsole.DoMain.Crawler - 海关总署-新闻搜索,存在相同【标题】的文章:我是谁
 WebCrawlerConsole.DoMain.Crawlername2017-10-31 16:02:04,927 [4] WARN  WebCrawlerConsole.DoMain.Crawler - 海关总署-新闻搜索,存在相同【标题】的文章:我变了，我没变――风雨兼程十八年
 WebCrawlerConsole.DoMain.Crawlername2017-10-31 16:02:05,258 [4] WARN  WebCrawlerConsole.DoMain.Crawler - 海关总署-新闻搜索,存在相同【标题】的文章:海关和你在一起
 WebCrawlerConsole.DoMain.Crawlername2017-10-31 16:02:05,511 [4] WARN  WebCrawlerConsole.DoMain.Crawler - 海关总署-新闻搜索,存在相同【标题】的文章:阳光查验
 WebCrawlerConsole.DoMain.Crawlername2017-10-31 16:02:05,793 [4] WARN  WebCrawlerConsole.DoMain.Crawler - 海关总署-新闻搜索,存在相同【标题】的文章:关员日记
 WebCrawlerConsole.DoMain.Crawlername2017-10-31 16:02:06,041 [4] WARN  WebCrawlerConsole.DoMain.Crawler - 海关总署-新闻搜索,存在相同【标题】的文章:军哥的一天
 WebCrawlerConsole.DoMain.Crawlername2017-10-31 16:02:06,262 [4] WARN  WebCrawlerConsole.DoMain.Crawler - 海关总署-新闻搜索,存在相同【标题】的文章:国门英雄 第33集
 WebCrawlerConsole.DoMain.Crawlername2017-10-31 16:02:06,992 [4] WARN  WebCrawlerConsole.DoMain.Crawler - 海关总署-新闻搜索,新闻内容已到上一次最后采集新闻,结束采集
 WebCrawlerConsole.DoMain.Crawlername2017-10-31 16:02:06,994 [4] INFO  WebCrawlerConsole.DoMain.Crawler - 海关总署-新闻搜索,采集结束,共采集0条...共耗时8963毫秒********
 WebCrawlerConsole.DoMain.Crawlername2017-10-31 16:02:06,997 [4] INFO  WebCrawlerConsole.DoMain.Crawler - *******************************************************************************************
 WebCrawlerConsole.DoMain.Crawlername2017-10-31 16:02:06,999 [4] INFO  WebCrawlerConsole.DoMain.Crawler - 海关总署-最新署令采集开始***************************
 WebCrawlerConsole.DoMain.Crawlername2017-10-31 16:02:07,236 [4] INFO  WebCrawlerConsole.DoMain.Crawler - 海关总署-最新署令,采集结束,共采集0条...共耗时233毫秒********
 WebCrawlerConsole.DoMain.Crawlername2017-10-31 16:02:07,239 [4] INFO  WebCrawlerConsole.DoMain.Crawler - *******************************************************************************************
 WebCrawlerConsole.DoMain.Crawlername2017-10-31 16:02:07,241 [4] INFO  WebCrawlerConsole.DoMain.Crawler - 海关总署-历史政策解读采集开始***************************
 WebCrawlerConsole.DoMain.Crawlername2017-10-31 16:02:07,430 [4] INFO  WebCrawlerConsole.DoMain.Crawler - 海关总署-历史政策解读,采集结束,共采集0条...共耗时185毫秒********
 WebCrawlerConsole.DoMain.Crawlername2017-10-31 16:02:07,436 [4] INFO  WebCrawlerConsole.DoMain.Crawler - *******************************************************************************************
 WebCrawlerConsole.DoMain.Crawlername2017-10-31 16:02:07,438 [4] INFO  WebCrawlerConsole.DoMain.Crawler - 海关总署-统计快讯采集开始***************************
 WebCrawlerConsole.DoMain.Crawlername2017-10-31 16:02:07,645 [4] INFO  WebCrawlerConsole.DoMain.Crawler - 海关总署-统计快讯,采集结束,共采集0条...共耗时204毫秒********
 WebCrawlerConsole.DoMain.Crawlername2017-10-31 16:02:07,648 [4] INFO  WebCrawlerConsole.DoMain.Crawler - *******************************************************************************************
 WebCrawlerConsole.DoMain.Crawlername2017-10-31 16:02:07,782 [1] INFO  WebCrawler.Services.Program - 采集结束
 WebCrawler.Services.Programname2017-10-31 16:04:53,948 [1] INFO  WebCrawler.Services.Program - 文章采集系统开始...
 WebCrawler.Services.Programname2017-10-31 16:04:54,853 [4] INFO  WebCrawlerConsole.DoMain.Crawler - 统计局-最新发布采集开始***************************
 WebCrawlerConsole.DoMain.Crawlername2017-10-31 16:04:55,887 [4] WARN  WebCrawlerConsole.DoMain.Crawler - 统计局-最新发布,新闻内容未更新,结束采集
 WebCrawlerConsole.DoMain.Crawlername2017-10-31 16:04:55,888 [4] INFO  WebCrawlerConsole.DoMain.Crawler - 统计局-最新发布,采集结束,共采集0条...共耗时1033毫秒********
 WebCrawlerConsole.DoMain.Crawlername2017-10-31 16:04:55,889 [4] INFO  WebCrawlerConsole.DoMain.Crawler - *******************************************************************************************
 WebCrawlerConsole.DoMain.Crawlername2017-10-31 16:04:55,890 [4] INFO  WebCrawlerConsole.DoMain.Crawler - 统计局-数据解读采集开始***************************
 WebCrawlerConsole.DoMain.Crawlername2017-10-31 16:06:11,163 [4] ERROR WebCrawlerConsole.DoMain.Crawler - 统计局-数据解读采集异常,【分页获取失败】
 WebCrawlerConsole.DoMain.Crawlername2017-10-31 16:06:11,309 [1] INFO  WebCrawler.Services.Program - 采集结束
 WebCrawler.Services.Programname2017-10-31 16:20:14,317 [1] INFO  WebCrawler.Services.Program - 文章采集系统开始...
 WebCrawler.Services.Programname2017-10-31 16:20:15,249 [4] INFO  WebCrawlerConsole.DoMain.Crawler - 统计局-最新发布采集开始***************************
 WebCrawlerConsole.DoMain.Crawlername2017-10-31 16:20:38,163 [4] WARN  WebCrawlerConsole.DoMain.Crawler - 统计局-最新发布,新闻内容未更新,结束采集
 WebCrawlerConsole.DoMain.Crawlername2017-10-31 16:20:40,678 [4] INFO  WebCrawlerConsole.DoMain.Crawler - 统计局-最新发布,采集结束,共采集0条...共耗时25427毫秒********
 WebCrawlerConsole.DoMain.Crawlername2017-10-31 16:20:40,679 [4] INFO  WebCrawlerConsole.DoMain.Crawler - *******************************************************************************************
 WebCrawlerConsole.DoMain.Crawlername2017-10-31 16:20:40,680 [4] INFO  WebCrawlerConsole.DoMain.Crawler - 统计局-数据解读采集开始***************************
 WebCrawlerConsole.DoMain.Crawlername2017-10-31 16:20:40,755 [4] INFO  WebCrawlerConsole.DoMain.Crawler - 统计局-数据解读,采集结束,共采集0条...共耗时74毫秒********
 WebCrawlerConsole.DoMain.Crawlername2017-10-31 16:20:40,757 [4] INFO  WebCrawlerConsole.DoMain.Crawler - *******************************************************************************************
 WebCrawlerConsole.DoMain.Crawlername2017-10-31 16:20:40,863 [1] INFO  WebCrawler.Services.Program - 采集结束
 WebCrawler.Services.Programname2017-10-31 16:21:05,773 [1] INFO  WebCrawler.Services.Program - 文章采集系统开始...
 WebCrawler.Services.Programname2017-10-31 16:21:06,888 [4] INFO  WebCrawlerConsole.DoMain.Crawler - 统计局-最新发布采集开始***************************
 WebCrawlerConsole.DoMain.Crawlername2017-10-31 16:21:08,067 [4] WARN  WebCrawlerConsole.DoMain.Crawler - 统计局-最新发布,新闻内容未更新,结束采集
 WebCrawlerConsole.DoMain.Crawlername2017-10-31 16:21:08,069 [4] INFO  WebCrawlerConsole.DoMain.Crawler - 统计局-最新发布,采集结束,共采集0条...共耗时1179毫秒********
 WebCrawlerConsole.DoMain.Crawlername2017-10-31 16:21:08,071 [4] INFO  WebCrawlerConsole.DoMain.Crawler - *******************************************************************************************
 WebCrawlerConsole.DoMain.Crawlername2017-10-31 16:21:08,072 [4] INFO  WebCrawlerConsole.DoMain.Crawler - 统计局-数据解读采集开始***************************
 WebCrawlerConsole.DoMain.Crawlername2017-10-31 16:21:08,158 [4] INFO  WebCrawlerConsole.DoMain.Crawler - 统计局-数据解读,采集结束,共采集0条...共耗时84毫秒********
 WebCrawlerConsole.DoMain.Crawlername2017-10-31 16:21:08,160 [4] INFO  WebCrawlerConsole.DoMain.Crawler - *******************************************************************************************
 WebCrawlerConsole.DoMain.Crawlername2017-10-31 16:21:08,258 [1] INFO  WebCrawler.Services.Program - 采集结束
 WebCrawler.Services.Programname2017-10-31 16:22:33,482 [1] INFO  WebCrawler.Services.Program - 文章采集系统开始...
 WebCrawler.Services.Programname2017-10-31 16:22:34,610 [4] INFO  WebCrawlerConsole.DoMain.Crawler - 统计局-最新发布采集开始***************************
 WebCrawlerConsole.DoMain.Crawlername2017-10-31 16:22:35,748 [4] WARN  WebCrawlerConsole.DoMain.Crawler - 统计局-最新发布,新闻内容未更新,结束采集
 WebCrawlerConsole.DoMain.Crawlername2017-10-31 16:22:35,750 [4] INFO  WebCrawlerConsole.DoMain.Crawler - 统计局-最新发布,采集结束,共采集0条...共耗时1139毫秒********
 WebCrawlerConsole.DoMain.Crawlername2017-10-31 16:22:35,752 [4] INFO  WebCrawlerConsole.DoMain.Crawler - *******************************************************************************************
 WebCrawlerConsole.DoMain.Crawlername2017-10-31 16:22:35,753 [4] INFO  WebCrawlerConsole.DoMain.Crawler - 统计局-数据解读采集开始***************************
 WebCrawlerConsole.DoMain.Crawlername2017-10-31 16:22:35,830 [4] INFO  WebCrawlerConsole.DoMain.Crawler - 统计局-数据解读,采集结束,共采集0条...共耗时74毫秒********
 WebCrawlerConsole.DoMain.Crawlername2017-10-31 16:22:35,831 [4] INFO  WebCrawlerConsole.DoMain.Crawler - *******************************************************************************************
 WebCrawlerConsole.DoMain.Crawlername2017-10-31 16:22:35,932 [1] INFO  WebCrawler.Services.Program - 采集结束
 WebCrawler.Services.Programname2017-10-31 16:23:08,739 [1] INFO  WebCrawler.Services.Program - 文章采集系统开始...
 WebCrawler.Services.Programname2017-10-31 16:23:12,182 [4] INFO  WebCrawlerConsole.DoMain.Crawler - 统计局-最新发布采集开始***************************
 WebCrawlerConsole.DoMain.Crawlername2017-10-31 16:23:21,960 [4] WARN  WebCrawlerConsole.DoMain.Crawler - 统计局-最新发布,新闻内容未更新,结束采集
 WebCrawlerConsole.DoMain.Crawlername2017-10-31 16:23:26,579 [4] INFO  WebCrawlerConsole.DoMain.Crawler - 统计局-最新发布,采集结束,共采集0条...共耗时13515毫秒********
 WebCrawlerConsole.DoMain.Crawlername2017-10-31 16:23:27,155 [4] INFO  WebCrawlerConsole.DoMain.Crawler - *******************************************************************************************
 WebCrawlerConsole.DoMain.Crawlername2017-10-31 16:23:30,343 [4] INFO  WebCrawlerConsole.DoMain.Crawler - 统计局-数据解读采集开始***************************
 WebCrawlerConsole.DoMain.Crawlername2017-10-31 16:23:43,070 [4] INFO  WebCrawlerConsole.DoMain.Crawler - 统计局-数据解读,采集结束,共采集0条...共耗时12411毫秒********
 WebCrawlerConsole.DoMain.Crawlername2017-10-31 16:23:43,072 [4] INFO  WebCrawlerConsole.DoMain.Crawler - *******************************************************************************************
 WebCrawlerConsole.DoMain.Crawlername2017-10-31 16:23:43,184 [1] INFO  WebCrawler.Services.Program - 采集结束
 WebCrawler.Services.Programname2017-10-31 16:28:04,982 [1] INFO  WebCrawler.Services.Program - 文章采集系统开始...
 WebCrawler.Services.Programname2017-10-31 16:28:08,513 [4] INFO  WebCrawlerConsole.DoMain.Crawler - 统计局-最新发布采集开始***************************
 WebCrawlerConsole.DoMain.Crawlername2017-10-31 16:28:10,079 [4] WARN  WebCrawlerConsole.DoMain.Crawler - 统计局-最新发布,新闻内容未更新,结束采集
 WebCrawlerConsole.DoMain.Crawlername2017-10-31 16:28:10,080 [4] INFO  WebCrawlerConsole.DoMain.Crawler - 统计局-最新发布,采集结束,共采集0条...共耗时1565毫秒********
 WebCrawlerConsole.DoMain.Crawlername2017-10-31 16:28:10,082 [4] INFO  WebCrawlerConsole.DoMain.Crawler - *******************************************************************************************
 WebCrawlerConsole.DoMain.Crawlername2017-10-31 16:29:06,427 [4] INFO  WebCrawlerConsole.DoMain.Crawler - 统计局-数据解读采集开始***************************
 WebCrawlerConsole.DoMain.Crawlername2017-10-31 16:29:18,765 [4] INFO  WebCrawlerConsole.DoMain.Crawler - 统计局-数据解读,采集结束,共采集0条...共耗时10523毫秒********
 WebCrawlerConsole.DoMain.Crawlername2017-10-31 16:29:18,767 [4] INFO  WebCrawlerConsole.DoMain.Crawler - *******************************************************************************************
 WebCrawlerConsole.DoMain.Crawlername2017-10-31 16:29:18,862 [1] INFO  WebCrawler.Services.Program - 采集结束
 WebCrawler.Services.Programname