2017-11-21 10:06:04,722 [1] INFO  WebCrawler.Services.Program - 文章采集系统开始...
 WebCrawler.Services.Programname2017-11-21 10:06:11,333 [4] INFO  WebCrawlerConsole.DoMain.Crawler - 江西省环境保护厅-环保要闻采集开始***************************
 WebCrawlerConsole.DoMain.Crawlername2017-11-21 10:09:29,498 [1] INFO  WebCrawler.Services.Program - 文章采集系统开始...
 WebCrawler.Services.Programname2017-11-21 10:09:59,971 [1] INFO  WebCrawler.Services.Program - 文章采集系统开始...
 WebCrawler.Services.Programname2017-11-21 10:10:12,940 [4] INFO  WebCrawlerConsole.DoMain.Crawler - 江西省环境保护厅-环保要闻采集开始***************************
 WebCrawlerConsole.DoMain.Crawlername2017-11-21 10:14:06,279 [1] INFO  WebCrawler.Services.Program - 文章采集系统开始...
 WebCrawler.Services.Programname2017-11-21 10:14:15,851 [4] INFO  WebCrawlerConsole.DoMain.Crawler - 江西省环境保护厅-环保要闻采集开始***************************
 WebCrawlerConsole.DoMain.Crawlername2017-11-21 10:14:17,425 [4] ERROR WebCrawlerConsole.DoMain.Crawler - 江西省环境保护厅-环保要闻采集异常,【新闻列表加载失败】
 WebCrawlerConsole.DoMain.Crawlername2017-11-21 10:19:10,700 [1] INFO  WebCrawler.Services.Program - 文章采集系统开始...
 WebCrawler.Services.Programname2017-11-21 10:19:19,739 [4] INFO  WebCrawlerConsole.DoMain.Crawler - 江西省环境保护厅-环保要闻采集开始***************************
 WebCrawlerConsole.DoMain.Crawlername2017-11-21 10:23:50,387 [1] INFO  WebCrawler.Services.Program - 文章采集系统开始...
 WebCrawler.Services.Programname2017-11-21 10:23:54,649 [4] INFO  WebCrawlerConsole.DoMain.Crawler - 江西省环境保护厅-环保要闻采集开始***************************
 WebCrawlerConsole.DoMain.Crawlername2017-11-21 10:25:08,653 [1] INFO  WebCrawler.Services.Program - 文章采集系统开始...
 WebCrawler.Services.Programname2017-11-21 10:25:16,628 [4] INFO  WebCrawlerConsole.DoMain.Crawler - 江西省环境保护厅-环保要闻采集开始***************************
 WebCrawlerConsole.DoMain.Crawlername2017-11-21 10:29:15,721 [1] INFO  WebCrawler.Services.Program - 文章采集系统开始...
 WebCrawler.Services.Programname2017-11-21 10:29:20,728 [4] INFO  WebCrawlerConsole.DoMain.Crawler - 江西省环境保护厅-环保要闻采集开始***************************
 WebCrawlerConsole.DoMain.Crawlername2017-11-21 10:31:06,304 [1] INFO  WebCrawler.Services.Program - 文章采集系统开始...
 WebCrawler.Services.Programname2017-11-21 10:31:11,986 [4] INFO  WebCrawlerConsole.DoMain.Crawler - 江西省环境保护厅-环保要闻采集开始***************************
 WebCrawlerConsole.DoMain.Crawlername2017-11-21 10:42:54,383 [1] INFO  WebCrawler.Services.Program - 文章采集系统开始...
 WebCrawler.Services.Programname2017-11-21 10:42:57,460 [4] INFO  WebCrawlerConsole.DoMain.Crawler - 江西省环境保护厅-环保要闻采集开始***************************
 WebCrawlerConsole.DoMain.Crawlername2017-11-21 10:46:21,177 [1] INFO  WebCrawler.Services.Program - 文章采集系统开始...
 WebCrawler.Services.Programname2017-11-21 10:46:23,536 [4] INFO  WebCrawlerConsole.DoMain.Crawler - 江西省环境保护厅-环保要闻采集开始***************************
 WebCrawlerConsole.DoMain.Crawlername2017-11-21 10:55:06,887 [1] INFO  WebCrawler.Services.Program - 文章采集系统开始...
 WebCrawler.Services.Programname2017-11-21 10:55:14,298 [4] INFO  WebCrawlerConsole.DoMain.Crawler - 江西省环境保护厅-环保要闻采集开始***************************
 WebCrawlerConsole.DoMain.Crawlername2017-11-21 10:57:39,468 [1] INFO  WebCrawler.Services.Program - 文章采集系统开始...
 WebCrawler.Services.Programname2017-11-21 10:57:42,462 [4] INFO  WebCrawlerConsole.DoMain.Crawler - 江西省环境保护厅-环保要闻采集开始***************************
 WebCrawlerConsole.DoMain.Crawlername2017-11-21 11:03:18,063 [1] INFO  WebCrawler.Services.Program - 文章采集系统开始...
 WebCrawler.Services.Programname2017-11-21 11:03:25,302 [4] INFO  WebCrawlerConsole.DoMain.Crawler - 江西省环境保护厅-环保要闻采集开始***************************
 WebCrawlerConsole.DoMain.Crawlername2017-11-21 11:16:11,227 [1] INFO  WebCrawler.Services.Program - 文章采集系统开始...
 WebCrawler.Services.Programname2017-11-21 11:16:14,245 [4] INFO  WebCrawlerConsole.DoMain.Crawler - 江西省环境保护厅-环保要闻采集开始***************************
 WebCrawlerConsole.DoMain.Crawlername2017-11-21 11:16:15,999 [4] ERROR WebCrawlerConsole.DoMain.Crawler - 江西省环境保护厅-环保要闻采集异常,【新闻列表div_a元素加载失败】
 WebCrawlerConsole.DoMain.Crawlername2017-11-21 11:16:16,001 [4] ERROR WebCrawlerConsole.DoMain.Crawler - 江西省环境保护厅-环保要闻采集异常,【新闻列表div_a元素加载失败】
 WebCrawlerConsole.DoMain.Crawlername2017-11-21 11:16:16,002 [4] ERROR WebCrawlerConsole.DoMain.Crawler - 江西省环境保护厅-环保要闻采集异常,【新闻列表div_a元素加载失败】
 WebCrawlerConsole.DoMain.Crawlername2017-11-21 11:16:16,004 [4] ERROR WebCrawlerConsole.DoMain.Crawler - 江西省环境保护厅-环保要闻采集异常,【新闻列表div_a元素加载失败】
 WebCrawlerConsole.DoMain.Crawlername2017-11-21 11:16:16,006 [4] ERROR WebCrawlerConsole.DoMain.Crawler - 江西省环境保护厅-环保要闻采集异常,【新闻列表div_a元素加载失败】
 WebCrawlerConsole.DoMain.Crawlername2017-11-21 11:16:16,008 [4] ERROR WebCrawlerConsole.DoMain.Crawler - 江西省环境保护厅-环保要闻采集异常,【新闻列表div_a元素加载失败】
 WebCrawlerConsole.DoMain.Crawlername2017-11-21 11:16:16,010 [4] ERROR WebCrawlerConsole.DoMain.Crawler - 江西省环境保护厅-环保要闻采集异常,【新闻列表div_a元素加载失败】
 WebCrawlerConsole.DoMain.Crawlername2017-11-21 11:16:16,037 [4] ERROR WebCrawlerConsole.DoMain.Crawler - 江西省环境保护厅-环保要闻采集异常,【新闻列表div_a元素加载失败】
 WebCrawlerConsole.DoMain.Crawlername2017-11-21 11:16:16,039 [4] ERROR WebCrawlerConsole.DoMain.Crawler - 江西省环境保护厅-环保要闻采集异常,【新闻列表div_a元素加载失败】
 WebCrawlerConsole.DoMain.Crawlername2017-11-21 11:16:16,040 [4] ERROR WebCrawlerConsole.DoMain.Crawler - 江西省环境保护厅-环保要闻采集异常,【新闻列表div_a元素加载失败】
 WebCrawlerConsole.DoMain.Crawlername2017-11-21 11:16:16,042 [4] ERROR WebCrawlerConsole.DoMain.Crawler - 江西省环境保护厅-环保要闻采集异常,【新闻列表div_a元素加载失败】
 WebCrawlerConsole.DoMain.Crawlername2017-11-21 11:16:16,045 [4] ERROR WebCrawlerConsole.DoMain.Crawler - 江西省环境保护厅-环保要闻采集异常,【新闻列表div_a元素加载失败】
 WebCrawlerConsole.DoMain.Crawlername2017-11-21 11:16:16,047 [4] ERROR WebCrawlerConsole.DoMain.Crawler - 江西省环境保护厅-环保要闻采集异常,【新闻列表div_a元素加载失败】
 WebCrawlerConsole.DoMain.Crawlername2017-11-21 11:16:16,053 [4] ERROR WebCrawlerConsole.DoMain.Crawler - 江西省环境保护厅-环保要闻采集异常,【新闻列表div_a元素加载失败】
 WebCrawlerConsole.DoMain.Crawlername2017-11-21 11:16:16,055 [4] ERROR WebCrawlerConsole.DoMain.Crawler - 江西省环境保护厅-环保要闻采集异常,【新闻列表div_a元素加载失败】
 WebCrawlerConsole.DoMain.Crawlername2017-11-21 11:16:16,057 [4] ERROR WebCrawlerConsole.DoMain.Crawler - 江西省环境保护厅-环保要闻采集异常,【新闻列表div_a元素加载失败】
 WebCrawlerConsole.DoMain.Crawlername2017-11-21 11:16:16,060 [4] ERROR WebCrawlerConsole.DoMain.Crawler - 江西省环境保护厅-环保要闻采集异常,【新闻列表div_a元素加载失败】
 WebCrawlerConsole.DoMain.Crawlername2017-11-21 11:16:16,063 [4] ERROR WebCrawlerConsole.DoMain.Crawler - 江西省环境保护厅-环保要闻采集异常,【新闻列表div_a元素加载失败】
 WebCrawlerConsole.DoMain.Crawlername2017-11-21 11:16:16,066 [4] ERROR WebCrawlerConsole.DoMain.Crawler - 江西省环境保护厅-环保要闻采集异常,【新闻列表div_a元素加载失败】
 WebCrawlerConsole.DoMain.Crawlername2017-11-21 11:16:16,068 [4] ERROR WebCrawlerConsole.DoMain.Crawler - 江西省环境保护厅-环保要闻采集异常,【新闻列表div_a元素加载失败】
 WebCrawlerConsole.DoMain.Crawlername2017-11-21 11:16:16,073 [4] ERROR WebCrawlerConsole.DoMain.Crawler - 江西省环境保护厅-环保要闻采集异常,【新闻列表div_a元素加载失败】
 WebCrawlerConsole.DoMain.Crawlername2017-11-21 11:16:16,076 [4] ERROR WebCrawlerConsole.DoMain.Crawler - 江西省环境保护厅-环保要闻采集异常,【新闻列表div_a元素加载失败】
 WebCrawlerConsole.DoMain.Crawlername2017-11-21 11:16:16,079 [4] ERROR WebCrawlerConsole.DoMain.Crawler - 江西省环境保护厅-环保要闻采集异常,【新闻列表div_a元素加载失败】
 WebCrawlerConsole.DoMain.Crawlername2017-11-21 11:16:16,081 [4] ERROR WebCrawlerConsole.DoMain.Crawler - 江西省环境保护厅-环保要闻采集异常,【新闻列表div_a元素加载失败】
 WebCrawlerConsole.DoMain.Crawlername2017-11-21 11:16:16,084 [4] ERROR WebCrawlerConsole.DoMain.Crawler - 江西省环境保护厅-环保要闻采集异常,【新闻列表div_a元素加载失败】
 WebCrawlerConsole.DoMain.Crawlername2017-11-21 11:16:16,088 [4] ERROR WebCrawlerConsole.DoMain.Crawler - 江西省环境保护厅-环保要闻采集异常,【新闻列表div_a元素加载失败】
 WebCrawlerConsole.DoMain.Crawlername2017-11-21 11:16:23,523 [4] ERROR WebCrawlerConsole.DoMain.Crawler - 江西省环境保护厅-环保要闻采集异常,【新闻列表div_a元素加载失败】
 WebCrawlerConsole.DoMain.Crawlername2017-11-21 11:16:23,526 [4] ERROR WebCrawlerConsole.DoMain.Crawler - 江西省环境保护厅-环保要闻采集异常,【新闻列表div_a元素加载失败】
 WebCrawlerConsole.DoMain.Crawlername2017-11-21 11:16:23,529 [4] ERROR WebCrawlerConsole.DoMain.Crawler - 江西省环境保护厅-环保要闻采集异常,【新闻列表div_a元素加载失败】
 WebCrawlerConsole.DoMain.Crawlername2017-11-21 11:16:23,532 [4] ERROR WebCrawlerConsole.DoMain.Crawler - 江西省环境保护厅-环保要闻采集异常,【新闻列表div_a元素加载失败】
 WebCrawlerConsole.DoMain.Crawlername2017-11-21 11:16:23,538 [4] ERROR WebCrawlerConsole.DoMain.Crawler - 江西省环境保护厅-环保要闻采集异常,【新闻列表div_a元素加载失败】
 WebCrawlerConsole.DoMain.Crawlername2017-11-21 11:16:23,540 [4] ERROR WebCrawlerConsole.DoMain.Crawler - 江西省环境保护厅-环保要闻采集异常,【新闻列表div_a元素加载失败】
 WebCrawlerConsole.DoMain.Crawlername2017-11-21 11:16:23,543 [4] ERROR WebCrawlerConsole.DoMain.Crawler - 江西省环境保护厅-环保要闻采集异常,【新闻列表div_a元素加载失败】
 WebCrawlerConsole.DoMain.Crawlername2017-11-21 11:16:23,546 [4] ERROR WebCrawlerConsole.DoMain.Crawler - 江西省环境保护厅-环保要闻采集异常,【新闻列表div_a元素加载失败】
 WebCrawlerConsole.DoMain.Crawlername2017-11-21 11:16:23,550 [4] ERROR WebCrawlerConsole.DoMain.Crawler - 江西省环境保护厅-环保要闻采集异常,【新闻列表div_a元素加载失败】
 WebCrawlerConsole.DoMain.Crawlername2017-11-21 11:16:23,553 [4] ERROR WebCrawlerConsole.DoMain.Crawler - 江西省环境保护厅-环保要闻采集异常,【新闻列表div_a元素加载失败】
 WebCrawlerConsole.DoMain.Crawlername2017-11-21 11:16:23,555 [4] ERROR WebCrawlerConsole.DoMain.Crawler - 江西省环境保护厅-环保要闻采集异常,【新闻列表div_a元素加载失败】
 WebCrawlerConsole.DoMain.Crawlername2017-11-21 11:16:23,559 [4] ERROR WebCrawlerConsole.DoMain.Crawler - 江西省环境保护厅-环保要闻采集异常,【新闻列表div_a元素加载失败】
 WebCrawlerConsole.DoMain.Crawlername2017-11-21 11:16:23,561 [4] ERROR WebCrawlerConsole.DoMain.Crawler - 江西省环境保护厅-环保要闻采集异常,【新闻列表div_a元素加载失败】
 WebCrawlerConsole.DoMain.Crawlername2017-11-21 11:16:23,564 [4] ERROR WebCrawlerConsole.DoMain.Crawler - 江西省环境保护厅-环保要闻采集异常,【新闻列表div_a元素加载失败】
 WebCrawlerConsole.DoMain.Crawlername2017-11-21 11:16:23,567 [4] ERROR WebCrawlerConsole.DoMain.Crawler - 江西省环境保护厅-环保要闻采集异常,【新闻列表div_a元素加载失败】
 WebCrawlerConsole.DoMain.Crawlername2017-11-21 11:16:23,576 [4] ERROR WebCrawlerConsole.DoMain.Crawler - 江西省环境保护厅-环保要闻采集异常,【新闻列表div_a元素加载失败】
 WebCrawlerConsole.DoMain.Crawlername2017-11-21 11:16:23,580 [4] ERROR WebCrawlerConsole.DoMain.Crawler - 江西省环境保护厅-环保要闻采集异常,【新闻列表div_a元素加载失败】
 WebCrawlerConsole.DoMain.Crawlername2017-11-21 11:16:23,585 [4] ERROR WebCrawlerConsole.DoMain.Crawler - 江西省环境保护厅-环保要闻采集异常,【新闻列表div_a元素加载失败】
 WebCrawlerConsole.DoMain.Crawlername2017-11-21 11:16:23,587 [4] ERROR WebCrawlerConsole.DoMain.Crawler - 江西省环境保护厅-环保要闻采集异常,【新闻列表div_a元素加载失败】
 WebCrawlerConsole.DoMain.Crawlername2017-11-21 11:16:23,592 [4] ERROR WebCrawlerConsole.DoMain.Crawler - 江西省环境保护厅-环保要闻采集异常,【新闻列表div_a元素加载失败】
 WebCrawlerConsole.DoMain.Crawlername2017-11-21 11:16:23,595 [4] ERROR WebCrawlerConsole.DoMain.Crawler - 江西省环境保护厅-环保要闻采集异常,【新闻列表div_a元素加载失败】
 WebCrawlerConsole.DoMain.Crawlername2017-11-21 11:16:23,608 [4] ERROR WebCrawlerConsole.DoMain.Crawler - 江西省环境保护厅-环保要闻采集异常,【新闻列表div_a元素加载失败】
 WebCrawlerConsole.DoMain.Crawlername2017-11-21 11:16:23,619 [4] ERROR WebCrawlerConsole.DoMain.Crawler - 江西省环境保护厅-环保要闻采集异常,【新闻列表div_a元素加载失败】
 WebCrawlerConsole.DoMain.Crawlername2017-11-21 11:16:23,626 [4] ERROR WebCrawlerConsole.DoMain.Crawler - 江西省环境保护厅-环保要闻采集异常,【新闻列表div_a元素加载失败】
 WebCrawlerConsole.DoMain.Crawlername2017-11-21 11:16:23,628 [4] ERROR WebCrawlerConsole.DoMain.Crawler - 江西省环境保护厅-环保要闻采集异常,【新闻列表div_a元素加载失败】
 WebCrawlerConsole.DoMain.Crawlername2017-11-21 11:16:23,630 [4] ERROR WebCrawlerConsole.DoMain.Crawler - 江西省环境保护厅-环保要闻采集异常,【新闻列表div_a元素加载失败】
 WebCrawlerConsole.DoMain.Crawlername2017-11-21 11:16:23,805 [4] ERROR WebCrawlerConsole.DoMain.Crawler - 江西省环境保护厅-环保要闻采集异常,【新闻列表加载失败】
 WebCrawlerConsole.DoMain.Crawlername2017-11-21 11:16:23,913 [4] ERROR WebCrawlerConsole.DoMain.Crawler - 江西省环境保护厅-环保要闻采集异常,【新闻列表加载失败】
 WebCrawlerConsole.DoMain.Crawlername2017-11-21 11:16:24,052 [4] ERROR WebCrawlerConsole.DoMain.Crawler - 江西省环境保护厅-环保要闻采集异常,【新闻列表加载失败】
 WebCrawlerConsole.DoMain.Crawlername2017-11-21 11:16:24,197 [4] ERROR WebCrawlerConsole.DoMain.Crawler - 江西省环境保护厅-环保要闻采集异常,【新闻列表加载失败】
 WebCrawlerConsole.DoMain.Crawlername2017-11-21 11:16:24,346 [4] ERROR WebCrawlerConsole.DoMain.Crawler - 江西省环境保护厅-环保要闻采集异常,【新闻列表加载失败】
 WebCrawlerConsole.DoMain.Crawlername2017-11-21 11:16:24,502 [4] ERROR WebCrawlerConsole.DoMain.Crawler - 江西省环境保护厅-环保要闻采集异常,【新闻列表加载失败】
 WebCrawlerConsole.DoMain.Crawlername2017-11-21 11:16:24,650 [4] ERROR WebCrawlerConsole.DoMain.Crawler - 江西省环境保护厅-环保要闻采集异常,【新闻列表加载失败】
 WebCrawlerConsole.DoMain.Crawlername2017-11-21 11:16:24,790 [4] ERROR WebCrawlerConsole.DoMain.Crawler - 江西省环境保护厅-环保要闻采集异常,【新闻列表加载失败】
 WebCrawlerConsole.DoMain.Crawlername2017-11-21 11:16:24,905 [4] ERROR WebCrawlerConsole.DoMain.Crawler - 江西省环境保护厅-环保要闻采集异常,【新闻列表加载失败】
 WebCrawlerConsole.DoMain.Crawlername2017-11-21 11:16:25,048 [4] ERROR WebCrawlerConsole.DoMain.Crawler - 江西省环境保护厅-环保要闻采集异常,【新闻列表加载失败】
 WebCrawlerConsole.DoMain.Crawlername2017-11-21 11:16:25,190 [4] ERROR WebCrawlerConsole.DoMain.Crawler - 江西省环境保护厅-环保要闻采集异常,【新闻列表加载失败】
 WebCrawlerConsole.DoMain.Crawlername2017-11-21 11:16:25,332 [4] ERROR WebCrawlerConsole.DoMain.Crawler - 江西省环境保护厅-环保要闻采集异常,【新闻列表加载失败】
 WebCrawlerConsole.DoMain.Crawlername2017-11-21 11:16:25,478 [4] ERROR WebCrawlerConsole.DoMain.Crawler - 江西省环境保护厅-环保要闻采集异常,【新闻列表加载失败】
 WebCrawlerConsole.DoMain.Crawlername2017-11-21 11:16:25,617 [4] ERROR WebCrawlerConsole.DoMain.Crawler - 江西省环境保护厅-环保要闻采集异常,【新闻列表加载失败】
 WebCrawlerConsole.DoMain.Crawlername2017-11-21 11:16:25,764 [4] ERROR WebCrawlerConsole.DoMain.Crawler - 江西省环境保护厅-环保要闻采集异常,【新闻列表加载失败】
 WebCrawlerConsole.DoMain.Crawlername2017-11-21 11:16:25,903 [4] ERROR WebCrawlerConsole.DoMain.Crawler - 江西省环境保护厅-环保要闻采集异常,【新闻列表加载失败】
 WebCrawlerConsole.DoMain.Crawlername2017-11-21 11:16:26,042 [4] ERROR WebCrawlerConsole.DoMain.Crawler - 江西省环境保护厅-环保要闻采集异常,【新闻列表加载失败】
 WebCrawlerConsole.DoMain.Crawlername2017-11-21 11:16:26,189 [4] ERROR WebCrawlerConsole.DoMain.Crawler - 江西省环境保护厅-环保要闻采集异常,【新闻列表加载失败】
 WebCrawlerConsole.DoMain.Crawlername2017-11-21 11:16:26,329 [4] ERROR WebCrawlerConsole.DoMain.Crawler - 江西省环境保护厅-环保要闻采集异常,【新闻列表加载失败】
 WebCrawlerConsole.DoMain.Crawlername2017-11-21 11:16:26,491 [4] ERROR WebCrawlerConsole.DoMain.Crawler - 江西省环境保护厅-环保要闻采集异常,【新闻列表加载失败】
 WebCrawlerConsole.DoMain.Crawlername2017-11-21 11:16:26,672 [4] ERROR WebCrawlerConsole.DoMain.Crawler - 江西省环境保护厅-环保要闻采集异常,【新闻列表加载失败】
 WebCrawlerConsole.DoMain.Crawlername2017-11-21 11:16:26,810 [4] ERROR WebCrawlerConsole.DoMain.Crawler - 江西省环境保护厅-环保要闻采集异常,【新闻列表加载失败】
 WebCrawlerConsole.DoMain.Crawlername2017-11-21 11:16:26,940 [4] ERROR WebCrawlerConsole.DoMain.Crawler - 江西省环境保护厅-环保要闻采集异常,【新闻列表加载失败】
 WebCrawlerConsole.DoMain.Crawlername2017-11-21 11:16:27,094 [4] ERROR WebCrawlerConsole.DoMain.Crawler - 江西省环境保护厅-环保要闻采集异常,【新闻列表加载失败】
 WebCrawlerConsole.DoMain.Crawlername2017-11-21 11:16:27,247 [4] ERROR WebCrawlerConsole.DoMain.Crawler - 江西省环境保护厅-环保要闻采集异常,【新闻列表加载失败】
 WebCrawlerConsole.DoMain.Crawlername2017-11-21 11:16:27,378 [4] ERROR WebCrawlerConsole.DoMain.Crawler - 江西省环境保护厅-环保要闻采集异常,【新闻列表加载失败】
 WebCrawlerConsole.DoMain.Crawlername2017-11-21 11:16:27,514 [4] ERROR WebCrawlerConsole.DoMain.Crawler - 江西省环境保护厅-环保要闻采集异常,【新闻列表加载失败】
 WebCrawlerConsole.DoMain.Crawlername2017-11-21 11:16:27,649 [4] ERROR WebCrawlerConsole.DoMain.Crawler - 江西省环境保护厅-环保要闻采集异常,【新闻列表加载失败】
 WebCrawlerConsole.DoMain.Crawlername2017-11-21 11:16:33,696 [4] ERROR WebCrawlerConsole.DoMain.Crawler - 江西省环境保护厅-环保要闻采集异常,【新闻列表加载失败】
 WebCrawlerConsole.DoMain.Crawlername2017-11-21 11:16:33,881 [4] ERROR WebCrawlerConsole.DoMain.Crawler - 江西省环境保护厅-环保要闻采集异常,【新闻列表加载失败】
 WebCrawlerConsole.DoMain.Crawlername2017-11-21 11:16:34,024 [4] ERROR WebCrawlerConsole.DoMain.Crawler - 江西省环境保护厅-环保要闻采集异常,【新闻列表加载失败】
 WebCrawlerConsole.DoMain.Crawlername2017-11-21 11:16:34,172 [4] ERROR WebCrawlerConsole.DoMain.Crawler - 江西省环境保护厅-环保要闻采集异常,【新闻列表加载失败】
 WebCrawlerConsole.DoMain.Crawlername2017-11-21 11:16:34,301 [4] ERROR WebCrawlerConsole.DoMain.Crawler - 江西省环境保护厅-环保要闻采集异常,【新闻列表加载失败】
 WebCrawlerConsole.DoMain.Crawlername2017-11-21 11:16:34,460 [4] ERROR WebCrawlerConsole.DoMain.Crawler - 江西省环境保护厅-环保要闻采集异常,【新闻列表加载失败】
 WebCrawlerConsole.DoMain.Crawlername2017-11-21 11:16:34,609 [4] ERROR WebCrawlerConsole.DoMain.Crawler - 江西省环境保护厅-环保要闻采集异常,【新闻列表加载失败】
 WebCrawlerConsole.DoMain.Crawlername2017-11-21 11:16:34,768 [4] ERROR WebCrawlerConsole.DoMain.Crawler - 江西省环境保护厅-环保要闻采集异常,【新闻列表加载失败】
 WebCrawlerConsole.DoMain.Crawlername2017-11-21 11:16:34,916 [4] ERROR WebCrawlerConsole.DoMain.Crawler - 江西省环境保护厅-环保要闻采集异常,【新闻列表加载失败】
 WebCrawlerConsole.DoMain.Crawlername2017-11-21 11:17:05,041 [1] INFO  WebCrawler.Services.Program - 文章采集系统开始...
 WebCrawler.Services.Programname2017-11-21 11:17:09,293 [4] INFO  WebCrawlerConsole.DoMain.Crawler - 江西省环境保护厅-环保要闻采集开始***************************
 WebCrawlerConsole.DoMain.Crawlername2017-11-21 11:25:57,453 [1] INFO  WebCrawler.Services.Program - 文章采集系统开始...
 WebCrawler.Services.Programname2017-11-21 11:25:58,318 [4] INFO  WebCrawlerConsole.DoMain.Crawler - 江西省环境保护厅-环保要闻采集开始***************************
 WebCrawlerConsole.DoMain.Crawlername2017-11-21 11:26:40,085 [1] INFO  WebCrawler.Services.Program - 文章采集系统开始...
 WebCrawler.Services.Programname2017-11-21 11:26:41,270 [4] INFO  WebCrawlerConsole.DoMain.Crawler - 江西省环境保护厅-环保要闻采集开始***************************
 WebCrawlerConsole.DoMain.Crawlername2017-11-21 11:27:08,891 [1] INFO  WebCrawler.Services.Program - 文章采集系统开始...
 WebCrawler.Services.Programname2017-11-21 11:27:09,847 [4] INFO  WebCrawlerConsole.DoMain.Crawler - 江西省环境保护厅-环保要闻采集开始***************************
 WebCrawlerConsole.DoMain.Crawlername2017-11-21 11:28:55,784 [1] INFO  WebCrawler.Services.Program - 文章采集系统开始...
 WebCrawler.Services.Programname2017-11-21 11:29:01,470 [4] INFO  WebCrawlerConsole.DoMain.Crawler - 江西省环境保护厅-环保要闻采集开始***************************
 WebCrawlerConsole.DoMain.Crawlername2017-11-21 11:30:34,860 [4] WARN  WebCrawlerConsole.DoMain.Crawler - 江西省环境保护厅-环保要闻,存在相同【标题】的文章:省环保厅举办2017年清洁生产审核培训班（第二期）
 WebCrawlerConsole.DoMain.Crawlername2017-11-21 11:30:35,300 [4] WARN  WebCrawlerConsole.DoMain.Crawler - 江西省环境保护厅-环保要闻,存在相同【标题】的文章:省环保厅就秸秆禁烧问题实施第二轮约谈
 WebCrawlerConsole.DoMain.Crawlername2017-11-21 11:30:35,671 [4] WARN  WebCrawlerConsole.DoMain.Crawler - 江西省环境保护厅-环保要闻,存在相同【标题】的文章:省环保厅对上饶市启动环保综合督查
 WebCrawlerConsole.DoMain.Crawlername2017-11-21 11:30:35,966 [4] WARN  WebCrawlerConsole.DoMain.Crawler - 江西省环境保护厅-环保要闻,存在相同【标题】的文章:曹永琳副厅长现场指导江西省危险废物监管平台项目建设工作
 WebCrawlerConsole.DoMain.Crawlername2017-11-21 11:30:36,288 [4] WARN  WebCrawlerConsole.DoMain.Crawler - 江西省环境保护厅-环保要闻,存在相同【标题】的文章:陈小平在《中国环境报》发表署名文章《奋力打造美丽中国“江西样板”》
 WebCrawlerConsole.DoMain.Crawlername2017-11-21 11:30:37,013 [4] WARN  WebCrawlerConsole.DoMain.Crawler - 江西省环境保护厅-环保要闻,存在相同【标题】的文章:陈小平在樟树市调研生态环境保护工作时强调
 WebCrawlerConsole.DoMain.Crawlername2017-11-21 11:30:37,388 [4] WARN  WebCrawlerConsole.DoMain.Crawler - 江西省环境保护厅-环保要闻,存在相同【标题】的文章:陈小平与赣州市市长曾文明举行会谈
 WebCrawlerConsole.DoMain.Crawlername2017-11-21 11:30:38,123 [4] WARN  WebCrawlerConsole.DoMain.Crawler - 江西省环境保护厅-环保要闻,存在相同【标题】的文章:省环保厅发布新修订的辐射事故应急预案
 WebCrawlerConsole.DoMain.Crawlername2017-11-21 11:30:39,425 [4] WARN  WebCrawlerConsole.DoMain.Crawler - 江西省环境保护厅-环保要闻,存在相同【标题】的文章:我省召开下半年排污许可证核发工作推进座谈会
 WebCrawlerConsole.DoMain.Crawlername2017-11-21 11:30:40,790 [4] WARN  WebCrawlerConsole.DoMain.Crawler - 江西省环境保护厅-环保要闻,存在相同【标题】的文章:深入贯彻十九大精神 共谋生态文明新篇章
 WebCrawlerConsole.DoMain.Crawlername2017-11-21 11:30:41,244 [4] WARN  WebCrawlerConsole.DoMain.Crawler - 江西省环境保护厅-环保要闻,存在相同【标题】的文章:贯彻党的十九大精神 传递江西环保好声音
 WebCrawlerConsole.DoMain.Crawlername2017-11-21 11:30:41,643 [4] WARN  WebCrawlerConsole.DoMain.Crawler - 江西省环境保护厅-环保要闻,存在相同【标题】的文章:省环境监察局举办全省环境监察岗位培训班
 WebCrawlerConsole.DoMain.Crawlername2017-11-21 11:30:41,934 [4] WARN  WebCrawlerConsole.DoMain.Crawler - 江西省环境保护厅-环保要闻,存在相同【标题】的文章:郑为文副省长参加省环保厅机关第五党支部学习贯彻十九大精神学习会
 WebCrawlerConsole.DoMain.Crawlername2017-11-21 11:30:42,214 [4] WARN  WebCrawlerConsole.DoMain.Crawler - 江西省环境保护厅-环保要闻,存在相同【标题】的文章:省环保厅举办全省环保系统政务服务工作培训班
 WebCrawlerConsole.DoMain.Crawlername2017-11-21 11:30:42,495 [4] WARN  WebCrawlerConsole.DoMain.Crawler - 江西省环境保护厅-环保要闻,存在相同【标题】的文章:吉安市委书记胡世忠到蜀水河部分河段进行调研
 WebCrawlerConsole.DoMain.Crawlername2017-11-21 11:30:42,767 [4] WARN  WebCrawlerConsole.DoMain.Crawler - 江西省环境保护厅-环保要闻,存在相同【标题】的文章:省、市环保部门联合开展环境自动监测设施公众开放活动
 WebCrawlerConsole.DoMain.Crawlername2017-11-21 11:30:43,005 [4] WARN  WebCrawlerConsole.DoMain.Crawler - 江西省环境保护厅-环保要闻,存在相同【标题】的文章:省环保厅印发《江西省企业环境信用评价及信用管理暂行办法》
 WebCrawlerConsole.DoMain.Crawlername2017-11-21 11:30:43,661 [4] WARN  WebCrawlerConsole.DoMain.Crawler - 江西省环境保护厅-环保要闻,存在相同【标题】的文章:省环保宣教中心召开全省《中国环境报》宣传工作座谈会
 WebCrawlerConsole.DoMain.Crawlername2017-11-21 11:30:45,037 [4] WARN  WebCrawlerConsole.DoMain.Crawler - 江西省环境保护厅-环保要闻,存在相同【标题】的文章:省环保厅开展全省环境执法大练兵案卷评审
 WebCrawlerConsole.DoMain.Crawlername2017-11-21 11:30:45,945 [4] WARN  WebCrawlerConsole.DoMain.Crawler - 江西省环境保护厅-环保要闻,存在相同【标题】的文章:江西省环保厅对外公布涉及国家级自然保护区违法违规举报电话
 WebCrawlerConsole.DoMain.Crawlername2017-11-21 11:30:46,578 [4] WARN  WebCrawlerConsole.DoMain.Crawler - 江西省环境保护厅-环保要闻,存在相同【标题】的文章:上饶市委常委（扩大）会议研究环保工作
 WebCrawlerConsole.DoMain.Crawlername2017-11-21 11:30:47,040 [4] WARN  WebCrawlerConsole.DoMain.Crawler - 江西省环境保护厅-环保要闻,存在相同【标题】的文章:省土壤详查办现场查看全省农用地土壤详查样品采集工作
 WebCrawlerConsole.DoMain.Crawlername2017-11-21 11:30:47,753 [4] WARN  WebCrawlerConsole.DoMain.Crawler - 江西省环境保护厅-环保要闻,存在相同【标题】的文章:还自然以宁静和谐美丽
 WebCrawlerConsole.DoMain.Crawlername2017-11-21 11:30:48,337 [4] WARN  WebCrawlerConsole.DoMain.Crawler - 江西省环境保护厅-环保要闻,存在相同【标题】的文章:省环保厅开展2017年土壤环境管理有关业务培训
 WebCrawlerConsole.DoMain.Crawlername2017-11-21 11:30:49,001 [4] WARN  WebCrawlerConsole.DoMain.Crawler - 江西省环境保护厅-环保要闻,存在相同【标题】的文章:省环保厅党组中心组专题学习党的十九大精神
 WebCrawlerConsole.DoMain.Crawlername2017-11-21 11:30:49,830 [4] WARN  WebCrawlerConsole.DoMain.Crawler - 江西省环境保护厅-环保要闻,存在相同【标题】的文章:环保部对我省开展消耗臭氧层物质淘汰履约能力建设项目（二期）工作考评
 WebCrawlerConsole.DoMain.Crawlername2017-11-21 11:32:09,127 [1] INFO  WebCrawler.Services.Program - 文章采集系统开始...
 WebCrawler.Services.Programname2017-11-21 11:32:14,156 [4] INFO  WebCrawlerConsole.DoMain.Crawler - 江西省环境保护厅-环保要闻采集开始***************************
 WebCrawlerConsole.DoMain.Crawlername2017-11-21 11:32:16,600 [4] WARN  WebCrawlerConsole.DoMain.Crawler - 江西省环境保护厅-环保要闻,存在相同【标题】的文章:省环保厅举办2017年清洁生产审核培训班（第二期）
 WebCrawlerConsole.DoMain.Crawlername2017-11-21 11:32:17,170 [4] WARN  WebCrawlerConsole.DoMain.Crawler - 江西省环境保护厅-环保要闻,存在相同【标题】的文章:省环保厅就秸秆禁烧问题实施第二轮约谈
 WebCrawlerConsole.DoMain.Crawlername2017-11-21 11:32:17,550 [4] WARN  WebCrawlerConsole.DoMain.Crawler - 江西省环境保护厅-环保要闻,存在相同【标题】的文章:省环保厅对上饶市启动环保综合督查
 WebCrawlerConsole.DoMain.Crawlername2017-11-21 11:32:17,938 [4] WARN  WebCrawlerConsole.DoMain.Crawler - 江西省环境保护厅-环保要闻,存在相同【标题】的文章:曹永琳副厅长现场指导江西省危险废物监管平台项目建设工作
 WebCrawlerConsole.DoMain.Crawlername2017-11-21 11:32:18,680 [4] WARN  WebCrawlerConsole.DoMain.Crawler - 江西省环境保护厅-环保要闻,存在相同【标题】的文章:陈小平在《中国环境报》发表署名文章《奋力打造美丽中国“江西样板”》
 WebCrawlerConsole.DoMain.Crawlername2017-11-21 11:32:18,938 [4] WARN  WebCrawlerConsole.DoMain.Crawler - 江西省环境保护厅-环保要闻,存在相同【标题】的文章:陈小平在樟树市调研生态环境保护工作时强调
 WebCrawlerConsole.DoMain.Crawlername2017-11-21 11:32:19,620 [4] WARN  WebCrawlerConsole.DoMain.Crawler - 江西省环境保护厅-环保要闻,存在相同【标题】的文章:陈小平与赣州市市长曾文明举行会谈
 WebCrawlerConsole.DoMain.Crawlername2017-11-21 11:32:19,811 [4] WARN  WebCrawlerConsole.DoMain.Crawler - 江西省环境保护厅-环保要闻,存在相同【标题】的文章:省环保厅发布新修订的辐射事故应急预案
 WebCrawlerConsole.DoMain.Crawlername2017-11-21 11:32:20,030 [4] WARN  WebCrawlerConsole.DoMain.Crawler - 江西省环境保护厅-环保要闻,存在相同【标题】的文章:我省召开下半年排污许可证核发工作推进座谈会
 WebCrawlerConsole.DoMain.Crawlername2017-11-21 11:32:20,253 [4] WARN  WebCrawlerConsole.DoMain.Crawler - 江西省环境保护厅-环保要闻,存在相同【标题】的文章:深入贯彻十九大精神 共谋生态文明新篇章
 WebCrawlerConsole.DoMain.Crawlername2017-11-21 11:32:20,592 [4] WARN  WebCrawlerConsole.DoMain.Crawler - 江西省环境保护厅-环保要闻,存在相同【标题】的文章:贯彻党的十九大精神 传递江西环保好声音
 WebCrawlerConsole.DoMain.Crawlername2017-11-21 11:32:20,835 [4] WARN  WebCrawlerConsole.DoMain.Crawler - 江西省环境保护厅-环保要闻,存在相同【标题】的文章:省环境监察局举办全省环境监察岗位培训班
 WebCrawlerConsole.DoMain.Crawlername2017-11-21 11:32:21,034 [4] WARN  WebCrawlerConsole.DoMain.Crawler - 江西省环境保护厅-环保要闻,存在相同【标题】的文章:郑为文副省长参加省环保厅机关第五党支部学习贯彻十九大精神学习会
 WebCrawlerConsole.DoMain.Crawlername2017-11-21 11:32:21,244 [4] WARN  WebCrawlerConsole.DoMain.Crawler - 江西省环境保护厅-环保要闻,存在相同【标题】的文章:省环保厅举办全省环保系统政务服务工作培训班
 WebCrawlerConsole.DoMain.Crawlername2017-11-21 11:32:21,648 [4] WARN  WebCrawlerConsole.DoMain.Crawler - 江西省环境保护厅-环保要闻,存在相同【标题】的文章:吉安市委书记胡世忠到蜀水河部分河段进行调研
 WebCrawlerConsole.DoMain.Crawlername2017-11-21 11:32:21,953 [4] WARN  WebCrawlerConsole.DoMain.Crawler - 江西省环境保护厅-环保要闻,存在相同【标题】的文章:省、市环保部门联合开展环境自动监测设施公众开放活动
 WebCrawlerConsole.DoMain.Crawlername2017-11-21 11:32:22,160 [4] WARN  WebCrawlerConsole.DoMain.Crawler - 江西省环境保护厅-环保要闻,存在相同【标题】的文章:省环保厅印发《江西省企业环境信用评价及信用管理暂行办法》
 WebCrawlerConsole.DoMain.Crawlername2017-11-21 11:32:22,339 [4] WARN  WebCrawlerConsole.DoMain.Crawler - 江西省环境保护厅-环保要闻,存在相同【标题】的文章:省环保宣教中心召开全省《中国环境报》宣传工作座谈会
 WebCrawlerConsole.DoMain.Crawlername2017-11-21 11:32:22,573 [4] WARN  WebCrawlerConsole.DoMain.Crawler - 江西省环境保护厅-环保要闻,存在相同【标题】的文章:省环保厅开展全省环境执法大练兵案卷评审
 WebCrawlerConsole.DoMain.Crawlername2017-11-21 11:32:22,770 [4] WARN  WebCrawlerConsole.DoMain.Crawler - 江西省环境保护厅-环保要闻,存在相同【标题】的文章:江西省环保厅对外公布涉及国家级自然保护区违法违规举报电话
 WebCrawlerConsole.DoMain.Crawlername2017-11-21 11:32:23,050 [4] WARN  WebCrawlerConsole.DoMain.Crawler - 江西省环境保护厅-环保要闻,存在相同【标题】的文章:上饶市委常委（扩大）会议研究环保工作
 WebCrawlerConsole.DoMain.Crawlername2017-11-21 11:32:23,439 [4] WARN  WebCrawlerConsole.DoMain.Crawler - 江西省环境保护厅-环保要闻,存在相同【标题】的文章:省土壤详查办现场查看全省农用地土壤详查样品采集工作
 WebCrawlerConsole.DoMain.Crawlername2017-11-21 11:32:23,870 [4] WARN  WebCrawlerConsole.DoMain.Crawler - 江西省环境保护厅-环保要闻,存在相同【标题】的文章:还自然以宁静和谐美丽
 WebCrawlerConsole.DoMain.Crawlername2017-11-21 11:32:24,793 [4] WARN  WebCrawlerConsole.DoMain.Crawler - 江西省环境保护厅-环保要闻,存在相同【标题】的文章:省环保厅开展2017年土壤环境管理有关业务培训
 WebCrawlerConsole.DoMain.Crawlername2017-11-21 11:32:25,208 [4] WARN  WebCrawlerConsole.DoMain.Crawler - 江西省环境保护厅-环保要闻,存在相同【标题】的文章:省环保厅党组中心组专题学习党的十九大精神
 WebCrawlerConsole.DoMain.Crawlername2017-11-21 11:32:25,456 [4] WARN  WebCrawlerConsole.DoMain.Crawler - 江西省环境保护厅-环保要闻,存在相同【标题】的文章:环保部对我省开展消耗臭氧层物质淘汰履约能力建设项目（二期）工作考评
 WebCrawlerConsole.DoMain.Crawlername2017-11-21 11:32:36,563 [4] WARN  WebCrawlerConsole.DoMain.Crawler - 江西省环境保护厅-环保要闻,存在相同【标题】的文章:省环保厅举办2017年清洁生产审核培训班（第二期）
 WebCrawlerConsole.DoMain.Crawlername2017-11-21 11:32:36,788 [4] WARN  WebCrawlerConsole.DoMain.Crawler - 江西省环境保护厅-环保要闻,存在相同【标题】的文章:省环保厅就秸秆禁烧问题实施第二轮约谈
 WebCrawlerConsole.DoMain.Crawlername2017-11-21 11:32:36,963 [4] WARN  WebCrawlerConsole.DoMain.Crawler - 江西省环境保护厅-环保要闻,存在相同【标题】的文章:省环保厅对上饶市启动环保综合督查
 WebCrawlerConsole.DoMain.Crawlername2017-11-21 11:32:37,225 [4] WARN  WebCrawlerConsole.DoMain.Crawler - 江西省环境保护厅-环保要闻,存在相同【标题】的文章:曹永琳副厅长现场指导江西省危险废物监管平台项目建设工作
 WebCrawlerConsole.DoMain.Crawlername2017-11-21 11:32:37,428 [4] WARN  WebCrawlerConsole.DoMain.Crawler - 江西省环境保护厅-环保要闻,存在相同【标题】的文章:陈小平在《中国环境报》发表署名文章《奋力打造美丽中国“江西样板”》
 WebCrawlerConsole.DoMain.Crawlername2017-11-21 11:32:37,661 [4] WARN  WebCrawlerConsole.DoMain.Crawler - 江西省环境保护厅-环保要闻,存在相同【标题】的文章:陈小平在樟树市调研生态环境保护工作时强调
 WebCrawlerConsole.DoMain.Crawlername2017-11-21 11:32:37,925 [4] WARN  WebCrawlerConsole.DoMain.Crawler - 江西省环境保护厅-环保要闻,存在相同【标题】的文章:陈小平与赣州市市长曾文明举行会谈
 WebCrawlerConsole.DoMain.Crawlername2017-11-21 11:32:38,183 [4] WARN  WebCrawlerConsole.DoMain.Crawler - 江西省环境保护厅-环保要闻,存在相同【标题】的文章:省环保厅发布新修订的辐射事故应急预案
 WebCrawlerConsole.DoMain.Crawlername2017-11-21 11:32:38,447 [4] WARN  WebCrawlerConsole.DoMain.Crawler - 江西省环境保护厅-环保要闻,存在相同【标题】的文章:我省召开下半年排污许可证核发工作推进座谈会
 WebCrawlerConsole.DoMain.Crawlername2017-11-21 11:32:38,704 [4] WARN  WebCrawlerConsole.DoMain.Crawler - 江西省环境保护厅-环保要闻,存在相同【标题】的文章:深入贯彻十九大精神 共谋生态文明新篇章
 WebCrawlerConsole.DoMain.Crawlername2017-11-21 11:32:38,935 [4] WARN  WebCrawlerConsole.DoMain.Crawler - 江西省环境保护厅-环保要闻,存在相同【标题】的文章:贯彻党的十九大精神 传递江西环保好声音
 WebCrawlerConsole.DoMain.Crawlername2017-11-21 11:32:39,090 [4] WARN  WebCrawlerConsole.DoMain.Crawler - 江西省环境保护厅-环保要闻,存在相同【标题】的文章:省环境监察局举办全省环境监察岗位培训班
 WebCrawlerConsole.DoMain.Crawlername2017-11-21 11:32:39,262 [4] WARN  WebCrawlerConsole.DoMain.Crawler - 江西省环境保护厅-环保要闻,存在相同【标题】的文章:郑为文副省长参加省环保厅机关第五党支部学习贯彻十九大精神学习会
 WebCrawlerConsole.DoMain.Crawlername2017-11-21 11:32:39,462 [4] WARN  WebCrawlerConsole.DoMain.Crawler - 江西省环境保护厅-环保要闻,存在相同【标题】的文章:省环保厅举办全省环保系统政务服务工作培训班
 WebCrawlerConsole.DoMain.Crawlername2017-11-21 11:32:39,648 [4] WARN  WebCrawlerConsole.DoMain.Crawler - 江西省环境保护厅-环保要闻,存在相同【标题】的文章:吉安市委书记胡世忠到蜀水河部分河段进行调研
 WebCrawlerConsole.DoMain.Crawlername2017-11-21 11:32:39,910 [4] WARN  WebCrawlerConsole.DoMain.Crawler - 江西省环境保护厅-环保要闻,存在相同【标题】的文章:省、市环保部门联合开展环境自动监测设施公众开放活动
 WebCrawlerConsole.DoMain.Crawlername2017-11-21 11:32:40,188 [4] WARN  WebCrawlerConsole.DoMain.Crawler - 江西省环境保护厅-环保要闻,存在相同【标题】的文章:省环保厅印发《江西省企业环境信用评价及信用管理暂行办法》
 WebCrawlerConsole.DoMain.Crawlername2017-11-21 11:32:40,455 [4] WARN  WebCrawlerConsole.DoMain.Crawler - 江西省环境保护厅-环保要闻,存在相同【标题】的文章:省环保宣教中心召开全省《中国环境报》宣传工作座谈会
 WebCrawlerConsole.DoMain.Crawlername2017-11-21 11:32:40,651 [4] WARN  WebCrawlerConsole.DoMain.Crawler - 江西省环境保护厅-环保要闻,存在相同【标题】的文章:省环保厅开展全省环境执法大练兵案卷评审
 WebCrawlerConsole.DoMain.Crawlername2017-11-21 11:32:40,797 [4] WARN  WebCrawlerConsole.DoMain.Crawler - 江西省环境保护厅-环保要闻,存在相同【标题】的文章:江西省环保厅对外公布涉及国家级自然保护区违法违规举报电话
 WebCrawlerConsole.DoMain.Crawlername2017-11-21 11:32:41,028 [4] WARN  WebCrawlerConsole.DoMain.Crawler - 江西省环境保护厅-环保要闻,存在相同【标题】的文章:上饶市委常委（扩大）会议研究环保工作
 WebCrawlerConsole.DoMain.Crawlername2017-11-21 11:32:41,604 [4] WARN  WebCrawlerConsole.DoMain.Crawler - 江西省环境保护厅-环保要闻,存在相同【标题】的文章:省土壤详查办现场查看全省农用地土壤详查样品采集工作
 WebCrawlerConsole.DoMain.Crawlername2017-11-21 11:32:42,412 [4] WARN  WebCrawlerConsole.DoMain.Crawler - 江西省环境保护厅-环保要闻,存在相同【标题】的文章:还自然以宁静和谐美丽
 WebCrawlerConsole.DoMain.Crawlername2017-11-21 11:32:42,902 [4] WARN  WebCrawlerConsole.DoMain.Crawler - 江西省环境保护厅-环保要闻,存在相同【标题】的文章:省环保厅开展2017年土壤环境管理有关业务培训
 WebCrawlerConsole.DoMain.Crawlername2017-11-21 11:32:43,181 [4] WARN  WebCrawlerConsole.DoMain.Crawler - 江西省环境保护厅-环保要闻,存在相同【标题】的文章:省环保厅党组中心组专题学习党的十九大精神
 WebCrawlerConsole.DoMain.Crawlername2017-11-21 11:32:43,655 [4] WARN  WebCrawlerConsole.DoMain.Crawler - 江西省环境保护厅-环保要闻,存在相同【标题】的文章:环保部对我省开展消耗臭氧层物质淘汰履约能力建设项目（二期）工作考评
 WebCrawlerConsole.DoMain.Crawlername2017-11-21 11:32:51,562 [4] ERROR WebCrawlerConsole.DoMain.Crawler - 江西省环境保护厅-环保要闻采集异常,【新闻列表加载失败】
 WebCrawlerConsole.DoMain.Crawlername2017-11-21 11:32:51,706 [4] ERROR WebCrawlerConsole.DoMain.Crawler - 江西省环境保护厅-环保要闻采集异常,【新闻列表加载失败】
 WebCrawlerConsole.DoMain.Crawlername2017-11-21 11:32:51,853 [4] ERROR WebCrawlerConsole.DoMain.Crawler - 江西省环境保护厅-环保要闻采集异常,【新闻列表加载失败】
 WebCrawlerConsole.DoMain.Crawlername2017-11-21 11:32:51,991 [4] ERROR WebCrawlerConsole.DoMain.Crawler - 江西省环境保护厅-环保要闻采集异常,【新闻列表加载失败】
 WebCrawlerConsole.DoMain.Crawlername2017-11-21 11:32:52,070 [4] ERROR WebCrawlerConsole.DoMain.Crawler - 江西省环境保护厅-环保要闻采集异常,【新闻列表加载失败】
 WebCrawlerConsole.DoMain.Crawlername2017-11-21 11:32:52,164 [4] ERROR WebCrawlerConsole.DoMain.Crawler - 江西省环境保护厅-环保要闻采集异常,【新闻列表加载失败】
 WebCrawlerConsole.DoMain.Crawlername2017-11-21 11:32:52,279 [4] ERROR WebCrawlerConsole.DoMain.Crawler - 江西省环境保护厅-环保要闻采集异常,【新闻列表加载失败】
 WebCrawlerConsole.DoMain.Crawlername2017-11-21 11:32:52,386 [4] ERROR WebCrawlerConsole.DoMain.Crawler - 江西省环境保护厅-环保要闻采集异常,【新闻列表加载失败】
 WebCrawlerConsole.DoMain.Crawlername2017-11-21 11:32:52,470 [4] ERROR WebCrawlerConsole.DoMain.Crawler - 江西省环境保护厅-环保要闻采集异常,【新闻列表加载失败】
 WebCrawlerConsole.DoMain.Crawlername2017-11-21 11:32:52,599 [4] ERROR WebCrawlerConsole.DoMain.Crawler - 江西省环境保护厅-环保要闻采集异常,【新闻列表加载失败】
 WebCrawlerConsole.DoMain.Crawlername2017-11-21 11:32:52,729 [4] ERROR WebCrawlerConsole.DoMain.Crawler - 江西省环境保护厅-环保要闻采集异常,【新闻列表加载失败】
 WebCrawlerConsole.DoMain.Crawlername2017-11-21 11:32:52,873 [4] ERROR WebCrawlerConsole.DoMain.Crawler - 江西省环境保护厅-环保要闻采集异常,【新闻列表加载失败】
 WebCrawlerConsole.DoMain.Crawlername2017-11-21 11:32:52,948 [4] ERROR WebCrawlerConsole.DoMain.Crawler - 江西省环境保护厅-环保要闻采集异常,【新闻列表加载失败】
 WebCrawlerConsole.DoMain.Crawlername2017-11-21 11:32:53,052 [4] ERROR WebCrawlerConsole.DoMain.Crawler - 江西省环境保护厅-环保要闻采集异常,【新闻列表加载失败】
 WebCrawlerConsole.DoMain.Crawlername2017-11-21 11:32:53,128 [4] ERROR WebCrawlerConsole.DoMain.Crawler - 江西省环境保护厅-环保要闻采集异常,【新闻列表加载失败】
 WebCrawlerConsole.DoMain.Crawlername2017-11-21 11:32:53,229 [4] ERROR WebCrawlerConsole.DoMain.Crawler - 江西省环境保护厅-环保要闻采集异常,【新闻列表加载失败】
 WebCrawlerConsole.DoMain.Crawlername2017-11-21 11:32:53,376 [4] ERROR WebCrawlerConsole.DoMain.Crawler - 江西省环境保护厅-环保要闻采集异常,【新闻列表加载失败】
 WebCrawlerConsole.DoMain.Crawlername2017-11-21 11:32:53,508 [4] ERROR WebCrawlerConsole.DoMain.Crawler - 江西省环境保护厅-环保要闻采集异常,【新闻列表加载失败】
 WebCrawlerConsole.DoMain.Crawlername2017-11-21 11:32:53,647 [4] ERROR WebCrawlerConsole.DoMain.Crawler - 江西省环境保护厅-环保要闻采集异常,【新闻列表加载失败】
 WebCrawlerConsole.DoMain.Crawlername2017-11-21 11:32:53,742 [4] ERROR WebCrawlerConsole.DoMain.Crawler - 江西省环境保护厅-环保要闻采集异常,【新闻列表加载失败】
 WebCrawlerConsole.DoMain.Crawlername2017-11-21 11:32:53,864 [4] ERROR WebCrawlerConsole.DoMain.Crawler - 江西省环境保护厅-环保要闻采集异常,【新闻列表加载失败】
 WebCrawlerConsole.DoMain.Crawlername2017-11-21 11:32:53,937 [4] ERROR WebCrawlerConsole.DoMain.Crawler - 江西省环境保护厅-环保要闻采集异常,【新闻列表加载失败】
 WebCrawlerConsole.DoMain.Crawlername2017-11-21 11:32:54,068 [4] ERROR WebCrawlerConsole.DoMain.Crawler - 江西省环境保护厅-环保要闻采集异常,【新闻列表加载失败】
 WebCrawlerConsole.DoMain.Crawlername2017-11-21 11:32:54,171 [4] ERROR WebCrawlerConsole.DoMain.Crawler - 江西省环境保护厅-环保要闻采集异常,【新闻列表加载失败】
 WebCrawlerConsole.DoMain.Crawlername2017-11-21 11:32:54,232 [4] ERROR WebCrawlerConsole.DoMain.Crawler - 江西省环境保护厅-环保要闻采集异常,【新闻列表加载失败】
 WebCrawlerConsole.DoMain.Crawlername2017-11-21 11:32:54,309 [4] ERROR WebCrawlerConsole.DoMain.Crawler - 江西省环境保护厅-环保要闻采集异常,【新闻列表加载失败】
 WebCrawlerConsole.DoMain.Crawlername2017-11-21 11:32:54,392 [4] ERROR WebCrawlerConsole.DoMain.Crawler - 江西省环境保护厅-环保要闻采集异常,【新闻列表加载失败】
 WebCrawlerConsole.DoMain.Crawlername2017-11-21 11:32:54,517 [4] ERROR WebCrawlerConsole.DoMain.Crawler - 江西省环境保护厅-环保要闻采集异常,【新闻列表加载失败】
 WebCrawlerConsole.DoMain.Crawlername2017-11-21 11:32:54,591 [4] ERROR WebCrawlerConsole.DoMain.Crawler - 江西省环境保护厅-环保要闻采集异常,【新闻列表加载失败】
 WebCrawlerConsole.DoMain.Crawlername2017-11-21 11:32:54,711 [4] ERROR WebCrawlerConsole.DoMain.Crawler - 江西省环境保护厅-环保要闻采集异常,【新闻列表加载失败】
 WebCrawlerConsole.DoMain.Crawlername2017-11-21 11:32:54,838 [4] ERROR WebCrawlerConsole.DoMain.Crawler - 江西省环境保护厅-环保要闻采集异常,【新闻列表加载失败】
 WebCrawlerConsole.DoMain.Crawlername2017-11-21 11:32:54,916 [4] ERROR WebCrawlerConsole.DoMain.Crawler - 江西省环境保护厅-环保要闻采集异常,【新闻列表加载失败】
 WebCrawlerConsole.DoMain.Crawlername2017-11-21 11:32:55,064 [4] ERROR WebCrawlerConsole.DoMain.Crawler - 江西省环境保护厅-环保要闻采集异常,【新闻列表加载失败】
 WebCrawlerConsole.DoMain.Crawlername2017-11-21 11:32:55,212 [4] ERROR WebCrawlerConsole.DoMain.Crawler - 江西省环境保护厅-环保要闻采集异常,【新闻列表加载失败】
 WebCrawlerConsole.DoMain.Crawlername2017-11-21 11:32:55,361 [4] ERROR WebCrawlerConsole.DoMain.Crawler - 江西省环境保护厅-环保要闻采集异常,【新闻列表加载失败】
 WebCrawlerConsole.DoMain.Crawlername2017-11-21 11:32:55,524 [4] ERROR WebCrawlerConsole.DoMain.Crawler - 江西省环境保护厅-环保要闻采集异常,【新闻列表加载失败】
 WebCrawlerConsole.DoMain.Crawlername2017-11-21 11:32:55,670 [4] ERROR WebCrawlerConsole.DoMain.Crawler - 江西省环境保护厅-环保要闻采集异常,【新闻列表加载失败】
 WebCrawlerConsole.DoMain.Crawlername2017-11-21 11:32:55,794 [4] ERROR WebCrawlerConsole.DoMain.Crawler - 江西省环境保护厅-环保要闻采集异常,【新闻列表加载失败】
 WebCrawlerConsole.DoMain.Crawlername2017-11-21 11:32:55,912 [4] ERROR WebCrawlerConsole.DoMain.Crawler - 江西省环境保护厅-环保要闻采集异常,【新闻列表加载失败】
 WebCrawlerConsole.DoMain.Crawlername2017-11-21 11:32:56,009 [4] ERROR WebCrawlerConsole.DoMain.Crawler - 江西省环境保护厅-环保要闻采集异常,【新闻列表加载失败】
 WebCrawlerConsole.DoMain.Crawlername2017-11-21 11:32:56,125 [4] ERROR WebCrawlerConsole.DoMain.Crawler - 江西省环境保护厅-环保要闻采集异常,【新闻列表加载失败】
 WebCrawlerConsole.DoMain.Crawlername2017-11-21 11:32:56,279 [4] ERROR WebCrawlerConsole.DoMain.Crawler - 江西省环境保护厅-环保要闻采集异常,【新闻列表加载失败】
 WebCrawlerConsole.DoMain.Crawlername2017-11-21 11:32:56,415 [4] ERROR WebCrawlerConsole.DoMain.Crawler - 江西省环境保护厅-环保要闻采集异常,【新闻列表加载失败】
 WebCrawlerConsole.DoMain.Crawlername2017-11-21 11:32:56,564 [4] ERROR WebCrawlerConsole.DoMain.Crawler - 江西省环境保护厅-环保要闻采集异常,【新闻列表加载失败】
 WebCrawlerConsole.DoMain.Crawlername2017-11-21 11:32:56,711 [4] ERROR WebCrawlerConsole.DoMain.Crawler - 江西省环境保护厅-环保要闻采集异常,【新闻列表加载失败】
 WebCrawlerConsole.DoMain.Crawlername2017-11-21 11:32:56,859 [4] ERROR WebCrawlerConsole.DoMain.Crawler - 江西省环境保护厅-环保要闻采集异常,【新闻列表加载失败】
 WebCrawlerConsole.DoMain.Crawlername2017-11-21 11:32:56,942 [4] ERROR WebCrawlerConsole.DoMain.Crawler - 江西省环境保护厅-环保要闻采集异常,【新闻列表加载失败】
 WebCrawlerConsole.DoMain.Crawlername2017-11-21 11:32:57,090 [4] ERROR WebCrawlerConsole.DoMain.Crawler - 江西省环境保护厅-环保要闻采集异常,【新闻列表加载失败】
 WebCrawlerConsole.DoMain.Crawlername2017-11-21 11:32:57,235 [4] ERROR WebCrawlerConsole.DoMain.Crawler - 江西省环境保护厅-环保要闻采集异常,【新闻列表加载失败】
 WebCrawlerConsole.DoMain.Crawlername2017-11-21 11:32:57,383 [4] ERROR WebCrawlerConsole.DoMain.Crawler - 江西省环境保护厅-环保要闻采集异常,【新闻列表加载失败】
 WebCrawlerConsole.DoMain.Crawlername2017-11-21 11:32:57,530 [4] ERROR WebCrawlerConsole.DoMain.Crawler - 江西省环境保护厅-环保要闻采集异常,【新闻列表加载失败】
 WebCrawlerConsole.DoMain.Crawlername2017-11-21 11:32:57,612 [4] ERROR WebCrawlerConsole.DoMain.Crawler - 江西省环境保护厅-环保要闻采集异常,【新闻列表加载失败】
 WebCrawlerConsole.DoMain.Crawlername2017-11-21 11:32:57,718 [4] ERROR WebCrawlerConsole.DoMain.Crawler - 江西省环境保护厅-环保要闻采集异常,【新闻列表加载失败】
 WebCrawlerConsole.DoMain.Crawlername2017-11-21 11:32:57,855 [4] ERROR WebCrawlerConsole.DoMain.Crawler - 江西省环境保护厅-环保要闻采集异常,【新闻列表加载失败】
 WebCrawlerConsole.DoMain.Crawlername2017-11-21 11:32:58,008 [4] ERROR WebCrawlerConsole.DoMain.Crawler - 江西省环境保护厅-环保要闻采集异常,【新闻列表加载失败】
 WebCrawlerConsole.DoMain.Crawlername2017-11-21 11:32:58,138 [4] ERROR WebCrawlerConsole.DoMain.Crawler - 江西省环境保护厅-环保要闻采集异常,【新闻列表加载失败】
 WebCrawlerConsole.DoMain.Crawlername2017-11-21 11:32:58,309 [4] ERROR WebCrawlerConsole.DoMain.Crawler - 江西省环境保护厅-环保要闻采集异常,【新闻列表加载失败】
 WebCrawlerConsole.DoMain.Crawlername2017-11-21 11:32:58,488 [4] ERROR WebCrawlerConsole.DoMain.Crawler - 江西省环境保护厅-环保要闻采集异常,【新闻列表加载失败】
 WebCrawlerConsole.DoMain.Crawlername2017-11-21 11:32:58,668 [4] ERROR WebCrawlerConsole.DoMain.Crawler - 江西省环境保护厅-环保要闻采集异常,【新闻列表加载失败】
 WebCrawlerConsole.DoMain.Crawlername2017-11-21 11:32:58,826 [4] ERROR WebCrawlerConsole.DoMain.Crawler - 江西省环境保护厅-环保要闻采集异常,【新闻列表加载失败】
 WebCrawlerConsole.DoMain.Crawlername2017-11-21 11:32:58,971 [4] ERROR WebCrawlerConsole.DoMain.Crawler - 江西省环境保护厅-环保要闻采集异常,【新闻列表加载失败】
 WebCrawlerConsole.DoMain.Crawlername2017-11-21 11:32:59,093 [4] ERROR WebCrawlerConsole.DoMain.Crawler - 江西省环境保护厅-环保要闻采集异常,【新闻列表加载失败】
 WebCrawlerConsole.DoMain.Crawlername2017-11-21 11:32:59,225 [4] ERROR WebCrawlerConsole.DoMain.Crawler - 江西省环境保护厅-环保要闻采集异常,【新闻列表加载失败】
 WebCrawlerConsole.DoMain.Crawlername2017-11-21 11:32:59,373 [4] ERROR WebCrawlerConsole.DoMain.Crawler - 江西省环境保护厅-环保要闻采集异常,【新闻列表加载失败】
 WebCrawlerConsole.DoMain.Crawlername2017-11-21 11:32:59,510 [4] ERROR WebCrawlerConsole.DoMain.Crawler - 江西省环境保护厅-环保要闻采集异常,【新闻列表加载失败】
 WebCrawlerConsole.DoMain.Crawlername2017-11-21 11:32:59,673 [4] ERROR WebCrawlerConsole.DoMain.Crawler - 江西省环境保护厅-环保要闻采集异常,【新闻列表加载失败】
 WebCrawlerConsole.DoMain.Crawlername2017-11-21 11:32:59,807 [4] ERROR WebCrawlerConsole.DoMain.Crawler - 江西省环境保护厅-环保要闻采集异常,【新闻列表加载失败】
 WebCrawlerConsole.DoMain.Crawlername2017-11-21 11:32:59,921 [4] ERROR WebCrawlerConsole.DoMain.Crawler - 江西省环境保护厅-环保要闻采集异常,【新闻列表加载失败】
 WebCrawlerConsole.DoMain.Crawlername2017-11-21 11:33:00,064 [4] ERROR WebCrawlerConsole.DoMain.Crawler - 江西省环境保护厅-环保要闻采集异常,【新闻列表加载失败】
 WebCrawlerConsole.DoMain.Crawlername2017-11-21 11:33:00,205 [4] ERROR WebCrawlerConsole.DoMain.Crawler - 江西省环境保护厅-环保要闻采集异常,【新闻列表加载失败】
 WebCrawlerConsole.DoMain.Crawlername2017-11-21 11:33:00,341 [4] ERROR WebCrawlerConsole.DoMain.Crawler - 江西省环境保护厅-环保要闻采集异常,【新闻列表加载失败】
 WebCrawlerConsole.DoMain.Crawlername2017-11-21 11:33:00,479 [4] ERROR WebCrawlerConsole.DoMain.Crawler - 江西省环境保护厅-环保要闻采集异常,【新闻列表加载失败】
 WebCrawlerConsole.DoMain.Crawlername2017-11-21 11:33:00,607 [4] ERROR WebCrawlerConsole.DoMain.Crawler - 江西省环境保护厅-环保要闻采集异常,【新闻列表加载失败】
 WebCrawlerConsole.DoMain.Crawlername2017-11-21 11:33:00,759 [4] ERROR WebCrawlerConsole.DoMain.Crawler - 江西省环境保护厅-环保要闻采集异常,【新闻列表加载失败】
 WebCrawlerConsole.DoMain.Crawlername2017-11-21 11:33:00,890 [4] ERROR WebCrawlerConsole.DoMain.Crawler - 江西省环境保护厅-环保要闻采集异常,【新闻列表加载失败】
 WebCrawlerConsole.DoMain.Crawlername2017-11-21 11:33:01,000 [4] ERROR WebCrawlerConsole.DoMain.Crawler - 江西省环境保护厅-环保要闻采集异常,【新闻列表加载失败】
 WebCrawlerConsole.DoMain.Crawlername2017-11-21 11:33:01,085 [4] ERROR WebCrawlerConsole.DoMain.Crawler - 江西省环境保护厅-环保要闻采集异常,【新闻列表加载失败】
 WebCrawlerConsole.DoMain.Crawlername2017-11-21 11:33:01,216 [4] ERROR WebCrawlerConsole.DoMain.Crawler - 江西省环境保护厅-环保要闻采集异常,【新闻列表加载失败】
 WebCrawlerConsole.DoMain.Crawlername2017-11-21 11:33:01,347 [4] ERROR WebCrawlerConsole.DoMain.Crawler - 江西省环境保护厅-环保要闻采集异常,【新闻列表加载失败】
 WebCrawlerConsole.DoMain.Crawlername2017-11-21 11:33:01,501 [4] ERROR WebCrawlerConsole.DoMain.Crawler - 江西省环境保护厅-环保要闻采集异常,【新闻列表加载失败】
 WebCrawlerConsole.DoMain.Crawlername2017-11-21 11:33:01,650 [4] ERROR WebCrawlerConsole.DoMain.Crawler - 江西省环境保护厅-环保要闻采集异常,【新闻列表加载失败】
 WebCrawlerConsole.DoMain.Crawlername2017-11-21 11:33:01,783 [4] ERROR WebCrawlerConsole.DoMain.Crawler - 江西省环境保护厅-环保要闻采集异常,【新闻列表加载失败】
 WebCrawlerConsole.DoMain.Crawlername2017-11-21 11:33:01,907 [4] ERROR WebCrawlerConsole.DoMain.Crawler - 江西省环境保护厅-环保要闻采集异常,【新闻列表加载失败】
 WebCrawlerConsole.DoMain.Crawlername2017-11-21 11:33:02,050 [4] ERROR WebCrawlerConsole.DoMain.Crawler - 江西省环境保护厅-环保要闻采集异常,【新闻列表加载失败】
 WebCrawlerConsole.DoMain.Crawlername2017-11-21 11:33:02,199 [4] ERROR WebCrawlerConsole.DoMain.Crawler - 江西省环境保护厅-环保要闻采集异常,【新闻列表加载失败】
 WebCrawlerConsole.DoMain.Crawlername2017-11-21 11:33:02,346 [4] ERROR WebCrawlerConsole.DoMain.Crawler - 江西省环境保护厅-环保要闻采集异常,【新闻列表加载失败】
 WebCrawlerConsole.DoMain.Crawlername2017-11-21 11:33:02,494 [4] ERROR WebCrawlerConsole.DoMain.Crawler - 江西省环境保护厅-环保要闻采集异常,【新闻列表加载失败】
 WebCrawlerConsole.DoMain.Crawlername2017-11-21 11:33:02,631 [4] ERROR WebCrawlerConsole.DoMain.Crawler - 江西省环境保护厅-环保要闻采集异常,【新闻列表加载失败】
 WebCrawlerConsole.DoMain.Crawlername2017-11-21 11:33:02,751 [4] ERROR WebCrawlerConsole.DoMain.Crawler - 江西省环境保护厅-环保要闻采集异常,【新闻列表加载失败】
 WebCrawlerConsole.DoMain.Crawlername2017-11-21 11:33:02,872 [4] ERROR WebCrawlerConsole.DoMain.Crawler - 江西省环境保护厅-环保要闻采集异常,【新闻列表加载失败】
 WebCrawlerConsole.DoMain.Crawlername2017-11-21 11:33:03,014 [4] ERROR WebCrawlerConsole.DoMain.Crawler - 江西省环境保护厅-环保要闻采集异常,【新闻列表加载失败】
 WebCrawlerConsole.DoMain.Crawlername2017-11-21 11:33:03,101 [4] ERROR WebCrawlerConsole.DoMain.Crawler - 江西省环境保护厅-环保要闻采集异常,【新闻列表加载失败】
 WebCrawlerConsole.DoMain.Crawlername2017-11-21 11:33:03,247 [4] ERROR WebCrawlerConsole.DoMain.Crawler - 江西省环境保护厅-环保要闻采集异常,【新闻列表加载失败】
 WebCrawlerConsole.DoMain.Crawlername2017-11-21 11:33:03,393 [4] ERROR WebCrawlerConsole.DoMain.Crawler - 江西省环境保护厅-环保要闻采集异常,【新闻列表加载失败】
 WebCrawlerConsole.DoMain.Crawlername2017-11-21 11:33:03,533 [4] ERROR WebCrawlerConsole.DoMain.Crawler - 江西省环境保护厅-环保要闻采集异常,【新闻列表加载失败】
 WebCrawlerConsole.DoMain.Crawlername2017-11-21 11:33:03,674 [4] ERROR WebCrawlerConsole.DoMain.Crawler - 江西省环境保护厅-环保要闻采集异常,【新闻列表加载失败】
 WebCrawlerConsole.DoMain.Crawlername2017-11-21 11:33:03,820 [4] ERROR WebCrawlerConsole.DoMain.Crawler - 江西省环境保护厅-环保要闻采集异常,【新闻列表加载失败】
 WebCrawlerConsole.DoMain.Crawlername2017-11-21 11:33:03,822 [4] INFO  WebCrawlerConsole.DoMain.Crawler - 江西省环境保护厅-环保要闻,采集结束,共采集0条...共耗时49663毫秒********
 WebCrawlerConsole.DoMain.Crawlername2017-11-21 11:33:03,824 [4] INFO  WebCrawlerConsole.DoMain.Crawler - *******************************************************************************************
 WebCrawlerConsole.DoMain.Crawlername2017-11-21 11:33:39,021 [1] INFO  WebCrawler.Services.Program - 文章采集系统开始...
 WebCrawler.Services.Programname2017-11-21 11:33:41,734 [4] INFO  WebCrawlerConsole.DoMain.Crawler - 江西省环境保护厅-环保要闻采集开始***************************
 WebCrawlerConsole.DoMain.Crawlername2017-11-21 11:33:44,009 [4] WARN  WebCrawlerConsole.DoMain.Crawler - 江西省环境保护厅-环保要闻,存在相同【标题】的文章:省环保厅举办2017年清洁生产审核培训班（第二期）
 WebCrawlerConsole.DoMain.Crawlername2017-11-21 11:33:44,324 [4] WARN  WebCrawlerConsole.DoMain.Crawler - 江西省环境保护厅-环保要闻,存在相同【标题】的文章:省环保厅就秸秆禁烧问题实施第二轮约谈
 WebCrawlerConsole.DoMain.Crawlername2017-11-21 11:33:44,724 [4] WARN  WebCrawlerConsole.DoMain.Crawler - 江西省环境保护厅-环保要闻,存在相同【标题】的文章:省环保厅对上饶市启动环保综合督查
 WebCrawlerConsole.DoMain.Crawlername2017-11-21 11:33:45,104 [4] WARN  WebCrawlerConsole.DoMain.Crawler - 江西省环境保护厅-环保要闻,存在相同【标题】的文章:曹永琳副厅长现场指导江西省危险废物监管平台项目建设工作
 WebCrawlerConsole.DoMain.Crawlername2017-11-21 11:33:45,361 [4] WARN  WebCrawlerConsole.DoMain.Crawler - 江西省环境保护厅-环保要闻,存在相同【标题】的文章:陈小平在《中国环境报》发表署名文章《奋力打造美丽中国“江西样板”》
 WebCrawlerConsole.DoMain.Crawlername2017-11-21 11:33:46,127 [4] WARN  WebCrawlerConsole.DoMain.Crawler - 江西省环境保护厅-环保要闻,存在相同【标题】的文章:陈小平在樟树市调研生态环境保护工作时强调
 WebCrawlerConsole.DoMain.Crawlername2017-11-21 11:33:46,823 [4] WARN  WebCrawlerConsole.DoMain.Crawler - 江西省环境保护厅-环保要闻,存在相同【标题】的文章:陈小平与赣州市市长曾文明举行会谈
 WebCrawlerConsole.DoMain.Crawlername2017-11-21 11:33:47,482 [4] WARN  WebCrawlerConsole.DoMain.Crawler - 江西省环境保护厅-环保要闻,存在相同【标题】的文章:省环保厅发布新修订的辐射事故应急预案
 WebCrawlerConsole.DoMain.Crawlername2017-11-21 11:33:48,013 [4] WARN  WebCrawlerConsole.DoMain.Crawler - 江西省环境保护厅-环保要闻,存在相同【标题】的文章:我省召开下半年排污许可证核发工作推进座谈会
 WebCrawlerConsole.DoMain.Crawlername2017-11-21 11:33:48,461 [4] WARN  WebCrawlerConsole.DoMain.Crawler - 江西省环境保护厅-环保要闻,存在相同【标题】的文章:深入贯彻十九大精神 共谋生态文明新篇章
 WebCrawlerConsole.DoMain.Crawlername2017-11-21 11:33:48,738 [4] WARN  WebCrawlerConsole.DoMain.Crawler - 江西省环境保护厅-环保要闻,存在相同【标题】的文章:贯彻党的十九大精神 传递江西环保好声音
 WebCrawlerConsole.DoMain.Crawlername2017-11-21 11:33:48,992 [4] WARN  WebCrawlerConsole.DoMain.Crawler - 江西省环境保护厅-环保要闻,存在相同【标题】的文章:省环境监察局举办全省环境监察岗位培训班
 WebCrawlerConsole.DoMain.Crawlername2017-11-21 11:33:49,331 [4] WARN  WebCrawlerConsole.DoMain.Crawler - 江西省环境保护厅-环保要闻,存在相同【标题】的文章:郑为文副省长参加省环保厅机关第五党支部学习贯彻十九大精神学习会
 WebCrawlerConsole.DoMain.Crawlername2017-11-21 11:33:49,897 [4] WARN  WebCrawlerConsole.DoMain.Crawler - 江西省环境保护厅-环保要闻,存在相同【标题】的文章:省环保厅举办全省环保系统政务服务工作培训班
 WebCrawlerConsole.DoMain.Crawlername2017-11-21 11:33:50,342 [4] WARN  WebCrawlerConsole.DoMain.Crawler - 江西省环境保护厅-环保要闻,存在相同【标题】的文章:吉安市委书记胡世忠到蜀水河部分河段进行调研
 WebCrawlerConsole.DoMain.Crawlername2017-11-21 11:33:50,829 [4] WARN  WebCrawlerConsole.DoMain.Crawler - 江西省环境保护厅-环保要闻,存在相同【标题】的文章:省、市环保部门联合开展环境自动监测设施公众开放活动
 WebCrawlerConsole.DoMain.Crawlername2017-11-21 11:33:51,284 [4] WARN  WebCrawlerConsole.DoMain.Crawler - 江西省环境保护厅-环保要闻,存在相同【标题】的文章:省环保厅印发《江西省企业环境信用评价及信用管理暂行办法》
 WebCrawlerConsole.DoMain.Crawlername2017-11-21 11:33:51,681 [4] WARN  WebCrawlerConsole.DoMain.Crawler - 江西省环境保护厅-环保要闻,存在相同【标题】的文章:省环保宣教中心召开全省《中国环境报》宣传工作座谈会
 WebCrawlerConsole.DoMain.Crawlername2017-11-21 11:33:52,031 [4] WARN  WebCrawlerConsole.DoMain.Crawler - 江西省环境保护厅-环保要闻,存在相同【标题】的文章:省环保厅开展全省环境执法大练兵案卷评审
 WebCrawlerConsole.DoMain.Crawlername2017-11-21 11:33:52,331 [4] WARN  WebCrawlerConsole.DoMain.Crawler - 江西省环境保护厅-环保要闻,存在相同【标题】的文章:江西省环保厅对外公布涉及国家级自然保护区违法违规举报电话
 WebCrawlerConsole.DoMain.Crawlername2017-11-21 11:33:52,589 [4] WARN  WebCrawlerConsole.DoMain.Crawler - 江西省环境保护厅-环保要闻,存在相同【标题】的文章:上饶市委常委（扩大）会议研究环保工作
 WebCrawlerConsole.DoMain.Crawlername2017-11-21 11:33:52,811 [4] WARN  WebCrawlerConsole.DoMain.Crawler - 江西省环境保护厅-环保要闻,存在相同【标题】的文章:省土壤详查办现场查看全省农用地土壤详查样品采集工作
 WebCrawlerConsole.DoMain.Crawlername2017-11-21 11:33:53,000 [4] WARN  WebCrawlerConsole.DoMain.Crawler - 江西省环境保护厅-环保要闻,存在相同【标题】的文章:还自然以宁静和谐美丽
 WebCrawlerConsole.DoMain.Crawlername2017-11-21 11:33:53,228 [4] WARN  WebCrawlerConsole.DoMain.Crawler - 江西省环境保护厅-环保要闻,存在相同【标题】的文章:省环保厅开展2017年土壤环境管理有关业务培训
 WebCrawlerConsole.DoMain.Crawlername2017-11-21 11:33:53,449 [4] WARN  WebCrawlerConsole.DoMain.Crawler - 江西省环境保护厅-环保要闻,存在相同【标题】的文章:省环保厅党组中心组专题学习党的十九大精神
 WebCrawlerConsole.DoMain.Crawlername2017-11-21 11:33:53,682 [4] WARN  WebCrawlerConsole.DoMain.Crawler - 江西省环境保护厅-环保要闻,存在相同【标题】的文章:环保部对我省开展消耗臭氧层物质淘汰履约能力建设项目（二期）工作考评
 WebCrawlerConsole.DoMain.Crawlername2017-11-21 11:34:29,333 [4] WARN  WebCrawlerConsole.DoMain.Crawler - 江西省环境保护厅-环保要闻,存在相同【标题】的文章:省环保厅举办2017年清洁生产审核培训班（第二期）
 WebCrawlerConsole.DoMain.Crawlername2017-11-21 11:34:30,573 [4] WARN  WebCrawlerConsole.DoMain.Crawler - 江西省环境保护厅-环保要闻,存在相同【标题】的文章:省环保厅就秸秆禁烧问题实施第二轮约谈
 WebCrawlerConsole.DoMain.Crawlername2017-11-21 11:34:31,816 [4] WARN  WebCrawlerConsole.DoMain.Crawler - 江西省环境保护厅-环保要闻,存在相同【标题】的文章:省环保厅对上饶市启动环保综合督查
 WebCrawlerConsole.DoMain.Crawlername2017-11-21 11:34:32,759 [4] WARN  WebCrawlerConsole.DoMain.Crawler - 江西省环境保护厅-环保要闻,存在相同【标题】的文章:曹永琳副厅长现场指导江西省危险废物监管平台项目建设工作
 WebCrawlerConsole.DoMain.Crawlername2017-11-21 11:34:33,199 [4] WARN  WebCrawlerConsole.DoMain.Crawler - 江西省环境保护厅-环保要闻,存在相同【标题】的文章:陈小平在《中国环境报》发表署名文章《奋力打造美丽中国“江西样板”》
 WebCrawlerConsole.DoMain.Crawlername2017-11-21 11:34:33,664 [4] WARN  WebCrawlerConsole.DoMain.Crawler - 江西省环境保护厅-环保要闻,存在相同【标题】的文章:陈小平在樟树市调研生态环境保护工作时强调
 WebCrawlerConsole.DoMain.Crawlername2017-11-21 11:34:34,188 [4] WARN  WebCrawlerConsole.DoMain.Crawler - 江西省环境保护厅-环保要闻,存在相同【标题】的文章:陈小平与赣州市市长曾文明举行会谈
 WebCrawlerConsole.DoMain.Crawlername2017-11-21 11:34:35,296 [4] WARN  WebCrawlerConsole.DoMain.Crawler - 江西省环境保护厅-环保要闻,存在相同【标题】的文章:省环保厅发布新修订的辐射事故应急预案
 WebCrawlerConsole.DoMain.Crawlername2017-11-21 11:34:36,195 [4] WARN  WebCrawlerConsole.DoMain.Crawler - 江西省环境保护厅-环保要闻,存在相同【标题】的文章:我省召开下半年排污许可证核发工作推进座谈会
 WebCrawlerConsole.DoMain.Crawlername2017-11-21 11:34:36,785 [4] WARN  WebCrawlerConsole.DoMain.Crawler - 江西省环境保护厅-环保要闻,存在相同【标题】的文章:深入贯彻十九大精神 共谋生态文明新篇章
 WebCrawlerConsole.DoMain.Crawlername2017-11-21 11:34:37,185 [4] WARN  WebCrawlerConsole.DoMain.Crawler - 江西省环境保护厅-环保要闻,存在相同【标题】的文章:贯彻党的十九大精神 传递江西环保好声音
 WebCrawlerConsole.DoMain.Crawlername2017-11-21 11:34:37,593 [4] WARN  WebCrawlerConsole.DoMain.Crawler - 江西省环境保护厅-环保要闻,存在相同【标题】的文章:省环境监察局举办全省环境监察岗位培训班
 WebCrawlerConsole.DoMain.Crawlername2017-11-21 11:34:38,057 [4] WARN  WebCrawlerConsole.DoMain.Crawler - 江西省环境保护厅-环保要闻,存在相同【标题】的文章:郑为文副省长参加省环保厅机关第五党支部学习贯彻十九大精神学习会
 WebCrawlerConsole.DoMain.Crawlername2017-11-21 11:34:38,771 [4] WARN  WebCrawlerConsole.DoMain.Crawler - 江西省环境保护厅-环保要闻,存在相同【标题】的文章:省环保厅举办全省环保系统政务服务工作培训班
 WebCrawlerConsole.DoMain.Crawlername2017-11-21 11:34:39,178 [4] WARN  WebCrawlerConsole.DoMain.Crawler - 江西省环境保护厅-环保要闻,存在相同【标题】的文章:吉安市委书记胡世忠到蜀水河部分河段进行调研
 WebCrawlerConsole.DoMain.Crawlername2017-11-21 11:34:39,705 [4] WARN  WebCrawlerConsole.DoMain.Crawler - 江西省环境保护厅-环保要闻,存在相同【标题】的文章:省、市环保部门联合开展环境自动监测设施公众开放活动
 WebCrawlerConsole.DoMain.Crawlername2017-11-21 11:34:40,445 [4] WARN  WebCrawlerConsole.DoMain.Crawler - 江西省环境保护厅-环保要闻,存在相同【标题】的文章:省环保厅印发《江西省企业环境信用评价及信用管理暂行办法》
 WebCrawlerConsole.DoMain.Crawlername2017-11-21 11:34:40,951 [4] WARN  WebCrawlerConsole.DoMain.Crawler - 江西省环境保护厅-环保要闻,存在相同【标题】的文章:省环保宣教中心召开全省《中国环境报》宣传工作座谈会
 WebCrawlerConsole.DoMain.Crawlername2017-11-21 11:34:41,727 [4] WARN  WebCrawlerConsole.DoMain.Crawler - 江西省环境保护厅-环保要闻,存在相同【标题】的文章:省环保厅开展全省环境执法大练兵案卷评审
 WebCrawlerConsole.DoMain.Crawlername2017-11-21 11:34:41,978 [4] WARN  WebCrawlerConsole.DoMain.Crawler - 江西省环境保护厅-环保要闻,存在相同【标题】的文章:江西省环保厅对外公布涉及国家级自然保护区违法违规举报电话
 WebCrawlerConsole.DoMain.Crawlername2017-11-21 11:34:42,300 [4] WARN  WebCrawlerConsole.DoMain.Crawler - 江西省环境保护厅-环保要闻,存在相同【标题】的文章:上饶市委常委（扩大）会议研究环保工作
 WebCrawlerConsole.DoMain.Crawlername2017-11-21 11:34:42,588 [4] WARN  WebCrawlerConsole.DoMain.Crawler - 江西省环境保护厅-环保要闻,存在相同【标题】的文章:省土壤详查办现场查看全省农用地土壤详查样品采集工作
 WebCrawlerConsole.DoMain.Crawlername2017-11-21 11:34:42,963 [4] WARN  WebCrawlerConsole.DoMain.Crawler - 江西省环境保护厅-环保要闻,存在相同【标题】的文章:还自然以宁静和谐美丽
 WebCrawlerConsole.DoMain.Crawlername2017-11-21 11:34:43,451 [4] WARN  WebCrawlerConsole.DoMain.Crawler - 江西省环境保护厅-环保要闻,存在相同【标题】的文章:省环保厅开展2017年土壤环境管理有关业务培训
 WebCrawlerConsole.DoMain.Crawlername2017-11-21 11:34:43,884 [4] WARN  WebCrawlerConsole.DoMain.Crawler - 江西省环境保护厅-环保要闻,存在相同【标题】的文章:省环保厅党组中心组专题学习党的十九大精神
 WebCrawlerConsole.DoMain.Crawlername2017-11-21 11:34:44,350 [4] WARN  WebCrawlerConsole.DoMain.Crawler - 江西省环境保护厅-环保要闻,存在相同【标题】的文章:环保部对我省开展消耗臭氧层物质淘汰履约能力建设项目（二期）工作考评
 WebCrawlerConsole.DoMain.Crawlername2017-11-21 11:34:44,481 [4] ERROR WebCrawlerConsole.DoMain.Crawler - 江西省环境保护厅-环保要闻采集异常,【新闻列表加载失败】
 WebCrawlerConsole.DoMain.Crawlername2017-11-21 11:34:44,602 [4] ERROR WebCrawlerConsole.DoMain.Crawler - 江西省环境保护厅-环保要闻采集异常,【新闻列表加载失败】
 WebCrawlerConsole.DoMain.Crawlername2017-11-21 11:34:44,673 [4] ERROR WebCrawlerConsole.DoMain.Crawler - 江西省环境保护厅-环保要闻采集异常,【新闻列表加载失败】
 WebCrawlerConsole.DoMain.Crawlername2017-11-21 11:34:44,807 [4] ERROR WebCrawlerConsole.DoMain.Crawler - 江西省环境保护厅-环保要闻采集异常,【新闻列表加载失败】
 WebCrawlerConsole.DoMain.Crawlername2017-11-21 11:34:44,927 [4] ERROR WebCrawlerConsole.DoMain.Crawler - 江西省环境保护厅-环保要闻采集异常,【新闻列表加载失败】
 WebCrawlerConsole.DoMain.Crawlername2017-11-21 11:34:45,042 [4] ERROR WebCrawlerConsole.DoMain.Crawler - 江西省环境保护厅-环保要闻采集异常,【新闻列表加载失败】
 WebCrawlerConsole.DoMain.Crawlername2017-11-21 11:34:45,189 [4] ERROR WebCrawlerConsole.DoMain.Crawler - 江西省环境保护厅-环保要闻采集异常,【新闻列表加载失败】
 WebCrawlerConsole.DoMain.Crawlername2017-11-21 11:34:45,347 [4] ERROR WebCrawlerConsole.DoMain.Crawler - 江西省环境保护厅-环保要闻采集异常,【新闻列表加载失败】
 WebCrawlerConsole.DoMain.Crawlername2017-11-21 11:34:45,499 [4] ERROR WebCrawlerConsole.DoMain.Crawler - 江西省环境保护厅-环保要闻采集异常,【新闻列表加载失败】
 WebCrawlerConsole.DoMain.Crawlername2017-11-21 11:34:45,657 [4] ERROR WebCrawlerConsole.DoMain.Crawler - 江西省环境保护厅-环保要闻采集异常,【新闻列表加载失败】
 WebCrawlerConsole.DoMain.Crawlername2017-11-21 11:34:45,786 [4] ERROR WebCrawlerConsole.DoMain.Crawler - 江西省环境保护厅-环保要闻采集异常,【新闻列表加载失败】
 WebCrawlerConsole.DoMain.Crawlername2017-11-21 11:34:45,891 [4] ERROR WebCrawlerConsole.DoMain.Crawler - 江西省环境保护厅-环保要闻采集异常,【新闻列表加载失败】
 WebCrawlerConsole.DoMain.Crawlername2017-11-21 11:34:46,032 [4] ERROR WebCrawlerConsole.DoMain.Crawler - 江西省环境保护厅-环保要闻采集异常,【新闻列表加载失败】
 WebCrawlerConsole.DoMain.Crawlername2017-11-21 11:34:46,190 [4] ERROR WebCrawlerConsole.DoMain.Crawler - 江西省环境保护厅-环保要闻采集异常,【新闻列表加载失败】
 WebCrawlerConsole.DoMain.Crawlername2017-11-21 11:34:46,321 [4] ERROR WebCrawlerConsole.DoMain.Crawler - 江西省环境保护厅-环保要闻采集异常,【新闻列表加载失败】
 WebCrawlerConsole.DoMain.Crawlername2017-11-21 11:34:46,479 [4] ERROR WebCrawlerConsole.DoMain.Crawler - 江西省环境保护厅-环保要闻采集异常,【新闻列表加载失败】
 WebCrawlerConsole.DoMain.Crawlername2017-11-21 11:34:46,599 [4] ERROR WebCrawlerConsole.DoMain.Crawler - 江西省环境保护厅-环保要闻采集异常,【新闻列表加载失败】
 WebCrawlerConsole.DoMain.Crawlername2017-11-21 11:34:46,759 [4] ERROR WebCrawlerConsole.DoMain.Crawler - 江西省环境保护厅-环保要闻采集异常,【新闻列表加载失败】
 WebCrawlerConsole.DoMain.Crawlername2017-11-21 11:34:46,862 [4] ERROR WebCrawlerConsole.DoMain.Crawler - 江西省环境保护厅-环保要闻采集异常,【新闻列表加载失败】
 WebCrawlerConsole.DoMain.Crawlername2017-11-21 11:34:46,996 [4] ERROR WebCrawlerConsole.DoMain.Crawler - 江西省环境保护厅-环保要闻采集异常,【新闻列表加载失败】
 WebCrawlerConsole.DoMain.Crawlername2017-11-21 11:34:47,088 [4] ERROR WebCrawlerConsole.DoMain.Crawler - 江西省环境保护厅-环保要闻采集异常,【新闻列表加载失败】
 WebCrawlerConsole.DoMain.Crawlername2017-11-21 11:34:47,245 [4] ERROR WebCrawlerConsole.DoMain.Crawler - 江西省环境保护厅-环保要闻采集异常,【新闻列表加载失败】
 WebCrawlerConsole.DoMain.Crawlername2017-11-21 11:34:47,400 [4] ERROR WebCrawlerConsole.DoMain.Crawler - 江西省环境保护厅-环保要闻采集异常,【新闻列表加载失败】
 WebCrawlerConsole.DoMain.Crawlername2017-11-21 11:34:47,536 [4] ERROR WebCrawlerConsole.DoMain.Crawler - 江西省环境保护厅-环保要闻采集异常,【新闻列表加载失败】
 WebCrawlerConsole.DoMain.Crawlername2017-11-21 11:34:47,680 [4] ERROR WebCrawlerConsole.DoMain.Crawler - 江西省环境保护厅-环保要闻采集异常,【新闻列表加载失败】
 WebCrawlerConsole.DoMain.Crawlername2017-11-21 11:34:47,810 [4] ERROR WebCrawlerConsole.DoMain.Crawler - 江西省环境保护厅-环保要闻采集异常,【新闻列表加载失败】
 WebCrawlerConsole.DoMain.Crawlername2017-11-21 11:34:47,949 [4] ERROR WebCrawlerConsole.DoMain.Crawler - 江西省环境保护厅-环保要闻采集异常,【新闻列表加载失败】
 WebCrawlerConsole.DoMain.Crawlername2017-11-21 11:34:48,083 [4] ERROR WebCrawlerConsole.DoMain.Crawler - 江西省环境保护厅-环保要闻采集异常,【新闻列表加载失败】
 WebCrawlerConsole.DoMain.Crawlername2017-11-21 11:34:48,245 [4] ERROR WebCrawlerConsole.DoMain.Crawler - 江西省环境保护厅-环保要闻采集异常,【新闻列表加载失败】
 WebCrawlerConsole.DoMain.Crawlername2017-11-21 11:34:48,407 [4] ERROR WebCrawlerConsole.DoMain.Crawler - 江西省环境保护厅-环保要闻采集异常,【新闻列表加载失败】
 WebCrawlerConsole.DoMain.Crawlername2017-11-21 11:34:48,572 [4] ERROR WebCrawlerConsole.DoMain.Crawler - 江西省环境保护厅-环保要闻采集异常,【新闻列表加载失败】
 WebCrawlerConsole.DoMain.Crawlername2017-11-21 11:34:48,697 [4] ERROR WebCrawlerConsole.DoMain.Crawler - 江西省环境保护厅-环保要闻采集异常,【新闻列表加载失败】
 WebCrawlerConsole.DoMain.Crawlername2017-11-21 11:34:48,862 [4] ERROR WebCrawlerConsole.DoMain.Crawler - 江西省环境保护厅-环保要闻采集异常,【新闻列表加载失败】
 WebCrawlerConsole.DoMain.Crawlername2017-11-21 11:34:48,954 [4] ERROR WebCrawlerConsole.DoMain.Crawler - 江西省环境保护厅-环保要闻采集异常,【新闻列表加载失败】
 WebCrawlerConsole.DoMain.Crawlername2017-11-21 11:34:49,114 [4] ERROR WebCrawlerConsole.DoMain.Crawler - 江西省环境保护厅-环保要闻采集异常,【新闻列表加载失败】
 WebCrawlerConsole.DoMain.Crawlername2017-11-21 11:34:49,271 [4] ERROR WebCrawlerConsole.DoMain.Crawler - 江西省环境保护厅-环保要闻采集异常,【新闻列表加载失败】
 WebCrawlerConsole.DoMain.Crawlername2017-11-21 11:34:49,422 [4] ERROR WebCrawlerConsole.DoMain.Crawler - 江西省环境保护厅-环保要闻采集异常,【新闻列表加载失败】
 WebCrawlerConsole.DoMain.Crawlername2017-11-21 11:34:49,568 [4] ERROR WebCrawlerConsole.DoMain.Crawler - 江西省环境保护厅-环保要闻采集异常,【新闻列表加载失败】
 WebCrawlerConsole.DoMain.Crawlername2017-11-21 11:34:49,713 [4] ERROR WebCrawlerConsole.DoMain.Crawler - 江西省环境保护厅-环保要闻采集异常,【新闻列表加载失败】
 WebCrawlerConsole.DoMain.Crawlername2017-11-21 11:34:49,845 [4] ERROR WebCrawlerConsole.DoMain.Crawler - 江西省环境保护厅-环保要闻采集异常,【新闻列表加载失败】
 WebCrawlerConsole.DoMain.Crawlername2017-11-21 11:34:49,958 [4] ERROR WebCrawlerConsole.DoMain.Crawler - 江西省环境保护厅-环保要闻采集异常,【新闻列表加载失败】
 WebCrawlerConsole.DoMain.Crawlername2017-11-21 11:34:50,108 [4] ERROR WebCrawlerConsole.DoMain.Crawler - 江西省环境保护厅-环保要闻采集异常,【新闻列表加载失败】
 WebCrawlerConsole.DoMain.Crawlername2017-11-21 11:34:50,305 [4] ERROR WebCrawlerConsole.DoMain.Crawler - 江西省环境保护厅-环保要闻采集异常,【新闻列表加载失败】
 WebCrawlerConsole.DoMain.Crawlername2017-11-21 11:34:50,430 [4] ERROR WebCrawlerConsole.DoMain.Crawler - 江西省环境保护厅-环保要闻采集异常,【新闻列表加载失败】
 WebCrawlerConsole.DoMain.Crawlername2017-11-21 11:34:50,557 [4] ERROR WebCrawlerConsole.DoMain.Crawler - 江西省环境保护厅-环保要闻采集异常,【新闻列表加载失败】
 WebCrawlerConsole.DoMain.Crawlername2017-11-21 11:34:50,697 [4] ERROR WebCrawlerConsole.DoMain.Crawler - 江西省环境保护厅-环保要闻采集异常,【新闻列表加载失败】
 WebCrawlerConsole.DoMain.Crawlername2017-11-21 11:34:50,835 [4] ERROR WebCrawlerConsole.DoMain.Crawler - 江西省环境保护厅-环保要闻采集异常,【新闻列表加载失败】
 WebCrawlerConsole.DoMain.Crawlername2017-11-21 11:34:50,980 [4] ERROR WebCrawlerConsole.DoMain.Crawler - 江西省环境保护厅-环保要闻采集异常,【新闻列表加载失败】
 WebCrawlerConsole.DoMain.Crawlername2017-11-21 11:34:51,157 [4] ERROR WebCrawlerConsole.DoMain.Crawler - 江西省环境保护厅-环保要闻采集异常,【新闻列表加载失败】
 WebCrawlerConsole.DoMain.Crawlername2017-11-21 11:34:51,278 [4] ERROR WebCrawlerConsole.DoMain.Crawler - 江西省环境保护厅-环保要闻采集异常,【新闻列表加载失败】
 WebCrawlerConsole.DoMain.Crawlername2017-11-21 11:34:51,416 [4] ERROR WebCrawlerConsole.DoMain.Crawler - 江西省环境保护厅-环保要闻采集异常,【新闻列表加载失败】
 WebCrawlerConsole.DoMain.Crawlername2017-11-21 11:34:51,573 [4] ERROR WebCrawlerConsole.DoMain.Crawler - 江西省环境保护厅-环保要闻采集异常,【新闻列表加载失败】
 WebCrawlerConsole.DoMain.Crawlername2017-11-21 11:34:51,745 [4] ERROR WebCrawlerConsole.DoMain.Crawler - 江西省环境保护厅-环保要闻采集异常,【新闻列表加载失败】
 WebCrawlerConsole.DoMain.Crawlername2017-11-21 11:34:51,875 [4] ERROR WebCrawlerConsole.DoMain.Crawler - 江西省环境保护厅-环保要闻采集异常,【新闻列表加载失败】
 WebCrawlerConsole.DoMain.Crawlername2017-11-21 11:34:52,015 [4] ERROR WebCrawlerConsole.DoMain.Crawler - 江西省环境保护厅-环保要闻采集异常,【新闻列表加载失败】
 WebCrawlerConsole.DoMain.Crawlername2017-11-21 11:34:52,163 [4] ERROR WebCrawlerConsole.DoMain.Crawler - 江西省环境保护厅-环保要闻采集异常,【新闻列表加载失败】
 WebCrawlerConsole.DoMain.Crawlername2017-11-21 11:34:52,259 [4] ERROR WebCrawlerConsole.DoMain.Crawler - 江西省环境保护厅-环保要闻采集异常,【新闻列表加载失败】
 WebCrawlerConsole.DoMain.Crawlername2017-11-21 11:34:52,447 [4] ERROR WebCrawlerConsole.DoMain.Crawler - 江西省环境保护厅-环保要闻采集异常,【新闻列表加载失败】
 WebCrawlerConsole.DoMain.Crawlername2017-11-21 11:34:52,574 [4] ERROR WebCrawlerConsole.DoMain.Crawler - 江西省环境保护厅-环保要闻采集异常,【新闻列表加载失败】
 WebCrawlerConsole.DoMain.Crawlername2017-11-21 11:34:52,691 [4] ERROR WebCrawlerConsole.DoMain.Crawler - 江西省环境保护厅-环保要闻采集异常,【新闻列表加载失败】
 WebCrawlerConsole.DoMain.Crawlername2017-11-21 11:34:52,807 [4] ERROR WebCrawlerConsole.DoMain.Crawler - 江西省环境保护厅-环保要闻采集异常,【新闻列表加载失败】
 WebCrawlerConsole.DoMain.Crawlername2017-11-21 11:34:52,910 [4] ERROR WebCrawlerConsole.DoMain.Crawler - 江西省环境保护厅-环保要闻采集异常,【新闻列表加载失败】
 WebCrawlerConsole.DoMain.Crawlername2017-11-21 11:34:53,048 [4] ERROR WebCrawlerConsole.DoMain.Crawler - 江西省环境保护厅-环保要闻采集异常,【新闻列表加载失败】
 WebCrawlerConsole.DoMain.Crawlername2017-11-21 11:34:53,177 [4] ERROR WebCrawlerConsole.DoMain.Crawler - 江西省环境保护厅-环保要闻采集异常,【新闻列表加载失败】
 WebCrawlerConsole.DoMain.Crawlername2017-11-21 11:34:53,321 [4] ERROR WebCrawlerConsole.DoMain.Crawler - 江西省环境保护厅-环保要闻采集异常,【新闻列表加载失败】
 WebCrawlerConsole.DoMain.Crawlername2017-11-21 11:34:53,483 [4] ERROR WebCrawlerConsole.DoMain.Crawler - 江西省环境保护厅-环保要闻采集异常,【新闻列表加载失败】
 WebCrawlerConsole.DoMain.Crawlername2017-11-21 11:34:53,628 [4] ERROR WebCrawlerConsole.DoMain.Crawler - 江西省环境保护厅-环保要闻采集异常,【新闻列表加载失败】
 WebCrawlerConsole.DoMain.Crawlername2017-11-21 11:34:53,788 [4] ERROR WebCrawlerConsole.DoMain.Crawler - 江西省环境保护厅-环保要闻采集异常,【新闻列表加载失败】
 WebCrawlerConsole.DoMain.Crawlername2017-11-21 11:34:53,933 [4] ERROR WebCrawlerConsole.DoMain.Crawler - 江西省环境保护厅-环保要闻采集异常,【新闻列表加载失败】
 WebCrawlerConsole.DoMain.Crawlername2017-11-21 11:34:54,080 [4] ERROR WebCrawlerConsole.DoMain.Crawler - 江西省环境保护厅-环保要闻采集异常,【新闻列表加载失败】
 WebCrawlerConsole.DoMain.Crawlername2017-11-21 11:34:54,228 [4] ERROR WebCrawlerConsole.DoMain.Crawler - 江西省环境保护厅-环保要闻采集异常,【新闻列表加载失败】
 WebCrawlerConsole.DoMain.Crawlername2017-11-21 11:34:54,385 [4] ERROR WebCrawlerConsole.DoMain.Crawler - 江西省环境保护厅-环保要闻采集异常,【新闻列表加载失败】
 WebCrawlerConsole.DoMain.Crawlername2017-11-21 11:34:54,535 [4] ERROR WebCrawlerConsole.DoMain.Crawler - 江西省环境保护厅-环保要闻采集异常,【新闻列表加载失败】
 WebCrawlerConsole.DoMain.Crawlername2017-11-21 11:34:54,680 [4] ERROR WebCrawlerConsole.DoMain.Crawler - 江西省环境保护厅-环保要闻采集异常,【新闻列表加载失败】
 WebCrawlerConsole.DoMain.Crawlername2017-11-21 11:34:54,867 [4] ERROR WebCrawlerConsole.DoMain.Crawler - 江西省环境保护厅-环保要闻采集异常,【新闻列表加载失败】
 WebCrawlerConsole.DoMain.Crawlername2017-11-21 11:34:55,013 [4] ERROR WebCrawlerConsole.DoMain.Crawler - 江西省环境保护厅-环保要闻采集异常,【新闻列表加载失败】
 WebCrawlerConsole.DoMain.Crawlername2017-11-21 11:34:55,151 [4] ERROR WebCrawlerConsole.DoMain.Crawler - 江西省环境保护厅-环保要闻采集异常,【新闻列表加载失败】
 WebCrawlerConsole.DoMain.Crawlername2017-11-21 11:34:55,286 [4] ERROR WebCrawlerConsole.DoMain.Crawler - 江西省环境保护厅-环保要闻采集异常,【新闻列表加载失败】
 WebCrawlerConsole.DoMain.Crawlername2017-11-21 11:34:55,422 [4] ERROR WebCrawlerConsole.DoMain.Crawler - 江西省环境保护厅-环保要闻采集异常,【新闻列表加载失败】
 WebCrawlerConsole.DoMain.Crawlername2017-11-21 11:34:55,569 [4] ERROR WebCrawlerConsole.DoMain.Crawler - 江西省环境保护厅-环保要闻采集异常,【新闻列表加载失败】
 WebCrawlerConsole.DoMain.Crawlername2017-11-21 11:34:55,717 [4] ERROR WebCrawlerConsole.DoMain.Crawler - 江西省环境保护厅-环保要闻采集异常,【新闻列表加载失败】
 WebCrawlerConsole.DoMain.Crawlername2017-11-21 11:34:55,872 [4] ERROR WebCrawlerConsole.DoMain.Crawler - 江西省环境保护厅-环保要闻采集异常,【新闻列表加载失败】
 WebCrawlerConsole.DoMain.Crawlername2017-11-21 11:34:56,019 [4] ERROR WebCrawlerConsole.DoMain.Crawler - 江西省环境保护厅-环保要闻采集异常,【新闻列表加载失败】
 WebCrawlerConsole.DoMain.Crawlername2017-11-21 11:34:56,180 [4] ERROR WebCrawlerConsole.DoMain.Crawler - 江西省环境保护厅-环保要闻采集异常,【新闻列表加载失败】
 WebCrawlerConsole.DoMain.Crawlername2017-11-21 11:34:56,319 [4] ERROR WebCrawlerConsole.DoMain.Crawler - 江西省环境保护厅-环保要闻采集异常,【新闻列表加载失败】
 WebCrawlerConsole.DoMain.Crawlername2017-11-21 11:34:56,478 [4] ERROR WebCrawlerConsole.DoMain.Crawler - 江西省环境保护厅-环保要闻采集异常,【新闻列表加载失败】
 WebCrawlerConsole.DoMain.Crawlername2017-11-21 11:34:56,602 [4] ERROR WebCrawlerConsole.DoMain.Crawler - 江西省环境保护厅-环保要闻采集异常,【新闻列表加载失败】
 WebCrawlerConsole.DoMain.Crawlername2017-11-21 11:34:56,715 [4] ERROR WebCrawlerConsole.DoMain.Crawler - 江西省环境保护厅-环保要闻采集异常,【新闻列表加载失败】
 WebCrawlerConsole.DoMain.Crawlername2017-11-21 11:34:56,862 [4] ERROR WebCrawlerConsole.DoMain.Crawler - 江西省环境保护厅-环保要闻采集异常,【新闻列表加载失败】
 WebCrawlerConsole.DoMain.Crawlername2017-11-21 11:34:57,010 [4] ERROR WebCrawlerConsole.DoMain.Crawler - 江西省环境保护厅-环保要闻采集异常,【新闻列表加载失败】
 WebCrawlerConsole.DoMain.Crawlername2017-11-21 11:34:57,157 [4] ERROR WebCrawlerConsole.DoMain.Crawler - 江西省环境保护厅-环保要闻采集异常,【新闻列表加载失败】
 WebCrawlerConsole.DoMain.Crawlername2017-11-21 11:34:57,316 [4] ERROR WebCrawlerConsole.DoMain.Crawler - 江西省环境保护厅-环保要闻采集异常,【新闻列表加载失败】
 WebCrawlerConsole.DoMain.Crawlername2017-11-21 11:34:57,435 [4] ERROR WebCrawlerConsole.DoMain.Crawler - 江西省环境保护厅-环保要闻采集异常,【新闻列表加载失败】
 WebCrawlerConsole.DoMain.Crawlername2017-11-21 11:34:57,589 [4] ERROR WebCrawlerConsole.DoMain.Crawler - 江西省环境保护厅-环保要闻采集异常,【新闻列表加载失败】
 WebCrawlerConsole.DoMain.Crawlername2017-11-21 11:34:57,749 [4] ERROR WebCrawlerConsole.DoMain.Crawler - 江西省环境保护厅-环保要闻采集异常,【新闻列表加载失败】
 WebCrawlerConsole.DoMain.Crawlername2017-11-21 11:34:57,904 [4] ERROR WebCrawlerConsole.DoMain.Crawler - 江西省环境保护厅-环保要闻采集异常,【新闻列表加载失败】
 WebCrawlerConsole.DoMain.Crawlername2017-11-21 11:34:58,036 [4] ERROR WebCrawlerConsole.DoMain.Crawler - 江西省环境保护厅-环保要闻采集异常,【新闻列表加载失败】
 WebCrawlerConsole.DoMain.Crawlername2017-11-21 11:34:58,038 [4] INFO  WebCrawlerConsole.DoMain.Crawler - 江西省环境保护厅-环保要闻,采集结束,共采集0条...共耗时76301毫秒********
 WebCrawlerConsole.DoMain.Crawlername2017-11-21 11:34:58,039 [4] INFO  WebCrawlerConsole.DoMain.Crawler - *******************************************************************************************
 WebCrawlerConsole.DoMain.Crawlername2017-11-21 11:34:58,131 [1] INFO  WebCrawler.Services.Program - 采集结束
 WebCrawler.Services.Programname2017-11-21 11:35:28,751 [1] INFO  WebCrawler.Services.Program - 文章采集系统开始...
 WebCrawler.Services.Programname2017-11-21 11:35:29,734 [4] INFO  WebCrawlerConsole.DoMain.Crawler - 江西省环境保护厅-环保要闻采集开始***************************
 WebCrawlerConsole.DoMain.Crawlername2017-11-21 11:35:40,420 [4] WARN  WebCrawlerConsole.DoMain.Crawler - 江西省环境保护厅-环保要闻,存在相同【标题】的文章:省环保厅举办2017年清洁生产审核培训班（第二期）
 WebCrawlerConsole.DoMain.Crawlername2017-11-21 11:35:41,350 [4] WARN  WebCrawlerConsole.DoMain.Crawler - 江西省环境保护厅-环保要闻,存在相同【标题】的文章:省环保厅就秸秆禁烧问题实施第二轮约谈
 WebCrawlerConsole.DoMain.Crawlername2017-11-21 11:35:41,897 [4] WARN  WebCrawlerConsole.DoMain.Crawler - 江西省环境保护厅-环保要闻,存在相同【标题】的文章:省环保厅对上饶市启动环保综合督查
 WebCrawlerConsole.DoMain.Crawlername2017-11-21 11:35:42,262 [4] WARN  WebCrawlerConsole.DoMain.Crawler - 江西省环境保护厅-环保要闻,存在相同【标题】的文章:曹永琳副厅长现场指导江西省危险废物监管平台项目建设工作
 WebCrawlerConsole.DoMain.Crawlername2017-11-21 11:35:42,618 [4] WARN  WebCrawlerConsole.DoMain.Crawler - 江西省环境保护厅-环保要闻,存在相同【标题】的文章:陈小平在《中国环境报》发表署名文章《奋力打造美丽中国“江西样板”》
 WebCrawlerConsole.DoMain.Crawlername2017-11-21 11:35:43,093 [4] WARN  WebCrawlerConsole.DoMain.Crawler - 江西省环境保护厅-环保要闻,存在相同【标题】的文章:陈小平在樟树市调研生态环境保护工作时强调
 WebCrawlerConsole.DoMain.Crawlername2017-11-21 11:35:44,260 [4] WARN  WebCrawlerConsole.DoMain.Crawler - 江西省环境保护厅-环保要闻,存在相同【标题】的文章:陈小平与赣州市市长曾文明举行会谈
 WebCrawlerConsole.DoMain.Crawlername2017-11-21 11:35:45,428 [4] WARN  WebCrawlerConsole.DoMain.Crawler - 江西省环境保护厅-环保要闻,存在相同【标题】的文章:省环保厅发布新修订的辐射事故应急预案
 WebCrawlerConsole.DoMain.Crawlername2017-11-21 11:35:46,064 [4] WARN  WebCrawlerConsole.DoMain.Crawler - 江西省环境保护厅-环保要闻,存在相同【标题】的文章:我省召开下半年排污许可证核发工作推进座谈会
 WebCrawlerConsole.DoMain.Crawlername2017-11-21 11:35:46,687 [4] WARN  WebCrawlerConsole.DoMain.Crawler - 江西省环境保护厅-环保要闻,存在相同【标题】的文章:深入贯彻十九大精神 共谋生态文明新篇章
 WebCrawlerConsole.DoMain.Crawlername2017-11-21 11:35:47,349 [4] WARN  WebCrawlerConsole.DoMain.Crawler - 江西省环境保护厅-环保要闻,存在相同【标题】的文章:贯彻党的十九大精神 传递江西环保好声音
 WebCrawlerConsole.DoMain.Crawlername2017-11-21 11:35:48,355 [4] WARN  WebCrawlerConsole.DoMain.Crawler - 江西省环境保护厅-环保要闻,存在相同【标题】的文章:省环境监察局举办全省环境监察岗位培训班
 WebCrawlerConsole.DoMain.Crawlername2017-11-21 11:35:49,417 [4] WARN  WebCrawlerConsole.DoMain.Crawler - 江西省环境保护厅-环保要闻,存在相同【标题】的文章:郑为文副省长参加省环保厅机关第五党支部学习贯彻十九大精神学习会
 WebCrawlerConsole.DoMain.Crawlername2017-11-21 11:35:50,551 [4] WARN  WebCrawlerConsole.DoMain.Crawler - 江西省环境保护厅-环保要闻,存在相同【标题】的文章:省环保厅举办全省环保系统政务服务工作培训班
 WebCrawlerConsole.DoMain.Crawlername2017-11-21 11:35:52,319 [4] WARN  WebCrawlerConsole.DoMain.Crawler - 江西省环境保护厅-环保要闻,存在相同【标题】的文章:吉安市委书记胡世忠到蜀水河部分河段进行调研
 WebCrawlerConsole.DoMain.Crawlername2017-11-21 11:35:53,898 [4] WARN  WebCrawlerConsole.DoMain.Crawler - 江西省环境保护厅-环保要闻,存在相同【标题】的文章:省、市环保部门联合开展环境自动监测设施公众开放活动
 WebCrawlerConsole.DoMain.Crawlername2017-11-21 11:35:54,714 [4] WARN  WebCrawlerConsole.DoMain.Crawler - 江西省环境保护厅-环保要闻,存在相同【标题】的文章:省环保厅印发《江西省企业环境信用评价及信用管理暂行办法》
 WebCrawlerConsole.DoMain.Crawlername2017-11-21 11:35:55,806 [4] WARN  WebCrawlerConsole.DoMain.Crawler - 江西省环境保护厅-环保要闻,存在相同【标题】的文章:省环保宣教中心召开全省《中国环境报》宣传工作座谈会
 WebCrawlerConsole.DoMain.Crawlername2017-11-21 11:35:56,711 [4] WARN  WebCrawlerConsole.DoMain.Crawler - 江西省环境保护厅-环保要闻,存在相同【标题】的文章:省环保厅开展全省环境执法大练兵案卷评审
 WebCrawlerConsole.DoMain.Crawlername2017-11-21 11:35:57,253 [4] WARN  WebCrawlerConsole.DoMain.Crawler - 江西省环境保护厅-环保要闻,存在相同【标题】的文章:江西省环保厅对外公布涉及国家级自然保护区违法违规举报电话
 WebCrawlerConsole.DoMain.Crawlername2017-11-21 11:35:58,429 [4] WARN  WebCrawlerConsole.DoMain.Crawler - 江西省环境保护厅-环保要闻,存在相同【标题】的文章:上饶市委常委（扩大）会议研究环保工作
 WebCrawlerConsole.DoMain.Crawlername2017-11-21 11:35:59,486 [4] WARN  WebCrawlerConsole.DoMain.Crawler - 江西省环境保护厅-环保要闻,存在相同【标题】的文章:省土壤详查办现场查看全省农用地土壤详查样品采集工作
 WebCrawlerConsole.DoMain.Crawlername2017-11-21 11:36:01,046 [4] WARN  WebCrawlerConsole.DoMain.Crawler - 江西省环境保护厅-环保要闻,存在相同【标题】的文章:还自然以宁静和谐美丽
 WebCrawlerConsole.DoMain.Crawlername2017-11-21 11:36:02,393 [4] WARN  WebCrawlerConsole.DoMain.Crawler - 江西省环境保护厅-环保要闻,存在相同【标题】的文章:省环保厅开展2017年土壤环境管理有关业务培训
 WebCrawlerConsole.DoMain.Crawlername2017-11-21 11:36:04,130 [4] WARN  WebCrawlerConsole.DoMain.Crawler - 江西省环境保护厅-环保要闻,存在相同【标题】的文章:省环保厅党组中心组专题学习党的十九大精神
 WebCrawlerConsole.DoMain.Crawlername2017-11-21 11:36:05,263 [4] WARN  WebCrawlerConsole.DoMain.Crawler - 江西省环境保护厅-环保要闻,存在相同【标题】的文章:环保部对我省开展消耗臭氧层物质淘汰履约能力建设项目（二期）工作考评
 WebCrawlerConsole.DoMain.Crawlername2017-11-21 11:36:18,906 [4] WARN  WebCrawlerConsole.DoMain.Crawler - 江西省环境保护厅-环保要闻,存在相同【标题】的文章:省环保厅举办2017年清洁生产审核培训班（第二期）
 WebCrawlerConsole.DoMain.Crawlername2017-11-21 11:36:20,527 [4] WARN  WebCrawlerConsole.DoMain.Crawler - 江西省环境保护厅-环保要闻,存在相同【标题】的文章:省环保厅就秸秆禁烧问题实施第二轮约谈
 WebCrawlerConsole.DoMain.Crawlername2017-11-21 11:36:21,599 [4] WARN  WebCrawlerConsole.DoMain.Crawler - 江西省环境保护厅-环保要闻,存在相同【标题】的文章:省环保厅对上饶市启动环保综合督查
 WebCrawlerConsole.DoMain.Crawlername2017-11-21 11:36:22,375 [4] WARN  WebCrawlerConsole.DoMain.Crawler - 江西省环境保护厅-环保要闻,存在相同【标题】的文章:曹永琳副厅长现场指导江西省危险废物监管平台项目建设工作
 WebCrawlerConsole.DoMain.Crawlername2017-11-21 11:36:23,753 [4] WARN  WebCrawlerConsole.DoMain.Crawler - 江西省环境保护厅-环保要闻,存在相同【标题】的文章:陈小平在《中国环境报》发表署名文章《奋力打造美丽中国“江西样板”》
 WebCrawlerConsole.DoMain.Crawlername2017-11-21 11:36:24,556 [4] WARN  WebCrawlerConsole.DoMain.Crawler - 江西省环境保护厅-环保要闻,存在相同【标题】的文章:陈小平在樟树市调研生态环境保护工作时强调
 WebCrawlerConsole.DoMain.Crawlername2017-11-21 11:36:25,626 [4] WARN  WebCrawlerConsole.DoMain.Crawler - 江西省环境保护厅-环保要闻,存在相同【标题】的文章:陈小平与赣州市市长曾文明举行会谈
 WebCrawlerConsole.DoMain.Crawlername2017-11-21 11:36:26,357 [4] WARN  WebCrawlerConsole.DoMain.Crawler - 江西省环境保护厅-环保要闻,存在相同【标题】的文章:省环保厅发布新修订的辐射事故应急预案
 WebCrawlerConsole.DoMain.Crawlername2017-11-21 11:36:27,555 [4] WARN  WebCrawlerConsole.DoMain.Crawler - 江西省环境保护厅-环保要闻,存在相同【标题】的文章:我省召开下半年排污许可证核发工作推进座谈会
 WebCrawlerConsole.DoMain.Crawlername2017-11-21 11:36:28,590 [4] WARN  WebCrawlerConsole.DoMain.Crawler - 江西省环境保护厅-环保要闻,存在相同【标题】的文章:深入贯彻十九大精神 共谋生态文明新篇章
 WebCrawlerConsole.DoMain.Crawlername2017-11-21 11:36:29,866 [4] WARN  WebCrawlerConsole.DoMain.Crawler - 江西省环境保护厅-环保要闻,存在相同【标题】的文章:贯彻党的十九大精神 传递江西环保好声音
 WebCrawlerConsole.DoMain.Crawlername2017-11-21 11:36:30,597 [4] WARN  WebCrawlerConsole.DoMain.Crawler - 江西省环境保护厅-环保要闻,存在相同【标题】的文章:省环境监察局举办全省环境监察岗位培训班
 WebCrawlerConsole.DoMain.Crawlername2017-11-21 11:36:31,314 [4] WARN  WebCrawlerConsole.DoMain.Crawler - 江西省环境保护厅-环保要闻,存在相同【标题】的文章:郑为文副省长参加省环保厅机关第五党支部学习贯彻十九大精神学习会
 WebCrawlerConsole.DoMain.Crawlername2017-11-21 11:36:32,228 [4] WARN  WebCrawlerConsole.DoMain.Crawler - 江西省环境保护厅-环保要闻,存在相同【标题】的文章:省环保厅举办全省环保系统政务服务工作培训班
 WebCrawlerConsole.DoMain.Crawlername2017-11-21 11:36:33,934 [4] WARN  WebCrawlerConsole.DoMain.Crawler - 江西省环境保护厅-环保要闻,存在相同【标题】的文章:吉安市委书记胡世忠到蜀水河部分河段进行调研
 WebCrawlerConsole.DoMain.Crawlername2017-11-21 11:36:34,665 [4] WARN  WebCrawlerConsole.DoMain.Crawler - 江西省环境保护厅-环保要闻,存在相同【标题】的文章:省、市环保部门联合开展环境自动监测设施公众开放活动
 WebCrawlerConsole.DoMain.Crawlername2017-11-21 11:36:35,338 [4] WARN  WebCrawlerConsole.DoMain.Crawler - 江西省环境保护厅-环保要闻,存在相同【标题】的文章:省环保厅印发《江西省企业环境信用评价及信用管理暂行办法》
 WebCrawlerConsole.DoMain.Crawlername2017-11-21 11:36:36,700 [4] WARN  WebCrawlerConsole.DoMain.Crawler - 江西省环境保护厅-环保要闻,存在相同【标题】的文章:省环保宣教中心召开全省《中国环境报》宣传工作座谈会
 WebCrawlerConsole.DoMain.Crawlername2017-11-21 11:36:37,539 [4] WARN  WebCrawlerConsole.DoMain.Crawler - 江西省环境保护厅-环保要闻,存在相同【标题】的文章:省环保厅开展全省环境执法大练兵案卷评审
 WebCrawlerConsole.DoMain.Crawlername2017-11-21 11:36:38,688 [4] WARN  WebCrawlerConsole.DoMain.Crawler - 江西省环境保护厅-环保要闻,存在相同【标题】的文章:江西省环保厅对外公布涉及国家级自然保护区违法违规举报电话
 WebCrawlerConsole.DoMain.Crawlername2017-11-21 11:36:39,435 [4] WARN  WebCrawlerConsole.DoMain.Crawler - 江西省环境保护厅-环保要闻,存在相同【标题】的文章:上饶市委常委（扩大）会议研究环保工作
 WebCrawlerConsole.DoMain.Crawlername2017-11-21 11:36:40,270 [4] WARN  WebCrawlerConsole.DoMain.Crawler - 江西省环境保护厅-环保要闻,存在相同【标题】的文章:省土壤详查办现场查看全省农用地土壤详查样品采集工作
 WebCrawlerConsole.DoMain.Crawlername2017-11-21 11:36:41,165 [4] WARN  WebCrawlerConsole.DoMain.Crawler - 江西省环境保护厅-环保要闻,存在相同【标题】的文章:还自然以宁静和谐美丽
 WebCrawlerConsole.DoMain.Crawlername2017-11-21 11:36:41,805 [4] WARN  WebCrawlerConsole.DoMain.Crawler - 江西省环境保护厅-环保要闻,存在相同【标题】的文章:省环保厅开展2017年土壤环境管理有关业务培训
 WebCrawlerConsole.DoMain.Crawlername2017-11-21 11:36:42,698 [4] WARN  WebCrawlerConsole.DoMain.Crawler - 江西省环境保护厅-环保要闻,存在相同【标题】的文章:省环保厅党组中心组专题学习党的十九大精神
 WebCrawlerConsole.DoMain.Crawlername2017-11-21 11:36:44,028 [4] WARN  WebCrawlerConsole.DoMain.Crawler - 江西省环境保护厅-环保要闻,存在相同【标题】的文章:环保部对我省开展消耗臭氧层物质淘汰履约能力建设项目（二期）工作考评
 WebCrawlerConsole.DoMain.Crawlername2017-11-21 11:38:31,766 [1] INFO  WebCrawler.Services.Program - 文章采集系统开始...
 WebCrawler.Services.Programname2017-11-21 11:38:34,704 [4] INFO  WebCrawlerConsole.DoMain.Crawler - 江西省环境保护厅-环保要闻采集开始***************************
 WebCrawlerConsole.DoMain.Crawlername2017-11-21 11:38:37,896 [4] WARN  WebCrawlerConsole.DoMain.Crawler - 江西省环境保护厅-环保要闻,存在相同【标题】的文章:省环保厅举办2017年清洁生产审核培训班（第二期）
 WebCrawlerConsole.DoMain.Crawlername2017-11-21 11:38:38,553 [4] WARN  WebCrawlerConsole.DoMain.Crawler - 江西省环境保护厅-环保要闻,存在相同【标题】的文章:省环保厅就秸秆禁烧问题实施第二轮约谈
 WebCrawlerConsole.DoMain.Crawlername2017-11-21 11:38:39,651 [4] WARN  WebCrawlerConsole.DoMain.Crawler - 江西省环境保护厅-环保要闻,存在相同【标题】的文章:省环保厅对上饶市启动环保综合督查
 WebCrawlerConsole.DoMain.Crawlername2017-11-21 11:38:40,523 [4] WARN  WebCrawlerConsole.DoMain.Crawler - 江西省环境保护厅-环保要闻,存在相同【标题】的文章:曹永琳副厅长现场指导江西省危险废物监管平台项目建设工作
 WebCrawlerConsole.DoMain.Crawlername2017-11-21 11:38:41,629 [4] WARN  WebCrawlerConsole.DoMain.Crawler - 江西省环境保护厅-环保要闻,存在相同【标题】的文章:陈小平在《中国环境报》发表署名文章《奋力打造美丽中国“江西样板”》
 WebCrawlerConsole.DoMain.Crawlername2017-11-21 11:38:42,813 [4] WARN  WebCrawlerConsole.DoMain.Crawler - 江西省环境保护厅-环保要闻,存在相同【标题】的文章:陈小平在樟树市调研生态环境保护工作时强调
 WebCrawlerConsole.DoMain.Crawlername2017-11-21 11:38:43,336 [4] WARN  WebCrawlerConsole.DoMain.Crawler - 江西省环境保护厅-环保要闻,存在相同【标题】的文章:陈小平与赣州市市长曾文明举行会谈
 WebCrawlerConsole.DoMain.Crawlername2017-11-21 11:38:44,222 [4] WARN  WebCrawlerConsole.DoMain.Crawler - 江西省环境保护厅-环保要闻,存在相同【标题】的文章:省环保厅发布新修订的辐射事故应急预案
 WebCrawlerConsole.DoMain.Crawlername2017-11-21 11:38:44,815 [4] WARN  WebCrawlerConsole.DoMain.Crawler - 江西省环境保护厅-环保要闻,存在相同【标题】的文章:我省召开下半年排污许可证核发工作推进座谈会
 WebCrawlerConsole.DoMain.Crawlername2017-11-21 11:38:45,725 [4] WARN  WebCrawlerConsole.DoMain.Crawler - 江西省环境保护厅-环保要闻,存在相同【标题】的文章:深入贯彻十九大精神 共谋生态文明新篇章
 WebCrawlerConsole.DoMain.Crawlername2017-11-21 11:38:46,446 [4] WARN  WebCrawlerConsole.DoMain.Crawler - 江西省环境保护厅-环保要闻,存在相同【标题】的文章:贯彻党的十九大精神 传递江西环保好声音
 WebCrawlerConsole.DoMain.Crawlername2017-11-21 11:38:47,448 [4] WARN  WebCrawlerConsole.DoMain.Crawler - 江西省环境保护厅-环保要闻,存在相同【标题】的文章:省环境监察局举办全省环境监察岗位培训班
 WebCrawlerConsole.DoMain.Crawlername2017-11-21 11:38:48,818 [4] WARN  WebCrawlerConsole.DoMain.Crawler - 江西省环境保护厅-环保要闻,存在相同【标题】的文章:郑为文副省长参加省环保厅机关第五党支部学习贯彻十九大精神学习会
 WebCrawlerConsole.DoMain.Crawlername2017-11-21 11:38:50,031 [4] WARN  WebCrawlerConsole.DoMain.Crawler - 江西省环境保护厅-环保要闻,存在相同【标题】的文章:省环保厅举办全省环保系统政务服务工作培训班
 WebCrawlerConsole.DoMain.Crawlername2017-11-21 11:38:50,828 [4] WARN  WebCrawlerConsole.DoMain.Crawler - 江西省环境保护厅-环保要闻,存在相同【标题】的文章:吉安市委书记胡世忠到蜀水河部分河段进行调研
 WebCrawlerConsole.DoMain.Crawlername2017-11-21 11:38:51,856 [4] WARN  WebCrawlerConsole.DoMain.Crawler - 江西省环境保护厅-环保要闻,存在相同【标题】的文章:省、市环保部门联合开展环境自动监测设施公众开放活动
 WebCrawlerConsole.DoMain.Crawlername2017-11-21 11:38:52,676 [4] WARN  WebCrawlerConsole.DoMain.Crawler - 江西省环境保护厅-环保要闻,存在相同【标题】的文章:省环保厅印发《江西省企业环境信用评价及信用管理暂行办法》
 WebCrawlerConsole.DoMain.Crawlername2017-11-21 11:38:53,365 [4] WARN  WebCrawlerConsole.DoMain.Crawler - 江西省环境保护厅-环保要闻,存在相同【标题】的文章:省环保宣教中心召开全省《中国环境报》宣传工作座谈会
 WebCrawlerConsole.DoMain.Crawlername2017-11-21 11:38:54,248 [4] WARN  WebCrawlerConsole.DoMain.Crawler - 江西省环境保护厅-环保要闻,存在相同【标题】的文章:省环保厅开展全省环境执法大练兵案卷评审
 WebCrawlerConsole.DoMain.Crawlername2017-11-21 11:38:55,093 [4] WARN  WebCrawlerConsole.DoMain.Crawler - 江西省环境保护厅-环保要闻,存在相同【标题】的文章:江西省环保厅对外公布涉及国家级自然保护区违法违规举报电话
 WebCrawlerConsole.DoMain.Crawlername2017-11-21 11:38:56,038 [4] WARN  WebCrawlerConsole.DoMain.Crawler - 江西省环境保护厅-环保要闻,存在相同【标题】的文章:上饶市委常委（扩大）会议研究环保工作
 WebCrawlerConsole.DoMain.Crawlername2017-11-21 11:38:57,044 [4] WARN  WebCrawlerConsole.DoMain.Crawler - 江西省环境保护厅-环保要闻,存在相同【标题】的文章:省土壤详查办现场查看全省农用地土壤详查样品采集工作
 WebCrawlerConsole.DoMain.Crawlername2017-11-21 11:38:57,890 [4] WARN  WebCrawlerConsole.DoMain.Crawler - 江西省环境保护厅-环保要闻,存在相同【标题】的文章:还自然以宁静和谐美丽
 WebCrawlerConsole.DoMain.Crawlername2017-11-21 11:38:58,368 [4] WARN  WebCrawlerConsole.DoMain.Crawler - 江西省环境保护厅-环保要闻,存在相同【标题】的文章:省环保厅开展2017年土壤环境管理有关业务培训
 WebCrawlerConsole.DoMain.Crawlername2017-11-21 11:38:58,940 [4] WARN  WebCrawlerConsole.DoMain.Crawler - 江西省环境保护厅-环保要闻,存在相同【标题】的文章:省环保厅党组中心组专题学习党的十九大精神
 WebCrawlerConsole.DoMain.Crawlername2017-11-21 11:38:59,449 [4] WARN  WebCrawlerConsole.DoMain.Crawler - 江西省环境保护厅-环保要闻,存在相同【标题】的文章:环保部对我省开展消耗臭氧层物质淘汰履约能力建设项目（二期）工作考评
 WebCrawlerConsole.DoMain.Crawlername2017-11-21 11:39:00,060 [4] WARN  WebCrawlerConsole.DoMain.Crawler - 江西省环境保护厅-环保要闻,存在相同【标题】的文章:省环保厅举办2017年清洁生产审核培训班（第二期）
 WebCrawlerConsole.DoMain.Crawlername2017-11-21 11:39:00,663 [4] WARN  WebCrawlerConsole.DoMain.Crawler - 江西省环境保护厅-环保要闻,存在相同【标题】的文章:省环保厅就秸秆禁烧问题实施第二轮约谈
 WebCrawlerConsole.DoMain.Crawlername2017-11-21 11:39:01,496 [4] WARN  WebCrawlerConsole.DoMain.Crawler - 江西省环境保护厅-环保要闻,存在相同【标题】的文章:省环保厅对上饶市启动环保综合督查
 WebCrawlerConsole.DoMain.Crawlername2017-11-21 11:39:02,273 [4] WARN  WebCrawlerConsole.DoMain.Crawler - 江西省环境保护厅-环保要闻,存在相同【标题】的文章:曹永琳副厅长现场指导江西省危险废物监管平台项目建设工作
 WebCrawlerConsole.DoMain.Crawlername2017-11-21 11:39:03,727 [4] WARN  WebCrawlerConsole.DoMain.Crawler - 江西省环境保护厅-环保要闻,存在相同【标题】的文章:陈小平在《中国环境报》发表署名文章《奋力打造美丽中国“江西样板”》
 WebCrawlerConsole.DoMain.Crawlername2017-11-21 11:39:04,612 [4] WARN  WebCrawlerConsole.DoMain.Crawler - 江西省环境保护厅-环保要闻,存在相同【标题】的文章:陈小平在樟树市调研生态环境保护工作时强调
 WebCrawlerConsole.DoMain.Crawlername2017-11-21 11:39:05,128 [4] WARN  WebCrawlerConsole.DoMain.Crawler - 江西省环境保护厅-环保要闻,存在相同【标题】的文章:陈小平与赣州市市长曾文明举行会谈
 WebCrawlerConsole.DoMain.Crawlername2017-11-21 11:39:05,767 [4] WARN  WebCrawlerConsole.DoMain.Crawler - 江西省环境保护厅-环保要闻,存在相同【标题】的文章:省环保厅发布新修订的辐射事故应急预案
 WebCrawlerConsole.DoMain.Crawlername2017-11-21 11:39:06,780 [4] WARN  WebCrawlerConsole.DoMain.Crawler - 江西省环境保护厅-环保要闻,存在相同【标题】的文章:我省召开下半年排污许可证核发工作推进座谈会
 WebCrawlerConsole.DoMain.Crawlername2017-11-21 11:39:07,308 [4] WARN  WebCrawlerConsole.DoMain.Crawler - 江西省环境保护厅-环保要闻,存在相同【标题】的文章:深入贯彻十九大精神 共谋生态文明新篇章
 WebCrawlerConsole.DoMain.Crawlername2017-11-21 11:39:07,692 [4] WARN  WebCrawlerConsole.DoMain.Crawler - 江西省环境保护厅-环保要闻,存在相同【标题】的文章:贯彻党的十九大精神 传递江西环保好声音
 WebCrawlerConsole.DoMain.Crawlername2017-11-21 11:39:08,134 [4] WARN  WebCrawlerConsole.DoMain.Crawler - 江西省环境保护厅-环保要闻,存在相同【标题】的文章:省环境监察局举办全省环境监察岗位培训班
 WebCrawlerConsole.DoMain.Crawlername2017-11-21 11:39:08,771 [4] WARN  WebCrawlerConsole.DoMain.Crawler - 江西省环境保护厅-环保要闻,存在相同【标题】的文章:郑为文副省长参加省环保厅机关第五党支部学习贯彻十九大精神学习会
 WebCrawlerConsole.DoMain.Crawlername2017-11-21 11:39:09,206 [4] WARN  WebCrawlerConsole.DoMain.Crawler - 江西省环境保护厅-环保要闻,存在相同【标题】的文章:省环保厅举办全省环保系统政务服务工作培训班
 WebCrawlerConsole.DoMain.Crawlername2017-11-21 11:39:09,673 [4] WARN  WebCrawlerConsole.DoMain.Crawler - 江西省环境保护厅-环保要闻,存在相同【标题】的文章:吉安市委书记胡世忠到蜀水河部分河段进行调研
 WebCrawlerConsole.DoMain.Crawlername2017-11-21 11:39:10,426 [4] WARN  WebCrawlerConsole.DoMain.Crawler - 江西省环境保护厅-环保要闻,存在相同【标题】的文章:省、市环保部门联合开展环境自动监测设施公众开放活动
 WebCrawlerConsole.DoMain.Crawlername2017-11-21 11:39:11,065 [4] WARN  WebCrawlerConsole.DoMain.Crawler - 江西省环境保护厅-环保要闻,存在相同【标题】的文章:省环保厅印发《江西省企业环境信用评价及信用管理暂行办法》
 WebCrawlerConsole.DoMain.Crawlername2017-11-21 11:39:11,466 [4] WARN  WebCrawlerConsole.DoMain.Crawler - 江西省环境保护厅-环保要闻,存在相同【标题】的文章:省环保宣教中心召开全省《中国环境报》宣传工作座谈会
 WebCrawlerConsole.DoMain.Crawlername2017-11-21 11:39:11,852 [4] WARN  WebCrawlerConsole.DoMain.Crawler - 江西省环境保护厅-环保要闻,存在相同【标题】的文章:省环保厅开展全省环境执法大练兵案卷评审
 WebCrawlerConsole.DoMain.Crawlername2017-11-21 11:39:12,282 [4] WARN  WebCrawlerConsole.DoMain.Crawler - 江西省环境保护厅-环保要闻,存在相同【标题】的文章:江西省环保厅对外公布涉及国家级自然保护区违法违规举报电话
 WebCrawlerConsole.DoMain.Crawlername2017-11-21 11:39:13,061 [4] WARN  WebCrawlerConsole.DoMain.Crawler - 江西省环境保护厅-环保要闻,存在相同【标题】的文章:上饶市委常委（扩大）会议研究环保工作
 WebCrawlerConsole.DoMain.Crawlername2017-11-21 11:39:14,250 [4] WARN  WebCrawlerConsole.DoMain.Crawler - 江西省环境保护厅-环保要闻,存在相同【标题】的文章:省土壤详查办现场查看全省农用地土壤详查样品采集工作
 WebCrawlerConsole.DoMain.Crawlername2017-11-21 11:39:15,170 [4] WARN  WebCrawlerConsole.DoMain.Crawler - 江西省环境保护厅-环保要闻,存在相同【标题】的文章:还自然以宁静和谐美丽
 WebCrawlerConsole.DoMain.Crawlername2017-11-21 11:39:15,820 [4] WARN  WebCrawlerConsole.DoMain.Crawler - 江西省环境保护厅-环保要闻,存在相同【标题】的文章:省环保厅开展2017年土壤环境管理有关业务培训
 WebCrawlerConsole.DoMain.Crawlername2017-11-21 11:39:16,501 [4] WARN  WebCrawlerConsole.DoMain.Crawler - 江西省环境保护厅-环保要闻,存在相同【标题】的文章:省环保厅党组中心组专题学习党的十九大精神
 WebCrawlerConsole.DoMain.Crawlername2017-11-21 11:39:17,144 [4] WARN  WebCrawlerConsole.DoMain.Crawler - 江西省环境保护厅-环保要闻,存在相同【标题】的文章:环保部对我省开展消耗臭氧层物质淘汰履约能力建设项目（二期）工作考评
 WebCrawlerConsole.DoMain.Crawlername2017-11-21 11:39:22,365 [4] ERROR WebCrawlerConsole.DoMain.Crawler - 江西省环境保护厅-环保要闻,http://www.jxepb.gov.cn/hjzx/stdt/index97.htm,省委深改领导小组审议通过我省环保垂改实施方案,文章内容获取失败
 WebCrawlerConsole.DoMain.Crawlername2017-11-21 11:46:34,334 [4] WARN  WebCrawlerConsole.DoMain.Crawler - 江西省环境保护厅-环保要闻,存在相同【标题】的文章:江西省对外公开中央环境保护督察整改方案
 WebCrawlerConsole.DoMain.Crawlername2017-11-21 11:47:28,131 [4] WARN  WebCrawlerConsole.DoMain.Crawler - 江西省环境保护厅-环保要闻,存在相同【标题】的文章:省环科院举办污染场地调查评估学术报告会
 WebCrawlerConsole.DoMain.Crawlername2017-11-21 11:47:29,514 [4] WARN  WebCrawlerConsole.DoMain.Crawler - 江西省环境保护厅-环保要闻,存在相同【标题】的文章:我厅组织召开江西省核安全与放射性污染防治“十三五”工作实施方案编制协调会
 WebCrawlerConsole.DoMain.Crawlername2017-11-21 11:47:30,849 [4] WARN  WebCrawlerConsole.DoMain.Crawler - 江西省环境保护厅-环保要闻,存在相同【标题】的文章:省环境保护督察办公室举办2017年第一批环境保护督察人员培训班
 WebCrawlerConsole.DoMain.Crawlername2017-11-21 11:47:32,587 [4] WARN  WebCrawlerConsole.DoMain.Crawler - 江西省环境保护厅-环保要闻,存在相同【标题】的文章:省环科院开展“弘扬五四精神、展现青春活力”素质拓展训练活动
 WebCrawlerConsole.DoMain.Crawlername2017-11-21 11:47:33,950 [4] WARN  WebCrawlerConsole.DoMain.Crawler - 江西省环境保护厅-环保要闻,存在相同【标题】的文章:省环保厅召开“五四”青年节座谈会
 WebCrawlerConsole.DoMain.Crawlername2017-11-21 11:47:35,549 [4] WARN  WebCrawlerConsole.DoMain.Crawler - 江西省环境保护厅-环保要闻,存在相同【标题】的文章:省辐射站对接“总体思路”，致力“十大建设”
 WebCrawlerConsole.DoMain.Crawlername2017-11-21 11:47:36,619 [4] WARN  WebCrawlerConsole.DoMain.Crawler - 江西省环境保护厅-环保要闻,存在相同【标题】的文章:我省召开2017年第一批省环境保护督察动员部署会
 WebCrawlerConsole.DoMain.Crawlername2017-11-21 11:47:37,713 [4] WARN  WebCrawlerConsole.DoMain.Crawler - 江西省环境保护厅-环保要闻,存在相同【标题】的文章:省环境监测中心站完成地表水国控断面质控检查工作
 WebCrawlerConsole.DoMain.Crawlername2017-11-21 11:47:38,605 [4] WARN  WebCrawlerConsole.DoMain.Crawler - 江西省环境保护厅-环保要闻,存在相同【标题】的文章:我厅组织环保信访部门积极开展“喜迎十九大、岗位作贡献”活动
 WebCrawlerConsole.DoMain.Crawlername2017-11-21 11:47:39,645 [4] WARN  WebCrawlerConsole.DoMain.Crawler - 江西省环境保护厅-环保要闻,存在相同【标题】的文章:省环科院与省内高校和科研单位共同成立江西省高校水利工程学科联盟
 WebCrawlerConsole.DoMain.Crawlername2017-11-21 11:47:40,997 [4] WARN  WebCrawlerConsole.DoMain.Crawler - 江西省环境保护厅-环保要闻,存在相同【标题】的文章:省固管中心组织开展党报谈“政治能力”专题学习
 WebCrawlerConsole.DoMain.Crawlername2017-11-21 11:47:42,804 [4] WARN  WebCrawlerConsole.DoMain.Crawler - 江西省环境保护厅-环保要闻,存在相同【标题】的文章:省环科院开展“美化环境、亮化社区”学雷锋志愿者活动
 WebCrawlerConsole.DoMain.Crawlername2017-11-21 11:47:44,717 [4] WARN  WebCrawlerConsole.DoMain.Crawler - 江西省环境保护厅-环保要闻,存在相同【标题】的文章:省环科院吴颖靖获“2011-2015年度全省实施妇女儿童发展纲要先进个人”
 WebCrawlerConsole.DoMain.Crawlername2017-11-21 11:47:46,029 [4] WARN  WebCrawlerConsole.DoMain.Crawler - 江西省环境保护厅-环保要闻,存在相同【标题】的文章:我厅完成了对萍乡等设区市放射源安全检查专项行动的督查
 WebCrawlerConsole.DoMain.Crawlername2017-11-21 11:47:47,118 [4] WARN  WebCrawlerConsole.DoMain.Crawler - 江西省环境保护厅-环保要闻,存在相同【标题】的文章:我厅组织厅直系统退休老干部踏青活动
 WebCrawlerConsole.DoMain.Crawlername2017-11-21 11:47:48,229 [4] WARN  WebCrawlerConsole.DoMain.Crawler - 江西省环境保护厅-环保要闻,存在相同【标题】的文章:省环境信息中心与省山江湖办共商“生态云大数据工程”
 WebCrawlerConsole.DoMain.Crawlername2017-11-21 11:47:49,523 [4] WARN  WebCrawlerConsole.DoMain.Crawler - 江西省环境保护厅-环保要闻,存在相同【标题】的文章:省环科院与环保部华南环境科学研究所就珠江流域水环境联合研究院建设工作进行洽谈
 WebCrawlerConsole.DoMain.Crawlername2017-11-21 11:47:51,556 [4] WARN  WebCrawlerConsole.DoMain.Crawler - 江西省环境保护厅-环保要闻,存在相同【标题】的文章:江西省对外公开中央环境保护督察整改方案
 WebCrawlerConsole.DoMain.Crawlername2017-11-21 11:47:53,428 [4] WARN  WebCrawlerConsole.DoMain.Crawler - 江西省环境保护厅-环保要闻,存在相同【标题】的文章:省环监局排污申报与排污费征收工作在2016年全国汇审中获奖
 WebCrawlerConsole.DoMain.Crawlername2017-11-21 11:53:40,448 [4] WARN  WebCrawlerConsole.DoMain.Crawler - 江西省环境保护厅-环保要闻,新闻内容已到上一次最后采集新闻,结束采集
 WebCrawlerConsole.DoMain.Crawlername2017-11-21 11:53:49,293 [4] INFO  WebCrawlerConsole.DoMain.Crawler - 江西省环境保护厅-环保要闻,采集结束,共采集359条...共耗时914587毫秒********
 WebCrawlerConsole.DoMain.Crawlername2017-11-21 11:53:49,296 [4] INFO  WebCrawlerConsole.DoMain.Crawler - *******************************************************************************************
 WebCrawlerConsole.DoMain.Crawlername2017-11-21 11:53:50,417 [1] INFO  WebCrawler.Services.Program - 采集结束
 WebCrawler.Services.Programname2017-11-21 16:11:34,492 [1] INFO  WebCrawler.Services.Program - 文章采集系统开始...
 WebCrawler.Services.Programname2017-11-21 16:11:37,232 [4] INFO  WebCrawlerConsole.DoMain.Crawler - 七彩云南保护网-热点聚焦采集开始***************************
 WebCrawlerConsole.DoMain.Crawlername2017-11-21 16:13:00,616 [1] INFO  WebCrawler.Services.Program - 文章采集系统开始...
 WebCrawler.Services.Programname2017-11-21 16:13:01,423 [4] INFO  WebCrawlerConsole.DoMain.Crawler - 七彩云南保护网-热点聚焦采集开始***************************
 WebCrawlerConsole.DoMain.Crawlername2017-11-21 16:19:19,956 [1] INFO  WebCrawler.Services.Program - 文章采集系统开始...
 WebCrawler.Services.Programname2017-11-21 16:19:20,744 [4] INFO  WebCrawlerConsole.DoMain.Crawler - 七彩云南保护网-热点聚焦采集开始***************************
 WebCrawlerConsole.DoMain.Crawlername2017-11-21 16:23:34,845 [1] INFO  WebCrawler.Services.Program - 文章采集系统开始...
 WebCrawler.Services.Programname2017-11-21 16:23:36,783 [4] INFO  WebCrawlerConsole.DoMain.Crawler - 七彩云南保护网-热点聚焦采集开始***************************
 WebCrawlerConsole.DoMain.Crawlername2017-11-21 16:24:10,752 [1] INFO  WebCrawler.Services.Program - 文章采集系统开始...
 WebCrawler.Services.Programname2017-11-21 16:24:11,659 [4] INFO  WebCrawlerConsole.DoMain.Crawler - 七彩云南保护网-热点聚焦采集开始***************************
 WebCrawlerConsole.DoMain.Crawlername2017-11-21 16:24:45,667 [1] INFO  WebCrawler.Services.Program - 文章采集系统开始...
 WebCrawler.Services.Programname2017-11-21 16:24:46,869 [4] INFO  WebCrawlerConsole.DoMain.Crawler - 七彩云南保护网-热点聚焦采集开始***************************
 WebCrawlerConsole.DoMain.Crawlername2017-11-21 16:28:53,989 [1] INFO  WebCrawler.Services.Program - 文章采集系统开始...
 WebCrawler.Services.Programname2017-11-21 16:28:55,123 [4] INFO  WebCrawlerConsole.DoMain.Crawler - 七彩云南保护网-热点聚焦采集开始***************************
 WebCrawlerConsole.DoMain.Crawlername2017-11-21 16:32:44,504 [1] INFO  WebCrawler.Services.Program - 文章采集系统开始...
 WebCrawler.Services.Programname2017-11-21 16:32:45,481 [4] INFO  WebCrawlerConsole.DoMain.Crawler - 七彩云南保护网-热点聚焦采集开始***************************
 WebCrawlerConsole.DoMain.Crawlername2017-11-21 16:32:54,266 [4] WARN  WebCrawlerConsole.DoMain.Crawler - 七彩云南保护网-热点聚焦,存在相同【标题】的文章:云南省固体废物管理中心赴贵州进行危废跨省转移情况调研
 WebCrawlerConsole.DoMain.Crawlername2017-11-21 16:32:57,083 [4] WARN  WebCrawlerConsole.DoMain.Crawler - 七彩云南保护网-热点聚焦,存在相同【标题】的文章:云南、上海积极开展固体废物环境管理沪滇对口帮扶环保合作工作
 WebCrawlerConsole.DoMain.Crawlername2017-11-21 16:32:57,527 [4] WARN  WebCrawlerConsole.DoMain.Crawler - 七彩云南保护网-热点聚焦,存在相同【标题】的文章:“2017年臭氧层保护手抄报及绘画比赛”活动圆满完成
 WebCrawlerConsole.DoMain.Crawlername2017-11-21 16:32:58,212 [4] WARN  WebCrawlerConsole.DoMain.Crawler - 七彩云南保护网-热点聚焦,存在相同【标题】的文章:云南省环境保护厅召开党组（扩大）会议传达学习党的十九大精神
 WebCrawlerConsole.DoMain.Crawlername2017-11-21 16:32:58,657 [4] WARN  WebCrawlerConsole.DoMain.Crawler - 七彩云南保护网-热点聚焦,存在相同【标题】的文章:云南省环保宣教中心与云南高原生态环保基金会举行环保宣教框架合作协议签署仪式
 WebCrawlerConsole.DoMain.Crawlername2017-11-21 16:32:58,771 [4] WARN  WebCrawlerConsole.DoMain.Crawler - 七彩云南保护网-热点聚焦,存在相同【标题】的文章:云南省环境工程评估中心举办十九大报告精神暨“一带一路”倡议目标及策略专题讲座
 WebCrawlerConsole.DoMain.Crawlername2017-11-21 16:32:59,000 [4] WARN  WebCrawlerConsole.DoMain.Crawler - 七彩云南保护网-热点聚焦,存在相同【标题】的文章:全面部署 推进落实 云南省举办2017年全省土壤污染防治工作会暨培训班
 WebCrawlerConsole.DoMain.Crawlername2017-11-21 16:33:00,679 [4] WARN  WebCrawlerConsole.DoMain.Crawler - 七彩云南保护网-热点聚焦,存在相同【标题】的文章:云南省环境保护厅组织开展2017年 “数字环保”项目培训班
 WebCrawlerConsole.DoMain.Crawlername2017-11-21 16:33:00,913 [4] WARN  WebCrawlerConsole.DoMain.Crawler - 七彩云南保护网-热点聚焦,存在相同【标题】的文章:云南省环境保护厅组织全体党员干部收看党的十九大开幕式实况直播
 WebCrawlerConsole.DoMain.Crawlername2017-11-21 16:33:01,728 [4] ERROR WebCrawlerConsole.DoMain.Crawler - 七彩云南保护网-热点聚焦,http://www.ynepb.gov.cn/zwxx/xxyw/xxywrdjj/index_2.html,2017年滇粤合作环境监测培训班在广州举办,文章内容获取失败
 WebCrawlerConsole.DoMain.Crawlername2017-11-21 16:33:02,336 [4] WARN  WebCrawlerConsole.DoMain.Crawler - 七彩云南保护网-热点聚焦,存在相同【标题】的文章:云南省环境监测中心站施择站长深入楚雄州检查督导事权上收采测分离工作
 WebCrawlerConsole.DoMain.Crawlername2017-11-21 16:33:02,680 [4] WARN  WebCrawlerConsole.DoMain.Crawler - 七彩云南保护网-热点聚焦,存在相同【标题】的文章:云南省固体废物管理中心举办云南省危险废物申报登记和转移管理工作座谈会
 WebCrawlerConsole.DoMain.Crawlername2017-11-21 16:33:03,687 [4] WARN  WebCrawlerConsole.DoMain.Crawler - 七彩云南保护网-热点聚焦,存在相同【标题】的文章:云南省环境科学学会承办第七届云南省科协学术年会――绿色发展与生物多样性保护专题会
 WebCrawlerConsole.DoMain.Crawlername2017-11-21 16:33:03,919 [4] WARN  WebCrawlerConsole.DoMain.Crawler - 七彩云南保护网-热点聚焦,存在相同【标题】的文章:云南省环境保护厅党组举行2017年第六次中心组理论学习
 WebCrawlerConsole.DoMain.Crawlername2017-11-21 16:33:05,254 [4] ERROR WebCrawlerConsole.DoMain.Crawler - 七彩云南保护网-热点聚焦,http://www.ynepb.gov.cn/zwxx/xxyw/xxywrdjj/index_3.html,中国云南-老挝北部合作工作组第八次会议环保、气象及水利小组会谈在云南景洪举行,文章内容获取失败
 WebCrawlerConsole.DoMain.Crawlername2017-11-21 16:33:05,972 [4] WARN  WebCrawlerConsole.DoMain.Crawler - 七彩云南保护网-热点聚焦,存在相同【标题】的文章:广州市环境监测中心站到云南省环境监测中心站交流调研
 WebCrawlerConsole.DoMain.Crawlername2017-11-21 16:33:07,837 [4] WARN  WebCrawlerConsole.DoMain.Crawler - 七彩云南保护网-热点聚焦,存在相同【标题】的文章:纳板河保护区参加“2017年大中型哺乳动物观测中期评估会”
 WebCrawlerConsole.DoMain.Crawlername2017-11-21 16:33:08,725 [4] WARN  WebCrawlerConsole.DoMain.Crawler - 七彩云南保护网-热点聚焦,存在相同【标题】的文章:云南五县市被环保“一票否决”
 WebCrawlerConsole.DoMain.Crawlername2017-11-21 16:33:12,072 [4] WARN  WebCrawlerConsole.DoMain.Crawler - 七彩云南保护网-热点聚焦,存在相同【标题】的文章:云南省环保厅启动“9・16”国际保护臭氧层日主题宣传活动
 WebCrawlerConsole.DoMain.Crawlername2017-11-21 16:33:12,631 [4] WARN  WebCrawlerConsole.DoMain.Crawler - 七彩云南保护网-热点聚焦,存在相同【标题】的文章:云南省第三环保督察组听取“两代表一委员”意见建议
 WebCrawlerConsole.DoMain.Crawlername2017-11-21 16:33:14,102 [4] WARN  WebCrawlerConsole.DoMain.Crawler - 七彩云南保护网-热点聚焦,存在相同【标题】的文章:云南省环境保护厅厅长张纪华做客云南人民广播电台《金色热线》栏目
 WebCrawlerConsole.DoMain.Crawlername2017-11-21 16:33:16,383 [4] WARN  WebCrawlerConsole.DoMain.Crawler - 七彩云南保护网-热点聚焦,存在相同【标题】的文章:纳板河保护区开展铲除非法种植专项行动
 WebCrawlerConsole.DoMain.Crawlername2017-11-21 16:33:21,814 [4] ERROR WebCrawlerConsole.DoMain.Crawler - 七彩云南保护网-热点聚焦,http://www.ynepb.gov.cn/zwxx/xxyw/xxywrdjj/index_6.html,PPP模式助力洱海治理竞争性磋商采购社会资本破解资金难题，环湖截污项目建设与监管...,文章内容获取失败
 WebCrawlerConsole.DoMain.Crawlername2017-11-21 16:33:21,916 [4] ERROR WebCrawlerConsole.DoMain.Crawler - 七彩云南保护网-热点聚焦,http://www.ynepb.gov.cn/zwxx/xxyw/xxywrdjj/index_6.html,弘扬良好家风奉献云南环保――云南省环境工程评估中心获第二届“红土地之歌”演讲...,文章内容获取失败
 WebCrawlerConsole.DoMain.Crawlername2017-11-21 16:33:22,018 [4] ERROR WebCrawlerConsole.DoMain.Crawler - 七彩云南保护网-热点聚焦,http://www.ynepb.gov.cn/zwxx/xxyw/xxywrdjj/index_6.html,省环科院参加厅第二届“红土地之歌”演讲比赛获佳绩,文章内容获取失败
 WebCrawlerConsole.DoMain.Crawlername2017-11-21 16:33:22,121 [4] ERROR WebCrawlerConsole.DoMain.Crawler - 七彩云南保护网-热点聚焦,http://www.ynepb.gov.cn/zwxx/xxyw/xxywrdjj/index_6.html,云南省环境监测中心站组织学习收看《将改革进行到底》之《守住绿水青山》再度引起...,文章内容获取失败
 WebCrawlerConsole.DoMain.Crawlername2017-11-21 16:33:22,226 [4] ERROR WebCrawlerConsole.DoMain.Crawler - 七彩云南保护网-热点聚焦,http://www.ynepb.gov.cn/zwxx/xxyw/xxywrdjj/index_6.html,纳板河流域国家级自然保护区管理局掀起学习州委八届三次全会精神热潮,文章内容获取失败
 WebCrawlerConsole.DoMain.Crawlername2017-11-21 16:33:22,332 [4] ERROR WebCrawlerConsole.DoMain.Crawler - 七彩云南保护网-热点聚焦,http://www.ynepb.gov.cn/zwxx/xxyw/xxywrdjj/index_6.html,云南省环境监测中心站召开党员领导干部巡视整改专题民主生活会,文章内容获取失败
 WebCrawlerConsole.DoMain.Crawlername2017-11-21 16:33:22,433 [4] ERROR WebCrawlerConsole.DoMain.Crawler - 七彩云南保护网-热点聚焦,http://www.ynepb.gov.cn/zwxx/xxyw/xxywrdjj/index_6.html,“弘扬良好家风，引领时代风尚”,文章内容获取失败
 WebCrawlerConsole.DoMain.Crawlername2017-11-21 16:33:22,536 [4] ERROR WebCrawlerConsole.DoMain.Crawler - 七彩云南保护网-热点聚焦,http://www.ynepb.gov.cn/zwxx/xxyw/xxywrdjj/index_6.html,云南环境保护厅开展2017年度全省环境行政执法案卷评查工作,文章内容获取失败
 WebCrawlerConsole.DoMain.Crawlername2017-11-21 16:33:22,639 [4] ERROR WebCrawlerConsole.DoMain.Crawler - 七彩云南保护网-热点聚焦,http://www.ynepb.gov.cn/zwxx/xxyw/xxywrdjj/index_6.html,云南省环境保护厅举行第二届“红土地之歌”演讲比赛,文章内容获取失败
 WebCrawlerConsole.DoMain.Crawlername2017-11-21 16:33:22,740 [4] ERROR WebCrawlerConsole.DoMain.Crawler - 七彩云南保护网-热点聚焦,http://www.ynepb.gov.cn/zwxx/xxyw/xxywrdjj/index_6.html,云南省环境保护厅党组举行2017年第五次中心组理论学习,文章内容获取失败
 WebCrawlerConsole.DoMain.Crawlername2017-11-21 16:33:22,848 [4] ERROR WebCrawlerConsole.DoMain.Crawler - 七彩云南保护网-热点聚焦,http://www.ynepb.gov.cn/zwxx/xxyw/xxywrdjj/index_6.html,省环科院领导班子召开巡视整改专题民主生活会,文章内容获取失败
 WebCrawlerConsole.DoMain.Crawlername2017-11-21 16:33:22,950 [4] ERROR WebCrawlerConsole.DoMain.Crawler - 七彩云南保护网-热点聚焦,http://www.ynepb.gov.cn/zwxx/xxyw/xxywrdjj/index_6.html,省环科院认真组织收看《将改革进行到底》,文章内容获取失败
 WebCrawlerConsole.DoMain.Crawlername2017-11-21 16:33:23,053 [4] ERROR WebCrawlerConsole.DoMain.Crawler - 七彩云南保护网-热点聚焦,http://www.ynepb.gov.cn/zwxx/xxyw/xxywrdjj/index_6.html,省环科院组织在院工作退伍军人赴柯渡红军长征纪念馆参观,文章内容获取失败
 WebCrawlerConsole.DoMain.Crawlername2017-11-21 16:33:23,159 [4] ERROR WebCrawlerConsole.DoMain.Crawler - 七彩云南保护网-热点聚焦,http://www.ynepb.gov.cn/zwxx/xxyw/xxywrdjj/index_6.html,弘扬革命军人优良传统，永葆军人本色,文章内容获取失败
 WebCrawlerConsole.DoMain.Crawlername2017-11-21 16:33:23,262 [4] ERROR WebCrawlerConsole.DoMain.Crawler - 七彩云南保护网-热点聚焦,http://www.ynepb.gov.cn/zwxx/xxyw/xxywrdjj/index_6.html,以“严”和“实”的态度和作风 抓好巡视整改问题落实――云南省环境信息中心召开党...,文章内容获取失败
 WebCrawlerConsole.DoMain.Crawlername2017-11-21 16:33:23,363 [4] ERROR WebCrawlerConsole.DoMain.Crawler - 七彩云南保护网-热点聚焦,http://www.ynepb.gov.cn/zwxx/xxyw/xxywrdjj/index_6.html,云南省政协与省环保厅举行提案面商 进一步加强全省土壤环境保护,文章内容获取失败
 WebCrawlerConsole.DoMain.Crawlername2017-11-21 16:33:23,687 [4] ERROR WebCrawlerConsole.DoMain.Crawler - 七彩云南保护网-热点聚焦采集异常,【新闻列表加载失败】
 WebCrawlerConsole.DoMain.Crawlername2017-11-21 16:33:23,783 [4] ERROR WebCrawlerConsole.DoMain.Crawler - 七彩云南保护网-热点聚焦采集异常,【新闻列表加载失败】
 WebCrawlerConsole.DoMain.Crawlername2017-11-21 16:33:23,878 [4] ERROR WebCrawlerConsole.DoMain.Crawler - 七彩云南保护网-热点聚焦采集异常,【新闻列表加载失败】
 WebCrawlerConsole.DoMain.Crawlername2017-11-21 16:33:23,975 [4] ERROR WebCrawlerConsole.DoMain.Crawler - 七彩云南保护网-热点聚焦采集异常,【新闻列表加载失败】
 WebCrawlerConsole.DoMain.Crawlername2017-11-21 16:33:24,072 [4] ERROR WebCrawlerConsole.DoMain.Crawler - 七彩云南保护网-热点聚焦采集异常,【新闻列表加载失败】
 WebCrawlerConsole.DoMain.Crawlername2017-11-21 16:33:24,170 [4] ERROR WebCrawlerConsole.DoMain.Crawler - 七彩云南保护网-热点聚焦采集异常,【新闻列表加载失败】
 WebCrawlerConsole.DoMain.Crawlername2017-11-21 16:33:24,265 [4] ERROR WebCrawlerConsole.DoMain.Crawler - 七彩云南保护网-热点聚焦采集异常,【新闻列表加载失败】
 WebCrawlerConsole.DoMain.Crawlername2017-11-21 16:33:24,361 [4] ERROR WebCrawlerConsole.DoMain.Crawler - 七彩云南保护网-热点聚焦采集异常,【新闻列表加载失败】
 WebCrawlerConsole.DoMain.Crawlername2017-11-21 16:33:24,458 [4] ERROR WebCrawlerConsole.DoMain.Crawler - 七彩云南保护网-热点聚焦采集异常,【新闻列表加载失败】
 WebCrawlerConsole.DoMain.Crawlername2017-11-21 16:33:24,554 [4] ERROR WebCrawlerConsole.DoMain.Crawler - 七彩云南保护网-热点聚焦采集异常,【新闻列表加载失败】
 WebCrawlerConsole.DoMain.Crawlername2017-11-21 16:33:24,651 [4] ERROR WebCrawlerConsole.DoMain.Crawler - 七彩云南保护网-热点聚焦采集异常,【新闻列表加载失败】
 WebCrawlerConsole.DoMain.Crawlername2017-11-21 16:33:24,746 [4] ERROR WebCrawlerConsole.DoMain.Crawler - 七彩云南保护网-热点聚焦采集异常,【新闻列表加载失败】
 WebCrawlerConsole.DoMain.Crawlername2017-11-21 16:33:24,843 [4] ERROR WebCrawlerConsole.DoMain.Crawler - 七彩云南保护网-热点聚焦采集异常,【新闻列表加载失败】
 WebCrawlerConsole.DoMain.Crawlername2017-11-21 16:33:24,939 [4] ERROR WebCrawlerConsole.DoMain.Crawler - 七彩云南保护网-热点聚焦采集异常,【新闻列表加载失败】
 WebCrawlerConsole.DoMain.Crawlername2017-11-21 16:34:07,062 [4] ERROR WebCrawlerConsole.DoMain.Crawler - 七彩云南保护网-热点聚焦采集异常,【新闻列表加载失败】
 WebCrawlerConsole.DoMain.Crawlername2017-11-21 16:34:28,080 [4] ERROR WebCrawlerConsole.DoMain.Crawler - 七彩云南保护网-热点聚焦采集异常,【新闻列表加载失败】
 WebCrawlerConsole.DoMain.Crawlername2017-11-21 16:34:49,102 [4] ERROR WebCrawlerConsole.DoMain.Crawler - 七彩云南保护网-热点聚焦采集异常,【新闻列表加载失败】
 WebCrawlerConsole.DoMain.Crawlername2017-11-21 16:35:10,116 [4] ERROR WebCrawlerConsole.DoMain.Crawler - 七彩云南保护网-热点聚焦采集异常,【新闻列表加载失败】
 WebCrawlerConsole.DoMain.Crawlername2017-11-21 16:35:31,134 [4] ERROR WebCrawlerConsole.DoMain.Crawler - 七彩云南保护网-热点聚焦采集异常,【新闻列表加载失败】
 WebCrawlerConsole.DoMain.Crawlername2017-11-21 16:35:52,151 [4] ERROR WebCrawlerConsole.DoMain.Crawler - 七彩云南保护网-热点聚焦采集异常,【新闻列表加载失败】
 WebCrawlerConsole.DoMain.Crawlername2017-11-21 16:36:13,172 [4] ERROR WebCrawlerConsole.DoMain.Crawler - 七彩云南保护网-热点聚焦采集异常,【新闻列表加载失败】
 WebCrawlerConsole.DoMain.Crawlername2017-11-21 16:36:34,189 [4] ERROR WebCrawlerConsole.DoMain.Crawler - 七彩云南保护网-热点聚焦采集异常,【新闻列表加载失败】
 WebCrawlerConsole.DoMain.Crawlername2017-11-21 16:36:55,217 [4] ERROR WebCrawlerConsole.DoMain.Crawler - 七彩云南保护网-热点聚焦采集异常,【新闻列表加载失败】
 WebCrawlerConsole.DoMain.Crawlername2017-11-21 16:37:16,238 [4] ERROR WebCrawlerConsole.DoMain.Crawler - 七彩云南保护网-热点聚焦采集异常,【新闻列表加载失败】
 WebCrawlerConsole.DoMain.Crawlername2017-11-21 16:37:37,252 [4] ERROR WebCrawlerConsole.DoMain.Crawler - 七彩云南保护网-热点聚焦采集异常,【新闻列表加载失败】
 WebCrawlerConsole.DoMain.Crawlername2017-11-21 16:37:58,277 [4] ERROR WebCrawlerConsole.DoMain.Crawler - 七彩云南保护网-热点聚焦采集异常,【新闻列表加载失败】
 WebCrawlerConsole.DoMain.Crawlername2017-11-21 16:38:19,296 [4] ERROR WebCrawlerConsole.DoMain.Crawler - 七彩云南保护网-热点聚焦采集异常,【新闻列表加载失败】
 WebCrawlerConsole.DoMain.Crawlername2017-11-21 16:38:19,297 [4] INFO  WebCrawlerConsole.DoMain.Crawler - 七彩云南保护网-热点聚焦,采集结束,共采集172条...共耗时333815毫秒********
 WebCrawlerConsole.DoMain.Crawlername2017-11-21 16:38:19,298 [4] INFO  WebCrawlerConsole.DoMain.Crawler - *******************************************************************************************
 WebCrawlerConsole.DoMain.Crawlername2017-11-21 16:38:19,350 [1] INFO  WebCrawler.Services.Program - 采集结束
 WebCrawler.Services.Programname