2017-11-22 08:52:12,069 [1] INFO  WebCrawler.Services.Program - 文章采集系统开始...
 WebCrawler.Services.Programname2017-11-22 08:52:13,055 [4] INFO  WebCrawlerConsole.DoMain.Crawler - 七彩云南保护网-热点聚焦采集开始***************************
 WebCrawlerConsole.DoMain.Crawlername2017-11-22 08:52:14,827 [4] WARN  WebCrawlerConsole.DoMain.Crawler - 七彩云南保护网-热点聚焦,存在相同【标题】的文章:云南省第四环境保护督察组进驻昆明市――赵建生任组长
 WebCrawlerConsole.DoMain.Crawlername2017-11-22 08:52:14,938 [4] WARN  WebCrawlerConsole.DoMain.Crawler - 七彩云南保护网-热点聚焦,存在相同【标题】的文章:红河州委书记调研湖泊治理构建异龙湖保护开发利益共同体
 WebCrawlerConsole.DoMain.Crawlername2017-11-22 08:52:14,940 [4] WARN  WebCrawlerConsole.DoMain.Crawler - 七彩云南保护网-热点聚焦,新闻内容已到上一次最后采集新闻,结束采集
 WebCrawlerConsole.DoMain.Crawlername2017-11-22 08:52:15,041 [4] INFO  WebCrawlerConsole.DoMain.Crawler - 七彩云南保护网-热点聚焦,采集结束,共采集1条...共耗时1985毫秒********
 WebCrawlerConsole.DoMain.Crawlername2017-11-22 08:52:15,043 [4] INFO  WebCrawlerConsole.DoMain.Crawler - *******************************************************************************************
 WebCrawlerConsole.DoMain.Crawlername2017-11-22 08:52:15,096 [1] INFO  WebCrawler.Services.Program - 采集结束
 WebCrawler.Services.Programname2017-11-22 08:52:49,849 [1] INFO  WebCrawler.Services.Program - 文章采集系统开始...
 WebCrawler.Services.Programname2017-11-22 08:52:51,137 [4] INFO  WebCrawlerConsole.DoMain.Crawler - 七彩云南保护网-热点聚焦采集开始***************************
 WebCrawlerConsole.DoMain.Crawlername2017-11-22 08:52:52,833 [4] WARN  WebCrawlerConsole.DoMain.Crawler - 七彩云南保护网-热点聚焦,存在相同【标题】的文章:省委省政府第二环境保护督察组进驻曲靖市――谭丛任组长
 WebCrawlerConsole.DoMain.Crawlername2017-11-22 08:52:52,932 [4] WARN  WebCrawlerConsole.DoMain.Crawler - 七彩云南保护网-热点聚焦,存在相同【标题】的文章:云南省第四环境保护督察组进驻昆明市――赵建生任组长
 WebCrawlerConsole.DoMain.Crawlername2017-11-22 08:52:53,065 [4] WARN  WebCrawlerConsole.DoMain.Crawler - 七彩云南保护网-热点聚焦,存在相同【标题】的文章:红河州委书记调研湖泊治理构建异龙湖保护开发利益共同体
 WebCrawlerConsole.DoMain.Crawlername2017-11-22 08:52:53,209 [4] WARN  WebCrawlerConsole.DoMain.Crawler - 七彩云南保护网-热点聚焦,存在相同【标题】的文章:云南省第一环境保护督察组进驻玉溪市――董英任组长
 WebCrawlerConsole.DoMain.Crawlername2017-11-22 08:52:53,322 [4] WARN  WebCrawlerConsole.DoMain.Crawler - 七彩云南保护网-热点聚焦,存在相同【标题】的文章:全面把握党的十九大精神，开启环境监测事业新征程
 WebCrawlerConsole.DoMain.Crawlername2017-11-22 08:52:53,428 [4] WARN  WebCrawlerConsole.DoMain.Crawler - 七彩云南保护网-热点聚焦,存在相同【标题】的文章:全球环境基金赠款中国生活垃圾综合环境管理项目昆明示范项目赴宁波交流学习
 WebCrawlerConsole.DoMain.Crawlername2017-11-22 08:52:53,542 [4] WARN  WebCrawlerConsole.DoMain.Crawler - 七彩云南保护网-热点聚焦,存在相同【标题】的文章:云南约谈州（市）污水处理厂问题年底未完成减排任务将被问责
 WebCrawlerConsole.DoMain.Crawlername2017-11-22 08:52:53,644 [4] WARN  WebCrawlerConsole.DoMain.Crawler - 七彩云南保护网-热点聚焦,存在相同【标题】的文章:云南加快弥补土壤污染防治短板2018年查明农用地土壤污染状况
 WebCrawlerConsole.DoMain.Crawlername2017-11-22 08:52:53,759 [4] WARN  WebCrawlerConsole.DoMain.Crawler - 七彩云南保护网-热点聚焦,存在相同【标题】的文章:图片新闻
 WebCrawlerConsole.DoMain.Crawlername2017-11-22 08:52:53,888 [4] WARN  WebCrawlerConsole.DoMain.Crawler - 七彩云南保护网-热点聚焦,存在相同【标题】的文章:讲政治 强导向 严监管
 WebCrawlerConsole.DoMain.Crawlername2017-11-22 08:52:54,079 [4] WARN  WebCrawlerConsole.DoMain.Crawler - 七彩云南保护网-热点聚焦,存在相同【标题】的文章:为精准监管提供科技支撑资源环境数据中心建成
 WebCrawlerConsole.DoMain.Crawlername2017-11-22 08:52:54,192 [4] WARN  WebCrawlerConsole.DoMain.Crawler - 七彩云南保护网-热点聚焦,存在相同【标题】的文章:清理涉及自然保护区地方法规政策推进新一轮保护区立法修法
 WebCrawlerConsole.DoMain.Crawlername2017-11-22 08:52:54,319 [4] WARN  WebCrawlerConsole.DoMain.Crawler - 七彩云南保护网-热点聚焦,存在相同【标题】的文章:云南推进生态环境损害赔偿制度改革出台配套制度，抓实四大任务
 WebCrawlerConsole.DoMain.Crawlername2017-11-22 08:52:54,446 [4] WARN  WebCrawlerConsole.DoMain.Crawler - 七彩云南保护网-热点聚焦,存在相同【标题】的文章:云南省环境保护厅党组书记、厅长张纪华赴云南省环境监测中心站检查调研
 WebCrawlerConsole.DoMain.Crawlername2017-11-22 08:52:54,561 [4] WARN  WebCrawlerConsole.DoMain.Crawler - 七彩云南保护网-热点聚焦,存在相同【标题】的文章:寸敏副州长到纳板河保护区调研
 WebCrawlerConsole.DoMain.Crawlername2017-11-22 08:52:54,695 [4] WARN  WebCrawlerConsole.DoMain.Crawler - 七彩云南保护网-热点聚焦,存在相同【标题】的文章:云南省通报中央环境保护督察移交生态环境损害责任追究问题问责情况
 WebCrawlerConsole.DoMain.Crawlername2017-11-22 08:52:54,814 [4] WARN  WebCrawlerConsole.DoMain.Crawler - 七彩云南保护网-热点聚焦,存在相同【标题】的文章:云南省环科院召开在院工作博士座谈会
 WebCrawlerConsole.DoMain.Crawlername2017-11-22 08:52:54,937 [4] WARN  WebCrawlerConsole.DoMain.Crawler - 七彩云南保护网-热点聚焦,存在相同【标题】的文章:云南省人大常委会积极践行绿色发展理念督政督在实处 测评量化打分
 WebCrawlerConsole.DoMain.Crawlername2017-11-22 08:52:55,044 [4] WARN  WebCrawlerConsole.DoMain.Crawler - 七彩云南保护网-热点聚焦,存在相同【标题】的文章:昆明夯实自然资源资产离任审计工作推动离任审计常态化全覆盖
 WebCrawlerConsole.DoMain.Crawlername2017-11-22 08:52:55,148 [4] WARN  WebCrawlerConsole.DoMain.Crawler - 七彩云南保护网-热点聚焦,存在相同【标题】的文章:斯德哥尔摩环境研究所（SEI）亚洲中心到省环科院进行学术交流访问
 WebCrawlerConsole.DoMain.Crawlername2017-11-22 08:52:55,258 [4] WARN  WebCrawlerConsole.DoMain.Crawler - 七彩云南保护网-热点聚焦,存在相同【标题】的文章:云南省委省政府第一环境保护督察组向丽江市反馈督察情况
 WebCrawlerConsole.DoMain.Crawlername2017-11-22 08:52:55,372 [4] WARN  WebCrawlerConsole.DoMain.Crawler - 七彩云南保护网-热点聚焦,存在相同【标题】的文章:省厅召开贯彻落实环境保护法及其配套办法工作约谈会
 WebCrawlerConsole.DoMain.Crawlername2017-11-22 08:52:55,485 [4] WARN  WebCrawlerConsole.DoMain.Crawler - 七彩云南保护网-热点聚焦,存在相同【标题】的文章:北京师范大学水科学研究院g彦国书记一行到省环科院调研
 WebCrawlerConsole.DoMain.Crawlername2017-11-22 08:52:55,601 [4] WARN  WebCrawlerConsole.DoMain.Crawler - 七彩云南保护网-热点聚焦,存在相同【标题】的文章:省委省政府第二环境保护督察组向西双版纳州反馈督察情况
 WebCrawlerConsole.DoMain.Crawlername2017-11-22 08:52:55,717 [4] WARN  WebCrawlerConsole.DoMain.Crawler - 七彩云南保护网-热点聚焦,存在相同【标题】的文章:云南省固体废物管理中心赴贵州进行危废跨省转移情况调研
 WebCrawlerConsole.DoMain.Crawlername2017-11-22 08:52:55,835 [4] WARN  WebCrawlerConsole.DoMain.Crawler - 七彩云南保护网-热点聚焦,存在相同【标题】的文章:深入学习贯彻党的十九大精神，进一步提升党支部的战斗力
 WebCrawlerConsole.DoMain.Crawlername2017-11-22 08:52:56,069 [4] WARN  WebCrawlerConsole.DoMain.Crawler - 七彩云南保护网-热点聚焦,存在相同【标题】的文章:省站分析人员赴楚雄州环境监测站开展饮用水中有机污染物检测的培训
 WebCrawlerConsole.DoMain.Crawlername2017-11-22 08:52:56,195 [4] WARN  WebCrawlerConsole.DoMain.Crawler - 七彩云南保护网-热点聚焦,存在相同【标题】的文章:全省联动确保大练兵提质增效云南前三季度查处环境违法案件1336件
 WebCrawlerConsole.DoMain.Crawlername2017-11-22 08:52:56,303 [4] WARN  WebCrawlerConsole.DoMain.Crawler - 七彩云南保护网-热点聚焦,存在相同【标题】的文章:共商评估技术大计――云南省环境工程评估中心与来访的吉林省评估中心座谈
 WebCrawlerConsole.DoMain.Crawlername2017-11-22 08:52:56,615 [4] WARN  WebCrawlerConsole.DoMain.Crawler - 七彩云南保护网-热点聚焦,存在相同【标题】的文章:云南省环境监察总队党总支与双龙村清月党支部开展结对共建活动
 WebCrawlerConsole.DoMain.Crawlername2017-11-22 08:52:56,746 [4] WARN  WebCrawlerConsole.DoMain.Crawler - 七彩云南保护网-热点聚焦,存在相同【标题】的文章:西山区文明委现场考评省环科院创建2017年西山区文明单位工作
 WebCrawlerConsole.DoMain.Crawlername2017-11-22 08:52:56,855 [4] WARN  WebCrawlerConsole.DoMain.Crawler - 七彩云南保护网-热点聚焦,存在相同【标题】的文章:省委、省政府第三环境保护督察组向迪庆州反馈督察情况
 WebCrawlerConsole.DoMain.Crawlername2017-11-22 08:52:57,094 [4] WARN  WebCrawlerConsole.DoMain.Crawler - 七彩云南保护网-热点聚焦,存在相同【标题】的文章:纳板河流域国家级自然保护区样地植物标本采集工作有序开展
 WebCrawlerConsole.DoMain.Crawlername2017-11-22 08:52:57,212 [4] WARN  WebCrawlerConsole.DoMain.Crawler - 七彩云南保护网-热点聚焦,存在相同【标题】的文章:纳板河流域国家级自然保护区开展森林生态系统与生物多样性综合监测培训
 WebCrawlerConsole.DoMain.Crawlername2017-11-22 08:52:57,681 [4] WARN  WebCrawlerConsole.DoMain.Crawler - 七彩云南保护网-热点聚焦,存在相同【标题】的文章:云南省环境监测中心站对昌宁县地表水环境质量监测事权上收采测分离工作进行督导
 WebCrawlerConsole.DoMain.Crawlername2017-11-22 08:52:58,000 [4] WARN  WebCrawlerConsole.DoMain.Crawler - 七彩云南保护网-热点聚焦,存在相同【标题】的文章:对标先进找差距 严格要求赶先进
 WebCrawlerConsole.DoMain.Crawlername2017-11-22 08:52:58,154 [4] WARN  WebCrawlerConsole.DoMain.Crawler - 七彩云南保护网-热点聚焦,存在相同【标题】的文章:云南省第四环境保护督察组向普洱市反馈督察情况
 WebCrawlerConsole.DoMain.Crawlername2017-11-22 08:52:58,262 [4] WARN  WebCrawlerConsole.DoMain.Crawler - 七彩云南保护网-热点聚焦,存在相同【标题】的文章:深入贯彻党的十九大精神 进一步推进监督执纪“四种形态”常态化
 WebCrawlerConsole.DoMain.Crawlername2017-11-22 08:52:58,370 [4] WARN  WebCrawlerConsole.DoMain.Crawler - 七彩云南保护网-热点聚焦,存在相同【标题】的文章:联合验证 联合检查 联合发布云南部门联动倒逼监测质量提升
 WebCrawlerConsole.DoMain.Crawlername2017-11-22 08:52:58,487 [4] WARN  WebCrawlerConsole.DoMain.Crawler - 七彩云南保护网-热点聚焦,存在相同【标题】的文章:高正文副厅长带队参加泛珠三角区域2017年生态文明实验区建设座谈会
 WebCrawlerConsole.DoMain.Crawlername2017-11-22 08:52:58,595 [4] WARN  WebCrawlerConsole.DoMain.Crawler - 七彩云南保护网-热点聚焦,存在相同【标题】的文章:云南、上海积极开展固体废物环境管理沪滇对口帮扶环保合作工作
 WebCrawlerConsole.DoMain.Crawlername2017-11-22 08:52:58,826 [4] WARN  WebCrawlerConsole.DoMain.Crawler - 七彩云南保护网-热点聚焦,存在相同【标题】的文章:迪庆州环境监测站配合省中心站完成2017年污染源烟尘烟气同步比对监测
 WebCrawlerConsole.DoMain.Crawlername2017-11-22 08:52:58,998 [4] ERROR WebCrawlerConsole.DoMain.Crawler - 七彩云南保护网-热点聚焦,http://www.ynepb.gov.cn/zwxx/xxyw/xxywrdjj/index_1.html,“2017年臭氧层保护手抄报及绘画比赛”活动圆满完成,文章内容获取失败
 WebCrawlerConsole.DoMain.Crawlername2017-11-22 08:52:59,089 [4] ERROR WebCrawlerConsole.DoMain.Crawler - 七彩云南保护网-热点聚焦,http://www.ynepb.gov.cn/zwxx/xxyw/xxywrdjj/index_1.html,云南省环保宣教中心集体学习党的十九大精神,文章内容获取失败
 WebCrawlerConsole.DoMain.Crawlername2017-11-22 08:52:59,180 [4] ERROR WebCrawlerConsole.DoMain.Crawler - 七彩云南保护网-热点聚焦,http://www.ynepb.gov.cn/zwxx/xxyw/xxywrdjj/index_1.html,云南推进供给侧结构性改革促进县域特色产业绿色化,文章内容获取失败
 WebCrawlerConsole.DoMain.Crawlername2017-11-22 08:52:59,273 [4] ERROR WebCrawlerConsole.DoMain.Crawler - 七彩云南保护网-热点聚焦,http://www.ynepb.gov.cn/zwxx/xxyw/xxywrdjj/index_1.html,学用结合推动环保工作,文章内容获取失败
 WebCrawlerConsole.DoMain.Crawlername2017-11-22 08:52:59,365 [4] ERROR WebCrawlerConsole.DoMain.Crawler - 七彩云南保护网-热点聚焦,http://www.ynepb.gov.cn/zwxx/xxyw/xxywrdjj/index_1.html,云南省环境监测中心站召开学习党的十九大精神大会,文章内容获取失败
 WebCrawlerConsole.DoMain.Crawlername2017-11-22 08:52:59,457 [4] ERROR WebCrawlerConsole.DoMain.Crawler - 七彩云南保护网-热点聚焦,http://www.ynepb.gov.cn/zwxx/xxyw/xxywrdjj/index_1.html,纳板河流域国家级自然保护区管理局召开村级社区共管联席会议,文章内容获取失败
 WebCrawlerConsole.DoMain.Crawlername2017-11-22 08:52:59,658 [4] ERROR WebCrawlerConsole.DoMain.Crawler - 七彩云南保护网-热点聚焦,http://www.ynepb.gov.cn/zwxx/xxyw/xxywrdjj/index_1.html,云南省环境保护厅召开党组（扩大）会议传达学习党的十九大精神,文章内容获取失败
 WebCrawlerConsole.DoMain.Crawlername2017-11-22 08:52:59,766 [4] ERROR WebCrawlerConsole.DoMain.Crawler - 七彩云南保护网-热点聚焦,http://www.ynepb.gov.cn/zwxx/xxyw/xxywrdjj/index_1.html,建设生态文明排头兵 擦亮“绿色云南”名片,文章内容获取失败
 WebCrawlerConsole.DoMain.Crawlername2017-11-22 08:52:59,871 [4] ERROR WebCrawlerConsole.DoMain.Crawler - 七彩云南保护网-热点聚焦,http://www.ynepb.gov.cn/zwxx/xxyw/xxywrdjj/index_1.html,云南省监测站召开大力弘扬“跨越发展、争创一流；比学赶超、奋勇争先”精神专项活...,文章内容获取失败
 WebCrawlerConsole.DoMain.Crawlername2017-11-22 08:52:59,978 [4] ERROR WebCrawlerConsole.DoMain.Crawler - 七彩云南保护网-热点聚焦,http://www.ynepb.gov.cn/zwxx/xxyw/xxywrdjj/index_1.html,云南省环境科学研究院开展敬老节活动,文章内容获取失败
 WebCrawlerConsole.DoMain.Crawlername2017-11-22 08:53:00,082 [4] ERROR WebCrawlerConsole.DoMain.Crawler - 七彩云南保护网-热点聚焦,http://www.ynepb.gov.cn/zwxx/xxyw/xxywrdjj/index_1.html,云南省环保宣教中心与云南高原生态环保基金会举行环保宣教框架合作协议签署仪式,文章内容获取失败
 WebCrawlerConsole.DoMain.Crawlername2017-11-22 08:53:00,192 [4] ERROR WebCrawlerConsole.DoMain.Crawler - 七彩云南保护网-热点聚焦,http://www.ynepb.gov.cn/zwxx/xxyw/xxywrdjj/index_1.html,云南省环境工程评估中心举办十九大报告精神暨“一带一路”倡议目标及策略专题讲座,文章内容获取失败
 WebCrawlerConsole.DoMain.Crawlername2017-11-22 08:53:00,306 [4] ERROR WebCrawlerConsole.DoMain.Crawler - 七彩云南保护网-热点聚焦,http://www.ynepb.gov.cn/zwxx/xxyw/xxywrdjj/index_1.html,云南省固体废物管理中心党支部组织集中学习习近平总书记在中共十九大上的报告,文章内容获取失败
 WebCrawlerConsole.DoMain.Crawlername2017-11-22 08:53:00,514 [4] ERROR WebCrawlerConsole.DoMain.Crawler - 七彩云南保护网-热点聚焦采集异常,【新闻列表加载失败】
 WebCrawlerConsole.DoMain.Crawlername2017-11-22 08:53:00,618 [4] ERROR WebCrawlerConsole.DoMain.Crawler - 七彩云南保护网-热点聚焦采集异常,【新闻列表加载失败】
 WebCrawlerConsole.DoMain.Crawlername2017-11-22 08:53:00,724 [4] ERROR WebCrawlerConsole.DoMain.Crawler - 七彩云南保护网-热点聚焦采集异常,【新闻列表加载失败】
 WebCrawlerConsole.DoMain.Crawlername2017-11-22 08:53:00,829 [4] ERROR WebCrawlerConsole.DoMain.Crawler - 七彩云南保护网-热点聚焦采集异常,【新闻列表加载失败】
 WebCrawlerConsole.DoMain.Crawlername2017-11-22 08:53:00,936 [4] ERROR WebCrawlerConsole.DoMain.Crawler - 七彩云南保护网-热点聚焦采集异常,【新闻列表加载失败】
 WebCrawlerConsole.DoMain.Crawlername2017-11-22 08:53:01,046 [4] ERROR WebCrawlerConsole.DoMain.Crawler - 七彩云南保护网-热点聚焦采集异常,【新闻列表加载失败】
 WebCrawlerConsole.DoMain.Crawlername2017-11-22 08:53:01,156 [4] ERROR WebCrawlerConsole.DoMain.Crawler - 七彩云南保护网-热点聚焦采集异常,【新闻列表加载失败】
 WebCrawlerConsole.DoMain.Crawlername2017-11-22 08:53:01,268 [4] ERROR WebCrawlerConsole.DoMain.Crawler - 七彩云南保护网-热点聚焦采集异常,【新闻列表加载失败】
 WebCrawlerConsole.DoMain.Crawlername2017-11-22 08:53:01,375 [4] ERROR WebCrawlerConsole.DoMain.Crawler - 七彩云南保护网-热点聚焦采集异常,【新闻列表加载失败】
 WebCrawlerConsole.DoMain.Crawlername2017-11-22 08:53:01,480 [4] ERROR WebCrawlerConsole.DoMain.Crawler - 七彩云南保护网-热点聚焦采集异常,【新闻列表加载失败】
 WebCrawlerConsole.DoMain.Crawlername2017-11-22 08:53:01,584 [4] ERROR WebCrawlerConsole.DoMain.Crawler - 七彩云南保护网-热点聚焦采集异常,【新闻列表加载失败】
 WebCrawlerConsole.DoMain.Crawlername2017-11-22 08:53:01,693 [4] ERROR WebCrawlerConsole.DoMain.Crawler - 七彩云南保护网-热点聚焦采集异常,【新闻列表加载失败】
 WebCrawlerConsole.DoMain.Crawlername2017-11-22 08:53:01,797 [4] ERROR WebCrawlerConsole.DoMain.Crawler - 七彩云南保护网-热点聚焦采集异常,【新闻列表加载失败】
 WebCrawlerConsole.DoMain.Crawlername2017-11-22 08:53:01,906 [4] ERROR WebCrawlerConsole.DoMain.Crawler - 七彩云南保护网-热点聚焦采集异常,【新闻列表加载失败】
 WebCrawlerConsole.DoMain.Crawlername2017-11-22 08:53:02,009 [4] ERROR WebCrawlerConsole.DoMain.Crawler - 七彩云南保护网-热点聚焦采集异常,【新闻列表加载失败】
 WebCrawlerConsole.DoMain.Crawlername2017-11-22 08:53:02,114 [4] ERROR WebCrawlerConsole.DoMain.Crawler - 七彩云南保护网-热点聚焦采集异常,【新闻列表加载失败】
 WebCrawlerConsole.DoMain.Crawlername2017-11-22 08:53:02,218 [4] ERROR WebCrawlerConsole.DoMain.Crawler - 七彩云南保护网-热点聚焦采集异常,【新闻列表加载失败】
 WebCrawlerConsole.DoMain.Crawlername2017-11-22 08:53:02,322 [4] ERROR WebCrawlerConsole.DoMain.Crawler - 七彩云南保护网-热点聚焦采集异常,【新闻列表加载失败】
 WebCrawlerConsole.DoMain.Crawlername2017-11-22 08:53:02,428 [4] ERROR WebCrawlerConsole.DoMain.Crawler - 七彩云南保护网-热点聚焦采集异常,【新闻列表加载失败】
 WebCrawlerConsole.DoMain.Crawlername2017-11-22 08:53:02,536 [4] ERROR WebCrawlerConsole.DoMain.Crawler - 七彩云南保护网-热点聚焦采集异常,【新闻列表加载失败】
 WebCrawlerConsole.DoMain.Crawlername2017-11-22 08:53:02,644 [4] ERROR WebCrawlerConsole.DoMain.Crawler - 七彩云南保护网-热点聚焦采集异常,【新闻列表加载失败】
 WebCrawlerConsole.DoMain.Crawlername2017-11-22 08:53:02,750 [4] ERROR WebCrawlerConsole.DoMain.Crawler - 七彩云南保护网-热点聚焦采集异常,【新闻列表加载失败】
 WebCrawlerConsole.DoMain.Crawlername2017-11-22 08:53:02,853 [4] ERROR WebCrawlerConsole.DoMain.Crawler - 七彩云南保护网-热点聚焦采集异常,【新闻列表加载失败】
 WebCrawlerConsole.DoMain.Crawlername2017-11-22 08:53:02,957 [4] ERROR WebCrawlerConsole.DoMain.Crawler - 七彩云南保护网-热点聚焦采集异常,【新闻列表加载失败】
 WebCrawlerConsole.DoMain.Crawlername2017-11-22 08:53:03,061 [4] ERROR WebCrawlerConsole.DoMain.Crawler - 七彩云南保护网-热点聚焦采集异常,【新闻列表加载失败】
 WebCrawlerConsole.DoMain.Crawlername2017-11-22 08:53:03,165 [4] ERROR WebCrawlerConsole.DoMain.Crawler - 七彩云南保护网-热点聚焦采集异常,【新闻列表加载失败】
 WebCrawlerConsole.DoMain.Crawlername2017-11-22 08:53:03,268 [4] ERROR WebCrawlerConsole.DoMain.Crawler - 七彩云南保护网-热点聚焦采集异常,【新闻列表加载失败】
 WebCrawlerConsole.DoMain.Crawlername2017-11-22 08:53:03,373 [4] ERROR WebCrawlerConsole.DoMain.Crawler - 七彩云南保护网-热点聚焦采集异常,【新闻列表加载失败】
 WebCrawlerConsole.DoMain.Crawlername2017-11-22 08:53:03,477 [4] ERROR WebCrawlerConsole.DoMain.Crawler - 七彩云南保护网-热点聚焦采集异常,【新闻列表加载失败】
 WebCrawlerConsole.DoMain.Crawlername2017-11-22 08:53:03,582 [4] ERROR WebCrawlerConsole.DoMain.Crawler - 七彩云南保护网-热点聚焦采集异常,【新闻列表加载失败】
 WebCrawlerConsole.DoMain.Crawlername2017-11-22 08:53:03,686 [4] ERROR WebCrawlerConsole.DoMain.Crawler - 七彩云南保护网-热点聚焦采集异常,【新闻列表加载失败】
 WebCrawlerConsole.DoMain.Crawlername2017-11-22 08:53:03,794 [4] ERROR WebCrawlerConsole.DoMain.Crawler - 七彩云南保护网-热点聚焦采集异常,【新闻列表加载失败】
 WebCrawlerConsole.DoMain.Crawlername2017-11-22 08:53:03,797 [4] INFO  WebCrawlerConsole.DoMain.Crawler - 七彩云南保护网-热点聚焦,采集结束,共采集5条...共耗时12658毫秒********
 WebCrawlerConsole.DoMain.Crawlername2017-11-22 08:53:03,800 [4] INFO  WebCrawlerConsole.DoMain.Crawler - *******************************************************************************************
 WebCrawlerConsole.DoMain.Crawlername2017-11-22 08:53:03,847 [1] INFO  WebCrawler.Services.Program - 采集结束
 WebCrawler.Services.Programname2017-11-22 09:06:37,680 [1] INFO  WebCrawler.Services.Program - 文章采集系统开始...
 WebCrawler.Services.Programname2017-11-22 09:07:17,182 [1] INFO  WebCrawler.Services.Program - 文章采集系统开始...
 WebCrawler.Services.Programname2017-11-22 09:07:41,183 [1] INFO  WebCrawler.Services.Program - 文章采集系统开始...
 WebCrawler.Services.Programname2017-11-22 09:24:07,852 [1] INFO  WebCrawler.Services.Program - 文章采集系统开始...
 WebCrawler.Services.Programname2017-11-22 09:24:21,423 [4] INFO  WebCrawlerConsole.DoMain.Crawler - 七彩云南保护行动网-热点聚焦采集开始***************************
 WebCrawlerConsole.DoMain.Crawlername2017-11-22 09:24:32,039 [4] WARN  WebCrawlerConsole.DoMain.Crawler - 七彩云南保护行动网-热点聚焦,存在相同【标题】的文章:省委省政府第二环境保护督察组进驻曲靖市――谭丛任组长
 WebCrawlerConsole.DoMain.Crawlername2017-11-22 09:24:33,280 [4] WARN  WebCrawlerConsole.DoMain.Crawler - 七彩云南保护行动网-热点聚焦,存在相同【标题】的文章:云南省第四环境保护督察组进驻昆明市――赵建生任组长
 WebCrawlerConsole.DoMain.Crawlername2017-11-22 09:24:34,077 [4] WARN  WebCrawlerConsole.DoMain.Crawler - 七彩云南保护行动网-热点聚焦,存在相同【标题】的文章:红河州委书记调研湖泊治理构建异龙湖保护开发利益共同体
 WebCrawlerConsole.DoMain.Crawlername2017-11-22 09:24:34,079 [4] WARN  WebCrawlerConsole.DoMain.Crawler - 七彩云南保护行动网-热点聚焦,新闻内容已到上一次最后采集新闻,结束采集
 WebCrawlerConsole.DoMain.Crawlername2017-11-22 09:24:36,627 [4] INFO  WebCrawlerConsole.DoMain.Crawler - 七彩云南保护行动网-热点聚焦,采集结束,共采集1条...共耗时15201毫秒********
 WebCrawlerConsole.DoMain.Crawlername2017-11-22 09:24:36,629 [4] INFO  WebCrawlerConsole.DoMain.Crawler - *******************************************************************************************
 WebCrawlerConsole.DoMain.Crawlername2017-11-22 09:24:39,020 [1] INFO  WebCrawler.Services.Program - 采集结束
 WebCrawler.Services.Programname2017-11-22 09:26:06,879 [1] INFO  WebCrawler.Services.Program - 文章采集系统开始...
 WebCrawler.Services.Programname2017-11-22 09:26:20,693 [1] INFO  WebCrawler.Services.Program - 采集结束
 WebCrawler.Services.Programname2017-11-22 09:29:02,639 [1] INFO  WebCrawler.Services.Program - 文章采集系统开始...
 WebCrawler.Services.Programname2017-11-22 09:29:09,623 [4] INFO  WebCrawlerConsole.DoMain.Crawler - 河南省环境保护厅-环境要闻采集开始***************************
 WebCrawlerConsole.DoMain.Crawlername2017-11-22 09:33:19,096 [4] ERROR WebCrawlerConsole.DoMain.Crawler - 河南省环境保护厅-环境要闻采集异常,【新闻列表加载失败】
 WebCrawlerConsole.DoMain.Crawlername2017-11-22 10:33:12,633 [1] INFO  WebCrawler.Services.Program - 文章采集系统开始...
 WebCrawler.Services.Programname2017-11-22 10:33:13,812 [4] INFO  WebCrawlerConsole.DoMain.Crawler - 河南省环境保护厅-环境要闻采集开始***************************
 WebCrawlerConsole.DoMain.Crawlername2017-11-22 10:33:15,812 [4] WARN  WebCrawlerConsole.DoMain.Crawler - 河南省环境保护厅-环境要闻,存在相同【标题】的文章:赵英民会见加拿大西蒙弗雷泽大学校长
 WebCrawlerConsole.DoMain.Crawlername2017-11-22 10:33:15,949 [4] WARN  WebCrawlerConsole.DoMain.Crawler - 河南省环境保护厅-环境要闻,存在相同【标题】的文章:两部委与四大央企共同签署备忘录 理顺基站环保管理机制，加强事中事后环保工作
 WebCrawlerConsole.DoMain.Crawlername2017-11-22 10:33:16,624 [4] WARN  WebCrawlerConsole.DoMain.Crawler - 河南省环境保护厅-环境要闻,存在相同【标题】的文章:“打好生态环保攻坚战”集体采访全文实录
 WebCrawlerConsole.DoMain.Crawlername2017-11-22 10:33:17,567 [4] WARN  WebCrawlerConsole.DoMain.Crawler - 河南省环境保护厅-环境要闻,存在相同【标题】的文章:《关于汞的水俣公约》第一次缔约方大会召开 翟青率中国代表团出席
 WebCrawlerConsole.DoMain.Crawlername2017-11-22 10:33:17,707 [4] WARN  WebCrawlerConsole.DoMain.Crawler - 河南省环境保护厅-环境要闻,存在相同【标题】的文章:树立标杆样板 发挥引领作用 环保部命名46个国家生态文明建设示范市县
 WebCrawlerConsole.DoMain.Crawlername2017-11-22 10:33:17,851 [4] WARN  WebCrawlerConsole.DoMain.Crawler - 河南省环境保护厅-环境要闻,存在相同【标题】的文章:第十五次东盟―中日韩环境部长会议召开 黄润秋率团出席会议
 WebCrawlerConsole.DoMain.Crawlername2017-11-22 10:33:18,039 [4] WARN  WebCrawlerConsole.DoMain.Crawler - 河南省环境保护厅-环境要闻,存在相同【标题】的文章:十二届全国人大常委会第二十九次会议在京召开 核安全法草案进入三审
 WebCrawlerConsole.DoMain.Crawlername2017-11-22 10:33:18,181 [4] WARN  WebCrawlerConsole.DoMain.Crawler - 河南省环境保护厅-环境要闻,存在相同【标题】的文章:中央第五环保督察组到成都督察边督边改工作 强化问题整改质量 不断提升群众获得感
 WebCrawlerConsole.DoMain.Crawlername2017-11-22 10:33:25,284 [4] ERROR WebCrawlerConsole.DoMain.Crawler - 河南省环境保护厅-环境要闻采集异常,【新闻列表加载失败】
 WebCrawlerConsole.DoMain.Crawlername2017-11-22 10:33:25,347 [4] ERROR WebCrawlerConsole.DoMain.Crawler - 河南省环境保护厅-环境要闻采集异常,【新闻列表加载失败】
 WebCrawlerConsole.DoMain.Crawlername2017-11-22 10:33:25,411 [4] ERROR WebCrawlerConsole.DoMain.Crawler - 河南省环境保护厅-环境要闻采集异常,【新闻列表加载失败】
 WebCrawlerConsole.DoMain.Crawlername2017-11-22 10:33:25,472 [4] ERROR WebCrawlerConsole.DoMain.Crawler - 河南省环境保护厅-环境要闻采集异常,【新闻列表加载失败】
 WebCrawlerConsole.DoMain.Crawlername2017-11-22 10:33:25,535 [4] ERROR WebCrawlerConsole.DoMain.Crawler - 河南省环境保护厅-环境要闻采集异常,【新闻列表加载失败】
 WebCrawlerConsole.DoMain.Crawlername2017-11-22 10:33:25,600 [4] ERROR WebCrawlerConsole.DoMain.Crawler - 河南省环境保护厅-环境要闻采集异常,【新闻列表加载失败】
 WebCrawlerConsole.DoMain.Crawlername2017-11-22 10:33:25,662 [4] ERROR WebCrawlerConsole.DoMain.Crawler - 河南省环境保护厅-环境要闻采集异常,【新闻列表加载失败】
 WebCrawlerConsole.DoMain.Crawlername2017-11-22 10:33:25,725 [4] ERROR WebCrawlerConsole.DoMain.Crawler - 河南省环境保护厅-环境要闻采集异常,【新闻列表加载失败】
 WebCrawlerConsole.DoMain.Crawlername2017-11-22 10:33:25,788 [4] ERROR WebCrawlerConsole.DoMain.Crawler - 河南省环境保护厅-环境要闻采集异常,【新闻列表加载失败】
 WebCrawlerConsole.DoMain.Crawlername2017-11-22 10:33:25,854 [4] ERROR WebCrawlerConsole.DoMain.Crawler - 河南省环境保护厅-环境要闻采集异常,【新闻列表加载失败】
 WebCrawlerConsole.DoMain.Crawlername2017-11-22 10:33:25,918 [4] ERROR WebCrawlerConsole.DoMain.Crawler - 河南省环境保护厅-环境要闻采集异常,【新闻列表加载失败】
 WebCrawlerConsole.DoMain.Crawlername2017-11-22 10:33:25,980 [4] ERROR WebCrawlerConsole.DoMain.Crawler - 河南省环境保护厅-环境要闻采集异常,【新闻列表加载失败】
 WebCrawlerConsole.DoMain.Crawlername2017-11-22 10:33:26,042 [4] ERROR WebCrawlerConsole.DoMain.Crawler - 河南省环境保护厅-环境要闻采集异常,【新闻列表加载失败】
 WebCrawlerConsole.DoMain.Crawlername2017-11-22 10:33:26,105 [4] ERROR WebCrawlerConsole.DoMain.Crawler - 河南省环境保护厅-环境要闻采集异常,【新闻列表加载失败】
 WebCrawlerConsole.DoMain.Crawlername2017-11-22 10:33:26,169 [4] ERROR WebCrawlerConsole.DoMain.Crawler - 河南省环境保护厅-环境要闻采集异常,【新闻列表加载失败】
 WebCrawlerConsole.DoMain.Crawlername2017-11-22 10:33:26,232 [4] ERROR WebCrawlerConsole.DoMain.Crawler - 河南省环境保护厅-环境要闻采集异常,【新闻列表加载失败】
 WebCrawlerConsole.DoMain.Crawlername2017-11-22 10:33:26,295 [4] ERROR WebCrawlerConsole.DoMain.Crawler - 河南省环境保护厅-环境要闻采集异常,【新闻列表加载失败】
 WebCrawlerConsole.DoMain.Crawlername2017-11-22 10:33:26,364 [4] ERROR WebCrawlerConsole.DoMain.Crawler - 河南省环境保护厅-环境要闻采集异常,【新闻列表加载失败】
 WebCrawlerConsole.DoMain.Crawlername2017-11-22 10:33:26,426 [4] ERROR WebCrawlerConsole.DoMain.Crawler - 河南省环境保护厅-环境要闻采集异常,【新闻列表加载失败】
 WebCrawlerConsole.DoMain.Crawlername2017-11-22 10:33:26,489 [4] ERROR WebCrawlerConsole.DoMain.Crawler - 河南省环境保护厅-环境要闻采集异常,【新闻列表加载失败】
 WebCrawlerConsole.DoMain.Crawlername2017-11-22 10:33:26,551 [4] ERROR WebCrawlerConsole.DoMain.Crawler - 河南省环境保护厅-环境要闻采集异常,【新闻列表加载失败】
 WebCrawlerConsole.DoMain.Crawlername2017-11-22 10:33:26,614 [4] ERROR WebCrawlerConsole.DoMain.Crawler - 河南省环境保护厅-环境要闻采集异常,【新闻列表加载失败】
 WebCrawlerConsole.DoMain.Crawlername2017-11-22 10:33:26,676 [4] ERROR WebCrawlerConsole.DoMain.Crawler - 河南省环境保护厅-环境要闻采集异常,【新闻列表加载失败】
 WebCrawlerConsole.DoMain.Crawlername2017-11-22 10:33:26,740 [4] ERROR WebCrawlerConsole.DoMain.Crawler - 河南省环境保护厅-环境要闻采集异常,【新闻列表加载失败】
 WebCrawlerConsole.DoMain.Crawlername2017-11-22 10:33:26,803 [4] ERROR WebCrawlerConsole.DoMain.Crawler - 河南省环境保护厅-环境要闻采集异常,【新闻列表加载失败】
 WebCrawlerConsole.DoMain.Crawlername2017-11-22 10:33:26,871 [4] ERROR WebCrawlerConsole.DoMain.Crawler - 河南省环境保护厅-环境要闻采集异常,【新闻列表加载失败】
 WebCrawlerConsole.DoMain.Crawlername2017-11-22 10:33:26,934 [4] ERROR WebCrawlerConsole.DoMain.Crawler - 河南省环境保护厅-环境要闻采集异常,【新闻列表加载失败】
 WebCrawlerConsole.DoMain.Crawlername2017-11-22 10:33:26,997 [4] ERROR WebCrawlerConsole.DoMain.Crawler - 河南省环境保护厅-环境要闻采集异常,【新闻列表加载失败】
 WebCrawlerConsole.DoMain.Crawlername2017-11-22 10:33:27,060 [4] ERROR WebCrawlerConsole.DoMain.Crawler - 河南省环境保护厅-环境要闻采集异常,【新闻列表加载失败】
 WebCrawlerConsole.DoMain.Crawlername2017-11-22 10:33:27,123 [4] ERROR WebCrawlerConsole.DoMain.Crawler - 河南省环境保护厅-环境要闻采集异常,【新闻列表加载失败】
 WebCrawlerConsole.DoMain.Crawlername2017-11-22 10:33:27,187 [4] ERROR WebCrawlerConsole.DoMain.Crawler - 河南省环境保护厅-环境要闻采集异常,【新闻列表加载失败】
 WebCrawlerConsole.DoMain.Crawlername2017-11-22 10:33:27,249 [4] ERROR WebCrawlerConsole.DoMain.Crawler - 河南省环境保护厅-环境要闻采集异常,【新闻列表加载失败】
 WebCrawlerConsole.DoMain.Crawlername2017-11-22 10:33:27,314 [4] ERROR WebCrawlerConsole.DoMain.Crawler - 河南省环境保护厅-环境要闻采集异常,【新闻列表加载失败】
 WebCrawlerConsole.DoMain.Crawlername2017-11-22 10:33:27,376 [4] ERROR WebCrawlerConsole.DoMain.Crawler - 河南省环境保护厅-环境要闻采集异常,【新闻列表加载失败】
 WebCrawlerConsole.DoMain.Crawlername2017-11-22 10:33:27,444 [4] ERROR WebCrawlerConsole.DoMain.Crawler - 河南省环境保护厅-环境要闻采集异常,【新闻列表加载失败】
 WebCrawlerConsole.DoMain.Crawlername2017-11-22 10:33:27,507 [4] ERROR WebCrawlerConsole.DoMain.Crawler - 河南省环境保护厅-环境要闻采集异常,【新闻列表加载失败】
 WebCrawlerConsole.DoMain.Crawlername2017-11-22 10:33:27,571 [4] ERROR WebCrawlerConsole.DoMain.Crawler - 河南省环境保护厅-环境要闻采集异常,【新闻列表加载失败】
 WebCrawlerConsole.DoMain.Crawlername2017-11-22 10:33:27,632 [4] ERROR WebCrawlerConsole.DoMain.Crawler - 河南省环境保护厅-环境要闻采集异常,【新闻列表加载失败】
 WebCrawlerConsole.DoMain.Crawlername2017-11-22 10:33:27,699 [4] ERROR WebCrawlerConsole.DoMain.Crawler - 河南省环境保护厅-环境要闻采集异常,【新闻列表加载失败】
 WebCrawlerConsole.DoMain.Crawlername2017-11-22 10:33:27,762 [4] ERROR WebCrawlerConsole.DoMain.Crawler - 河南省环境保护厅-环境要闻采集异常,【新闻列表加载失败】
 WebCrawlerConsole.DoMain.Crawlername2017-11-22 10:33:27,824 [4] ERROR WebCrawlerConsole.DoMain.Crawler - 河南省环境保护厅-环境要闻采集异常,【新闻列表加载失败】
 WebCrawlerConsole.DoMain.Crawlername2017-11-22 10:33:27,891 [4] ERROR WebCrawlerConsole.DoMain.Crawler - 河南省环境保护厅-环境要闻采集异常,【新闻列表加载失败】
 WebCrawlerConsole.DoMain.Crawlername2017-11-22 10:33:27,959 [4] ERROR WebCrawlerConsole.DoMain.Crawler - 河南省环境保护厅-环境要闻采集异常,【新闻列表加载失败】
 WebCrawlerConsole.DoMain.Crawlername2017-11-22 10:33:28,026 [4] ERROR WebCrawlerConsole.DoMain.Crawler - 河南省环境保护厅-环境要闻采集异常,【新闻列表加载失败】
 WebCrawlerConsole.DoMain.Crawlername2017-11-22 10:33:28,090 [4] ERROR WebCrawlerConsole.DoMain.Crawler - 河南省环境保护厅-环境要闻采集异常,【新闻列表加载失败】
 WebCrawlerConsole.DoMain.Crawlername2017-11-22 10:33:28,154 [4] ERROR WebCrawlerConsole.DoMain.Crawler - 河南省环境保护厅-环境要闻采集异常,【新闻列表加载失败】
 WebCrawlerConsole.DoMain.Crawlername2017-11-22 10:33:28,218 [4] ERROR WebCrawlerConsole.DoMain.Crawler - 河南省环境保护厅-环境要闻采集异常,【新闻列表加载失败】
 WebCrawlerConsole.DoMain.Crawlername2017-11-22 10:33:28,280 [4] ERROR WebCrawlerConsole.DoMain.Crawler - 河南省环境保护厅-环境要闻采集异常,【新闻列表加载失败】
 WebCrawlerConsole.DoMain.Crawlername2017-11-22 10:33:28,344 [4] ERROR WebCrawlerConsole.DoMain.Crawler - 河南省环境保护厅-环境要闻采集异常,【新闻列表加载失败】
 WebCrawlerConsole.DoMain.Crawlername2017-11-22 10:33:28,407 [4] ERROR WebCrawlerConsole.DoMain.Crawler - 河南省环境保护厅-环境要闻采集异常,【新闻列表加载失败】
 WebCrawlerConsole.DoMain.Crawlername2017-11-22 10:33:28,470 [4] ERROR WebCrawlerConsole.DoMain.Crawler - 河南省环境保护厅-环境要闻采集异常,【新闻列表加载失败】
 WebCrawlerConsole.DoMain.Crawlername2017-11-22 10:33:28,533 [4] ERROR WebCrawlerConsole.DoMain.Crawler - 河南省环境保护厅-环境要闻采集异常,【新闻列表加载失败】
 WebCrawlerConsole.DoMain.Crawlername2017-11-22 10:33:28,597 [4] ERROR WebCrawlerConsole.DoMain.Crawler - 河南省环境保护厅-环境要闻采集异常,【新闻列表加载失败】
 WebCrawlerConsole.DoMain.Crawlername2017-11-22 10:33:28,658 [4] ERROR WebCrawlerConsole.DoMain.Crawler - 河南省环境保护厅-环境要闻采集异常,【新闻列表加载失败】
 WebCrawlerConsole.DoMain.Crawlername2017-11-22 10:33:28,723 [4] ERROR WebCrawlerConsole.DoMain.Crawler - 河南省环境保护厅-环境要闻采集异常,【新闻列表加载失败】
 WebCrawlerConsole.DoMain.Crawlername2017-11-22 10:33:28,787 [4] ERROR WebCrawlerConsole.DoMain.Crawler - 河南省环境保护厅-环境要闻采集异常,【新闻列表加载失败】
 WebCrawlerConsole.DoMain.Crawlername2017-11-22 10:33:28,850 [4] ERROR WebCrawlerConsole.DoMain.Crawler - 河南省环境保护厅-环境要闻采集异常,【新闻列表加载失败】
 WebCrawlerConsole.DoMain.Crawlername2017-11-22 10:33:28,918 [4] ERROR WebCrawlerConsole.DoMain.Crawler - 河南省环境保护厅-环境要闻采集异常,【新闻列表加载失败】
 WebCrawlerConsole.DoMain.Crawlername2017-11-22 10:33:28,981 [4] ERROR WebCrawlerConsole.DoMain.Crawler - 河南省环境保护厅-环境要闻采集异常,【新闻列表加载失败】
 WebCrawlerConsole.DoMain.Crawlername2017-11-22 10:33:29,051 [4] ERROR WebCrawlerConsole.DoMain.Crawler - 河南省环境保护厅-环境要闻采集异常,【新闻列表加载失败】
 WebCrawlerConsole.DoMain.Crawlername2017-11-22 10:33:29,112 [4] ERROR WebCrawlerConsole.DoMain.Crawler - 河南省环境保护厅-环境要闻采集异常,【新闻列表加载失败】
 WebCrawlerConsole.DoMain.Crawlername2017-11-22 10:33:29,177 [4] ERROR WebCrawlerConsole.DoMain.Crawler - 河南省环境保护厅-环境要闻采集异常,【新闻列表加载失败】
 WebCrawlerConsole.DoMain.Crawlername2017-11-22 10:33:29,252 [4] ERROR WebCrawlerConsole.DoMain.Crawler - 河南省环境保护厅-环境要闻采集异常,【新闻列表加载失败】
 WebCrawlerConsole.DoMain.Crawlername2017-11-22 10:33:29,314 [4] ERROR WebCrawlerConsole.DoMain.Crawler - 河南省环境保护厅-环境要闻采集异常,【新闻列表加载失败】
 WebCrawlerConsole.DoMain.Crawlername2017-11-22 10:33:29,381 [4] ERROR WebCrawlerConsole.DoMain.Crawler - 河南省环境保护厅-环境要闻采集异常,【新闻列表加载失败】
 WebCrawlerConsole.DoMain.Crawlername2017-11-22 10:33:29,460 [4] ERROR WebCrawlerConsole.DoMain.Crawler - 河南省环境保护厅-环境要闻采集异常,【新闻列表加载失败】
 WebCrawlerConsole.DoMain.Crawlername2017-11-22 10:33:29,525 [4] ERROR WebCrawlerConsole.DoMain.Crawler - 河南省环境保护厅-环境要闻采集异常,【新闻列表加载失败】
 WebCrawlerConsole.DoMain.Crawlername2017-11-22 10:33:29,590 [4] ERROR WebCrawlerConsole.DoMain.Crawler - 河南省环境保护厅-环境要闻采集异常,【新闻列表加载失败】
 WebCrawlerConsole.DoMain.Crawlername2017-11-22 10:33:29,655 [4] ERROR WebCrawlerConsole.DoMain.Crawler - 河南省环境保护厅-环境要闻采集异常,【新闻列表加载失败】
 WebCrawlerConsole.DoMain.Crawlername2017-11-22 10:33:29,721 [4] ERROR WebCrawlerConsole.DoMain.Crawler - 河南省环境保护厅-环境要闻采集异常,【新闻列表加载失败】
 WebCrawlerConsole.DoMain.Crawlername2017-11-22 10:33:29,787 [4] ERROR WebCrawlerConsole.DoMain.Crawler - 河南省环境保护厅-环境要闻采集异常,【新闻列表加载失败】
 WebCrawlerConsole.DoMain.Crawlername2017-11-22 10:33:29,855 [4] ERROR WebCrawlerConsole.DoMain.Crawler - 河南省环境保护厅-环境要闻采集异常,【新闻列表加载失败】
 WebCrawlerConsole.DoMain.Crawlername2017-11-22 10:33:29,922 [4] ERROR WebCrawlerConsole.DoMain.Crawler - 河南省环境保护厅-环境要闻采集异常,【新闻列表加载失败】
 WebCrawlerConsole.DoMain.Crawlername2017-11-22 10:33:29,994 [4] ERROR WebCrawlerConsole.DoMain.Crawler - 河南省环境保护厅-环境要闻采集异常,【新闻列表加载失败】
 WebCrawlerConsole.DoMain.Crawlername2017-11-22 10:33:30,060 [4] ERROR WebCrawlerConsole.DoMain.Crawler - 河南省环境保护厅-环境要闻采集异常,【新闻列表加载失败】
 WebCrawlerConsole.DoMain.Crawlername2017-11-22 10:33:30,123 [4] ERROR WebCrawlerConsole.DoMain.Crawler - 河南省环境保护厅-环境要闻采集异常,【新闻列表加载失败】
 WebCrawlerConsole.DoMain.Crawlername2017-11-22 10:33:30,187 [4] ERROR WebCrawlerConsole.DoMain.Crawler - 河南省环境保护厅-环境要闻采集异常,【新闻列表加载失败】
 WebCrawlerConsole.DoMain.Crawlername2017-11-22 10:33:30,249 [4] ERROR WebCrawlerConsole.DoMain.Crawler - 河南省环境保护厅-环境要闻采集异常,【新闻列表加载失败】
 WebCrawlerConsole.DoMain.Crawlername2017-11-22 10:33:30,314 [4] ERROR WebCrawlerConsole.DoMain.Crawler - 河南省环境保护厅-环境要闻采集异常,【新闻列表加载失败】
 WebCrawlerConsole.DoMain.Crawlername2017-11-22 10:33:30,378 [4] ERROR WebCrawlerConsole.DoMain.Crawler - 河南省环境保护厅-环境要闻采集异常,【新闻列表加载失败】
 WebCrawlerConsole.DoMain.Crawlername2017-11-22 10:33:30,444 [4] ERROR WebCrawlerConsole.DoMain.Crawler - 河南省环境保护厅-环境要闻采集异常,【新闻列表加载失败】
 WebCrawlerConsole.DoMain.Crawlername2017-11-22 10:33:30,508 [4] ERROR WebCrawlerConsole.DoMain.Crawler - 河南省环境保护厅-环境要闻采集异常,【新闻列表加载失败】
 WebCrawlerConsole.DoMain.Crawlername2017-11-22 10:33:30,571 [4] ERROR WebCrawlerConsole.DoMain.Crawler - 河南省环境保护厅-环境要闻采集异常,【新闻列表加载失败】
 WebCrawlerConsole.DoMain.Crawlername2017-11-22 10:33:30,634 [4] ERROR WebCrawlerConsole.DoMain.Crawler - 河南省环境保护厅-环境要闻采集异常,【新闻列表加载失败】
 WebCrawlerConsole.DoMain.Crawlername2017-11-22 10:33:30,701 [4] ERROR WebCrawlerConsole.DoMain.Crawler - 河南省环境保护厅-环境要闻采集异常,【新闻列表加载失败】
 WebCrawlerConsole.DoMain.Crawlername2017-11-22 10:33:30,766 [4] ERROR WebCrawlerConsole.DoMain.Crawler - 河南省环境保护厅-环境要闻采集异常,【新闻列表加载失败】
 WebCrawlerConsole.DoMain.Crawlername2017-11-22 10:33:30,833 [4] ERROR WebCrawlerConsole.DoMain.Crawler - 河南省环境保护厅-环境要闻采集异常,【新闻列表加载失败】
 WebCrawlerConsole.DoMain.Crawlername2017-11-22 10:33:30,900 [4] ERROR WebCrawlerConsole.DoMain.Crawler - 河南省环境保护厅-环境要闻采集异常,【新闻列表加载失败】
 WebCrawlerConsole.DoMain.Crawlername2017-11-22 10:33:30,963 [4] ERROR WebCrawlerConsole.DoMain.Crawler - 河南省环境保护厅-环境要闻采集异常,【新闻列表加载失败】
 WebCrawlerConsole.DoMain.Crawlername2017-11-22 10:33:31,030 [4] ERROR WebCrawlerConsole.DoMain.Crawler - 河南省环境保护厅-环境要闻采集异常,【新闻列表加载失败】
 WebCrawlerConsole.DoMain.Crawlername2017-11-22 10:33:31,098 [4] ERROR WebCrawlerConsole.DoMain.Crawler - 河南省环境保护厅-环境要闻采集异常,【新闻列表加载失败】
 WebCrawlerConsole.DoMain.Crawlername2017-11-22 10:33:31,166 [4] ERROR WebCrawlerConsole.DoMain.Crawler - 河南省环境保护厅-环境要闻采集异常,【新闻列表加载失败】
 WebCrawlerConsole.DoMain.Crawlername2017-11-22 10:33:31,229 [4] ERROR WebCrawlerConsole.DoMain.Crawler - 河南省环境保护厅-环境要闻采集异常,【新闻列表加载失败】
 WebCrawlerConsole.DoMain.Crawlername2017-11-22 10:33:31,293 [4] ERROR WebCrawlerConsole.DoMain.Crawler - 河南省环境保护厅-环境要闻采集异常,【新闻列表加载失败】
 WebCrawlerConsole.DoMain.Crawlername2017-11-22 10:33:31,364 [4] ERROR WebCrawlerConsole.DoMain.Crawler - 河南省环境保护厅-环境要闻采集异常,【新闻列表加载失败】
 WebCrawlerConsole.DoMain.Crawlername2017-11-22 10:33:31,429 [4] ERROR WebCrawlerConsole.DoMain.Crawler - 河南省环境保护厅-环境要闻采集异常,【新闻列表加载失败】
 WebCrawlerConsole.DoMain.Crawlername2017-11-22 10:33:31,493 [4] ERROR WebCrawlerConsole.DoMain.Crawler - 河南省环境保护厅-环境要闻采集异常,【新闻列表加载失败】
 WebCrawlerConsole.DoMain.Crawlername2017-11-22 10:33:31,555 [4] ERROR WebCrawlerConsole.DoMain.Crawler - 河南省环境保护厅-环境要闻采集异常,【新闻列表加载失败】
 WebCrawlerConsole.DoMain.Crawlername2017-11-22 10:33:31,617 [4] ERROR WebCrawlerConsole.DoMain.Crawler - 河南省环境保护厅-环境要闻采集异常,【新闻列表加载失败】
 WebCrawlerConsole.DoMain.Crawlername2017-11-22 10:33:31,681 [4] ERROR WebCrawlerConsole.DoMain.Crawler - 河南省环境保护厅-环境要闻采集异常,【新闻列表加载失败】
 WebCrawlerConsole.DoMain.Crawlername2017-11-22 10:33:31,745 [4] ERROR WebCrawlerConsole.DoMain.Crawler - 河南省环境保护厅-环境要闻采集异常,【新闻列表加载失败】
 WebCrawlerConsole.DoMain.Crawlername2017-11-22 10:33:31,810 [4] ERROR WebCrawlerConsole.DoMain.Crawler - 河南省环境保护厅-环境要闻采集异常,【新闻列表加载失败】
 WebCrawlerConsole.DoMain.Crawlername2017-11-22 10:33:31,874 [4] ERROR WebCrawlerConsole.DoMain.Crawler - 河南省环境保护厅-环境要闻采集异常,【新闻列表加载失败】
 WebCrawlerConsole.DoMain.Crawlername2017-11-22 10:33:31,938 [4] ERROR WebCrawlerConsole.DoMain.Crawler - 河南省环境保护厅-环境要闻采集异常,【新闻列表加载失败】
 WebCrawlerConsole.DoMain.Crawlername2017-11-22 10:33:32,001 [4] ERROR WebCrawlerConsole.DoMain.Crawler - 河南省环境保护厅-环境要闻采集异常,【新闻列表加载失败】
 WebCrawlerConsole.DoMain.Crawlername2017-11-22 10:33:32,072 [4] ERROR WebCrawlerConsole.DoMain.Crawler - 河南省环境保护厅-环境要闻采集异常,【新闻列表加载失败】
 WebCrawlerConsole.DoMain.Crawlername2017-11-22 10:33:32,214 [4] ERROR WebCrawlerConsole.DoMain.Crawler - 河南省环境保护厅-环境要闻采集异常,【新闻列表加载失败】
 WebCrawlerConsole.DoMain.Crawlername2017-11-22 10:33:32,304 [4] ERROR WebCrawlerConsole.DoMain.Crawler - 河南省环境保护厅-环境要闻采集异常,【新闻列表加载失败】
 WebCrawlerConsole.DoMain.Crawlername2017-11-22 10:33:32,471 [4] ERROR WebCrawlerConsole.DoMain.Crawler - 河南省环境保护厅-环境要闻采集异常,【新闻列表加载失败】
 WebCrawlerConsole.DoMain.Crawlername2017-11-22 10:33:32,561 [4] ERROR WebCrawlerConsole.DoMain.Crawler - 河南省环境保护厅-环境要闻采集异常,【新闻列表加载失败】
 WebCrawlerConsole.DoMain.Crawlername2017-11-22 10:33:32,754 [4] ERROR WebCrawlerConsole.DoMain.Crawler - 河南省环境保护厅-环境要闻采集异常,【新闻列表加载失败】
 WebCrawlerConsole.DoMain.Crawlername2017-11-22 10:33:32,894 [4] ERROR WebCrawlerConsole.DoMain.Crawler - 河南省环境保护厅-环境要闻采集异常,【新闻列表加载失败】
 WebCrawlerConsole.DoMain.Crawlername2017-11-22 10:33:33,002 [4] ERROR WebCrawlerConsole.DoMain.Crawler - 河南省环境保护厅-环境要闻采集异常,【新闻列表加载失败】
 WebCrawlerConsole.DoMain.Crawlername2017-11-22 10:33:33,082 [4] ERROR WebCrawlerConsole.DoMain.Crawler - 河南省环境保护厅-环境要闻采集异常,【新闻列表加载失败】
 WebCrawlerConsole.DoMain.Crawlername2017-11-22 10:33:33,291 [4] ERROR WebCrawlerConsole.DoMain.Crawler - 河南省环境保护厅-环境要闻采集异常,【新闻列表加载失败】
 WebCrawlerConsole.DoMain.Crawlername2017-11-22 10:33:33,363 [4] ERROR WebCrawlerConsole.DoMain.Crawler - 河南省环境保护厅-环境要闻采集异常,【新闻列表加载失败】
 WebCrawlerConsole.DoMain.Crawlername2017-11-22 10:33:33,426 [4] ERROR WebCrawlerConsole.DoMain.Crawler - 河南省环境保护厅-环境要闻采集异常,【新闻列表加载失败】
 WebCrawlerConsole.DoMain.Crawlername2017-11-22 10:33:33,488 [4] ERROR WebCrawlerConsole.DoMain.Crawler - 河南省环境保护厅-环境要闻采集异常,【新闻列表加载失败】
 WebCrawlerConsole.DoMain.Crawlername2017-11-22 10:33:33,559 [4] ERROR WebCrawlerConsole.DoMain.Crawler - 河南省环境保护厅-环境要闻采集异常,【新闻列表加载失败】
 WebCrawlerConsole.DoMain.Crawlername2017-11-22 10:33:33,622 [4] ERROR WebCrawlerConsole.DoMain.Crawler - 河南省环境保护厅-环境要闻采集异常,【新闻列表加载失败】
 WebCrawlerConsole.DoMain.Crawlername2017-11-22 10:33:33,686 [4] ERROR WebCrawlerConsole.DoMain.Crawler - 河南省环境保护厅-环境要闻采集异常,【新闻列表加载失败】
 WebCrawlerConsole.DoMain.Crawlername2017-11-22 10:33:33,753 [4] ERROR WebCrawlerConsole.DoMain.Crawler - 河南省环境保护厅-环境要闻采集异常,【新闻列表加载失败】
 WebCrawlerConsole.DoMain.Crawlername2017-11-22 10:33:33,819 [4] ERROR WebCrawlerConsole.DoMain.Crawler - 河南省环境保护厅-环境要闻采集异常,【新闻列表加载失败】
 WebCrawlerConsole.DoMain.Crawlername2017-11-22 10:33:33,884 [4] ERROR WebCrawlerConsole.DoMain.Crawler - 河南省环境保护厅-环境要闻采集异常,【新闻列表加载失败】
 WebCrawlerConsole.DoMain.Crawlername2017-11-22 10:33:33,952 [4] ERROR WebCrawlerConsole.DoMain.Crawler - 河南省环境保护厅-环境要闻采集异常,【新闻列表加载失败】
 WebCrawlerConsole.DoMain.Crawlername2017-11-22 10:33:34,017 [4] ERROR WebCrawlerConsole.DoMain.Crawler - 河南省环境保护厅-环境要闻采集异常,【新闻列表加载失败】
 WebCrawlerConsole.DoMain.Crawlername2017-11-22 10:33:34,085 [4] ERROR WebCrawlerConsole.DoMain.Crawler - 河南省环境保护厅-环境要闻采集异常,【新闻列表加载失败】
 WebCrawlerConsole.DoMain.Crawlername2017-11-22 10:33:34,147 [4] ERROR WebCrawlerConsole.DoMain.Crawler - 河南省环境保护厅-环境要闻采集异常,【新闻列表加载失败】
 WebCrawlerConsole.DoMain.Crawlername2017-11-22 10:33:34,215 [4] ERROR WebCrawlerConsole.DoMain.Crawler - 河南省环境保护厅-环境要闻采集异常,【新闻列表加载失败】
 WebCrawlerConsole.DoMain.Crawlername2017-11-22 10:33:34,280 [4] ERROR WebCrawlerConsole.DoMain.Crawler - 河南省环境保护厅-环境要闻采集异常,【新闻列表加载失败】
 WebCrawlerConsole.DoMain.Crawlername2017-11-22 10:33:34,344 [4] ERROR WebCrawlerConsole.DoMain.Crawler - 河南省环境保护厅-环境要闻采集异常,【新闻列表加载失败】
 WebCrawlerConsole.DoMain.Crawlername2017-11-22 10:33:34,407 [4] ERROR WebCrawlerConsole.DoMain.Crawler - 河南省环境保护厅-环境要闻采集异常,【新闻列表加载失败】
 WebCrawlerConsole.DoMain.Crawlername2017-11-22 10:33:34,471 [4] ERROR WebCrawlerConsole.DoMain.Crawler - 河南省环境保护厅-环境要闻采集异常,【新闻列表加载失败】
 WebCrawlerConsole.DoMain.Crawlername2017-11-22 10:33:34,534 [4] ERROR WebCrawlerConsole.DoMain.Crawler - 河南省环境保护厅-环境要闻采集异常,【新闻列表加载失败】
 WebCrawlerConsole.DoMain.Crawlername2017-11-22 10:33:34,596 [4] ERROR WebCrawlerConsole.DoMain.Crawler - 河南省环境保护厅-环境要闻采集异常,【新闻列表加载失败】
 WebCrawlerConsole.DoMain.Crawlername2017-11-22 10:33:34,660 [4] ERROR WebCrawlerConsole.DoMain.Crawler - 河南省环境保护厅-环境要闻采集异常,【新闻列表加载失败】
 WebCrawlerConsole.DoMain.Crawlername2017-11-22 10:33:34,722 [4] ERROR WebCrawlerConsole.DoMain.Crawler - 河南省环境保护厅-环境要闻采集异常,【新闻列表加载失败】
 WebCrawlerConsole.DoMain.Crawlername2017-11-22 10:33:34,790 [4] ERROR WebCrawlerConsole.DoMain.Crawler - 河南省环境保护厅-环境要闻采集异常,【新闻列表加载失败】
 WebCrawlerConsole.DoMain.Crawlername2017-11-22 10:33:34,878 [4] ERROR WebCrawlerConsole.DoMain.Crawler - 河南省环境保护厅-环境要闻采集异常,【新闻列表加载失败】
 WebCrawlerConsole.DoMain.Crawlername2017-11-22 10:33:34,941 [4] ERROR WebCrawlerConsole.DoMain.Crawler - 河南省环境保护厅-环境要闻采集异常,【新闻列表加载失败】
 WebCrawlerConsole.DoMain.Crawlername2017-11-22 10:33:35,002 [4] ERROR WebCrawlerConsole.DoMain.Crawler - 河南省环境保护厅-环境要闻采集异常,【新闻列表加载失败】
 WebCrawlerConsole.DoMain.Crawlername2017-11-22 10:33:35,064 [4] ERROR WebCrawlerConsole.DoMain.Crawler - 河南省环境保护厅-环境要闻采集异常,【新闻列表加载失败】
 WebCrawlerConsole.DoMain.Crawlername2017-11-22 10:33:35,131 [4] ERROR WebCrawlerConsole.DoMain.Crawler - 河南省环境保护厅-环境要闻采集异常,【新闻列表加载失败】
 WebCrawlerConsole.DoMain.Crawlername2017-11-22 10:33:35,196 [4] ERROR WebCrawlerConsole.DoMain.Crawler - 河南省环境保护厅-环境要闻采集异常,【新闻列表加载失败】
 WebCrawlerConsole.DoMain.Crawlername2017-11-22 10:33:35,260 [4] ERROR WebCrawlerConsole.DoMain.Crawler - 河南省环境保护厅-环境要闻采集异常,【新闻列表加载失败】
 WebCrawlerConsole.DoMain.Crawlername2017-11-22 10:33:35,323 [4] ERROR WebCrawlerConsole.DoMain.Crawler - 河南省环境保护厅-环境要闻采集异常,【新闻列表加载失败】
 WebCrawlerConsole.DoMain.Crawlername2017-11-22 10:33:35,390 [4] ERROR WebCrawlerConsole.DoMain.Crawler - 河南省环境保护厅-环境要闻采集异常,【新闻列表加载失败】
 WebCrawlerConsole.DoMain.Crawlername2017-11-22 10:33:35,454 [4] ERROR WebCrawlerConsole.DoMain.Crawler - 河南省环境保护厅-环境要闻采集异常,【新闻列表加载失败】
 WebCrawlerConsole.DoMain.Crawlername2017-11-22 10:33:35,518 [4] ERROR WebCrawlerConsole.DoMain.Crawler - 河南省环境保护厅-环境要闻采集异常,【新闻列表加载失败】
 WebCrawlerConsole.DoMain.Crawlername2017-11-22 10:33:35,585 [4] ERROR WebCrawlerConsole.DoMain.Crawler - 河南省环境保护厅-环境要闻采集异常,【新闻列表加载失败】
 WebCrawlerConsole.DoMain.Crawlername2017-11-22 10:33:35,653 [4] ERROR WebCrawlerConsole.DoMain.Crawler - 河南省环境保护厅-环境要闻采集异常,【新闻列表加载失败】
 WebCrawlerConsole.DoMain.Crawlername2017-11-22 10:33:35,718 [4] ERROR WebCrawlerConsole.DoMain.Crawler - 河南省环境保护厅-环境要闻采集异常,【新闻列表加载失败】
 WebCrawlerConsole.DoMain.Crawlername2017-11-22 10:33:35,792 [4] ERROR WebCrawlerConsole.DoMain.Crawler - 河南省环境保护厅-环境要闻采集异常,【新闻列表加载失败】
 WebCrawlerConsole.DoMain.Crawlername2017-11-22 10:33:35,857 [4] ERROR WebCrawlerConsole.DoMain.Crawler - 河南省环境保护厅-环境要闻采集异常,【新闻列表加载失败】
 WebCrawlerConsole.DoMain.Crawlername2017-11-22 10:33:35,920 [4] ERROR WebCrawlerConsole.DoMain.Crawler - 河南省环境保护厅-环境要闻采集异常,【新闻列表加载失败】
 WebCrawlerConsole.DoMain.Crawlername2017-11-22 10:33:35,983 [4] ERROR WebCrawlerConsole.DoMain.Crawler - 河南省环境保护厅-环境要闻采集异常,【新闻列表加载失败】
 WebCrawlerConsole.DoMain.Crawlername2017-11-22 10:33:36,049 [4] ERROR WebCrawlerConsole.DoMain.Crawler - 河南省环境保护厅-环境要闻采集异常,【新闻列表加载失败】
 WebCrawlerConsole.DoMain.Crawlername2017-11-22 10:33:36,111 [4] ERROR WebCrawlerConsole.DoMain.Crawler - 河南省环境保护厅-环境要闻采集异常,【新闻列表加载失败】
 WebCrawlerConsole.DoMain.Crawlername2017-11-22 10:33:36,180 [4] ERROR WebCrawlerConsole.DoMain.Crawler - 河南省环境保护厅-环境要闻采集异常,【新闻列表加载失败】
 WebCrawlerConsole.DoMain.Crawlername2017-11-22 10:33:36,243 [4] ERROR WebCrawlerConsole.DoMain.Crawler - 河南省环境保护厅-环境要闻采集异常,【新闻列表加载失败】
 WebCrawlerConsole.DoMain.Crawlername2017-11-22 10:33:36,307 [4] ERROR WebCrawlerConsole.DoMain.Crawler - 河南省环境保护厅-环境要闻采集异常,【新闻列表加载失败】
 WebCrawlerConsole.DoMain.Crawlername2017-11-22 10:33:36,374 [4] ERROR WebCrawlerConsole.DoMain.Crawler - 河南省环境保护厅-环境要闻采集异常,【新闻列表加载失败】
 WebCrawlerConsole.DoMain.Crawlername2017-11-22 10:33:36,444 [4] ERROR WebCrawlerConsole.DoMain.Crawler - 河南省环境保护厅-环境要闻采集异常,【新闻列表加载失败】
 WebCrawlerConsole.DoMain.Crawlername2017-11-22 10:33:36,508 [4] ERROR WebCrawlerConsole.DoMain.Crawler - 河南省环境保护厅-环境要闻采集异常,【新闻列表加载失败】
 WebCrawlerConsole.DoMain.Crawlername2017-11-22 10:33:36,571 [4] ERROR WebCrawlerConsole.DoMain.Crawler - 河南省环境保护厅-环境要闻采集异常,【新闻列表加载失败】
 WebCrawlerConsole.DoMain.Crawlername2017-11-22 10:33:36,652 [4] ERROR WebCrawlerConsole.DoMain.Crawler - 河南省环境保护厅-环境要闻采集异常,【新闻列表加载失败】
 WebCrawlerConsole.DoMain.Crawlername2017-11-22 10:33:36,716 [4] ERROR WebCrawlerConsole.DoMain.Crawler - 河南省环境保护厅-环境要闻采集异常,【新闻列表加载失败】
 WebCrawlerConsole.DoMain.Crawlername2017-11-22 10:33:36,781 [4] ERROR WebCrawlerConsole.DoMain.Crawler - 河南省环境保护厅-环境要闻采集异常,【新闻列表加载失败】
 WebCrawlerConsole.DoMain.Crawlername2017-11-22 10:33:36,851 [4] ERROR WebCrawlerConsole.DoMain.Crawler - 河南省环境保护厅-环境要闻采集异常,【新闻列表加载失败】
 WebCrawlerConsole.DoMain.Crawlername2017-11-22 10:33:36,915 [4] ERROR WebCrawlerConsole.DoMain.Crawler - 河南省环境保护厅-环境要闻采集异常,【新闻列表加载失败】
 WebCrawlerConsole.DoMain.Crawlername2017-11-22 10:33:36,979 [4] ERROR WebCrawlerConsole.DoMain.Crawler - 河南省环境保护厅-环境要闻采集异常,【新闻列表加载失败】
 WebCrawlerConsole.DoMain.Crawlername2017-11-22 10:33:37,044 [4] ERROR WebCrawlerConsole.DoMain.Crawler - 河南省环境保护厅-环境要闻采集异常,【新闻列表加载失败】
 WebCrawlerConsole.DoMain.Crawlername2017-11-22 10:33:37,110 [4] ERROR WebCrawlerConsole.DoMain.Crawler - 河南省环境保护厅-环境要闻采集异常,【新闻列表加载失败】
 WebCrawlerConsole.DoMain.Crawlername2017-11-22 10:33:37,176 [4] ERROR WebCrawlerConsole.DoMain.Crawler - 河南省环境保护厅-环境要闻采集异常,【新闻列表加载失败】
 WebCrawlerConsole.DoMain.Crawlername2017-11-22 10:33:37,249 [4] ERROR WebCrawlerConsole.DoMain.Crawler - 河南省环境保护厅-环境要闻采集异常,【新闻列表加载失败】
 WebCrawlerConsole.DoMain.Crawlername2017-11-22 10:33:37,314 [4] ERROR WebCrawlerConsole.DoMain.Crawler - 河南省环境保护厅-环境要闻采集异常,【新闻列表加载失败】
 WebCrawlerConsole.DoMain.Crawlername2017-11-22 10:33:37,379 [4] ERROR WebCrawlerConsole.DoMain.Crawler - 河南省环境保护厅-环境要闻采集异常,【新闻列表加载失败】
 WebCrawlerConsole.DoMain.Crawlername2017-11-22 10:33:37,442 [4] ERROR WebCrawlerConsole.DoMain.Crawler - 河南省环境保护厅-环境要闻采集异常,【新闻列表加载失败】
 WebCrawlerConsole.DoMain.Crawlername2017-11-22 10:33:37,509 [4] ERROR WebCrawlerConsole.DoMain.Crawler - 河南省环境保护厅-环境要闻采集异常,【新闻列表加载失败】
 WebCrawlerConsole.DoMain.Crawlername2017-11-22 10:33:37,573 [4] ERROR WebCrawlerConsole.DoMain.Crawler - 河南省环境保护厅-环境要闻采集异常,【新闻列表加载失败】
 WebCrawlerConsole.DoMain.Crawlername2017-11-22 10:33:37,637 [4] ERROR WebCrawlerConsole.DoMain.Crawler - 河南省环境保护厅-环境要闻采集异常,【新闻列表加载失败】
 WebCrawlerConsole.DoMain.Crawlername2017-11-22 10:33:37,701 [4] ERROR WebCrawlerConsole.DoMain.Crawler - 河南省环境保护厅-环境要闻采集异常,【新闻列表加载失败】
 WebCrawlerConsole.DoMain.Crawlername2017-11-22 10:33:37,766 [4] ERROR WebCrawlerConsole.DoMain.Crawler - 河南省环境保护厅-环境要闻采集异常,【新闻列表加载失败】
 WebCrawlerConsole.DoMain.Crawlername2017-11-22 10:33:37,828 [4] ERROR WebCrawlerConsole.DoMain.Crawler - 河南省环境保护厅-环境要闻采集异常,【新闻列表加载失败】
 WebCrawlerConsole.DoMain.Crawlername2017-11-22 10:33:37,891 [4] ERROR WebCrawlerConsole.DoMain.Crawler - 河南省环境保护厅-环境要闻采集异常,【新闻列表加载失败】
 WebCrawlerConsole.DoMain.Crawlername2017-11-22 10:33:37,954 [4] ERROR WebCrawlerConsole.DoMain.Crawler - 河南省环境保护厅-环境要闻采集异常,【新闻列表加载失败】
 WebCrawlerConsole.DoMain.Crawlername2017-11-22 10:33:38,020 [4] ERROR WebCrawlerConsole.DoMain.Crawler - 河南省环境保护厅-环境要闻采集异常,【新闻列表加载失败】
 WebCrawlerConsole.DoMain.Crawlername2017-11-22 10:33:38,086 [4] ERROR WebCrawlerConsole.DoMain.Crawler - 河南省环境保护厅-环境要闻采集异常,【新闻列表加载失败】
 WebCrawlerConsole.DoMain.Crawlername2017-11-22 10:33:38,151 [4] ERROR WebCrawlerConsole.DoMain.Crawler - 河南省环境保护厅-环境要闻采集异常,【新闻列表加载失败】
 WebCrawlerConsole.DoMain.Crawlername2017-11-22 10:33:38,215 [4] ERROR WebCrawlerConsole.DoMain.Crawler - 河南省环境保护厅-环境要闻采集异常,【新闻列表加载失败】
 WebCrawlerConsole.DoMain.Crawlername2017-11-22 10:33:38,283 [4] ERROR WebCrawlerConsole.DoMain.Crawler - 河南省环境保护厅-环境要闻采集异常,【新闻列表加载失败】
 WebCrawlerConsole.DoMain.Crawlername2017-11-22 10:33:38,345 [4] ERROR WebCrawlerConsole.DoMain.Crawler - 河南省环境保护厅-环境要闻采集异常,【新闻列表加载失败】
 WebCrawlerConsole.DoMain.Crawlername2017-11-22 10:33:39,959 [4] ERROR WebCrawlerConsole.DoMain.Crawler - 河南省环境保护厅-环境要闻采集异常,【新闻列表加载失败】
 WebCrawlerConsole.DoMain.Crawlername2017-11-22 10:33:40,024 [4] ERROR WebCrawlerConsole.DoMain.Crawler - 河南省环境保护厅-环境要闻采集异常,【新闻列表加载失败】
 WebCrawlerConsole.DoMain.Crawlername2017-11-22 10:33:40,086 [4] ERROR WebCrawlerConsole.DoMain.Crawler - 河南省环境保护厅-环境要闻采集异常,【新闻列表加载失败】
 WebCrawlerConsole.DoMain.Crawlername2017-11-22 10:33:40,153 [4] ERROR WebCrawlerConsole.DoMain.Crawler - 河南省环境保护厅-环境要闻采集异常,【新闻列表加载失败】
 WebCrawlerConsole.DoMain.Crawlername2017-11-22 10:33:40,217 [4] ERROR WebCrawlerConsole.DoMain.Crawler - 河南省环境保护厅-环境要闻采集异常,【新闻列表加载失败】
 WebCrawlerConsole.DoMain.Crawlername2017-11-22 10:33:40,281 [4] ERROR WebCrawlerConsole.DoMain.Crawler - 河南省环境保护厅-环境要闻采集异常,【新闻列表加载失败】
 WebCrawlerConsole.DoMain.Crawlername2017-11-22 10:33:40,343 [4] ERROR WebCrawlerConsole.DoMain.Crawler - 河南省环境保护厅-环境要闻采集异常,【新闻列表加载失败】
 WebCrawlerConsole.DoMain.Crawlername2017-11-22 10:33:40,415 [4] ERROR WebCrawlerConsole.DoMain.Crawler - 河南省环境保护厅-环境要闻采集异常,【新闻列表加载失败】
 WebCrawlerConsole.DoMain.Crawlername2017-11-22 10:33:40,476 [4] ERROR WebCrawlerConsole.DoMain.Crawler - 河南省环境保护厅-环境要闻采集异常,【新闻列表加载失败】
 WebCrawlerConsole.DoMain.Crawlername2017-11-22 10:33:40,535 [4] ERROR WebCrawlerConsole.DoMain.Crawler - 河南省环境保护厅-环境要闻采集异常,【新闻列表加载失败】
 WebCrawlerConsole.DoMain.Crawlername2017-11-22 10:33:40,592 [4] ERROR WebCrawlerConsole.DoMain.Crawler - 河南省环境保护厅-环境要闻采集异常,【新闻列表加载失败】
 WebCrawlerConsole.DoMain.Crawlername2017-11-22 10:33:40,649 [4] ERROR WebCrawlerConsole.DoMain.Crawler - 河南省环境保护厅-环境要闻采集异常,【新闻列表加载失败】
 WebCrawlerConsole.DoMain.Crawlername2017-11-22 10:33:40,710 [4] ERROR WebCrawlerConsole.DoMain.Crawler - 河南省环境保护厅-环境要闻采集异常,【新闻列表加载失败】
 WebCrawlerConsole.DoMain.Crawlername2017-11-22 10:33:40,784 [4] ERROR WebCrawlerConsole.DoMain.Crawler - 河南省环境保护厅-环境要闻采集异常,【新闻列表加载失败】
 WebCrawlerConsole.DoMain.Crawlername2017-11-22 10:33:40,846 [4] ERROR WebCrawlerConsole.DoMain.Crawler - 河南省环境保护厅-环境要闻采集异常,【新闻列表加载失败】
 WebCrawlerConsole.DoMain.Crawlername2017-11-22 10:33:40,910 [4] ERROR WebCrawlerConsole.DoMain.Crawler - 河南省环境保护厅-环境要闻采集异常,【新闻列表加载失败】
 WebCrawlerConsole.DoMain.Crawlername2017-11-22 10:33:40,977 [4] ERROR WebCrawlerConsole.DoMain.Crawler - 河南省环境保护厅-环境要闻采集异常,【新闻列表加载失败】
 WebCrawlerConsole.DoMain.Crawlername2017-11-22 10:33:41,043 [4] ERROR WebCrawlerConsole.DoMain.Crawler - 河南省环境保护厅-环境要闻采集异常,【新闻列表加载失败】
 WebCrawlerConsole.DoMain.Crawlername2017-11-22 10:33:41,156 [4] ERROR WebCrawlerConsole.DoMain.Crawler - 河南省环境保护厅-环境要闻采集异常,【新闻列表加载失败】
 WebCrawlerConsole.DoMain.Crawlername2017-11-22 10:33:41,697 [4] ERROR WebCrawlerConsole.DoMain.Crawler - 河南省环境保护厅-环境要闻采集异常,【新闻列表加载失败】
 WebCrawlerConsole.DoMain.Crawlername2017-11-22 10:33:42,949 [4] ERROR WebCrawlerConsole.DoMain.Crawler - 河南省环境保护厅-环境要闻采集异常,【新闻列表加载失败】
 WebCrawlerConsole.DoMain.Crawlername2017-11-22 10:33:43,129 [4] ERROR WebCrawlerConsole.DoMain.Crawler - 河南省环境保护厅-环境要闻采集异常,【新闻列表加载失败】
 WebCrawlerConsole.DoMain.Crawlername2017-11-22 10:33:43,195 [4] ERROR WebCrawlerConsole.DoMain.Crawler - 河南省环境保护厅-环境要闻采集异常,【新闻列表加载失败】
 WebCrawlerConsole.DoMain.Crawlername2017-11-22 10:33:43,259 [4] ERROR WebCrawlerConsole.DoMain.Crawler - 河南省环境保护厅-环境要闻采集异常,【新闻列表加载失败】
 WebCrawlerConsole.DoMain.Crawlername2017-11-22 10:33:43,321 [4] ERROR WebCrawlerConsole.DoMain.Crawler - 河南省环境保护厅-环境要闻采集异常,【新闻列表加载失败】
 WebCrawlerConsole.DoMain.Crawlername2017-11-22 10:33:43,389 [4] ERROR WebCrawlerConsole.DoMain.Crawler - 河南省环境保护厅-环境要闻采集异常,【新闻列表加载失败】
 WebCrawlerConsole.DoMain.Crawlername2017-11-22 10:33:43,457 [4] ERROR WebCrawlerConsole.DoMain.Crawler - 河南省环境保护厅-环境要闻采集异常,【新闻列表加载失败】
 WebCrawlerConsole.DoMain.Crawlername2017-11-22 10:33:43,519 [4] ERROR WebCrawlerConsole.DoMain.Crawler - 河南省环境保护厅-环境要闻采集异常,【新闻列表加载失败】
 WebCrawlerConsole.DoMain.Crawlername2017-11-22 10:33:43,585 [4] ERROR WebCrawlerConsole.DoMain.Crawler - 河南省环境保护厅-环境要闻采集异常,【新闻列表加载失败】
 WebCrawlerConsole.DoMain.Crawlername2017-11-22 10:33:43,654 [4] ERROR WebCrawlerConsole.DoMain.Crawler - 河南省环境保护厅-环境要闻采集异常,【新闻列表加载失败】
 WebCrawlerConsole.DoMain.Crawlername2017-11-22 10:33:43,734 [4] ERROR WebCrawlerConsole.DoMain.Crawler - 河南省环境保护厅-环境要闻采集异常,【新闻列表加载失败】
 WebCrawlerConsole.DoMain.Crawlername2017-11-22 10:33:43,796 [4] ERROR WebCrawlerConsole.DoMain.Crawler - 河南省环境保护厅-环境要闻采集异常,【新闻列表加载失败】
 WebCrawlerConsole.DoMain.Crawlername2017-11-22 10:33:43,871 [4] ERROR WebCrawlerConsole.DoMain.Crawler - 河南省环境保护厅-环境要闻采集异常,【新闻列表加载失败】
 WebCrawlerConsole.DoMain.Crawlername2017-11-22 10:33:43,872 [4] INFO  WebCrawlerConsole.DoMain.Crawler - 河南省环境保护厅-环境要闻,采集结束,共采集12条...共耗时30060毫秒********
 WebCrawlerConsole.DoMain.Crawlername2017-11-22 10:33:43,873 [4] INFO  WebCrawlerConsole.DoMain.Crawler - *******************************************************************************************
 WebCrawlerConsole.DoMain.Crawlername2017-11-22 10:33:45,315 [1] INFO  WebCrawler.Services.Program - 采集结束
 WebCrawler.Services.Programname2017-11-22 10:34:20,915 [1] INFO  WebCrawler.Services.Program - 文章采集系统开始...
 WebCrawler.Services.Programname2017-11-22 10:34:29,022 [4] INFO  WebCrawlerConsole.DoMain.Crawler - 河南省环境保护厅-环境要闻采集开始***************************
 WebCrawlerConsole.DoMain.Crawlername2017-11-22 10:34:33,444 [4] WARN  WebCrawlerConsole.DoMain.Crawler - 河南省环境保护厅-环境要闻,存在相同【标题】的文章:河南省组织开展环保法律法规深入城乡居民户大宣传暨大气污染源普查整治诸项专项行动
 WebCrawlerConsole.DoMain.Crawlername2017-11-22 10:34:35,275 [4] WARN  WebCrawlerConsole.DoMain.Crawler - 河南省环境保护厅-环境要闻,存在相同【标题】的文章:赵英民会见加拿大西蒙弗雷泽大学校长
 WebCrawlerConsole.DoMain.Crawlername2017-11-22 10:34:35,699 [4] WARN  WebCrawlerConsole.DoMain.Crawler - 河南省环境保护厅-环境要闻,存在相同【标题】的文章:两部委与四大央企共同签署备忘录 理顺基站环保管理机制，加强事中事后环保工作
 WebCrawlerConsole.DoMain.Crawlername2017-11-22 10:34:36,774 [4] WARN  WebCrawlerConsole.DoMain.Crawler - 河南省环境保护厅-环境要闻,存在相同【标题】的文章:“打好生态环保攻坚战”集体采访全文实录
 WebCrawlerConsole.DoMain.Crawlername2017-11-22 10:34:37,527 [4] WARN  WebCrawlerConsole.DoMain.Crawler - 河南省环境保护厅-环境要闻,存在相同【标题】的文章:河南省传输通道城市污染天气应对会商视频会议召开
 WebCrawlerConsole.DoMain.Crawlername2017-11-22 10:34:38,214 [4] WARN  WebCrawlerConsole.DoMain.Crawler - 河南省环境保护厅-环境要闻,存在相同【标题】的文章:省委省政府第一批环境保护督察组将进驻郑州市、安阳市、濮阳市
 WebCrawlerConsole.DoMain.Crawlername2017-11-22 10:34:39,125 [4] WARN  WebCrawlerConsole.DoMain.Crawler - 河南省环境保护厅-环境要闻,存在相同【标题】的文章:河南省委省政府第三环境保护督察组进驻濮阳市开展环保督察工作
 WebCrawlerConsole.DoMain.Crawlername2017-11-22 10:34:42,164 [4] WARN  WebCrawlerConsole.DoMain.Crawler - 河南省环境保护厅-环境要闻,存在相同【标题】的文章:《关于汞的水俣公约》第一次缔约方大会召开 翟青率中国代表团出席
 WebCrawlerConsole.DoMain.Crawlername2017-11-22 10:34:42,623 [4] WARN  WebCrawlerConsole.DoMain.Crawler - 河南省环境保护厅-环境要闻,存在相同【标题】的文章:树立标杆样板 发挥引领作用 环保部命名46个国家生态文明建设示范市县
 WebCrawlerConsole.DoMain.Crawlername2017-11-22 10:34:43,343 [4] WARN  WebCrawlerConsole.DoMain.Crawler - 河南省环境保护厅-环境要闻,存在相同【标题】的文章:第十五次东盟―中日韩环境部长会议召开 黄润秋率团出席会议
 WebCrawlerConsole.DoMain.Crawlername2017-11-22 10:34:44,241 [4] WARN  WebCrawlerConsole.DoMain.Crawler - 河南省环境保护厅-环境要闻,存在相同【标题】的文章:十二届全国人大常委会第二十九次会议在京召开 核安全法草案进入三审
 WebCrawlerConsole.DoMain.Crawlername2017-11-22 10:34:44,782 [4] WARN  WebCrawlerConsole.DoMain.Crawler - 河南省环境保护厅-环境要闻,存在相同【标题】的文章:中央第五环保督察组到成都督察边督边改工作 强化问题整改质量 不断提升群众获得感
 WebCrawlerConsole.DoMain.Crawlername2017-11-22 10:34:44,786 [4] WARN  WebCrawlerConsole.DoMain.Crawler - 河南省环境保护厅-环境要闻,新闻内容已到上一次最后采集新闻,结束采集
 WebCrawlerConsole.DoMain.Crawlername2017-11-22 10:34:45,366 [4] INFO  WebCrawlerConsole.DoMain.Crawler - 河南省环境保护厅-环境要闻,采集结束,共采集3条...共耗时16341毫秒********
 WebCrawlerConsole.DoMain.Crawlername2017-11-22 10:34:45,371 [4] INFO  WebCrawlerConsole.DoMain.Crawler - *******************************************************************************************
 WebCrawlerConsole.DoMain.Crawlername2017-11-22 10:34:45,490 [1] INFO  WebCrawler.Services.Program - 采集结束
 WebCrawler.Services.Programname2017-11-22 14:10:48,968 [1] INFO  WebCrawler.Services.Program - 文章采集系统开始...
 WebCrawler.Services.Programname2017-11-22 14:10:52,552 [4] INFO  WebCrawlerConsole.DoMain.Crawler - 湖南省环境保护厅-环境要闻采集开始***************************
 WebCrawlerConsole.DoMain.Crawlername2017-11-22 14:11:08,833 [1] INFO  WebCrawler.Services.Program - 文章采集系统开始...
 WebCrawler.Services.Programname2017-11-22 14:11:11,987 [4] INFO  WebCrawlerConsole.DoMain.Crawler - 湖南省环境保护厅-环境要闻采集开始***************************
 WebCrawlerConsole.DoMain.Crawlername2017-11-22 14:13:14,649 [4] ERROR WebCrawlerConsole.DoMain.Crawler - 湖南省环境保护厅-环境要闻采集异常,【分页获取失败】
 WebCrawlerConsole.DoMain.Crawlername2017-11-22 14:13:14,668 [1] INFO  WebCrawler.Services.Program - 采集结束
 WebCrawler.Services.Programname2017-11-22 14:13:23,697 [1] INFO  WebCrawler.Services.Program - 文章采集系统开始...
 WebCrawler.Services.Programname2017-11-22 14:13:25,210 [4] INFO  WebCrawlerConsole.DoMain.Crawler - 湖南省环境保护厅-环境要闻采集开始***************************
 WebCrawlerConsole.DoMain.Crawlername2017-11-22 14:36:04,017 [1] INFO  WebCrawler.Services.Program - 文章采集系统开始...
 WebCrawler.Services.Programname2017-11-22 14:36:05,183 [4] INFO  WebCrawlerConsole.DoMain.Crawler - 湖南省环境保护厅-环境要闻采集开始***************************
 WebCrawlerConsole.DoMain.Crawlername2017-11-22 14:37:42,240 [1] INFO  WebCrawler.Services.Program - 文章采集系统开始...
 WebCrawler.Services.Programname2017-11-22 14:37:43,685 [4] INFO  WebCrawlerConsole.DoMain.Crawler - 湖南省环境保护厅-环境要闻采集开始***************************
 WebCrawlerConsole.DoMain.Crawlername2017-11-22 14:38:39,310 [1] INFO  WebCrawler.Services.Program - 文章采集系统开始...
 WebCrawler.Services.Programname2017-11-22 14:38:40,295 [4] INFO  WebCrawlerConsole.DoMain.Crawler - 湖南省环境保护厅-环境要闻采集开始***************************
 WebCrawlerConsole.DoMain.Crawlername2017-11-22 14:39:55,313 [1] INFO  WebCrawler.Services.Program - 文章采集系统开始...
 WebCrawler.Services.Programname2017-11-22 14:39:56,229 [4] INFO  WebCrawlerConsole.DoMain.Crawler - 湖南省环境保护厅-环境要闻采集开始***************************
 WebCrawlerConsole.DoMain.Crawlername2017-11-22 14:43:39,461 [1] INFO  WebCrawler.Services.Program - 文章采集系统开始...
 WebCrawler.Services.Programname2017-11-22 14:43:40,617 [4] INFO  WebCrawlerConsole.DoMain.Crawler - 湖南省环境保护厅-环境要闻采集开始***************************
 WebCrawlerConsole.DoMain.Crawlername2017-11-22 14:44:46,199 [4] ERROR WebCrawlerConsole.DoMain.Crawler - 湖南省环境保护厅-环境要闻采集异常,【document加载失败】
 WebCrawlerConsole.DoMain.Crawlername2017-11-22 14:59:00,413 [1] INFO  WebCrawler.Services.Program - 文章采集系统开始...
 WebCrawler.Services.Programname2017-11-22 14:59:01,682 [4] INFO  WebCrawlerConsole.DoMain.Crawler - 湖南省环境保护厅-环境要闻采集开始***************************
 WebCrawlerConsole.DoMain.Crawlername2017-11-22 14:59:14,663 [4] WARN  WebCrawlerConsole.DoMain.Crawler - 湖南省环境保护厅-环境要闻,存在相同【标题】的文章:环境保护部推选京津冀及周边地区大气污染防治强化督查每周一星
 WebCrawlerConsole.DoMain.Crawlername2017-11-22 14:59:14,738 [4] WARN  WebCrawlerConsole.DoMain.Crawler - 湖南省环境保护厅-环境要闻,存在相同【标题】的文章:环境保护部发布2017年10月和1-10月重点区域和74个城市空气质量状况
 WebCrawlerConsole.DoMain.Crawlername2017-11-22 14:59:14,814 [4] WARN  WebCrawlerConsole.DoMain.Crawler - 湖南省环境保护厅-环境要闻,存在相同【标题】的文章:第一批中央环保督察8省（区）公开移交案件问责情况
 WebCrawlerConsole.DoMain.Crawlername2017-11-22 14:59:14,950 [4] WARN  WebCrawlerConsole.DoMain.Crawler - 湖南省环境保护厅-环境要闻,存在相同【标题】的文章:环境保护部召开部党组会议
 WebCrawlerConsole.DoMain.Crawlername2017-11-22 14:59:15,036 [4] WARN  WebCrawlerConsole.DoMain.Crawler - 湖南省环境保护厅-环境要闻,存在相同【标题】的文章:环境保护部通报2017年10月京津冀大气污染传输通道城市空气质量状况
 WebCrawlerConsole.DoMain.Crawlername2017-11-22 14:59:15,185 [4] WARN  WebCrawlerConsole.DoMain.Crawler - 湖南省环境保护厅-环境要闻,存在相同【标题】的文章:环境保护部发布2017年9月和1-9月重点区域和74个城市空气质量状况
 WebCrawlerConsole.DoMain.Crawlername2017-11-22 14:59:19,101 [4] WARN  WebCrawlerConsole.DoMain.Crawler - 湖南省环境保护厅-环境要闻,存在相同【标题】的文章:“打好生态环保攻坚战”集体采访全文实录
 WebCrawlerConsole.DoMain.Crawlername2017-11-22 14:59:19,480 [4] WARN  WebCrawlerConsole.DoMain.Crawler - 湖南省环境保护厅-环境要闻,存在相同【标题】的文章:“践行绿色发展理念，建设美丽中国”记者招待会全文实录（新华社）
 WebCrawlerConsole.DoMain.Crawlername2017-11-22 14:59:19,610 [4] WARN  WebCrawlerConsole.DoMain.Crawler - 湖南省环境保护厅-环境要闻,存在相同【标题】的文章:中央国家机关定点扶贫工作成果展开幕
 WebCrawlerConsole.DoMain.Crawlername2017-11-22 14:59:19,947 [4] WARN  WebCrawlerConsole.DoMain.Crawler - 湖南省环境保护厅-环境要闻,存在相同【标题】的文章:环境保护部召开部分省份冬季重污染天气应对工作座谈会
 WebCrawlerConsole.DoMain.Crawlername2017-11-22 14:59:20,032 [4] WARN  WebCrawlerConsole.DoMain.Crawler - 湖南省环境保护厅-环境要闻,存在相同【标题】的文章:《关于汞的水俣公约》第一次缔约方大会召开 翟青率中国代表团出席
 WebCrawlerConsole.DoMain.Crawlername2017-11-22 14:59:22,183 [4] WARN  WebCrawlerConsole.DoMain.Crawler - 湖南省环境保护厅-环境要闻,存在相同【标题】的文章:第二次全国污染源普查工作培训班在京举行 翟青出席培训班并讲话
 WebCrawlerConsole.DoMain.Crawlername2017-11-22 15:34:04,388 [1] INFO  WebCrawler.Services.Program - 文章采集系统开始...
 WebCrawler.Services.Programname2017-11-22 15:34:05,243 [4] INFO  WebCrawlerConsole.DoMain.Crawler - 湖南省环境保护厅-环境要闻采集开始***************************
 WebCrawlerConsole.DoMain.Crawlername2017-11-22 15:34:14,252 [4] WARN  WebCrawlerConsole.DoMain.Crawler - 湖南省环境保护厅-环境要闻,存在相同【标题】的文章:环境保护部召开现场会
 WebCrawlerConsole.DoMain.Crawlername2017-11-22 15:34:14,337 [4] WARN  WebCrawlerConsole.DoMain.Crawler - 湖南省环境保护厅-环境要闻,存在相同【标题】的文章:习近平主持召开十九届中央全面深化改革领导小组第一次会议
 WebCrawlerConsole.DoMain.Crawlername2017-11-22 15:34:14,647 [4] WARN  WebCrawlerConsole.DoMain.Crawler - 湖南省环境保护厅-环境要闻,存在相同【标题】的文章:张高丽到环境保护部调研
 WebCrawlerConsole.DoMain.Crawlername2017-11-22 15:34:15,084 [4] WARN  WebCrawlerConsole.DoMain.Crawler - 湖南省环境保护厅-环境要闻,存在相同【标题】的文章:环境保护部推选京津冀及周边地区大气污染防治强化督查每周一星
 WebCrawlerConsole.DoMain.Crawlername2017-11-22 15:34:15,298 [4] WARN  WebCrawlerConsole.DoMain.Crawler - 湖南省环境保护厅-环境要闻,存在相同【标题】的文章:环境保护部发布2017年10月和1-10月重点区域和74个城市空气质量状况
 WebCrawlerConsole.DoMain.Crawlername2017-11-22 15:34:15,982 [4] WARN  WebCrawlerConsole.DoMain.Crawler - 湖南省环境保护厅-环境要闻,存在相同【标题】的文章:第一批中央环保督察8省（区）公开移交案件问责情况
 WebCrawlerConsole.DoMain.Crawlername2017-11-22 15:34:16,276 [4] WARN  WebCrawlerConsole.DoMain.Crawler - 湖南省环境保护厅-环境要闻,存在相同【标题】的文章:环境保护部召开部党组会议
 WebCrawlerConsole.DoMain.Crawlername2017-11-22 15:34:16,531 [4] WARN  WebCrawlerConsole.DoMain.Crawler - 湖南省环境保护厅-环境要闻,存在相同【标题】的文章:环境保护部通报2017年10月京津冀大气污染传输通道城市空气质量状况
 WebCrawlerConsole.DoMain.Crawlername2017-11-22 15:34:16,743 [4] WARN  WebCrawlerConsole.DoMain.Crawler - 湖南省环境保护厅-环境要闻,存在相同【标题】的文章:全国环保系统专题研讨班在京举行
 WebCrawlerConsole.DoMain.Crawlername2017-11-22 15:34:16,904 [4] WARN  WebCrawlerConsole.DoMain.Crawler - 湖南省环境保护厅-环境要闻,存在相同【标题】的文章:环境保护部发布2017年9月和1-9月重点区域和74个城市空气质量状况
 WebCrawlerConsole.DoMain.Crawlername2017-11-22 15:34:17,230 [4] WARN  WebCrawlerConsole.DoMain.Crawler - 湖南省环境保护厅-环境要闻,存在相同【标题】的文章:两部委与四大央企共同签署备忘录
 WebCrawlerConsole.DoMain.Crawlername2017-11-22 15:34:17,545 [4] WARN  WebCrawlerConsole.DoMain.Crawler - 湖南省环境保护厅-环境要闻,存在相同【标题】的文章:环境保护部召开党组（扩大）会议 传达学习贯彻党的十九大精神
 WebCrawlerConsole.DoMain.Crawlername2017-11-22 15:34:18,429 [4] WARN  WebCrawlerConsole.DoMain.Crawler - 湖南省环境保护厅-环境要闻,存在相同【标题】的文章:实施重点流域“一盘棋”管理
 WebCrawlerConsole.DoMain.Crawlername2017-11-22 15:34:18,671 [4] WARN  WebCrawlerConsole.DoMain.Crawler - 湖南省环境保护厅-环境要闻,存在相同【标题】的文章:《重点流域水污染防治规划（2016-2020年）》印发
 WebCrawlerConsole.DoMain.Crawlername2017-11-22 15:34:18,825 [4] WARN  WebCrawlerConsole.DoMain.Crawler - 湖南省环境保护厅-环境要闻,存在相同【标题】的文章:“打好生态环保攻坚战”集体采访全文实录
 WebCrawlerConsole.DoMain.Crawlername2017-11-22 15:34:18,985 [4] WARN  WebCrawlerConsole.DoMain.Crawler - 湖南省环境保护厅-环境要闻,存在相同【标题】的文章:“践行绿色发展理念，建设美丽中国”记者招待会全文实录（新华社）
 WebCrawlerConsole.DoMain.Crawlername2017-11-22 15:34:19,103 [4] WARN  WebCrawlerConsole.DoMain.Crawler - 湖南省环境保护厅-环境要闻,存在相同【标题】的文章:中央国家机关定点扶贫工作成果展开幕
 WebCrawlerConsole.DoMain.Crawlername2017-11-22 15:34:19,388 [4] WARN  WebCrawlerConsole.DoMain.Crawler - 湖南省环境保护厅-环境要闻,存在相同【标题】的文章:环境保护部召开部分省份冬季重污染天气应对工作座谈会
 WebCrawlerConsole.DoMain.Crawlername2017-11-22 15:34:19,491 [4] WARN  WebCrawlerConsole.DoMain.Crawler - 湖南省环境保护厅-环境要闻,存在相同【标题】的文章:《关于汞的水俣公约》第一次缔约方大会召开 翟青率中国代表团出席
 WebCrawlerConsole.DoMain.Crawlername2017-11-22 15:34:19,931 [4] WARN  WebCrawlerConsole.DoMain.Crawler - 湖南省环境保护厅-环境要闻,存在相同【标题】的文章:第二次全国污染源普查工作培训班在京举行 翟青出席培训班并讲话
 WebCrawlerConsole.DoMain.Crawlername2017-11-22 15:34:20,008 [4] WARN  WebCrawlerConsole.DoMain.Crawler - 湖南省环境保护厅-环境要闻,存在相同【标题】的文章:美丽中国建设深入人心稳步推进
 WebCrawlerConsole.DoMain.Crawlername2017-11-22 15:34:20,090 [4] WARN  WebCrawlerConsole.DoMain.Crawler - 湖南省环境保护厅-环境要闻,存在相同【标题】的文章:新华社：“环保冲击实体经济”是个伪命题
 WebCrawlerConsole.DoMain.Crawlername2017-11-22 15:34:21,017 [4] WARN  WebCrawlerConsole.DoMain.Crawler - 湖南省环境保护厅-环境要闻,存在相同【标题】的文章:第十五次东盟―中日韩环境部长会议召开 黄润秋率团出席会议
 WebCrawlerConsole.DoMain.Crawlername2017-11-22 15:34:21,101 [4] WARN  WebCrawlerConsole.DoMain.Crawler - 湖南省环境保护厅-环境要闻,存在相同【标题】的文章:陕西将总磷纳入渭河生态补偿指标 已收缴流域省级水污染补偿金3.38亿元
 WebCrawlerConsole.DoMain.Crawlername2017-11-22 15:34:21,172 [4] WARN  WebCrawlerConsole.DoMain.Crawler - 湖南省环境保护厅-环境要闻,存在相同【标题】的文章:水质优先 奖惩分明 覆盖全省 统一规范 福建完善重点流域生态补偿机制
 WebCrawlerConsole.DoMain.Crawlername2017-11-22 15:34:21,315 [4] WARN  WebCrawlerConsole.DoMain.Crawler - 湖南省环境保护厅-环境要闻,存在相同【标题】的文章:环境保护部宣布终止第六次朝核应急响应状态
 WebCrawlerConsole.DoMain.Crawlername2017-11-22 15:34:21,407 [4] WARN  WebCrawlerConsole.DoMain.Crawler - 湖南省环境保护厅-环境要闻,存在相同【标题】的文章:环境保护部通报京津冀及周边地区大气污染防治强化督查情况(2017年9月8日）
 WebCrawlerConsole.DoMain.Crawlername2017-11-22 15:34:21,599 [4] WARN  WebCrawlerConsole.DoMain.Crawler - 湖南省环境保护厅-环境要闻,存在相同【标题】的文章:李干杰会见《生物多样性公约》执行秘书
 WebCrawlerConsole.DoMain.Crawlername2017-11-22 15:34:22,037 [4] WARN  WebCrawlerConsole.DoMain.Crawler - 湖南省环境保护厅-环境要闻,存在相同【标题】的文章:新版建设项目环评分类管理名录出台 划分50个大类，9月1日起施行
 WebCrawlerConsole.DoMain.Crawlername2017-11-22 15:34:22,110 [4] WARN  WebCrawlerConsole.DoMain.Crawler - 湖南省环境保护厅-环境要闻,存在相同【标题】的文章:生态保护红线部际协调领导小组第一次会议召开
 WebCrawlerConsole.DoMain.Crawlername2017-11-22 15:34:22,209 [4] WARN  WebCrawlerConsole.DoMain.Crawler - 湖南省环境保护厅-环境要闻,存在相同【标题】的文章:李干杰主持召开环境保护部常务会议
 WebCrawlerConsole.DoMain.Crawlername2017-11-22 15:34:22,630 [4] WARN  WebCrawlerConsole.DoMain.Crawler - 湖南省环境保护厅-环境要闻,存在相同【标题】的文章:赵英民出席中俄友好、和平与发展委员会第十一次全体会议
 WebCrawlerConsole.DoMain.Crawlername2017-11-22 15:34:23,612 [4] WARN  WebCrawlerConsole.DoMain.Crawler - 湖南省环境保护厅-环境要闻,存在相同【标题】的文章:全国人大环资委一行参观环保展
 WebCrawlerConsole.DoMain.Crawlername2017-11-22 15:34:23,689 [4] WARN  WebCrawlerConsole.DoMain.Crawler - 湖南省环境保护厅-环境要闻,存在相同【标题】的文章:赵英民出席中意环境管理与可持续发展高级研讨会并致辞
 WebCrawlerConsole.DoMain.Crawlername2017-11-22 15:34:23,847 [4] WARN  WebCrawlerConsole.DoMain.Crawler - 湖南省环境保护厅-环境要闻,存在相同【标题】的文章:赵英民会见日本自民党干事长代理
 WebCrawlerConsole.DoMain.Crawlername2017-11-22 15:34:23,930 [4] WARN  WebCrawlerConsole.DoMain.Crawler - 湖南省环境保护厅-环境要闻,存在相同【标题】的文章:第十五届中国国际环保展在京开幕
 WebCrawlerConsole.DoMain.Crawlername2017-11-22 15:34:24,006 [4] WARN  WebCrawlerConsole.DoMain.Crawler - 湖南省环境保护厅-环境要闻,存在相同【标题】的文章:国际清洁技术峰会暨环保技术国际智汇平台年会举办 黄润秋出席并致辞
 WebCrawlerConsole.DoMain.Crawlername2017-11-22 15:34:24,916 [4] WARN  WebCrawlerConsole.DoMain.Crawler - 湖南省环境保护厅-环境要闻,存在相同【标题】的文章:企业负责人面对中央环保督察如何看？怎么办？守住法律底线 履行环保责任
 WebCrawlerConsole.DoMain.Crawlername2017-11-22 15:34:25,526 [4] WARN  WebCrawlerConsole.DoMain.Crawler - 湖南省环境保护厅-环境要闻,存在相同【标题】的文章:中哈环保合作委员会第六次会议召开 环境保护部副部长赵英民率团出席
 WebCrawlerConsole.DoMain.Crawlername2017-11-22 15:34:26,748 [4] WARN  WebCrawlerConsole.DoMain.Crawler - 湖南省环境保护厅-环境要闻,存在相同【标题】的文章:李克强主持召开国务院常务会议 部署对大气重污染成因和治理开展集中攻关
 WebCrawlerConsole.DoMain.Crawlername2017-11-22 15:34:26,897 [4] WARN  WebCrawlerConsole.DoMain.Crawler - 湖南省环境保护厅-环境要闻,存在相同【标题】的文章:环境保护部将推动垃圾焚烧企业做好“三件事”
 WebCrawlerConsole.DoMain.Crawlername2017-11-22 15:34:26,969 [4] WARN  WebCrawlerConsole.DoMain.Crawler - 湖南省环境保护厅-环境要闻,存在相同【标题】的文章:第二届向环保先锋致敬公益资助计划在京启动
 WebCrawlerConsole.DoMain.Crawlername2017-11-22 15:34:27,045 [4] WARN  WebCrawlerConsole.DoMain.Crawler - 湖南省环境保护厅-环境要闻,存在相同【标题】的文章:采取压茬式轮换 做好传帮带 第二轮强化督查全面展开
 WebCrawlerConsole.DoMain.Crawlername2017-11-22 15:34:27,117 [4] WARN  WebCrawlerConsole.DoMain.Crawler - 湖南省环境保护厅-环境要闻,存在相同【标题】的文章:环保部党校举行2017年春季学期开班式 翟青出席开班式并讲话
 WebCrawlerConsole.DoMain.Crawlername2017-11-22 15:34:27,337 [4] WARN  WebCrawlerConsole.DoMain.Crawler - 湖南省环境保护厅-环境要闻,存在相同【标题】的文章:首轮28个强化督查组全部到位 正式启动“2+26”城市现场督查工作
 WebCrawlerConsole.DoMain.Crawlername2017-11-22 15:34:27,709 [4] WARN  WebCrawlerConsole.DoMain.Crawler - 湖南省环境保护厅-环境要闻,存在相同【标题】的文章:刘华出席中法核安全合作指导委员会会议
 WebCrawlerConsole.DoMain.Crawlername2017-11-22 15:34:27,860 [4] WARN  WebCrawlerConsole.DoMain.Crawler - 湖南省环境保护厅-环境要闻,存在相同【标题】的文章:环境保护部印发《高污染燃料目录》
 WebCrawlerConsole.DoMain.Crawlername2017-11-22 15:34:27,947 [4] WARN  WebCrawlerConsole.DoMain.Crawler - 湖南省环境保护厅-环境要闻,存在相同【标题】的文章:《核安全公约》缔约方第七次审议会议召开 刘华率团出席并作中国履约报告
 WebCrawlerConsole.DoMain.Crawlername2017-11-22 15:34:28,023 [4] WARN  WebCrawlerConsole.DoMain.Crawler - 湖南省环境保护厅-环境要闻,存在相同【标题】的文章:突出政治要求 担当环保责任
 WebCrawlerConsole.DoMain.Crawlername2017-11-22 15:34:28,212 [4] WARN  WebCrawlerConsole.DoMain.Crawler - 湖南省环境保护厅-环境要闻,存在相同【标题】的文章:今年第一期生态保护红线专题培训班举办
 WebCrawlerConsole.DoMain.Crawlername2017-11-22 15:34:28,387 [4] WARN  WebCrawlerConsole.DoMain.Crawler - 湖南省环境保护厅-环境要闻,存在相同【标题】的文章:环境保护部盘点去年信息公开工作 今年将公布水质最好、最差十城市名单
 WebCrawlerConsole.DoMain.Crawlername2017-11-22 15:34:28,461 [4] WARN  WebCrawlerConsole.DoMain.Crawler - 湖南省环境保护厅-环境要闻,存在相同【标题】的文章:陈吉宁主持召开区域环境空气质量形势专题会
 WebCrawlerConsole.DoMain.Crawlername2017-11-22 15:34:28,606 [4] WARN  WebCrawlerConsole.DoMain.Crawler - 湖南省环境保护厅-环境要闻,存在相同【标题】的文章:全国首个绿色物流公益基金设立 赵英民出席活动并讲话
 WebCrawlerConsole.DoMain.Crawlername2017-11-22 15:34:28,678 [4] WARN  WebCrawlerConsole.DoMain.Crawler - 湖南省环境保护厅-环境要闻,存在相同【标题】的文章:赵英民赴河北围场、隆化开展定点扶贫调研
 WebCrawlerConsole.DoMain.Crawlername2017-11-22 15:34:29,388 [4] WARN  WebCrawlerConsole.DoMain.Crawler - 湖南省环境保护厅-环境要闻,存在相同【标题】的文章:国务院对政府工作报告作出78处修改与补充 8处涉及打好蓝天保卫战
 WebCrawlerConsole.DoMain.Crawlername2017-11-22 15:34:29,462 [4] WARN  WebCrawlerConsole.DoMain.Crawler - 湖南省环境保护厅-环境要闻,存在相同【标题】的文章:探索统一监管 推动流域共治 两会代表委员就流域环境管理建言献策
 WebCrawlerConsole.DoMain.Crawlername2017-11-22 15:34:29,536 [4] WARN  WebCrawlerConsole.DoMain.Crawler - 湖南省环境保护厅-环境要闻,存在相同【标题】的文章:全国政协十二届五次会议闭幕 生态文明建设提案占10.13%
 WebCrawlerConsole.DoMain.Crawlername2017-11-22 15:34:29,624 [4] WARN  WebCrawlerConsole.DoMain.Crawler - 湖南省环境保护厅-环境要闻,存在相同【标题】的文章:全国政协委员周建建议 打好持久战 主抓攻坚战
 WebCrawlerConsole.DoMain.Crawlername2017-11-22 15:34:29,696 [4] WARN  WebCrawlerConsole.DoMain.Crawler - 湖南省环境保护厅-环境要闻,存在相同【标题】的文章:全国政协常委吴晓青建议 以环境为突破口加快大城市病治理
 WebCrawlerConsole.DoMain.Crawlername2017-11-22 15:34:30,301 [4] WARN  WebCrawlerConsole.DoMain.Crawler - 湖南省环境保护厅-环境要闻,存在相同【标题】的文章:蓝天白云终可期 两会代表委员热议2017年政府工作报告
 WebCrawlerConsole.DoMain.Crawlername2017-11-22 15:34:30,375 [4] WARN  WebCrawlerConsole.DoMain.Crawler - 湖南省环境保护厅-环境要闻,存在相同【标题】的文章:傅莹：大气治理贵在坚持
 WebCrawlerConsole.DoMain.Crawlername2017-11-22 15:34:30,594 [4] WARN  WebCrawlerConsole.DoMain.Crawler - 湖南省环境保护厅-环境要闻,存在相同【标题】的文章:刘华会见芬兰核安全局局长
 WebCrawlerConsole.DoMain.Crawlername2017-11-22 15:34:30,685 [4] WARN  WebCrawlerConsole.DoMain.Crawler - 湖南省环境保护厅-环境要闻,存在相同【标题】的文章:环境保护部印发《国家环境保护“十三五”环境与健康工作规划》
 WebCrawlerConsole.DoMain.Crawlername2017-11-22 15:34:31,093 [4] WARN  WebCrawlerConsole.DoMain.Crawler - 湖南省环境保护厅-环境要闻,存在相同【标题】的文章:发达国家有哪些大气治理经验值得我们借鉴？
 WebCrawlerConsole.DoMain.Crawlername2017-11-22 15:34:31,168 [4] WARN  WebCrawlerConsole.DoMain.Crawler - 湖南省环境保护厅-环境要闻,存在相同【标题】的文章:京津冀及周边地区大气污染防治协作小组第九次会议在京召开
 WebCrawlerConsole.DoMain.Crawlername2017-11-22 15:34:31,238 [4] WARN  WebCrawlerConsole.DoMain.Crawler - 湖南省环境保护厅-环境要闻,存在相同【标题】的文章:环境与健康规划明确五项任务
 WebCrawlerConsole.DoMain.Crawlername2017-11-22 15:34:31,330 [4] WARN  WebCrawlerConsole.DoMain.Crawler - 湖南省环境保护厅-环境要闻,存在相同【标题】的文章:重污染天气的具体成因是什么?
 WebCrawlerConsole.DoMain.Crawlername2017-11-22 15:34:31,416 [4] WARN  WebCrawlerConsole.DoMain.Crawler - 湖南省环境保护厅-环境要闻,存在相同【标题】的文章:生态状况变化调查评估工作启动 黄润秋出席会议并讲话
 WebCrawlerConsole.DoMain.Crawlername2017-11-22 15:34:31,489 [4] WARN  WebCrawlerConsole.DoMain.Crawler - 湖南省环境保护厅-环境要闻,存在相同【标题】的文章:江苏生态环保项目成为重头戏 年度投资一百六十九亿，增长近五成
 WebCrawlerConsole.DoMain.Crawlername2017-11-22 15:34:32,189 [4] WARN  WebCrawlerConsole.DoMain.Crawler - 湖南省环境保护厅-环境要闻,存在相同【标题】的文章:环境保护部通报自然生态保护工作情况 成效不断显现 形势仍然严峻
 WebCrawlerConsole.DoMain.Crawlername2017-11-22 15:34:32,613 [4] WARN  WebCrawlerConsole.DoMain.Crawler - 湖南省环境保护厅-环境要闻,存在相同【标题】的文章:划定并严守生态保护红线 保障国家生态安全――访环境保护部副部长黄润秋
 WebCrawlerConsole.DoMain.Crawlername2017-11-22 15:34:32,911 [4] WARN  WebCrawlerConsole.DoMain.Crawler - 湖南省环境保护厅-环境要闻,存在相同【标题】的文章:兰州蓝出于精细间 打破惯性思维，严格执法硬减排，层层传导压力
 WebCrawlerConsole.DoMain.Crawlername2017-11-22 15:34:33,126 [4] WARN  WebCrawlerConsole.DoMain.Crawler - 湖南省环境保护厅-环境要闻,存在相同【标题】的文章:陈吉宁主持会商春节假期全国空气质量形势
 WebCrawlerConsole.DoMain.Crawlername2017-11-22 15:34:33,802 [4] WARN  WebCrawlerConsole.DoMain.Crawler - 湖南省环境保护厅-环境要闻,存在相同【标题】的文章:环境保护部召开全国环保系统党风廉政建设工作视频会
 WebCrawlerConsole.DoMain.Crawlername2017-11-22 15:34:33,890 [4] WARN  WebCrawlerConsole.DoMain.Crawler - 湖南省环境保护厅-环境要闻,存在相同【标题】的文章:黄润秋赴中国环科院调研 对下一步改革提出五点要求和希望
 WebCrawlerConsole.DoMain.Crawlername2017-11-22 15:34:34,345 [4] WARN  WebCrawlerConsole.DoMain.Crawler - 湖南省环境保护厅-环境要闻,存在相同【标题】的文章:大气污染成因与控制及趋势分析学术研讨会在京召开
 WebCrawlerConsole.DoMain.Crawlername2017-11-22 15:34:34,429 [4] WARN  WebCrawlerConsole.DoMain.Crawler - 湖南省环境保护厅-环境要闻,存在相同【标题】的文章:《污染地块土壤环境管理办法》发布 坚持谁污染谁治理，实行终身责任制
 WebCrawlerConsole.DoMain.Crawlername2017-11-22 15:34:34,504 [4] WARN  WebCrawlerConsole.DoMain.Crawler - 湖南省环境保护厅-环境要闻,存在相同【标题】的文章:环保公益资助计划助力生态文明建设 506万支持12个组织环保行动
 WebCrawlerConsole.DoMain.Crawlername2017-11-22 15:34:34,719 [4] WARN  WebCrawlerConsole.DoMain.Crawler - 湖南省环境保护厅-环境要闻,存在相同【标题】的文章:国务院印发指导意见 推进全民所有自然资源资产有偿使用
 WebCrawlerConsole.DoMain.Crawlername2017-11-22 15:34:35,073 [4] WARN  WebCrawlerConsole.DoMain.Crawler - 湖南省环境保护厅-环境要闻,存在相同【标题】的文章:李克强对环境保护工作作出重要批示
 WebCrawlerConsole.DoMain.Crawlername2017-11-22 15:34:35,152 [4] WARN  WebCrawlerConsole.DoMain.Crawler - 湖南省环境保护厅-环境要闻,存在相同【标题】的文章:全国环境保护工作会议在京召开
 WebCrawlerConsole.DoMain.Crawlername2017-11-22 15:34:35,302 [4] WARN  WebCrawlerConsole.DoMain.Crawler - 湖南省环境保护厅-环境要闻,存在相同【标题】的文章:谋篇开局 奋发有为 核与辐射安全监管走过关键一年
 WebCrawlerConsole.DoMain.Crawlername2017-11-22 15:34:37,023 [4] WARN  WebCrawlerConsole.DoMain.Crawler - 湖南省环境保护厅-环境要闻,存在相同【标题】的文章:凝心聚力 深化改革 奋力开创环境影响评价工作新局面
 WebCrawlerConsole.DoMain.Crawlername2017-11-22 15:34:37,721 [4] WARN  WebCrawlerConsole.DoMain.Crawler - 湖南省环境保护厅-环境要闻,存在相同【标题】的文章:环保部发布七行业环评审批原则 涉及水泥制造、煤炭采选等
 WebCrawlerConsole.DoMain.Crawlername2017-11-22 15:34:37,793 [4] WARN  WebCrawlerConsole.DoMain.Crawler - 湖南省环境保护厅-环境要闻,新闻日期小于2017年1月1日,不再采集
 WebCrawlerConsole.DoMain.Crawlername2017-11-22 15:34:37,944 [4] INFO  WebCrawlerConsole.DoMain.Crawler - 湖南省环境保护厅-环境要闻,采集结束,共采集86条...共耗时32700毫秒********
 WebCrawlerConsole.DoMain.Crawlername2017-11-22 15:34:37,946 [4] INFO  WebCrawlerConsole.DoMain.Crawler - *******************************************************************************************
 WebCrawlerConsole.DoMain.Crawlername2017-11-22 15:34:38,000 [1] INFO  WebCrawler.Services.Program - 采集结束
 WebCrawler.Services.Programname2017-11-22 15:41:58,659 [1] INFO  WebCrawler.Services.Program - 文章采集系统开始...
 WebCrawler.Services.Programname2017-11-22 15:41:59,808 [4] INFO  WebCrawlerConsole.DoMain.Crawler - 浙江省环境保护厅-环保新闻采集开始***************************
 WebCrawlerConsole.DoMain.Crawlername2017-11-22 15:50:52,059 [1] INFO  WebCrawler.Services.Program - 文章采集系统开始...
 WebCrawler.Services.Programname2017-11-22 15:50:53,389 [4] INFO  WebCrawlerConsole.DoMain.Crawler - 浙江省环境保护厅-环保新闻采集开始***************************
 WebCrawlerConsole.DoMain.Crawlername2017-11-22 15:53:41,146 [1] INFO  WebCrawler.Services.Program - 文章采集系统开始...
 WebCrawler.Services.Programname2017-11-22 15:53:42,130 [4] INFO  WebCrawlerConsole.DoMain.Crawler - 浙江省环境保护厅-环保新闻采集开始***************************
 WebCrawlerConsole.DoMain.Crawlername2017-11-22 15:56:03,387 [1] INFO  WebCrawler.Services.Program - 文章采集系统开始...
 WebCrawler.Services.Programname2017-11-22 15:56:04,676 [4] INFO  WebCrawlerConsole.DoMain.Crawler - 浙江省环境保护厅-环保新闻采集开始***************************
 WebCrawlerConsole.DoMain.Crawlername2017-11-22 15:57:53,537 [1] INFO  WebCrawler.Services.Program - 文章采集系统开始...
 WebCrawler.Services.Programname2017-11-22 15:57:54,736 [4] INFO  WebCrawlerConsole.DoMain.Crawler - 浙江省环境保护厅-环保新闻采集开始***************************
 WebCrawlerConsole.DoMain.Crawlername2017-11-22 16:44:16,069 [4] ERROR WebCrawlerConsole.DoMain.Crawler - 浙江省环境保护厅-环保新闻采集异常,【分页码获取失败】
 WebCrawlerConsole.DoMain.Crawlername2017-11-22 16:44:23,769 [1] INFO  WebCrawler.Services.Program - 采集结束
 WebCrawler.Services.Programname2017-11-22 16:44:38,207 [1] INFO  WebCrawler.Services.Program - 文章采集系统开始...
 WebCrawler.Services.Programname2017-11-22 16:44:41,822 [4] INFO  WebCrawlerConsole.DoMain.Crawler - 浙江省环境保护厅-环保新闻采集开始***************************
 WebCrawlerConsole.DoMain.Crawlername2017-11-22 16:46:13,022 [4] ERROR WebCrawlerConsole.DoMain.Crawler - 浙江省环境保护厅-环保新闻采集异常,【新闻列表加载失败】
 WebCrawlerConsole.DoMain.Crawlername2017-11-22 16:46:22,606 [1] INFO  WebCrawler.Services.Program - 文章采集系统开始...
 WebCrawler.Services.Programname2017-11-22 16:46:24,812 [4] INFO  WebCrawlerConsole.DoMain.Crawler - 浙江省环境保护厅-环保新闻采集开始***************************
 WebCrawlerConsole.DoMain.Crawlername2017-11-22 16:51:44,685 [1] INFO  WebCrawler.Services.Program - 文章采集系统开始...
 WebCrawler.Services.Programname2017-11-22 16:51:45,616 [4] INFO  WebCrawlerConsole.DoMain.Crawler - 浙江省环境保护厅-环保新闻采集开始***************************
 WebCrawlerConsole.DoMain.Crawlername2017-11-22 16:52:24,430 [1] INFO  WebCrawler.Services.Program - 文章采集系统开始...
 WebCrawler.Services.Programname2017-11-22 16:52:25,500 [4] INFO  WebCrawlerConsole.DoMain.Crawler - 浙江省环境保护厅-环保新闻采集开始***************************
 WebCrawlerConsole.DoMain.Crawlername2017-11-22 17:06:43,355 [4] ERROR WebCrawlerConsole.DoMain.Crawler - 浙江省环境保护厅-环保新闻采集异常,【新闻列表td元素加载失败】
 WebCrawlerConsole.DoMain.Crawlername2017-11-22 17:07:17,966 [1] INFO  WebCrawler.Services.Program - 文章采集系统开始...
 WebCrawler.Services.Programname2017-11-22 17:07:19,396 [4] INFO  WebCrawlerConsole.DoMain.Crawler - 浙江省环境保护厅-环保新闻采集开始***************************
 WebCrawlerConsole.DoMain.Crawlername2017-11-22 17:23:31,665 [1] INFO  WebCrawler.Services.Program - 文章采集系统开始...
 WebCrawler.Services.Programname2017-11-22 17:23:32,621 [4] INFO  WebCrawlerConsole.DoMain.Crawler - 浙江省环境保护厅-环保新闻采集开始***************************
 WebCrawlerConsole.DoMain.Crawlername