2017-11-23 08:39:00,414 [1] INFO  WebCrawler.Services.Program - 文章采集系统开始...
 WebCrawler.Services.Programname2017-11-23 08:39:06,910 [4] INFO  WebCrawlerConsole.DoMain.Crawler - 浙江省环境保护厅-环保新闻采集开始***************************
 WebCrawlerConsole.DoMain.Crawlername2017-11-23 08:46:49,095 [1] INFO  WebCrawler.Services.Program - 文章采集系统开始...
 WebCrawler.Services.Programname2017-11-23 08:46:52,214 [4] INFO  WebCrawlerConsole.DoMain.Crawler - 浙江省环境保护厅-环保新闻采集开始***************************
 WebCrawlerConsole.DoMain.Crawlername2017-11-23 08:53:40,269 [1] INFO  WebCrawler.Services.Program - 文章采集系统开始...
 WebCrawler.Services.Programname2017-11-23 08:53:47,059 [4] INFO  WebCrawlerConsole.DoMain.Crawler - 浙江省环境保护厅-环保新闻采集开始***************************
 WebCrawlerConsole.DoMain.Crawlername2017-11-23 10:26:07,156 [1] INFO  WebCrawler.Services.Program - 文章采集系统开始...
 WebCrawler.Services.Programname2017-11-23 10:26:07,941 [1] INFO  WebCrawler.Services.Program - 采集结束
 WebCrawler.Services.Programname2017-11-23 10:26:32,648 [1] INFO  WebCrawler.Services.Program - 文章采集系统开始...
 WebCrawler.Services.Programname2017-11-23 10:26:34,186 [4] INFO  WebCrawlerConsole.DoMain.Crawler - 浙江省环境保护厅-环保新闻采集开始***************************
 WebCrawlerConsole.DoMain.Crawlername2017-11-23 11:27:55,129 [4] ERROR WebCrawlerConsole.DoMain.Crawler - 【浙江省环境保护厅-环保新闻】采集失败,索引和长度必须引用该字符串内的位置。
参数名: length
 WebCrawlerConsole.DoMain.Crawlername2017-11-23 11:27:55,130 [1] INFO  WebCrawler.Services.Program - 采集结束
 WebCrawler.Services.Programname2017-11-23 11:28:12,018 [1] INFO  WebCrawler.Services.Program - 文章采集系统开始...
 WebCrawler.Services.Programname2017-11-23 11:28:12,938 [4] INFO  WebCrawlerConsole.DoMain.Crawler - 浙江省环境保护厅-环保新闻采集开始***************************
 WebCrawlerConsole.DoMain.Crawlername2017-11-23 11:29:24,989 [1] INFO  WebCrawler.Services.Program - 文章采集系统开始...
 WebCrawler.Services.Programname2017-11-23 11:29:25,902 [4] INFO  WebCrawlerConsole.DoMain.Crawler - 浙江省环境保护厅-环保新闻采集开始***************************
 WebCrawlerConsole.DoMain.Crawlername2017-11-23 11:53:23,386 [1] INFO  WebCrawler.Services.Program - 文章采集系统开始...
 WebCrawler.Services.Programname2017-11-23 11:53:28,028 [4] INFO  WebCrawlerConsole.DoMain.Crawler - 浙江省环境保护厅-环保新闻采集开始***************************
 WebCrawlerConsole.DoMain.Crawlername2017-11-23 16:11:25,750 [1] INFO  WebCrawler.Services.Program - 文章采集系统开始...
 WebCrawler.Services.Programname2017-11-23 16:11:27,036 [4] INFO  WebCrawlerConsole.DoMain.Crawler - 浙江省环境保护厅-环保新闻采集开始***************************
 WebCrawlerConsole.DoMain.Crawlername2017-11-23 16:13:07,472 [1] INFO  WebCrawler.Services.Program - 文章采集系统开始...
 WebCrawler.Services.Programname2017-11-23 16:13:08,418 [4] INFO  WebCrawlerConsole.DoMain.Crawler - 浙江省环境保护厅-环保新闻采集开始***************************
 WebCrawlerConsole.DoMain.Crawlername2017-11-23 16:14:14,306 [1] INFO  WebCrawler.Services.Program - 文章采集系统开始...
 WebCrawler.Services.Programname2017-11-23 16:14:15,268 [4] INFO  WebCrawlerConsole.DoMain.Crawler - 浙江省环境保护厅-环保新闻采集开始***************************
 WebCrawlerConsole.DoMain.Crawlername2017-11-23 16:47:11,857 [1] INFO  WebCrawler.Services.Program - 文章采集系统开始...
 WebCrawler.Services.Programname2017-11-23 16:47:13,027 [4] INFO  WebCrawlerConsole.DoMain.Crawler - 环保部-环境要闻采集开始***************************
 WebCrawlerConsole.DoMain.Crawlername2017-11-23 16:47:15,193 [4] WARN  WebCrawlerConsole.DoMain.Crawler - 环保部-环境要闻,存在相同【标题】的文章:刘华会见阿根廷核监管局局长
 WebCrawlerConsole.DoMain.Crawlername2017-11-23 16:47:15,195 [4] WARN  WebCrawlerConsole.DoMain.Crawler - 环保部-环境要闻,新闻内容已到上一次最后采集新闻,结束采集
 WebCrawlerConsole.DoMain.Crawlername2017-11-23 16:47:15,197 [4] INFO  WebCrawlerConsole.DoMain.Crawler - 环保部-环境要闻,采集结束,共采集0条...共耗时2168毫秒********
 WebCrawlerConsole.DoMain.Crawlername2017-11-23 16:47:15,199 [4] INFO  WebCrawlerConsole.DoMain.Crawler - *******************************************************************************************
 WebCrawlerConsole.DoMain.Crawlername2017-11-23 16:47:15,200 [4] INFO  WebCrawlerConsole.DoMain.Crawler - 环保部-地方快讯采集开始***************************
 WebCrawlerConsole.DoMain.Crawlername2017-11-23 16:47:15,401 [4] WARN  WebCrawlerConsole.DoMain.Crawler - 环保部-地方快讯,存在相同【标题】的文章:深化大学习 狠抓大落实 重庆市环保局专题研究布置学习宣传贯彻市委五届三次全会精神
 WebCrawlerConsole.DoMain.Crawlername2017-11-23 16:47:15,482 [4] WARN  WebCrawlerConsole.DoMain.Crawler - 环保部-地方快讯,存在相同【标题】的文章:重庆市环境保护集中督察首批将进驻4个区县
 WebCrawlerConsole.DoMain.Crawlername2017-11-23 16:47:15,566 [4] WARN  WebCrawlerConsole.DoMain.Crawler - 环保部-地方快讯,存在相同【标题】的文章:山东通报全省环境保护突出问题综合整治攻坚行动进展情况
 WebCrawlerConsole.DoMain.Crawlername2017-11-23 16:47:15,676 [4] WARN  WebCrawlerConsole.DoMain.Crawler - 环保部-地方快讯,存在相同【标题】的文章:山东通报秋冬季大气污染防治综合治理攻坚行动重点任务进展情况
 WebCrawlerConsole.DoMain.Crawlername2017-11-23 16:47:15,756 [4] WARN  WebCrawlerConsole.DoMain.Crawler - 环保部-地方快讯,存在相同【标题】的文章:河北启动秋冬季大气污染治理第四轮督察
 WebCrawlerConsole.DoMain.Crawlername2017-11-23 16:47:15,759 [4] WARN  WebCrawlerConsole.DoMain.Crawler - 环保部-地方快讯,新闻内容已到上一次最后采集新闻,结束采集
 WebCrawlerConsole.DoMain.Crawlername2017-11-23 16:47:15,761 [4] INFO  WebCrawlerConsole.DoMain.Crawler - 环保部-地方快讯,采集结束,共采集0条...共耗时559毫秒********
 WebCrawlerConsole.DoMain.Crawlername2017-11-23 16:47:15,763 [4] INFO  WebCrawlerConsole.DoMain.Crawler - *******************************************************************************************
 WebCrawlerConsole.DoMain.Crawlername2017-11-23 16:47:15,764 [4] INFO  WebCrawlerConsole.DoMain.Crawler - 环保部-聚焦重污染天气采集开始***************************
 WebCrawlerConsole.DoMain.Crawlername2017-11-23 16:48:07,069 [4] WARN  WebCrawlerConsole.DoMain.Crawler - 环保部-聚焦重污染天气,存在相同【标题】的文章:环境保护部推选京津冀及周边地区大气污染防治强化督查每周一星
 WebCrawlerConsole.DoMain.Crawlername2017-11-23 16:48:07,073 [4] WARN  WebCrawlerConsole.DoMain.Crawler - 环保部-聚焦重污染天气,新闻内容已到上一次最后采集新闻,结束采集
 WebCrawlerConsole.DoMain.Crawlername2017-11-23 16:48:07,076 [4] INFO  WebCrawlerConsole.DoMain.Crawler - 环保部-聚焦重污染天气,采集结束,共采集0条...共耗时51308毫秒********
 WebCrawlerConsole.DoMain.Crawlername2017-11-23 16:48:07,078 [4] INFO  WebCrawlerConsole.DoMain.Crawler - *******************************************************************************************
 WebCrawlerConsole.DoMain.Crawlername2017-11-23 16:48:07,080 [4] INFO  WebCrawlerConsole.DoMain.Crawler - 环保部-通知公告采集开始***************************
 WebCrawlerConsole.DoMain.Crawlername2017-11-23 16:48:08,616 [4] WARN  WebCrawlerConsole.DoMain.Crawler - 环保部-通知公告,新闻内容已到上一次最后采集新闻,结束采集
 WebCrawlerConsole.DoMain.Crawlername2017-11-23 16:48:08,724 [4] INFO  WebCrawlerConsole.DoMain.Crawler - 环保部-通知公告,采集结束,共采集1条...共耗时1641毫秒********
 WebCrawlerConsole.DoMain.Crawlername2017-11-23 16:48:08,729 [4] INFO  WebCrawlerConsole.DoMain.Crawler - *******************************************************************************************
 WebCrawlerConsole.DoMain.Crawlername2017-11-23 16:48:08,732 [4] INFO  WebCrawlerConsole.DoMain.Crawler - 环保部-热点回应采集开始***************************
 WebCrawlerConsole.DoMain.Crawlername2017-11-23 16:48:16,177 [4] WARN  WebCrawlerConsole.DoMain.Crawler - 环保部-热点回应,存在相同【标题】的文章:2017年8-10月全国“12369”环保举报办理情况
 WebCrawlerConsole.DoMain.Crawlername2017-11-23 16:48:16,234 [4] WARN  WebCrawlerConsole.DoMain.Crawler - 环保部-热点回应,新闻内容已到上一次最后采集新闻,结束采集
 WebCrawlerConsole.DoMain.Crawlername2017-11-23 16:48:16,237 [4] INFO  WebCrawlerConsole.DoMain.Crawler - 环保部-热点回应,采集结束,共采集1条...共耗时7501毫秒********
 WebCrawlerConsole.DoMain.Crawlername2017-11-23 16:48:16,239 [4] INFO  WebCrawlerConsole.DoMain.Crawler - *******************************************************************************************
 WebCrawlerConsole.DoMain.Crawlername2017-11-23 16:48:16,242 [4] INFO  WebCrawlerConsole.DoMain.Crawler - 环保部-政策法规解读采集开始***************************
 WebCrawlerConsole.DoMain.Crawlername2017-11-23 16:48:17,935 [4] WARN  WebCrawlerConsole.DoMain.Crawler - 环保部-政策法规解读,存在相同【标题】的文章:11月4-7日京津冀及周边地区污染过程专家解读
 WebCrawlerConsole.DoMain.Crawlername2017-11-23 16:48:17,938 [4] WARN  WebCrawlerConsole.DoMain.Crawler - 环保部-政策法规解读,新闻内容已到上一次最后采集新闻,结束采集
 WebCrawlerConsole.DoMain.Crawlername2017-11-23 16:48:17,944 [4] INFO  WebCrawlerConsole.DoMain.Crawler - 环保部-政策法规解读,采集结束,共采集1条...共耗时1698毫秒********
 WebCrawlerConsole.DoMain.Crawlername2017-11-23 16:48:17,946 [4] INFO  WebCrawlerConsole.DoMain.Crawler - *******************************************************************************************
 WebCrawlerConsole.DoMain.Crawlername2017-11-23 16:48:19,403 [1] INFO  WebCrawler.Services.Program - 采集结束
 WebCrawler.Services.Programname2017-11-23 16:48:29,704 [1] INFO  WebCrawler.Services.Program - 文章采集系统开始...
 WebCrawler.Services.Programname2017-11-23 16:48:31,885 [4] INFO  WebCrawlerConsole.DoMain.Crawler - 环保部-环境要闻采集开始***************************
 WebCrawlerConsole.DoMain.Crawlername2017-11-23 16:49:40,272 [4] WARN  WebCrawlerConsole.DoMain.Crawler - 环保部-环境要闻,存在相同【标题】的文章:刘华会见阿根廷核监管局局长
 WebCrawlerConsole.DoMain.Crawlername2017-11-23 16:49:40,274 [4] WARN  WebCrawlerConsole.DoMain.Crawler - 环保部-环境要闻,新闻内容已到上一次最后采集新闻,结束采集
 WebCrawlerConsole.DoMain.Crawlername2017-11-23 16:49:40,276 [4] INFO  WebCrawlerConsole.DoMain.Crawler - 环保部-环境要闻,采集结束,共采集0条...共耗时68389毫秒********
 WebCrawlerConsole.DoMain.Crawlername2017-11-23 16:49:40,278 [4] INFO  WebCrawlerConsole.DoMain.Crawler - *******************************************************************************************
 WebCrawlerConsole.DoMain.Crawlername2017-11-23 16:49:40,279 [4] INFO  WebCrawlerConsole.DoMain.Crawler - 环保部-地方快讯采集开始***************************
 WebCrawlerConsole.DoMain.Crawlername2017-11-23 16:49:46,210 [4] WARN  WebCrawlerConsole.DoMain.Crawler - 环保部-地方快讯,存在相同【标题】的文章:深化大学习 狠抓大落实 重庆市环保局专题研究布置学习宣传贯彻市委五届三次全会精神
 WebCrawlerConsole.DoMain.Crawlername2017-11-23 16:49:48,605 [4] WARN  WebCrawlerConsole.DoMain.Crawler - 环保部-地方快讯,存在相同【标题】的文章:重庆市环境保护集中督察首批将进驻4个区县
 WebCrawlerConsole.DoMain.Crawlername2017-11-23 16:49:55,616 [4] WARN  WebCrawlerConsole.DoMain.Crawler - 环保部-地方快讯,存在相同【标题】的文章:山东通报全省环境保护突出问题综合整治攻坚行动进展情况
 WebCrawlerConsole.DoMain.Crawlername2017-11-23 16:49:56,760 [4] WARN  WebCrawlerConsole.DoMain.Crawler - 环保部-地方快讯,存在相同【标题】的文章:山东通报秋冬季大气污染防治综合治理攻坚行动重点任务进展情况
 WebCrawlerConsole.DoMain.Crawlername2017-11-23 16:49:57,506 [4] WARN  WebCrawlerConsole.DoMain.Crawler - 环保部-地方快讯,存在相同【标题】的文章:河北启动秋冬季大气污染治理第四轮督察
 WebCrawlerConsole.DoMain.Crawlername2017-11-23 16:49:57,508 [4] WARN  WebCrawlerConsole.DoMain.Crawler - 环保部-地方快讯,新闻内容已到上一次最后采集新闻,结束采集
 WebCrawlerConsole.DoMain.Crawlername2017-11-23 16:49:57,509 [4] INFO  WebCrawlerConsole.DoMain.Crawler - 环保部-地方快讯,采集结束,共采集0条...共耗时17228毫秒********
 WebCrawlerConsole.DoMain.Crawlername2017-11-23 16:49:57,511 [4] INFO  WebCrawlerConsole.DoMain.Crawler - *******************************************************************************************
 WebCrawlerConsole.DoMain.Crawlername2017-11-23 16:49:57,513 [4] INFO  WebCrawlerConsole.DoMain.Crawler - 环保部-聚焦重污染天气采集开始***************************
 WebCrawlerConsole.DoMain.Crawlername2017-11-23 16:50:22,599 [1] INFO  WebCrawler.Services.Program - 文章采集系统开始...
 WebCrawler.Services.Programname2017-11-23 16:50:24,469 [4] INFO  WebCrawlerConsole.DoMain.Crawler - 浙江省环境保护厅-环保新闻采集开始***************************
 WebCrawlerConsole.DoMain.Crawlername2017-11-23 16:58:10,174 [1] INFO  WebCrawler.Services.Program - 文章采集系统开始...
 WebCrawler.Services.Programname2017-11-23 16:58:15,550 [4] INFO  WebCrawlerConsole.DoMain.Crawler - 浙江省环境保护厅-环保新闻采集开始***************************
 WebCrawlerConsole.DoMain.Crawlername2017-11-23 17:03:50,663 [1] INFO  WebCrawler.Services.Program - 文章采集系统开始...
 WebCrawler.Services.Programname2017-11-23 17:03:51,815 [4] INFO  WebCrawlerConsole.DoMain.Crawler - 浙江省环境保护厅-环保新闻采集开始***************************
 WebCrawlerConsole.DoMain.Crawlername2017-11-23 17:05:31,240 [1] INFO  WebCrawler.Services.Program - 文章采集系统开始...
 WebCrawler.Services.Programname2017-11-23 17:05:32,791 [4] INFO  WebCrawlerConsole.DoMain.Crawler - 浙江省环境保护厅-环保新闻采集开始***************************
 WebCrawlerConsole.DoMain.Crawlername2017-11-23 17:07:31,049 [1] INFO  WebCrawler.Services.Program - 文章采集系统开始...
 WebCrawler.Services.Programname2017-11-23 17:07:31,961 [4] INFO  WebCrawlerConsole.DoMain.Crawler - 浙江省环境保护厅-环保新闻采集开始***************************
 WebCrawlerConsole.DoMain.Crawlername2017-11-23 17:08:35,450 [1] INFO  WebCrawler.Services.Program - 文章采集系统开始...
 WebCrawler.Services.Programname2017-11-23 17:08:36,519 [4] INFO  WebCrawlerConsole.DoMain.Crawler - 浙江省环境保护厅-环保新闻采集开始***************************
 WebCrawlerConsole.DoMain.Crawlername2017-11-23 17:08:39,971 [4] ERROR WebCrawlerConsole.DoMain.Crawler - 【浙江省环境保护厅-环保新闻】采集失败,长度不能小于 0。
参数名: length
 WebCrawlerConsole.DoMain.Crawlername2017-11-23 17:08:39,973 [1] INFO  WebCrawler.Services.Program - 采集结束
 WebCrawler.Services.Programname2017-11-23 17:09:33,303 [1] INFO  WebCrawler.Services.Program - 文章采集系统开始...
 WebCrawler.Services.Programname2017-11-23 17:09:35,032 [4] INFO  WebCrawlerConsole.DoMain.Crawler - 浙江省环境保护厅-环保新闻采集开始***************************
 WebCrawlerConsole.DoMain.Crawlername2017-11-23 17:10:07,910 [4] ERROR WebCrawlerConsole.DoMain.Crawler - 【浙江省环境保护厅-环保新闻】采集失败,长度不能小于 0。
参数名: length
 WebCrawlerConsole.DoMain.Crawlername2017-11-23 17:10:32,735 [1] INFO  WebCrawler.Services.Program - 文章采集系统开始...
 WebCrawler.Services.Programname2017-11-23 17:10:35,566 [4] INFO  WebCrawlerConsole.DoMain.Crawler - 浙江省环境保护厅-环保新闻采集开始***************************
 WebCrawlerConsole.DoMain.Crawlername2017-11-23 17:13:52,775 [1] INFO  WebCrawler.Services.Program - 文章采集系统开始...
 WebCrawler.Services.Programname2017-11-23 17:13:53,930 [4] INFO  WebCrawlerConsole.DoMain.Crawler - 浙江省环境保护厅-环保新闻采集开始***************************
 WebCrawlerConsole.DoMain.Crawlername2017-11-23 17:13:59,290 [4] ERROR WebCrawlerConsole.DoMain.Crawler - 【浙江省环境保护厅-环保新闻】采集失败,长度不能小于 0。
参数名: length
 WebCrawlerConsole.DoMain.Crawlername2017-11-23 17:13:59,292 [1] INFO  WebCrawler.Services.Program - 采集结束
 WebCrawler.Services.Programname2017-11-23 17:14:26,387 [1] INFO  WebCrawler.Services.Program - 文章采集系统开始...
 WebCrawler.Services.Programname2017-11-23 17:14:27,378 [4] INFO  WebCrawlerConsole.DoMain.Crawler - 浙江省环境保护厅-环保新闻采集开始***************************
 WebCrawlerConsole.DoMain.Crawlername2017-11-23 17:14:29,060 [4] ERROR WebCrawlerConsole.DoMain.Crawler - 【浙江省环境保护厅-环保新闻】采集失败,长度不能小于 0。
参数名: length
 WebCrawlerConsole.DoMain.Crawlername2017-11-23 17:14:29,062 [1] INFO  WebCrawler.Services.Program - 采集结束
 WebCrawler.Services.Programname2017-11-23 17:14:51,795 [1] INFO  WebCrawler.Services.Program - 文章采集系统开始...
 WebCrawler.Services.Programname2017-11-23 17:14:52,559 [4] INFO  WebCrawlerConsole.DoMain.Crawler - 浙江省环境保护厅-环保新闻采集开始***************************
 WebCrawlerConsole.DoMain.Crawlername2017-11-23 17:17:50,708 [1] INFO  WebCrawler.Services.Program - 文章采集系统开始...
 WebCrawler.Services.Programname2017-11-23 17:17:52,048 [4] INFO  WebCrawlerConsole.DoMain.Crawler - 浙江省环境保护厅-环保新闻采集开始***************************
 WebCrawlerConsole.DoMain.Crawlername2017-11-23 17:18:58,138 [1] INFO  WebCrawler.Services.Program - 文章采集系统开始...
 WebCrawler.Services.Programname2017-11-23 17:19:00,657 [4] INFO  WebCrawlerConsole.DoMain.Crawler - 浙江省环境保护厅-环保新闻采集开始***************************
 WebCrawlerConsole.DoMain.Crawlername2017-11-23 17:19:20,809 [1] INFO  WebCrawler.Services.Program - 文章采集系统开始...
 WebCrawler.Services.Programname2017-11-23 17:19:21,680 [4] INFO  WebCrawlerConsole.DoMain.Crawler - 浙江省环境保护厅-环保新闻采集开始***************************
 WebCrawlerConsole.DoMain.Crawlername2017-11-23 17:21:18,671 [1] INFO  WebCrawler.Services.Program - 文章采集系统开始...
 WebCrawler.Services.Programname2017-11-23 17:21:19,715 [4] INFO  WebCrawlerConsole.DoMain.Crawler - 浙江省环境保护厅-环保新闻采集开始***************************
 WebCrawlerConsole.DoMain.Crawlername2017-11-23 17:21:21,329 [4] ERROR WebCrawlerConsole.DoMain.Crawler - 浙江省环境保护厅-环保新闻,http://www.zjepb.gov.cn/art/2017/11/15/art_1201344_13066417.html,文章详情获取失败
 WebCrawlerConsole.DoMain.Crawlername2017-11-23 17:21:21,897 [4] ERROR WebCrawlerConsole.DoMain.Crawler - 浙江省环境保护厅-环保新闻,http://www.zjepb.gov.cn/art/2017/11/15/art_1201344_13066417.html,文章详情获取失败
 WebCrawlerConsole.DoMain.Crawlername2017-11-23 17:21:21,979 [4] ERROR WebCrawlerConsole.DoMain.Crawler - 浙江省环境保护厅-环保新闻,http://www.zjepb.gov.cn/art/2017/11/15/art_1201344_13066417.html,文章详情获取失败
 WebCrawlerConsole.DoMain.Crawlername2017-11-23 17:21:22,052 [4] ERROR WebCrawlerConsole.DoMain.Crawler - 浙江省环境保护厅-环保新闻,http://www.zjepb.gov.cn/art/2017/11/15/art_1201344_13066417.html,文章详情获取失败
 WebCrawlerConsole.DoMain.Crawlername2017-11-23 17:21:22,294 [4] ERROR WebCrawlerConsole.DoMain.Crawler - 浙江省环境保护厅-环保新闻,http://www.zjepb.gov.cn/art/2017/11/15/art_1201344_13066417.html,文章详情获取失败
 WebCrawlerConsole.DoMain.Crawlername2017-11-23 17:21:22,638 [4] ERROR WebCrawlerConsole.DoMain.Crawler - 浙江省环境保护厅-环保新闻,http://www.zjepb.gov.cn/art/2017/11/15/art_1201344_13066417.html,文章详情获取失败
 WebCrawlerConsole.DoMain.Crawlername2017-11-23 17:21:22,711 [4] ERROR WebCrawlerConsole.DoMain.Crawler - 浙江省环境保护厅-环保新闻,http://www.zjepb.gov.cn/art/2017/11/15/art_1201344_13066417.html,文章详情获取失败
 WebCrawlerConsole.DoMain.Crawlername2017-11-23 17:21:22,825 [4] ERROR WebCrawlerConsole.DoMain.Crawler - 浙江省环境保护厅-环保新闻,http://www.zjepb.gov.cn/art/2017/11/15/art_1201344_13066417.html,文章详情获取失败
 WebCrawlerConsole.DoMain.Crawlername2017-11-23 17:21:22,896 [4] ERROR WebCrawlerConsole.DoMain.Crawler - 浙江省环境保护厅-环保新闻,http://www.zjepb.gov.cn/art/2017/11/15/art_1201344_13066417.html,文章详情获取失败
 WebCrawlerConsole.DoMain.Crawlername2017-11-23 17:21:22,968 [4] ERROR WebCrawlerConsole.DoMain.Crawler - 浙江省环境保护厅-环保新闻,http://www.zjepb.gov.cn/art/2017/11/15/art_1201344_13066417.html,文章详情获取失败
 WebCrawlerConsole.DoMain.Crawlername2017-11-23 17:21:23,040 [4] ERROR WebCrawlerConsole.DoMain.Crawler - 浙江省环境保护厅-环保新闻,http://www.zjepb.gov.cn/art/2017/11/15/art_1201344_13066417.html,文章详情获取失败
 WebCrawlerConsole.DoMain.Crawlername2017-11-23 17:21:23,115 [4] ERROR WebCrawlerConsole.DoMain.Crawler - 浙江省环境保护厅-环保新闻,http://www.zjepb.gov.cn/art/2017/11/15/art_1201344_13066417.html,文章详情获取失败
 WebCrawlerConsole.DoMain.Crawlername2017-11-23 17:21:23,188 [4] ERROR WebCrawlerConsole.DoMain.Crawler - 浙江省环境保护厅-环保新闻,http://www.zjepb.gov.cn/art/2017/11/15/art_1201344_13066417.html,文章详情获取失败
 WebCrawlerConsole.DoMain.Crawlername2017-11-23 17:21:23,264 [4] ERROR WebCrawlerConsole.DoMain.Crawler - 浙江省环境保护厅-环保新闻,http://www.zjepb.gov.cn/art/2017/11/15/art_1201344_13066417.html,文章详情获取失败
 WebCrawlerConsole.DoMain.Crawlername2017-11-23 17:21:23,346 [4] ERROR WebCrawlerConsole.DoMain.Crawler - 浙江省环境保护厅-环保新闻,http://www.zjepb.gov.cn/art/2017/11/15/art_1201344_13066417.html,文章详情获取失败
 WebCrawlerConsole.DoMain.Crawlername2017-11-23 17:21:23,417 [4] ERROR WebCrawlerConsole.DoMain.Crawler - 浙江省环境保护厅-环保新闻,http://www.zjepb.gov.cn/art/2017/11/15/art_1201344_13066417.html,文章详情获取失败
 WebCrawlerConsole.DoMain.Crawlername2017-11-23 17:21:23,500 [4] ERROR WebCrawlerConsole.DoMain.Crawler - 浙江省环境保护厅-环保新闻,http://www.zjepb.gov.cn/art/2017/11/15/art_1201344_13066417.html,文章详情获取失败
 WebCrawlerConsole.DoMain.Crawlername2017-11-23 17:21:23,576 [4] ERROR WebCrawlerConsole.DoMain.Crawler - 浙江省环境保护厅-环保新闻,http://www.zjepb.gov.cn/art/2017/11/15/art_1201344_13066417.html,文章详情获取失败
 WebCrawlerConsole.DoMain.Crawlername2017-11-23 17:21:23,658 [4] ERROR WebCrawlerConsole.DoMain.Crawler - 浙江省环境保护厅-环保新闻,http://www.zjepb.gov.cn/art/2017/11/15/art_1201344_13066417.html,文章详情获取失败
 WebCrawlerConsole.DoMain.Crawlername2017-11-23 17:21:23,778 [4] ERROR WebCrawlerConsole.DoMain.Crawler - 浙江省环境保护厅-环保新闻,http://www.zjepb.gov.cn/art/2017/11/15/art_1201344_13066417.html,文章详情获取失败
 WebCrawlerConsole.DoMain.Crawlername2017-11-23 17:21:24,003 [4] ERROR WebCrawlerConsole.DoMain.Crawler - 浙江省环境保护厅-环保新闻,http://www.zjepb.gov.cn/art/2017/11/15/art_1201344_13066417.html,文章详情获取失败
 WebCrawlerConsole.DoMain.Crawlername2017-11-23 17:21:24,079 [4] ERROR WebCrawlerConsole.DoMain.Crawler - 浙江省环境保护厅-环保新闻,http://www.zjepb.gov.cn/art/2017/11/15/art_1201344_13066417.html,文章详情获取失败
 WebCrawlerConsole.DoMain.Crawlername2017-11-23 17:21:24,156 [4] ERROR WebCrawlerConsole.DoMain.Crawler - 浙江省环境保护厅-环保新闻,http://www.zjepb.gov.cn/art/2017/11/15/art_1201344_13066417.html,文章详情获取失败
 WebCrawlerConsole.DoMain.Crawlername2017-11-23 17:21:24,229 [4] ERROR WebCrawlerConsole.DoMain.Crawler - 浙江省环境保护厅-环保新闻,http://www.zjepb.gov.cn/art/2017/11/15/art_1201344_13066417.html,文章详情获取失败
 WebCrawlerConsole.DoMain.Crawlername2017-11-23 17:21:24,342 [4] ERROR WebCrawlerConsole.DoMain.Crawler - 浙江省环境保护厅-环保新闻,http://www.zjepb.gov.cn/art/2017/11/15/art_1201344_13066417.html,文章详情获取失败
 WebCrawlerConsole.DoMain.Crawlername2017-11-23 17:21:24,415 [4] ERROR WebCrawlerConsole.DoMain.Crawler - 浙江省环境保护厅-环保新闻,http://www.zjepb.gov.cn/art/2017/11/15/art_1201344_13066417.html,文章详情获取失败
 WebCrawlerConsole.DoMain.Crawlername2017-11-23 17:21:24,502 [4] ERROR WebCrawlerConsole.DoMain.Crawler - 浙江省环境保护厅-环保新闻,http://www.zjepb.gov.cn/art/2017/11/15/art_1201344_13066417.html,文章详情获取失败
 WebCrawlerConsole.DoMain.Crawlername2017-11-23 17:21:24,575 [4] ERROR WebCrawlerConsole.DoMain.Crawler - 浙江省环境保护厅-环保新闻,http://www.zjepb.gov.cn/art/2017/11/15/art_1201344_13066417.html,文章详情获取失败
 WebCrawlerConsole.DoMain.Crawlername2017-11-23 17:21:24,649 [4] ERROR WebCrawlerConsole.DoMain.Crawler - 浙江省环境保护厅-环保新闻,http://www.zjepb.gov.cn/art/2017/11/15/art_1201344_13066417.html,文章详情获取失败
 WebCrawlerConsole.DoMain.Crawlername2017-11-23 17:21:24,735 [4] ERROR WebCrawlerConsole.DoMain.Crawler - 浙江省环境保护厅-环保新闻,http://www.zjepb.gov.cn/art/2017/11/15/art_1201344_13066417.html,文章详情获取失败
 WebCrawlerConsole.DoMain.Crawlername2017-11-23 17:21:25,063 [4] ERROR WebCrawlerConsole.DoMain.Crawler - 浙江省环境保护厅-环保新闻,http://www.zjepb.gov.cn/art/2017/11/15/art_1201344_13066417.html,文章详情获取失败
 WebCrawlerConsole.DoMain.Crawlername2017-11-23 17:21:25,138 [4] ERROR WebCrawlerConsole.DoMain.Crawler - 浙江省环境保护厅-环保新闻,http://www.zjepb.gov.cn/art/2017/11/15/art_1201344_13066417.html,文章详情获取失败
 WebCrawlerConsole.DoMain.Crawlername2017-11-23 17:21:25,218 [4] ERROR WebCrawlerConsole.DoMain.Crawler - 浙江省环境保护厅-环保新闻,http://www.zjepb.gov.cn/art/2017/11/15/art_1201344_13066417.html,文章详情获取失败
 WebCrawlerConsole.DoMain.Crawlername2017-11-23 17:21:25,296 [4] ERROR WebCrawlerConsole.DoMain.Crawler - 浙江省环境保护厅-环保新闻,http://www.zjepb.gov.cn/art/2017/11/15/art_1201344_13066417.html,文章详情获取失败
 WebCrawlerConsole.DoMain.Crawlername2017-11-23 17:21:25,378 [4] ERROR WebCrawlerConsole.DoMain.Crawler - 浙江省环境保护厅-环保新闻,http://www.zjepb.gov.cn/art/2017/11/15/art_1201344_13066417.html,文章详情获取失败
 WebCrawlerConsole.DoMain.Crawlername2017-11-23 17:21:25,452 [4] ERROR WebCrawlerConsole.DoMain.Crawler - 浙江省环境保护厅-环保新闻,http://www.zjepb.gov.cn/art/2017/11/15/art_1201344_13066417.html,文章详情获取失败
 WebCrawlerConsole.DoMain.Crawlername2017-11-23 17:21:25,524 [4] ERROR WebCrawlerConsole.DoMain.Crawler - 浙江省环境保护厅-环保新闻,http://www.zjepb.gov.cn/art/2017/11/15/art_1201344_13066417.html,文章详情获取失败
 WebCrawlerConsole.DoMain.Crawlername2017-11-23 17:21:25,663 [4] ERROR WebCrawlerConsole.DoMain.Crawler - 浙江省环境保护厅-环保新闻,http://www.zjepb.gov.cn/art/2017/11/15/art_1201344_13066417.html,文章详情获取失败
 WebCrawlerConsole.DoMain.Crawlername2017-11-23 17:21:25,738 [4] ERROR WebCrawlerConsole.DoMain.Crawler - 浙江省环境保护厅-环保新闻,http://www.zjepb.gov.cn/art/2017/11/15/art_1201344_13066417.html,文章详情获取失败
 WebCrawlerConsole.DoMain.Crawlername2017-11-23 17:21:25,811 [4] ERROR WebCrawlerConsole.DoMain.Crawler - 浙江省环境保护厅-环保新闻,http://www.zjepb.gov.cn/art/2017/11/15/art_1201344_13066417.html,文章详情获取失败
 WebCrawlerConsole.DoMain.Crawlername2017-11-23 17:21:31,554 [4] ERROR WebCrawlerConsole.DoMain.Crawler - 浙江省环境保护厅-环保新闻,http://www.zjepb.gov.cn/art/2017/11/15/art_1201344_13066417.html,文章详情获取失败
 WebCrawlerConsole.DoMain.Crawlername2017-11-23 17:21:31,655 [4] ERROR WebCrawlerConsole.DoMain.Crawler - 浙江省环境保护厅-环保新闻,http://www.zjepb.gov.cn/art/2017/11/15/art_1201344_13066417.html,文章详情获取失败
 WebCrawlerConsole.DoMain.Crawlername2017-11-23 17:21:31,729 [4] ERROR WebCrawlerConsole.DoMain.Crawler - 浙江省环境保护厅-环保新闻,http://www.zjepb.gov.cn/art/2017/11/15/art_1201344_13066417.html,文章详情获取失败
 WebCrawlerConsole.DoMain.Crawlername2017-11-23 17:21:31,805 [4] ERROR WebCrawlerConsole.DoMain.Crawler - 浙江省环境保护厅-环保新闻,http://www.zjepb.gov.cn/art/2017/11/15/art_1201344_13066417.html,文章详情获取失败
 WebCrawlerConsole.DoMain.Crawlername2017-11-23 17:21:31,882 [4] ERROR WebCrawlerConsole.DoMain.Crawler - 浙江省环境保护厅-环保新闻,http://www.zjepb.gov.cn/art/2017/11/15/art_1201344_13066417.html,文章详情获取失败
 WebCrawlerConsole.DoMain.Crawlername2017-11-23 17:21:31,954 [4] ERROR WebCrawlerConsole.DoMain.Crawler - 浙江省环境保护厅-环保新闻,http://www.zjepb.gov.cn/art/2017/11/15/art_1201344_13066417.html,文章详情获取失败
 WebCrawlerConsole.DoMain.Crawlername2017-11-23 17:21:32,028 [4] ERROR WebCrawlerConsole.DoMain.Crawler - 浙江省环境保护厅-环保新闻,http://www.zjepb.gov.cn/art/2017/11/15/art_1201344_13066417.html,文章详情获取失败
 WebCrawlerConsole.DoMain.Crawlername2017-11-23 17:21:32,213 [4] ERROR WebCrawlerConsole.DoMain.Crawler - 浙江省环境保护厅-环保新闻,http://www.zjepb.gov.cn/art/2017/11/15/art_1201344_13066417.html,文章详情获取失败
 WebCrawlerConsole.DoMain.Crawlername2017-11-23 17:21:32,285 [4] ERROR WebCrawlerConsole.DoMain.Crawler - 浙江省环境保护厅-环保新闻,http://www.zjepb.gov.cn/art/2017/11/15/art_1201344_13066417.html,文章详情获取失败
 WebCrawlerConsole.DoMain.Crawlername2017-11-23 17:21:32,360 [4] ERROR WebCrawlerConsole.DoMain.Crawler - 浙江省环境保护厅-环保新闻,http://www.zjepb.gov.cn/art/2017/11/15/art_1201344_13066417.html,文章详情获取失败
 WebCrawlerConsole.DoMain.Crawlername2017-11-23 17:21:32,435 [4] ERROR WebCrawlerConsole.DoMain.Crawler - 浙江省环境保护厅-环保新闻,http://www.zjepb.gov.cn/art/2017/11/15/art_1201344_13066417.html,文章详情获取失败
 WebCrawlerConsole.DoMain.Crawlername2017-11-23 17:21:32,511 [4] ERROR WebCrawlerConsole.DoMain.Crawler - 浙江省环境保护厅-环保新闻,http://www.zjepb.gov.cn/art/2017/11/15/art_1201344_13066417.html,文章详情获取失败
 WebCrawlerConsole.DoMain.Crawlername2017-11-23 17:21:32,583 [4] ERROR WebCrawlerConsole.DoMain.Crawler - 浙江省环境保护厅-环保新闻,http://www.zjepb.gov.cn/art/2017/11/15/art_1201344_13066417.html,文章详情获取失败
 WebCrawlerConsole.DoMain.Crawlername2017-11-23 17:21:32,656 [4] ERROR WebCrawlerConsole.DoMain.Crawler - 浙江省环境保护厅-环保新闻,http://www.zjepb.gov.cn/art/2017/11/15/art_1201344_13066417.html,文章详情获取失败
 WebCrawlerConsole.DoMain.Crawlername2017-11-23 17:21:32,740 [4] ERROR WebCrawlerConsole.DoMain.Crawler - 浙江省环境保护厅-环保新闻,http://www.zjepb.gov.cn/art/2017/11/15/art_1201344_13066417.html,文章详情获取失败
 WebCrawlerConsole.DoMain.Crawlername2017-11-23 17:21:32,814 [4] ERROR WebCrawlerConsole.DoMain.Crawler - 浙江省环境保护厅-环保新闻,http://www.zjepb.gov.cn/art/2017/11/15/art_1201344_13066417.html,文章详情获取失败
 WebCrawlerConsole.DoMain.Crawlername2017-11-23 17:21:36,626 [4] ERROR WebCrawlerConsole.DoMain.Crawler - 浙江省环境保护厅-环保新闻,http://www.zjepb.gov.cn/art/2017/11/15/art_1201344_13066417.html,文章详情获取失败
 WebCrawlerConsole.DoMain.Crawlername2017-11-23 17:21:36,698 [4] ERROR WebCrawlerConsole.DoMain.Crawler - 浙江省环境保护厅-环保新闻,http://www.zjepb.gov.cn/art/2017/11/15/art_1201344_13066417.html,文章详情获取失败
 WebCrawlerConsole.DoMain.Crawlername2017-11-23 17:21:36,771 [4] ERROR WebCrawlerConsole.DoMain.Crawler - 浙江省环境保护厅-环保新闻,http://www.zjepb.gov.cn/art/2017/11/15/art_1201344_13066417.html,文章详情获取失败
 WebCrawlerConsole.DoMain.Crawlername2017-11-23 17:21:36,933 [4] ERROR WebCrawlerConsole.DoMain.Crawler - 浙江省环境保护厅-环保新闻采集异常,【新闻列表加载失败】
 WebCrawlerConsole.DoMain.Crawlername2017-11-23 17:21:36,998 [4] ERROR WebCrawlerConsole.DoMain.Crawler - 浙江省环境保护厅-环保新闻采集异常,【新闻列表加载失败】
 WebCrawlerConsole.DoMain.Crawlername2017-11-23 17:21:37,062 [4] ERROR WebCrawlerConsole.DoMain.Crawler - 浙江省环境保护厅-环保新闻采集异常,【新闻列表加载失败】
 WebCrawlerConsole.DoMain.Crawlername2017-11-23 17:21:37,127 [4] ERROR WebCrawlerConsole.DoMain.Crawler - 浙江省环境保护厅-环保新闻采集异常,【新闻列表加载失败】
 WebCrawlerConsole.DoMain.Crawlername2017-11-23 17:21:37,132 [4] INFO  WebCrawlerConsole.DoMain.Crawler - 浙江省环境保护厅-环保新闻,采集结束,共采集1条...共耗时17415毫秒********
 WebCrawlerConsole.DoMain.Crawlername2017-11-23 17:21:37,135 [4] INFO  WebCrawlerConsole.DoMain.Crawler - *******************************************************************************************
 WebCrawlerConsole.DoMain.Crawlername2017-11-23 17:21:37,182 [1] INFO  WebCrawler.Services.Program - 采集结束
 WebCrawler.Services.Programname2017-11-23 17:23:21,435 [1] INFO  WebCrawler.Services.Program - 文章采集系统开始...
 WebCrawler.Services.Programname2017-11-23 17:23:22,468 [4] INFO  WebCrawlerConsole.DoMain.Crawler - 浙江省环境保护厅-环保新闻采集开始***************************
 WebCrawlerConsole.DoMain.Crawlername2017-11-23 17:28:05,566 [1] INFO  WebCrawler.Services.Program - 文章采集系统开始...
 WebCrawler.Services.Programname2017-11-23 17:28:06,669 [4] INFO  WebCrawlerConsole.DoMain.Crawler - 浙江省环境保护厅-环保新闻采集开始***************************
 WebCrawlerConsole.DoMain.Crawlername2017-11-23 17:28:09,964 [4] ERROR WebCrawlerConsole.DoMain.Crawler - 【浙江省环境保护厅-环保新闻】采集失败,索引超出范围。必须为非负值并小于集合大小。
参数名: startIndex
 WebCrawlerConsole.DoMain.Crawlername2017-11-23 17:28:09,966 [1] INFO  WebCrawler.Services.Program - 采集结束
 WebCrawler.Services.Programname2017-11-23 17:28:38,320 [1] INFO  WebCrawler.Services.Program - 文章采集系统开始...
 WebCrawler.Services.Programname2017-11-23 17:28:39,227 [4] INFO  WebCrawlerConsole.DoMain.Crawler - 浙江省环境保护厅-环保新闻采集开始***************************
 WebCrawlerConsole.DoMain.Crawlername2017-11-23 17:28:42,208 [4] ERROR WebCrawlerConsole.DoMain.Crawler - 【浙江省环境保护厅-环保新闻】采集失败,索引超出范围。必须为非负值并小于集合大小。
参数名: startIndex
 WebCrawlerConsole.DoMain.Crawlername2017-11-23 17:28:42,210 [1] INFO  WebCrawler.Services.Program - 采集结束
 WebCrawler.Services.Programname2017-11-23 17:29:09,408 [1] INFO  WebCrawler.Services.Program - 文章采集系统开始...
 WebCrawler.Services.Programname2017-11-23 17:29:10,422 [4] INFO  WebCrawlerConsole.DoMain.Crawler - 浙江省环境保护厅-环保新闻采集开始***************************
 WebCrawlerConsole.DoMain.Crawlername2017-11-23 17:30:06,716 [1] INFO  WebCrawler.Services.Program - 文章采集系统开始...
 WebCrawler.Services.Programname2017-11-23 17:30:08,745 [4] INFO  WebCrawlerConsole.DoMain.Crawler - 浙江省环境保护厅-环保新闻采集开始***************************
 WebCrawlerConsole.DoMain.Crawlername2017-11-23 17:31:28,604 [4] WARN  WebCrawlerConsole.DoMain.Crawler - 浙江省环境保护厅-环保新闻,存在相同【标题】的文章:捷克皮尔森州副州长伊沃・格律能访问我厅
 WebCrawlerConsole.DoMain.Crawlername2017-11-23 17:31:28,606 [4] WARN  WebCrawlerConsole.DoMain.Crawler - 浙江省环境保护厅-环保新闻,新闻内容已到上一次最后采集新闻,结束采集
 WebCrawlerConsole.DoMain.Crawlername2017-11-23 17:31:28,609 [4] INFO  WebCrawlerConsole.DoMain.Crawler - 浙江省环境保护厅-环保新闻,采集结束,共采集0条...共耗时79862毫秒********
 WebCrawlerConsole.DoMain.Crawlername2017-11-23 17:31:28,611 [4] INFO  WebCrawlerConsole.DoMain.Crawler - *******************************************************************************************
 WebCrawlerConsole.DoMain.Crawlername2017-11-23 17:31:29,057 [1] INFO  WebCrawler.Services.Program - 采集结束
 WebCrawler.Services.Programname2017-11-23 17:32:12,534 [1] INFO  WebCrawler.Services.Program - 文章采集系统开始...
 WebCrawler.Services.Programname2017-11-23 17:32:13,879 [4] INFO  WebCrawlerConsole.DoMain.Crawler - 浙江省环境保护厅-环保新闻采集开始***************************
 WebCrawlerConsole.DoMain.Crawlername2017-11-23 17:32:15,522 [4] WARN  WebCrawlerConsole.DoMain.Crawler - 浙江省环境保护厅-环保新闻,存在相同【标题】的文章:捷克皮尔森州副州长伊沃・格律能访问我厅
 WebCrawlerConsole.DoMain.Crawlername2017-11-23 17:32:24,279 [4] ERROR WebCrawlerConsole.DoMain.Crawler - 浙江省环境保护厅-环保新闻采集异常,【新闻列表加载失败】
 WebCrawlerConsole.DoMain.Crawlername2017-11-23 17:32:24,348 [4] ERROR WebCrawlerConsole.DoMain.Crawler - 浙江省环境保护厅-环保新闻采集异常,【新闻列表加载失败】
 WebCrawlerConsole.DoMain.Crawlername2017-11-23 17:32:24,421 [4] ERROR WebCrawlerConsole.DoMain.Crawler - 浙江省环境保护厅-环保新闻采集异常,【新闻列表加载失败】
 WebCrawlerConsole.DoMain.Crawlername2017-11-23 17:32:24,486 [4] ERROR WebCrawlerConsole.DoMain.Crawler - 浙江省环境保护厅-环保新闻采集异常,【新闻列表加载失败】
 WebCrawlerConsole.DoMain.Crawlername2017-11-23 17:32:24,489 [4] INFO  WebCrawlerConsole.DoMain.Crawler - 浙江省环境保护厅-环保新闻,采集结束,共采集59条...共耗时10609毫秒********
 WebCrawlerConsole.DoMain.Crawlername2017-11-23 17:32:24,491 [4] INFO  WebCrawlerConsole.DoMain.Crawler - *******************************************************************************************
 WebCrawlerConsole.DoMain.Crawlername2017-11-23 17:32:24,544 [1] INFO  WebCrawler.Services.Program - 采集结束
 WebCrawler.Services.Programname2017-11-23 17:38:06,093 [1] INFO  WebCrawler.Services.Program - 文章采集系统开始...
 WebCrawler.Services.Programname2017-11-23 17:38:07,309 [4] INFO  WebCrawlerConsole.DoMain.Crawler - 浙江省环境保护厅-环保新闻采集开始***************************
 WebCrawlerConsole.DoMain.Crawlername2017-11-23 17:38:08,993 [4] WARN  WebCrawlerConsole.DoMain.Crawler - 浙江省环境保护厅-环保新闻,存在相同【标题】的文章:捷克皮尔森州副州长伊沃・格律能访问我厅
 WebCrawlerConsole.DoMain.Crawlername2017-11-23 17:38:18,521 [4] ERROR WebCrawlerConsole.DoMain.Crawler - 浙江省环境保护厅-环保新闻采集异常,【新闻列表加载失败】
 WebCrawlerConsole.DoMain.Crawlername2017-11-23 17:38:18,586 [4] ERROR WebCrawlerConsole.DoMain.Crawler - 浙江省环境保护厅-环保新闻采集异常,【新闻列表加载失败】
 WebCrawlerConsole.DoMain.Crawlername2017-11-23 17:38:18,651 [4] ERROR WebCrawlerConsole.DoMain.Crawler - 浙江省环境保护厅-环保新闻采集异常,【新闻列表加载失败】
 WebCrawlerConsole.DoMain.Crawlername2017-11-23 17:38:18,719 [4] ERROR WebCrawlerConsole.DoMain.Crawler - 浙江省环境保护厅-环保新闻采集异常,【新闻列表加载失败】
 WebCrawlerConsole.DoMain.Crawlername2017-11-23 17:38:18,721 [4] INFO  WebCrawlerConsole.DoMain.Crawler - 浙江省环境保护厅-环保新闻,采集结束,共采集59条...共耗时11410毫秒********
 WebCrawlerConsole.DoMain.Crawlername2017-11-23 17:38:18,723 [4] INFO  WebCrawlerConsole.DoMain.Crawler - *******************************************************************************************
 WebCrawlerConsole.DoMain.Crawlername2017-11-23 17:38:18,772 [1] INFO  WebCrawler.Services.Program - 采集结束
 WebCrawler.Services.Programname2017-11-23 17:39:40,664 [1] INFO  WebCrawler.Services.Program - 文章采集系统开始...
 WebCrawler.Services.Programname2017-11-23 17:39:41,554 [4] INFO  WebCrawlerConsole.DoMain.Crawler - 浙江省环境保护厅-环保新闻采集开始***************************
 WebCrawlerConsole.DoMain.Crawlername2017-11-23 17:40:06,349 [4] WARN  WebCrawlerConsole.DoMain.Crawler - 浙江省环境保护厅-环保新闻,存在相同【标题】的文章:捷克皮尔森州副州长伊沃・格律能访问我厅
 WebCrawlerConsole.DoMain.Crawlername2017-11-23 17:42:03,976 [1] INFO  WebCrawler.Services.Program - 文章采集系统开始...
 WebCrawler.Services.Programname2017-11-23 17:42:04,894 [4] INFO  WebCrawlerConsole.DoMain.Crawler - 浙江省环境保护厅-环保新闻采集开始***************************
 WebCrawlerConsole.DoMain.Crawlername2017-11-23 17:44:15,577 [4] WARN  WebCrawlerConsole.DoMain.Crawler - 浙江省环境保护厅-环保新闻,存在相同【标题】的文章:捷克皮尔森州副州长伊沃・格律能访问我厅
 WebCrawlerConsole.DoMain.Crawlername2017-11-23 17:44:30,540 [4] ERROR WebCrawlerConsole.DoMain.Crawler - 浙江省环境保护厅-环保新闻采集异常,【新闻列表加载失败】
 WebCrawlerConsole.DoMain.Crawlername2017-11-23 17:44:30,608 [4] ERROR WebCrawlerConsole.DoMain.Crawler - 浙江省环境保护厅-环保新闻采集异常,【新闻列表加载失败】
 WebCrawlerConsole.DoMain.Crawlername2017-11-23 17:44:30,674 [4] ERROR WebCrawlerConsole.DoMain.Crawler - 浙江省环境保护厅-环保新闻采集异常,【新闻列表加载失败】
 WebCrawlerConsole.DoMain.Crawlername2017-11-23 17:44:30,741 [4] ERROR WebCrawlerConsole.DoMain.Crawler - 浙江省环境保护厅-环保新闻采集异常,【新闻列表加载失败】
 WebCrawlerConsole.DoMain.Crawlername2017-11-23 17:44:30,742 [4] INFO  WebCrawlerConsole.DoMain.Crawler - 浙江省环境保护厅-环保新闻,采集结束,共采集59条...共耗时145847毫秒********
 WebCrawlerConsole.DoMain.Crawlername2017-11-23 17:44:30,744 [4] INFO  WebCrawlerConsole.DoMain.Crawler - *******************************************************************************************
 WebCrawlerConsole.DoMain.Crawlername2017-11-23 17:44:30,792 [1] INFO  WebCrawler.Services.Program - 采集结束
 WebCrawler.Services.Programname2017-11-23 17:44:51,630 [1] INFO  WebCrawler.Services.Program - 文章采集系统开始...
 WebCrawler.Services.Programname2017-11-23 17:44:52,532 [4] INFO  WebCrawlerConsole.DoMain.Crawler - 浙江省环境保护厅-环保新闻采集开始***************************
 WebCrawlerConsole.DoMain.Crawlername2017-11-23 17:57:18,056 [4] WARN  WebCrawlerConsole.DoMain.Crawler - 浙江省环境保护厅-环保新闻,存在相同【标题】的文章:捷克皮尔森州副州长伊沃・格律能访问我厅
 WebCrawlerConsole.DoMain.Crawlername2017-11-23 17:57:19,301 [4] ERROR WebCrawlerConsole.DoMain.Crawler - 浙江省环境保护厅-环保新闻采集异常,【新闻列表加载失败】
 WebCrawlerConsole.DoMain.Crawlername2017-11-23 17:57:19,367 [4] ERROR WebCrawlerConsole.DoMain.Crawler - 浙江省环境保护厅-环保新闻采集异常,【新闻列表加载失败】
 WebCrawlerConsole.DoMain.Crawlername2017-11-23 17:57:19,431 [4] ERROR WebCrawlerConsole.DoMain.Crawler - 浙江省环境保护厅-环保新闻采集异常,【新闻列表加载失败】
 WebCrawlerConsole.DoMain.Crawlername2017-11-23 17:57:19,512 [4] ERROR WebCrawlerConsole.DoMain.Crawler - 浙江省环境保护厅-环保新闻采集异常,【新闻列表加载失败】
 WebCrawlerConsole.DoMain.Crawlername2017-11-23 17:57:19,516 [4] INFO  WebCrawlerConsole.DoMain.Crawler - 浙江省环境保护厅-环保新闻,采集结束,共采集4条...共耗时746982毫秒********
 WebCrawlerConsole.DoMain.Crawlername2017-11-23 17:57:19,518 [4] INFO  WebCrawlerConsole.DoMain.Crawler - *******************************************************************************************
 WebCrawlerConsole.DoMain.Crawlername2017-11-23 17:57:19,568 [1] INFO  WebCrawler.Services.Program - 采集结束
 WebCrawler.Services.Programname