2017-11-15 10:34:34,871 [1] INFO  WebCrawler.Services.Program - 文章采集系统开始...
 WebCrawler.Services.Programname2017-11-15 10:34:37,638 [1] INFO  WebCrawler.Services.Program - 采集结束
 WebCrawler.Services.Programname2017-11-15 10:35:10,125 [1] INFO  WebCrawler.Services.Program - 文章采集系统开始...
 WebCrawler.Services.Programname2017-11-15 10:35:22,583 [1] INFO  WebCrawler.Services.Program - 采集结束
 WebCrawler.Services.Programname2017-11-15 10:35:30,961 [1] INFO  WebCrawler.Services.Program - 文章采集系统开始...
 WebCrawler.Services.Programname2017-11-15 10:35:58,334 [1] INFO  WebCrawler.Services.Program - 采集结束
 WebCrawler.Services.Programname2017-11-15 10:36:07,983 [1] INFO  WebCrawler.Services.Program - 文章采集系统开始...
 WebCrawler.Services.Programname2017-11-15 10:36:09,252 [1] INFO  WebCrawler.Services.Program - 采集结束
 WebCrawler.Services.Programname2017-11-15 10:38:33,679 [1] INFO  WebCrawler.Services.Program - 文章采集系统开始...
 WebCrawler.Services.Programname2017-11-15 10:43:37,048 [1] INFO  WebCrawler.Services.Program - 采集结束
 WebCrawler.Services.Programname2017-11-15 10:57:47,623 [1] INFO  WebCrawler.Services.Program - 文章采集系统开始...
 WebCrawler.Services.Programname2017-11-15 10:58:06,669 [4] INFO  WebCrawlerConsole.DoMain.Crawler - 江苏环保厅-省内要闻采集开始***************************
 WebCrawlerConsole.DoMain.Crawlername2017-11-15 10:59:34,435 [4] WARN  WebCrawlerConsole.DoMain.Crawler - 江苏环保厅-省内要闻,存在相同【标题】的文章:环境保护部通报京津冀及周边地区大气污染防治强化督查情况(2017年11月12日)
 WebCrawlerConsole.DoMain.Crawlername2017-11-15 10:59:35,923 [4] WARN  WebCrawlerConsole.DoMain.Crawler - 江苏环保厅-省内要闻,存在相同【标题】的文章:环境保护部通报京津冀及周边地区大气污染防治强化督查情况(2017年11月11日)
 WebCrawlerConsole.DoMain.Crawlername2017-11-15 10:59:37,031 [4] WARN  WebCrawlerConsole.DoMain.Crawler - 江苏环保厅-省内要闻,存在相同【标题】的文章:环境保护部通报京津冀及周边地区大气污染防治强化督查情况(2017年11月10日)
 WebCrawlerConsole.DoMain.Crawlername2017-11-15 10:59:40,179 [4] WARN  WebCrawlerConsole.DoMain.Crawler - 江苏环保厅-省内要闻,存在相同【标题】的文章:环境保护部通报京津冀及周边地区大气污染防治强化督查情况(2017年11月9日)
 WebCrawlerConsole.DoMain.Crawlername2017-11-15 10:59:40,635 [4] WARN  WebCrawlerConsole.DoMain.Crawler - 江苏环保厅-省内要闻,存在相同【标题】的文章:环境保护部通报京津冀及周边地区大气污染防治强化督查情况(2017年11月8日)
 WebCrawlerConsole.DoMain.Crawlername2017-11-15 10:59:41,351 [4] WARN  WebCrawlerConsole.DoMain.Crawler - 江苏环保厅-省内要闻,存在相同【标题】的文章:环境保护部通报京津冀及周边地区大气污染防治强化督查情况(2017年11月7日)
 WebCrawlerConsole.DoMain.Crawlername2017-11-15 10:59:43,992 [4] WARN  WebCrawlerConsole.DoMain.Crawler - 江苏环保厅-省内要闻,存在相同【标题】的文章:11月4-7日京津冀及周边地区污染过程专家解读
 WebCrawlerConsole.DoMain.Crawlername2017-11-15 10:59:44,780 [4] WARN  WebCrawlerConsole.DoMain.Crawler - 江苏环保厅-省内要闻,存在相同【标题】的文章:环境保护部通报京津冀及周边地区大气污染防治强化督查情况(2017年11月6日)
 WebCrawlerConsole.DoMain.Crawlername2017-11-15 10:59:45,704 [4] WARN  WebCrawlerConsole.DoMain.Crawler - 江苏环保厅-省内要闻,存在相同【标题】的文章:环境保护部通报京津冀及周边地区大气污染防治强化督查情况(2017年11月5日)
 WebCrawlerConsole.DoMain.Crawlername2017-11-15 10:59:45,945 [4] WARN  WebCrawlerConsole.DoMain.Crawler - 江苏环保厅-省内要闻,存在相同【标题】的文章:11月4-7日京津冀及周边地区污染过程专家解读
 WebCrawlerConsole.DoMain.Crawlername2017-11-15 10:59:46,127 [4] WARN  WebCrawlerConsole.DoMain.Crawler - 江苏环保厅-省内要闻,存在相同【标题】的文章:环境保护部推选京津冀及周边地区大气污染防治强化督查每周一星
 WebCrawlerConsole.DoMain.Crawlername2017-11-15 10:59:46,420 [4] WARN  WebCrawlerConsole.DoMain.Crawler - 江苏环保厅-省内要闻,存在相同【标题】的文章:环境保护部通报京津冀及周边地区大气污染防治强化督查情况（2017年11月3日）
 WebCrawlerConsole.DoMain.Crawlername2017-11-15 10:59:47,047 [4] WARN  WebCrawlerConsole.DoMain.Crawler - 江苏环保厅-省内要闻,存在相同【标题】的文章:11月4-8日京津冀及周边地区重污染过程预测解读
 WebCrawlerConsole.DoMain.Crawlername2017-11-15 10:59:47,148 [4] WARN  WebCrawlerConsole.DoMain.Crawler - 江苏环保厅-省内要闻,存在相同【标题】的文章:环境保护部通报京津冀及周边地区大气污染防治强化督查情况（2017年11月2日）
 WebCrawlerConsole.DoMain.Crawlername2017-11-15 10:59:54,674 [4] WARN  WebCrawlerConsole.DoMain.Crawler - 江苏环保厅-省内要闻,存在相同【标题】的文章:环境保护部通报京津冀地区近期空气质量形势
 WebCrawlerConsole.DoMain.Crawlername2017-11-15 10:59:55,778 [4] WARN  WebCrawlerConsole.DoMain.Crawler - 江苏环保厅-省内要闻,存在相同【标题】的文章:德州市疏堵结合治污染 借力环保督查推动产业升级
 WebCrawlerConsole.DoMain.Crawlername2017-11-15 10:59:55,991 [4] WARN  WebCrawlerConsole.DoMain.Crawler - 江苏环保厅-省内要闻,存在相同【标题】的文章:环境保护部通报京津冀及周边地区大气污染防治强化督查情况（2017年10月31日）
 WebCrawlerConsole.DoMain.Crawlername2017-11-15 10:59:56,176 [4] WARN  WebCrawlerConsole.DoMain.Crawler - 江苏环保厅-省内要闻,存在相同【标题】的文章:齐河县做好“加减法” 以产业转型升级全面推动效益提升
 WebCrawlerConsole.DoMain.Crawlername2017-11-15 10:59:56,344 [4] WARN  WebCrawlerConsole.DoMain.Crawler - 江苏环保厅-省内要闻,存在相同【标题】的文章:临清市抢抓环保机遇倒逼企业转型升级 促进县域经济新旧动能加快转换
 WebCrawlerConsole.DoMain.Crawlername2017-11-15 10:59:56,477 [4] WARN  WebCrawlerConsole.DoMain.Crawler - 江苏环保厅-省内要闻,存在相同【标题】的文章:环境保护部推选京津冀及周边地区大气污染防治强化督查每周一星
 WebCrawlerConsole.DoMain.Crawlername2017-11-15 10:59:56,637 [4] WARN  WebCrawlerConsole.DoMain.Crawler - 江苏环保厅-省内要闻,存在相同【标题】的文章:环境保护部发布2017年9月和1-9月重点区域和74个城市空气质量状况
 WebCrawlerConsole.DoMain.Crawlername2017-11-15 11:00:59,001 [1] INFO  WebCrawler.Services.Program - 文章采集系统开始...
 WebCrawler.Services.Programname2017-11-15 11:01:00,360 [4] INFO  WebCrawlerConsole.DoMain.Crawler - 江苏环保厅-省内要闻采集开始***************************
 WebCrawlerConsole.DoMain.Crawlername2017-11-15 11:03:21,267 [1] INFO  WebCrawler.Services.Program - 文章采集系统开始...
 WebCrawler.Services.Programname2017-11-15 11:03:22,587 [4] INFO  WebCrawlerConsole.DoMain.Crawler - 江苏环保厅-省内要闻采集开始***************************
 WebCrawlerConsole.DoMain.Crawlername2017-11-15 11:03:34,142 [4] ERROR WebCrawlerConsole.DoMain.Crawler - 江苏环保厅-省内要闻采集异常,【分页获取失败】
 WebCrawlerConsole.DoMain.Crawlername2017-11-15 11:21:16,291 [1] INFO  WebCrawler.Services.Program - 文章采集系统开始...
 WebCrawler.Services.Programname2017-11-15 11:21:32,542 [4] INFO  WebCrawlerConsole.DoMain.Crawler - 江苏环保厅-省内要闻采集开始***************************
 WebCrawlerConsole.DoMain.Crawlername2017-11-15 11:21:42,931 [4] ERROR WebCrawlerConsole.DoMain.Crawler - 江苏环保厅-省内要闻采集异常,【分页获取失败】
 WebCrawlerConsole.DoMain.Crawlername2017-11-15 11:21:56,319 [1] INFO  WebCrawler.Services.Program - 采集结束
 WebCrawler.Services.Programname2017-11-15 11:22:36,731 [1] INFO  WebCrawler.Services.Program - 文章采集系统开始...
 WebCrawler.Services.Programname2017-11-15 11:23:41,462 [1] INFO  WebCrawler.Services.Program - 文章采集系统开始...
 WebCrawler.Services.Programname2017-11-15 11:23:52,922 [4] INFO  WebCrawlerConsole.DoMain.Crawler - 环保部-环境要闻采集开始***************************
 WebCrawlerConsole.DoMain.Crawlername2017-11-15 11:31:19,136 [4] WARN  WebCrawlerConsole.DoMain.Crawler - 环保部-环境要闻,存在相同【标题】的文章:深圳开展专项执法“利剑一号”行动 实施三大措施，落实六个一律，实现四个百分百
 WebCrawlerConsole.DoMain.Crawlername2017-11-15 11:31:19,139 [4] WARN  WebCrawlerConsole.DoMain.Crawler - 环保部-环境要闻,新闻内容已到上一次最后采集新闻,结束采集
 WebCrawlerConsole.DoMain.Crawlername2017-11-15 11:31:19,238 [4] INFO  WebCrawlerConsole.DoMain.Crawler - 环保部-环境要闻,采集结束,共采集1条...共耗时446093毫秒********
 WebCrawlerConsole.DoMain.Crawlername2017-11-15 11:31:19,240 [4] INFO  WebCrawlerConsole.DoMain.Crawler - *******************************************************************************************
 WebCrawlerConsole.DoMain.Crawlername2017-11-15 11:31:19,241 [4] INFO  WebCrawlerConsole.DoMain.Crawler - 环保部-地方快讯采集开始***************************
 WebCrawlerConsole.DoMain.Crawlername2017-11-15 11:31:22,751 [4] WARN  WebCrawlerConsole.DoMain.Crawler - 环保部-地方快讯,存在相同【标题】的文章:四川省副省长杨洪波赴泸州市调研督导沱江流域综合治理
 WebCrawlerConsole.DoMain.Crawlername2017-11-15 11:31:22,833 [4] WARN  WebCrawlerConsole.DoMain.Crawler - 环保部-地方快讯,存在相同【标题】的文章:河北强力推进清洁取暖
 WebCrawlerConsole.DoMain.Crawlername2017-11-15 11:31:22,911 [4] WARN  WebCrawlerConsole.DoMain.Crawler - 环保部-地方快讯,存在相同【标题】的文章:河北省“禁煤区”工程建设任务全部完成
 WebCrawlerConsole.DoMain.Crawlername2017-11-15 11:31:23,004 [4] WARN  WebCrawlerConsole.DoMain.Crawler - 环保部-地方快讯,存在相同【标题】的文章:吉林省全面开展固定污染源达标排放专项行动
 WebCrawlerConsole.DoMain.Crawlername2017-11-15 11:31:23,085 [4] WARN  WebCrawlerConsole.DoMain.Crawler - 环保部-地方快讯,存在相同【标题】的文章:吉林省开展燃煤小锅炉“清零”专项行动
 WebCrawlerConsole.DoMain.Crawlername2017-11-15 11:31:23,251 [4] WARN  WebCrawlerConsole.DoMain.Crawler - 环保部-地方快讯,存在相同【标题】的文章:山西省环保系统深入学习贯彻党的十九大精神坚决打好生态环境保护攻坚战
 WebCrawlerConsole.DoMain.Crawlername2017-11-15 11:31:23,437 [4] WARN  WebCrawlerConsole.DoMain.Crawler - 环保部-地方快讯,存在相同【标题】的文章:黑龙江省晒出环保执法前十个月成绩单 查处环境违法案件737起 累计处罚金额1.86亿元
 WebCrawlerConsole.DoMain.Crawlername2017-11-15 11:31:23,522 [4] WARN  WebCrawlerConsole.DoMain.Crawler - 环保部-地方快讯,存在相同【标题】的文章:陕西省召开中央环境保护督察整改工作推进会
 WebCrawlerConsole.DoMain.Crawlername2017-11-15 11:31:23,605 [4] WARN  WebCrawlerConsole.DoMain.Crawler - 环保部-地方快讯,存在相同【标题】的文章:陕西副省长调研渭北采石矿山生态治理与修复工作
 WebCrawlerConsole.DoMain.Crawlername2017-11-15 11:31:23,686 [4] WARN  WebCrawlerConsole.DoMain.Crawler - 环保部-地方快讯,存在相同【标题】的文章:山东省环保厅鞠振平副巡视员督导检查省级大气污染防治强化督查巡查工作情况
 WebCrawlerConsole.DoMain.Crawlername2017-11-15 11:31:23,795 [4] WARN  WebCrawlerConsole.DoMain.Crawler - 环保部-地方快讯,存在相同【标题】的文章:山东省环保厅厅长王安德在胜利油田宣讲党的十九大精神
 WebCrawlerConsole.DoMain.Crawlername2017-11-15 11:31:23,881 [4] WARN  WebCrawlerConsole.DoMain.Crawler - 环保部-地方快讯,存在相同【标题】的文章:湖北省副省长曹广晶在仙桃宣讲十九大精神要求 以具体行动推进湖北省生态文明建设
 WebCrawlerConsole.DoMain.Crawlername2017-11-15 11:31:23,968 [4] WARN  WebCrawlerConsole.DoMain.Crawler - 环保部-地方快讯,存在相同【标题】的文章:湖北省环保厅召开全省环境政策法规工作会议
 WebCrawlerConsole.DoMain.Crawlername2017-11-15 11:31:24,050 [4] WARN  WebCrawlerConsole.DoMain.Crawler - 环保部-地方快讯,存在相同【标题】的文章:云南省固体废物管理中心赴贵州进行危废跨省转移情况调研
 WebCrawlerConsole.DoMain.Crawlername2017-11-15 11:31:27,131 [4] WARN  WebCrawlerConsole.DoMain.Crawler - 环保部-地方快讯,存在相同【标题】的文章:云南省顺利配合完成全省2017年11月国家地表水采测分离协调指导工作计划
 WebCrawlerConsole.DoMain.Crawlername2017-11-15 11:31:27,661 [4] WARN  WebCrawlerConsole.DoMain.Crawler - 环保部-地方快讯,存在相同【标题】的文章:河北出台《关于加强环境保护行政执法与刑事司法衔接工作的实施意见》
 WebCrawlerConsole.DoMain.Crawlername2017-11-15 11:31:27,745 [4] WARN  WebCrawlerConsole.DoMain.Crawler - 环保部-地方快讯,存在相同【标题】的文章:广东省履行国际公约 彰显中国责任
 WebCrawlerConsole.DoMain.Crawlername2017-11-15 11:31:27,748 [4] WARN  WebCrawlerConsole.DoMain.Crawler - 环保部-地方快讯,新闻内容已到上一次最后采集新闻,结束采集
 WebCrawlerConsole.DoMain.Crawlername2017-11-15 11:31:27,751 [4] INFO  WebCrawlerConsole.DoMain.Crawler - 环保部-地方快讯,采集结束,共采集3条...共耗时8508毫秒********
 WebCrawlerConsole.DoMain.Crawlername2017-11-15 11:31:27,754 [4] INFO  WebCrawlerConsole.DoMain.Crawler - *******************************************************************************************
 WebCrawlerConsole.DoMain.Crawlername2017-11-15 11:31:27,755 [4] INFO  WebCrawlerConsole.DoMain.Crawler - 环保部-聚焦重污染天气采集开始***************************
 WebCrawlerConsole.DoMain.Crawlername2017-11-15 11:46:14,381 [1] INFO  WebCrawler.Services.Program - 文章采集系统开始...
 WebCrawler.Services.Programname2017-11-15 11:46:15,504 [4] INFO  WebCrawlerConsole.DoMain.Crawler - 江苏环保厅-省内要闻采集开始***************************
 WebCrawlerConsole.DoMain.Crawlername2017-11-15 11:46:22,049 [4] ERROR WebCrawlerConsole.DoMain.Crawler - 【江苏环保厅-省内要闻】采集失败,startIndex 不能大于字符串长度。
参数名: startIndex
 WebCrawlerConsole.DoMain.Crawlername2017-11-15 11:46:22,051 [1] INFO  WebCrawler.Services.Program - 采集结束
 WebCrawler.Services.Programname2017-11-15 11:47:13,090 [1] INFO  WebCrawler.Services.Program - 文章采集系统开始...
 WebCrawler.Services.Programname2017-11-15 11:47:14,201 [4] INFO  WebCrawlerConsole.DoMain.Crawler - 江苏环保厅-省内要闻采集开始***************************
 WebCrawlerConsole.DoMain.Crawlername2017-11-15 11:47:37,021 [4] ERROR WebCrawlerConsole.DoMain.Crawler - 【江苏环保厅-省内要闻】采集失败,startIndex 不能大于字符串长度。
参数名: startIndex
 WebCrawlerConsole.DoMain.Crawlername2017-11-15 11:47:37,023 [1] INFO  WebCrawler.Services.Program - 采集结束
 WebCrawler.Services.Programname2017-11-15 11:47:46,731 [1] INFO  WebCrawler.Services.Program - 文章采集系统开始...
 WebCrawler.Services.Programname2017-11-15 11:47:48,169 [4] INFO  WebCrawlerConsole.DoMain.Crawler - 江苏环保厅-省内要闻采集开始***************************
 WebCrawlerConsole.DoMain.Crawlername2017-11-15 11:57:04,967 [1] INFO  WebCrawler.Services.Program - 文章采集系统开始...
 WebCrawler.Services.Programname2017-11-15 11:57:06,791 [4] INFO  WebCrawlerConsole.DoMain.Crawler - 江苏环保厅-省内要闻采集开始***************************
 WebCrawlerConsole.DoMain.Crawlername2017-11-15 11:57:29,802 [1] INFO  WebCrawler.Services.Program - 文章采集系统开始...
 WebCrawler.Services.Programname2017-11-15 11:57:30,847 [4] INFO  WebCrawlerConsole.DoMain.Crawler - 江苏环保厅-省内要闻采集开始***************************
 WebCrawlerConsole.DoMain.Crawlername2017-11-15 13:39:24,266 [1] INFO  WebCrawler.Services.Program - 文章采集系统开始...
 WebCrawler.Services.Programname2017-11-15 13:39:25,241 [4] INFO  WebCrawlerConsole.DoMain.Crawler - 江苏环保厅-省内要闻采集开始***************************
 WebCrawlerConsole.DoMain.Crawlername2017-11-15 13:40:28,041 [1] INFO  WebCrawler.Services.Program - 文章采集系统开始...
 WebCrawler.Services.Programname2017-11-15 13:40:29,202 [4] INFO  WebCrawlerConsole.DoMain.Crawler - 江苏环保厅-省内要闻采集开始***************************
 WebCrawlerConsole.DoMain.Crawlername2017-11-15 13:43:18,474 [1] INFO  WebCrawler.Services.Program - 文章采集系统开始...
 WebCrawler.Services.Programname2017-11-15 13:43:19,383 [4] INFO  WebCrawlerConsole.DoMain.Crawler - 江苏环保厅-省内要闻采集开始***************************
 WebCrawlerConsole.DoMain.Crawlername2017-11-15 13:50:14,300 [1] INFO  WebCrawler.Services.Program - 文章采集系统开始...
 WebCrawler.Services.Programname2017-11-15 13:50:15,124 [4] INFO  WebCrawlerConsole.DoMain.Crawler - 江苏环保厅-省内要闻采集开始***************************
 WebCrawlerConsole.DoMain.Crawlername2017-11-15 13:53:14,785 [1] INFO  WebCrawler.Services.Program - 文章采集系统开始...
 WebCrawler.Services.Programname2017-11-15 13:53:15,741 [4] INFO  WebCrawlerConsole.DoMain.Crawler - 江苏环保厅-省内要闻采集开始***************************
 WebCrawlerConsole.DoMain.Crawlername2017-11-15 13:53:57,705 [1] INFO  WebCrawler.Services.Program - 文章采集系统开始...
 WebCrawler.Services.Programname2017-11-15 13:53:58,655 [4] INFO  WebCrawlerConsole.DoMain.Crawler - 江苏环保厅-省内要闻采集开始***************************
 WebCrawlerConsole.DoMain.Crawlername2017-11-15 13:54:18,769 [4] ERROR WebCrawlerConsole.DoMain.Crawler - 江苏环保厅-省内要闻采集异常,【分页获取失败】
 WebCrawlerConsole.DoMain.Crawlername2017-11-15 13:54:23,846 [1] INFO  WebCrawler.Services.Program - 采集结束
 WebCrawler.Services.Programname2017-11-15 13:56:41,357 [1] INFO  WebCrawler.Services.Program - 文章采集系统开始...
 WebCrawler.Services.Programname2017-11-15 13:56:54,439 [5] INFO  WebCrawlerConsole.DoMain.Crawler - 江苏环保厅-省内要闻采集开始***************************
 WebCrawlerConsole.DoMain.Crawlername2017-11-15 13:56:56,109 [4] INFO  WebCrawlerConsole.DoMain.Crawler - 环保部-环境要闻采集开始***************************
 WebCrawlerConsole.DoMain.Crawlername2017-11-15 14:00:42,065 [1] INFO  WebCrawler.Services.Program - 文章采集系统开始...
 WebCrawler.Services.Programname2017-11-15 14:00:43,209 [5] INFO  WebCrawlerConsole.DoMain.Crawler - 环保部-环境要闻采集开始***************************
 WebCrawlerConsole.DoMain.Crawlername2017-11-15 14:00:43,209 [6] INFO  WebCrawlerConsole.DoMain.Crawler - 江苏环保厅-省内要闻采集开始***************************
 WebCrawlerConsole.DoMain.Crawlername2017-11-15 14:03:22,911 [1] INFO  WebCrawler.Services.Program - 文章采集系统开始...
 WebCrawler.Services.Programname2017-11-15 14:03:27,854 [4] INFO  WebCrawlerConsole.DoMain.Crawler - 环保部-环境要闻采集开始***************************
 WebCrawlerConsole.DoMain.Crawlername2017-11-15 14:03:28,033 [5] INFO  WebCrawlerConsole.DoMain.Crawler - 江苏环保厅-省内要闻采集开始***************************
 WebCrawlerConsole.DoMain.Crawlername2017-11-15 14:04:09,799 [1] INFO  WebCrawler.Services.Program - 文章采集系统开始...
 WebCrawler.Services.Programname2017-11-15 14:04:10,739 [6] INFO  WebCrawlerConsole.DoMain.Crawler - 江苏环保厅-省内要闻采集开始***************************
 WebCrawlerConsole.DoMain.Crawlername2017-11-15 14:04:10,740 [5] INFO  WebCrawlerConsole.DoMain.Crawler - 环保部-环境要闻采集开始***************************
 WebCrawlerConsole.DoMain.Crawlername2017-11-15 14:04:33,253 [1] INFO  WebCrawler.Services.Program - 文章采集系统开始...
 WebCrawler.Services.Programname2017-11-15 14:04:34,277 [4] INFO  WebCrawlerConsole.DoMain.Crawler - 环保部-环境要闻采集开始***************************
 WebCrawlerConsole.DoMain.Crawlername2017-11-15 14:05:20,840 [1] INFO  WebCrawler.Services.Program - 文章采集系统开始...
 WebCrawler.Services.Programname2017-11-15 14:05:22,249 [4] INFO  WebCrawlerConsole.DoMain.Crawler - 环保部-环境要闻采集开始***************************
 WebCrawlerConsole.DoMain.Crawlername2017-11-15 14:06:09,174 [1] INFO  WebCrawler.Services.Program - 文章采集系统开始...
 WebCrawler.Services.Programname2017-11-15 14:06:10,519 [4] INFO  WebCrawlerConsole.DoMain.Crawler - 江苏环保厅-省内要闻采集开始***************************
 WebCrawlerConsole.DoMain.Crawlername2017-11-15 14:11:26,653 [1] INFO  WebCrawler.Services.Program - 文章采集系统开始...
 WebCrawler.Services.Programname2017-11-15 14:11:27,911 [4] INFO  WebCrawlerConsole.DoMain.Crawler - 江苏环保厅-省内要闻采集开始***************************
 WebCrawlerConsole.DoMain.Crawlername2017-11-15 14:11:29,801 [4] ERROR WebCrawlerConsole.DoMain.Crawler - 江苏环保厅-省内要闻采集异常,【分页获取失败】
 WebCrawlerConsole.DoMain.Crawlername2017-11-15 14:11:29,806 [1] INFO  WebCrawler.Services.Program - 采集结束
 WebCrawler.Services.Programname2017-11-15 14:11:44,108 [1] INFO  WebCrawler.Services.Program - 文章采集系统开始...
 WebCrawler.Services.Programname2017-11-15 14:11:45,237 [4] INFO  WebCrawlerConsole.DoMain.Crawler - 江苏环保厅-省内要闻采集开始***************************
 WebCrawlerConsole.DoMain.Crawlername2017-11-15 14:14:56,184 [1] INFO  WebCrawler.Services.Program - 文章采集系统开始...
 WebCrawler.Services.Programname2017-11-15 14:14:57,333 [4] INFO  WebCrawlerConsole.DoMain.Crawler - 江苏环保厅-省内要闻采集开始***************************
 WebCrawlerConsole.DoMain.Crawlername2017-11-15 14:17:05,186 [1] INFO  WebCrawler.Services.Program - 文章采集系统开始...
 WebCrawler.Services.Programname2017-11-15 14:17:06,388 [4] INFO  WebCrawlerConsole.DoMain.Crawler - 江苏环保厅-省内要闻采集开始***************************
 WebCrawlerConsole.DoMain.Crawlername2017-11-15 14:17:30,019 [1] INFO  WebCrawler.Services.Program - 文章采集系统开始...
 WebCrawler.Services.Programname2017-11-15 14:17:31,083 [4] INFO  WebCrawlerConsole.DoMain.Crawler - 江苏环保厅-省内要闻采集开始***************************
 WebCrawlerConsole.DoMain.Crawlername2017-11-15 14:18:28,190 [1] INFO  WebCrawler.Services.Program - 文章采集系统开始...
 WebCrawler.Services.Programname2017-11-15 14:18:28,941 [4] INFO  WebCrawlerConsole.DoMain.Crawler - 江苏环保厅-省内要闻采集开始***************************
 WebCrawlerConsole.DoMain.Crawlername2017-11-15 14:20:14,972 [1] INFO  WebCrawler.Services.Program - 文章采集系统开始...
 WebCrawler.Services.Programname2017-11-15 14:20:15,846 [4] INFO  WebCrawlerConsole.DoMain.Crawler - 江苏环保厅-省内要闻采集开始***************************
 WebCrawlerConsole.DoMain.Crawlername2017-11-15 14:20:56,303 [1] INFO  WebCrawler.Services.Program - 文章采集系统开始...
 WebCrawler.Services.Programname2017-11-15 14:20:57,322 [4] INFO  WebCrawlerConsole.DoMain.Crawler - 江苏环保厅-省内要闻采集开始***************************
 WebCrawlerConsole.DoMain.Crawlername2017-11-15 14:23:54,161 [1] INFO  WebCrawler.Services.Program - 文章采集系统开始...
 WebCrawler.Services.Programname2017-11-15 14:23:55,351 [4] INFO  WebCrawlerConsole.DoMain.Crawler - 环保部-环境要闻采集开始***************************
 WebCrawlerConsole.DoMain.Crawlername2017-11-15 14:24:36,608 [4] ERROR WebCrawlerConsole.DoMain.Crawler - 环保部-环境要闻采集异常,【分页获取失败】
 WebCrawlerConsole.DoMain.Crawlername2017-11-15 14:24:43,075 [4] INFO  WebCrawlerConsole.DoMain.Crawler - 环保部-地方快讯采集开始***************************
 WebCrawlerConsole.DoMain.Crawlername2017-11-15 14:25:10,920 [4] ERROR WebCrawlerConsole.DoMain.Crawler - 环保部-地方快讯采集异常,【分页获取失败】
 WebCrawlerConsole.DoMain.Crawlername2017-11-15 14:25:10,921 [4] INFO  WebCrawlerConsole.DoMain.Crawler - 环保部-聚焦重污染天气采集开始***************************
 WebCrawlerConsole.DoMain.Crawlername2017-11-15 14:25:26,427 [4] ERROR WebCrawlerConsole.DoMain.Crawler - 环保部-聚焦重污染天气采集异常,【分页获取失败】
 WebCrawlerConsole.DoMain.Crawlername2017-11-15 14:25:27,769 [4] INFO  WebCrawlerConsole.DoMain.Crawler - 环保部-通知公告采集开始***************************
 WebCrawlerConsole.DoMain.Crawlername2017-11-15 14:25:45,599 [4] ERROR WebCrawlerConsole.DoMain.Crawler - 环保部-通知公告采集异常,【分页获取失败】
 WebCrawlerConsole.DoMain.Crawlername2017-11-15 14:25:45,601 [4] INFO  WebCrawlerConsole.DoMain.Crawler - 环保部-热点回应采集开始***************************
 WebCrawlerConsole.DoMain.Crawlername2017-11-15 14:26:03,606 [4] ERROR WebCrawlerConsole.DoMain.Crawler - 环保部-热点回应采集异常,【分页获取失败】
 WebCrawlerConsole.DoMain.Crawlername2017-11-15 14:26:03,608 [4] INFO  WebCrawlerConsole.DoMain.Crawler - 环保部-政策法规解读采集开始***************************
 WebCrawlerConsole.DoMain.Crawlername2017-11-15 14:28:58,087 [1] INFO  WebCrawler.Services.Program - 文章采集系统开始...
 WebCrawler.Services.Programname2017-11-15 14:28:59,260 [4] INFO  WebCrawlerConsole.DoMain.Crawler - 江苏环保厅-省内要闻采集开始***************************
 WebCrawlerConsole.DoMain.Crawlername2017-11-15 14:29:46,032 [1] INFO  WebCrawler.Services.Program - 文章采集系统开始...
 WebCrawler.Services.Programname2017-11-15 14:29:46,888 [4] INFO  WebCrawlerConsole.DoMain.Crawler - 江苏环保厅-省内要闻采集开始***************************
 WebCrawlerConsole.DoMain.Crawlername2017-11-15 14:30:14,529 [4] ERROR WebCrawlerConsole.DoMain.Crawler - 江苏环保厅-省内要闻采集异常,【新闻列表加载失败】
 WebCrawlerConsole.DoMain.Crawlername2017-11-15 14:31:22,718 [1] INFO  WebCrawler.Services.Program - 文章采集系统开始...
 WebCrawler.Services.Programname2017-11-15 14:31:24,176 [4] INFO  WebCrawlerConsole.DoMain.Crawler - 江苏环保厅-省内要闻采集开始***************************
 WebCrawlerConsole.DoMain.Crawlername2017-11-15 14:32:58,624 [1] INFO  WebCrawler.Services.Program - 文章采集系统开始...
 WebCrawler.Services.Programname2017-11-15 14:32:59,962 [4] INFO  WebCrawlerConsole.DoMain.Crawler - 江苏环保厅-省内要闻采集开始***************************
 WebCrawlerConsole.DoMain.Crawlername2017-11-15 14:39:04,424 [1] INFO  WebCrawler.Services.Program - 文章采集系统开始...
 WebCrawler.Services.Programname2017-11-15 14:39:05,591 [4] INFO  WebCrawlerConsole.DoMain.Crawler - 江苏环保厅-省内要闻采集开始***************************
 WebCrawlerConsole.DoMain.Crawlername2017-11-15 14:43:22,525 [4] ERROR WebCrawlerConsole.DoMain.Crawler - 江苏环保厅-省内要闻,http://www.jshb.gov.cn/jshbw/xwdt/slyw/,“环保国际合作服务平台”正式上线2017-11-15,文章内容获取失败
 WebCrawlerConsole.DoMain.Crawlername2017-11-15 14:43:30,397 [4] ERROR WebCrawlerConsole.DoMain.Crawler - 江苏环保厅-省内要闻,http://www.jshb.gov.cn/jshbw/xwdt/slyw/,省纪委驻省环保厅纪检组向省环境监测中心反馈专项督查意见2017-11-15,文章内容获取失败
 WebCrawlerConsole.DoMain.Crawlername2017-11-15 14:45:59,180 [4] ERROR WebCrawlerConsole.DoMain.Crawler - 江苏环保厅-省内要闻,http://www.jshb.gov.cn/jshbw/xwdt/slyw/,省“263”办组织设区市交叉互查 确保群众诉求问题真处理2017-11-15,文章内容获取失败
 WebCrawlerConsole.DoMain.Crawlername2017-11-15 14:47:04,992 [1] INFO  WebCrawler.Services.Program - 文章采集系统开始...
 WebCrawler.Services.Programname2017-11-15 14:47:05,819 [4] INFO  WebCrawlerConsole.DoMain.Crawler - 江苏环保厅-省内要闻采集开始***************************
 WebCrawlerConsole.DoMain.Crawlername2017-11-15 14:48:29,969 [1] INFO  WebCrawler.Services.Program - 文章采集系统开始...
 WebCrawler.Services.Programname2017-11-15 14:48:30,953 [4] INFO  WebCrawlerConsole.DoMain.Crawler - 江苏环保厅-省内要闻采集开始***************************
 WebCrawlerConsole.DoMain.Crawlername2017-11-15 14:51:07,355 [4] ERROR WebCrawlerConsole.DoMain.Crawler - 江苏环保厅-省内要闻,http://www.jshb.gov.cn/jshbw/xwdt/slyw/201711/t20171115_413924.html,文章详情div_TRS_Editor为空
 WebCrawlerConsole.DoMain.Crawlername2017-11-15 14:51:20,133 [4] ERROR WebCrawlerConsole.DoMain.Crawler - 江苏环保厅-省内要闻,http://www.jshb.gov.cn/jshbw/xwdt/slyw/201711/t20171115_413920.html,文章详情div_TRS_Editor为空
 WebCrawlerConsole.DoMain.Crawlername2017-11-15 14:52:16,946 [1] INFO  WebCrawler.Services.Program - 文章采集系统开始...
 WebCrawler.Services.Programname2017-11-15 14:52:17,817 [4] INFO  WebCrawlerConsole.DoMain.Crawler - 江苏环保厅-省内要闻采集开始***************************
 WebCrawlerConsole.DoMain.Crawlername2017-11-15 14:52:22,348 [4] ERROR WebCrawlerConsole.DoMain.Crawler - 江苏环保厅-省内要闻,http://www.jshb.gov.cn/jshbw/xwdt/slyw/201711/t20171115_413924.html,文章详情div_TRS_Editor为空
 WebCrawlerConsole.DoMain.Crawlername2017-11-15 14:53:06,955 [1] INFO  WebCrawler.Services.Program - 文章采集系统开始...
 WebCrawler.Services.Programname2017-11-15 14:53:07,920 [4] INFO  WebCrawlerConsole.DoMain.Crawler - 江苏环保厅-省内要闻采集开始***************************
 WebCrawlerConsole.DoMain.Crawlername2017-11-15 15:05:21,550 [1] INFO  WebCrawler.Services.Program - 文章采集系统开始...
 WebCrawler.Services.Programname2017-11-15 15:05:22,441 [4] INFO  WebCrawlerConsole.DoMain.Crawler - 江苏环保厅-省内要闻采集开始***************************
 WebCrawlerConsole.DoMain.Crawlername2017-11-15 15:11:46,550 [1] INFO  WebCrawler.Services.Program - 文章采集系统开始...
 WebCrawler.Services.Programname2017-11-15 15:11:47,854 [4] INFO  WebCrawlerConsole.DoMain.Crawler - 江苏环保厅-省内要闻采集开始***************************
 WebCrawlerConsole.DoMain.Crawlername2017-11-15 15:12:17,484 [4] ERROR WebCrawlerConsole.DoMain.Crawler - 【江苏环保厅-省内要闻】采集失败,长度不能小于 0。
参数名: length
 WebCrawlerConsole.DoMain.Crawlername2017-11-15 15:12:25,927 [1] INFO  WebCrawler.Services.Program - 文章采集系统开始...
 WebCrawler.Services.Programname2017-11-15 15:12:29,156 [4] INFO  WebCrawlerConsole.DoMain.Crawler - 江苏环保厅-省内要闻采集开始***************************
 WebCrawlerConsole.DoMain.Crawlername2017-11-15 15:14:03,910 [1] INFO  WebCrawler.Services.Program - 文章采集系统开始...
 WebCrawler.Services.Programname2017-11-15 15:14:04,921 [4] INFO  WebCrawlerConsole.DoMain.Crawler - 江苏环保厅-省内要闻采集开始***************************
 WebCrawlerConsole.DoMain.Crawlername2017-11-15 15:14:50,906 [1] INFO  WebCrawler.Services.Program - 文章采集系统开始...
 WebCrawler.Services.Programname2017-11-15 15:14:51,977 [4] INFO  WebCrawlerConsole.DoMain.Crawler - 江苏环保厅-省内要闻采集开始***************************
 WebCrawlerConsole.DoMain.Crawlername2017-11-15 15:15:50,338 [1] INFO  WebCrawler.Services.Program - 文章采集系统开始...
 WebCrawler.Services.Programname2017-11-15 15:15:52,285 [4] INFO  WebCrawlerConsole.DoMain.Crawler - 江苏环保厅-省内要闻采集开始***************************
 WebCrawlerConsole.DoMain.Crawlername2017-11-15 15:15:55,091 [4] ERROR WebCrawlerConsole.DoMain.Crawler - 江苏环保厅-省内要闻,http://www.jshb.gov.cn/jshbw/xwdt/slyw/,省“263”办组织设区市交叉互查 确保群众诉求问题真处理2017-11-15,文章内容获取失败
 WebCrawlerConsole.DoMain.Crawlername2017-11-15 15:15:55,132 [4] ERROR WebCrawlerConsole.DoMain.Crawler - 江苏环保厅-省内要闻,http://www.jshb.gov.cn/jshbw/xwdt/slyw/,未来3年，江苏将会重点解决这些“城市病”2017-11-15,文章内容获取失败
 WebCrawlerConsole.DoMain.Crawlername2017-11-15 15:15:55,200 [4] ERROR WebCrawlerConsole.DoMain.Crawler - 江苏环保厅-省内要闻,http://www.jshb.gov.cn/jshbw/xwdt/slyw/,省环保厅召开全省秋冬季大气污染防治新闻发布会2017-11-15,文章内容获取失败
 WebCrawlerConsole.DoMain.Crawlername2017-11-15 15:15:57,833 [4] ERROR WebCrawlerConsole.DoMain.Crawler - 江苏环保厅-省内要闻,http://www.jshb.gov.cn/jshbw/xwdt/slyw/,首批环境守护者“走马上任”江苏生态文明建设注入民众“新力量”2017-11-10,文章内容获取失败
 WebCrawlerConsole.DoMain.Crawlername2017-11-15 15:16:01,890 [4] ERROR WebCrawlerConsole.DoMain.Crawler - 江苏环保厅-省内要闻采集异常,【新闻列表加载失败】
 WebCrawlerConsole.DoMain.Crawlername2017-11-15 15:16:01,916 [4] ERROR WebCrawlerConsole.DoMain.Crawler - 江苏环保厅-省内要闻采集异常,【新闻列表加载失败】
 WebCrawlerConsole.DoMain.Crawlername2017-11-15 15:16:01,942 [4] ERROR WebCrawlerConsole.DoMain.Crawler - 江苏环保厅-省内要闻采集异常,【新闻列表加载失败】
 WebCrawlerConsole.DoMain.Crawlername2017-11-15 15:16:01,968 [4] ERROR WebCrawlerConsole.DoMain.Crawler - 江苏环保厅-省内要闻采集异常,【新闻列表加载失败】
 WebCrawlerConsole.DoMain.Crawlername2017-11-15 15:16:01,995 [4] ERROR WebCrawlerConsole.DoMain.Crawler - 江苏环保厅-省内要闻采集异常,【新闻列表加载失败】
 WebCrawlerConsole.DoMain.Crawlername2017-11-15 15:16:02,022 [4] ERROR WebCrawlerConsole.DoMain.Crawler - 江苏环保厅-省内要闻采集异常,【新闻列表加载失败】
 WebCrawlerConsole.DoMain.Crawlername2017-11-15 15:16:02,053 [4] ERROR WebCrawlerConsole.DoMain.Crawler - 江苏环保厅-省内要闻采集异常,【新闻列表加载失败】
 WebCrawlerConsole.DoMain.Crawlername2017-11-15 15:16:02,081 [4] ERROR WebCrawlerConsole.DoMain.Crawler - 江苏环保厅-省内要闻采集异常,【新闻列表加载失败】
 WebCrawlerConsole.DoMain.Crawlername2017-11-15 15:16:02,107 [4] ERROR WebCrawlerConsole.DoMain.Crawler - 江苏环保厅-省内要闻采集异常,【新闻列表加载失败】
 WebCrawlerConsole.DoMain.Crawlername2017-11-15 15:16:02,132 [4] ERROR WebCrawlerConsole.DoMain.Crawler - 江苏环保厅-省内要闻采集异常,【新闻列表加载失败】
 WebCrawlerConsole.DoMain.Crawlername2017-11-15 15:16:02,160 [4] ERROR WebCrawlerConsole.DoMain.Crawler - 江苏环保厅-省内要闻采集异常,【新闻列表加载失败】
 WebCrawlerConsole.DoMain.Crawlername2017-11-15 15:16:02,188 [4] ERROR WebCrawlerConsole.DoMain.Crawler - 江苏环保厅-省内要闻采集异常,【新闻列表加载失败】
 WebCrawlerConsole.DoMain.Crawlername2017-11-15 15:16:02,217 [4] ERROR WebCrawlerConsole.DoMain.Crawler - 江苏环保厅-省内要闻采集异常,【新闻列表加载失败】
 WebCrawlerConsole.DoMain.Crawlername2017-11-15 15:16:02,243 [4] ERROR WebCrawlerConsole.DoMain.Crawler - 江苏环保厅-省内要闻采集异常,【新闻列表加载失败】
 WebCrawlerConsole.DoMain.Crawlername2017-11-15 15:16:02,269 [4] ERROR WebCrawlerConsole.DoMain.Crawler - 江苏环保厅-省内要闻采集异常,【新闻列表加载失败】
 WebCrawlerConsole.DoMain.Crawlername2017-11-15 15:16:02,298 [4] ERROR WebCrawlerConsole.DoMain.Crawler - 江苏环保厅-省内要闻采集异常,【新闻列表加载失败】
 WebCrawlerConsole.DoMain.Crawlername2017-11-15 15:16:02,326 [4] ERROR WebCrawlerConsole.DoMain.Crawler - 江苏环保厅-省内要闻采集异常,【新闻列表加载失败】
 WebCrawlerConsole.DoMain.Crawlername2017-11-15 15:16:02,352 [4] ERROR WebCrawlerConsole.DoMain.Crawler - 江苏环保厅-省内要闻采集异常,【新闻列表加载失败】
 WebCrawlerConsole.DoMain.Crawlername2017-11-15 15:16:02,381 [4] ERROR WebCrawlerConsole.DoMain.Crawler - 江苏环保厅-省内要闻采集异常,【新闻列表加载失败】
 WebCrawlerConsole.DoMain.Crawlername2017-11-15 15:16:02,410 [4] ERROR WebCrawlerConsole.DoMain.Crawler - 江苏环保厅-省内要闻采集异常,【新闻列表加载失败】
 WebCrawlerConsole.DoMain.Crawlername2017-11-15 15:16:02,437 [4] ERROR WebCrawlerConsole.DoMain.Crawler - 江苏环保厅-省内要闻采集异常,【新闻列表加载失败】
 WebCrawlerConsole.DoMain.Crawlername2017-11-15 15:16:02,461 [4] ERROR WebCrawlerConsole.DoMain.Crawler - 江苏环保厅-省内要闻采集异常,【新闻列表加载失败】
 WebCrawlerConsole.DoMain.Crawlername2017-11-15 15:16:02,490 [4] ERROR WebCrawlerConsole.DoMain.Crawler - 江苏环保厅-省内要闻采集异常,【新闻列表加载失败】
 WebCrawlerConsole.DoMain.Crawlername2017-11-15 15:16:02,520 [4] ERROR WebCrawlerConsole.DoMain.Crawler - 江苏环保厅-省内要闻采集异常,【新闻列表加载失败】
 WebCrawlerConsole.DoMain.Crawlername2017-11-15 15:16:02,552 [4] ERROR WebCrawlerConsole.DoMain.Crawler - 江苏环保厅-省内要闻采集异常,【新闻列表加载失败】
 WebCrawlerConsole.DoMain.Crawlername2017-11-15 15:16:02,595 [4] ERROR WebCrawlerConsole.DoMain.Crawler - 江苏环保厅-省内要闻采集异常,【新闻列表加载失败】
 WebCrawlerConsole.DoMain.Crawlername2017-11-15 15:16:02,633 [4] ERROR WebCrawlerConsole.DoMain.Crawler - 江苏环保厅-省内要闻采集异常,【新闻列表加载失败】
 WebCrawlerConsole.DoMain.Crawlername2017-11-15 15:16:02,684 [4] ERROR WebCrawlerConsole.DoMain.Crawler - 江苏环保厅-省内要闻采集异常,【新闻列表加载失败】
 WebCrawlerConsole.DoMain.Crawlername2017-11-15 15:16:02,737 [4] ERROR WebCrawlerConsole.DoMain.Crawler - 江苏环保厅-省内要闻采集异常,【新闻列表加载失败】
 WebCrawlerConsole.DoMain.Crawlername2017-11-15 15:16:02,791 [4] ERROR WebCrawlerConsole.DoMain.Crawler - 江苏环保厅-省内要闻采集异常,【新闻列表加载失败】
 WebCrawlerConsole.DoMain.Crawlername2017-11-15 15:16:02,820 [4] ERROR WebCrawlerConsole.DoMain.Crawler - 江苏环保厅-省内要闻采集异常,【新闻列表加载失败】
 WebCrawlerConsole.DoMain.Crawlername2017-11-15 15:16:02,861 [4] ERROR WebCrawlerConsole.DoMain.Crawler - 江苏环保厅-省内要闻采集异常,【新闻列表加载失败】
 WebCrawlerConsole.DoMain.Crawlername2017-11-15 15:16:02,902 [4] ERROR WebCrawlerConsole.DoMain.Crawler - 江苏环保厅-省内要闻采集异常,【新闻列表加载失败】
 WebCrawlerConsole.DoMain.Crawlername2017-11-15 15:16:02,926 [4] ERROR WebCrawlerConsole.DoMain.Crawler - 江苏环保厅-省内要闻采集异常,【新闻列表加载失败】
 WebCrawlerConsole.DoMain.Crawlername2017-11-15 15:16:02,955 [4] ERROR WebCrawlerConsole.DoMain.Crawler - 江苏环保厅-省内要闻采集异常,【新闻列表加载失败】
 WebCrawlerConsole.DoMain.Crawlername2017-11-15 15:16:02,982 [4] ERROR WebCrawlerConsole.DoMain.Crawler - 江苏环保厅-省内要闻采集异常,【新闻列表加载失败】
 WebCrawlerConsole.DoMain.Crawlername2017-11-15 15:16:03,018 [4] ERROR WebCrawlerConsole.DoMain.Crawler - 江苏环保厅-省内要闻采集异常,【新闻列表加载失败】
 WebCrawlerConsole.DoMain.Crawlername2017-11-15 15:16:03,052 [4] ERROR WebCrawlerConsole.DoMain.Crawler - 江苏环保厅-省内要闻采集异常,【新闻列表加载失败】
 WebCrawlerConsole.DoMain.Crawlername2017-11-15 15:16:03,081 [4] ERROR WebCrawlerConsole.DoMain.Crawler - 江苏环保厅-省内要闻采集异常,【新闻列表加载失败】
 WebCrawlerConsole.DoMain.Crawlername2017-11-15 15:16:03,107 [4] ERROR WebCrawlerConsole.DoMain.Crawler - 江苏环保厅-省内要闻采集异常,【新闻列表加载失败】
 WebCrawlerConsole.DoMain.Crawlername2017-11-15 15:16:03,132 [4] ERROR WebCrawlerConsole.DoMain.Crawler - 江苏环保厅-省内要闻采集异常,【新闻列表加载失败】
 WebCrawlerConsole.DoMain.Crawlername2017-11-15 15:16:03,163 [4] ERROR WebCrawlerConsole.DoMain.Crawler - 江苏环保厅-省内要闻采集异常,【新闻列表加载失败】
 WebCrawlerConsole.DoMain.Crawlername2017-11-15 15:16:03,190 [4] ERROR WebCrawlerConsole.DoMain.Crawler - 江苏环保厅-省内要闻采集异常,【新闻列表加载失败】
 WebCrawlerConsole.DoMain.Crawlername2017-11-15 15:16:03,217 [4] ERROR WebCrawlerConsole.DoMain.Crawler - 江苏环保厅-省内要闻采集异常,【新闻列表加载失败】
 WebCrawlerConsole.DoMain.Crawlername2017-11-15 15:16:03,244 [4] ERROR WebCrawlerConsole.DoMain.Crawler - 江苏环保厅-省内要闻采集异常,【新闻列表加载失败】
 WebCrawlerConsole.DoMain.Crawlername2017-11-15 15:16:03,271 [4] ERROR WebCrawlerConsole.DoMain.Crawler - 江苏环保厅-省内要闻采集异常,【新闻列表加载失败】
 WebCrawlerConsole.DoMain.Crawlername2017-11-15 15:16:03,314 [4] ERROR WebCrawlerConsole.DoMain.Crawler - 江苏环保厅-省内要闻采集异常,【新闻列表加载失败】
 WebCrawlerConsole.DoMain.Crawlername2017-11-15 15:16:03,344 [4] ERROR WebCrawlerConsole.DoMain.Crawler - 江苏环保厅-省内要闻采集异常,【新闻列表加载失败】
 WebCrawlerConsole.DoMain.Crawlername2017-11-15 15:16:03,370 [4] ERROR WebCrawlerConsole.DoMain.Crawler - 江苏环保厅-省内要闻采集异常,【新闻列表加载失败】
 WebCrawlerConsole.DoMain.Crawlername2017-11-15 15:16:03,398 [4] ERROR WebCrawlerConsole.DoMain.Crawler - 江苏环保厅-省内要闻采集异常,【新闻列表加载失败】
 WebCrawlerConsole.DoMain.Crawlername2017-11-15 15:16:03,426 [4] ERROR WebCrawlerConsole.DoMain.Crawler - 江苏环保厅-省内要闻采集异常,【新闻列表加载失败】
 WebCrawlerConsole.DoMain.Crawlername2017-11-15 15:16:03,455 [4] ERROR WebCrawlerConsole.DoMain.Crawler - 江苏环保厅-省内要闻采集异常,【新闻列表加载失败】
 WebCrawlerConsole.DoMain.Crawlername2017-11-15 15:16:03,501 [4] ERROR WebCrawlerConsole.DoMain.Crawler - 江苏环保厅-省内要闻采集异常,【新闻列表加载失败】
 WebCrawlerConsole.DoMain.Crawlername2017-11-15 15:16:03,531 [4] ERROR WebCrawlerConsole.DoMain.Crawler - 江苏环保厅-省内要闻采集异常,【新闻列表加载失败】
 WebCrawlerConsole.DoMain.Crawlername2017-11-15 15:16:03,558 [4] ERROR WebCrawlerConsole.DoMain.Crawler - 江苏环保厅-省内要闻采集异常,【新闻列表加载失败】
 WebCrawlerConsole.DoMain.Crawlername2017-11-15 15:16:03,586 [4] ERROR WebCrawlerConsole.DoMain.Crawler - 江苏环保厅-省内要闻采集异常,【新闻列表加载失败】
 WebCrawlerConsole.DoMain.Crawlername2017-11-15 15:16:03,617 [4] ERROR WebCrawlerConsole.DoMain.Crawler - 江苏环保厅-省内要闻采集异常,【新闻列表加载失败】
 WebCrawlerConsole.DoMain.Crawlername2017-11-15 15:16:03,647 [4] ERROR WebCrawlerConsole.DoMain.Crawler - 江苏环保厅-省内要闻采集异常,【新闻列表加载失败】
 WebCrawlerConsole.DoMain.Crawlername2017-11-15 15:16:03,682 [4] ERROR WebCrawlerConsole.DoMain.Crawler - 江苏环保厅-省内要闻采集异常,【新闻列表加载失败】
 WebCrawlerConsole.DoMain.Crawlername2017-11-15 15:16:03,706 [4] ERROR WebCrawlerConsole.DoMain.Crawler - 江苏环保厅-省内要闻采集异常,【新闻列表加载失败】
 WebCrawlerConsole.DoMain.Crawlername2017-11-15 15:16:03,732 [4] ERROR WebCrawlerConsole.DoMain.Crawler - 江苏环保厅-省内要闻采集异常,【新闻列表加载失败】
 WebCrawlerConsole.DoMain.Crawlername2017-11-15 15:16:03,761 [4] ERROR WebCrawlerConsole.DoMain.Crawler - 江苏环保厅-省内要闻采集异常,【新闻列表加载失败】
 WebCrawlerConsole.DoMain.Crawlername2017-11-15 15:16:03,788 [4] ERROR WebCrawlerConsole.DoMain.Crawler - 江苏环保厅-省内要闻采集异常,【新闻列表加载失败】
 WebCrawlerConsole.DoMain.Crawlername2017-11-15 15:16:03,831 [4] ERROR WebCrawlerConsole.DoMain.Crawler - 江苏环保厅-省内要闻采集异常,【新闻列表加载失败】
 WebCrawlerConsole.DoMain.Crawlername2017-11-15 15:16:03,859 [4] ERROR WebCrawlerConsole.DoMain.Crawler - 江苏环保厅-省内要闻采集异常,【新闻列表加载失败】
 WebCrawlerConsole.DoMain.Crawlername2017-11-15 15:16:03,890 [4] ERROR WebCrawlerConsole.DoMain.Crawler - 江苏环保厅-省内要闻采集异常,【新闻列表加载失败】
 WebCrawlerConsole.DoMain.Crawlername2017-11-15 15:16:03,917 [4] ERROR WebCrawlerConsole.DoMain.Crawler - 江苏环保厅-省内要闻采集异常,【新闻列表加载失败】
 WebCrawlerConsole.DoMain.Crawlername2017-11-15 15:16:03,944 [4] ERROR WebCrawlerConsole.DoMain.Crawler - 江苏环保厅-省内要闻采集异常,【新闻列表加载失败】
 WebCrawlerConsole.DoMain.Crawlername2017-11-15 15:16:03,971 [4] ERROR WebCrawlerConsole.DoMain.Crawler - 江苏环保厅-省内要闻采集异常,【新闻列表加载失败】
 WebCrawlerConsole.DoMain.Crawlername2017-11-15 15:16:03,998 [4] ERROR WebCrawlerConsole.DoMain.Crawler - 江苏环保厅-省内要闻采集异常,【新闻列表加载失败】
 WebCrawlerConsole.DoMain.Crawlername2017-11-15 15:16:04,025 [4] ERROR WebCrawlerConsole.DoMain.Crawler - 江苏环保厅-省内要闻采集异常,【新闻列表加载失败】
 WebCrawlerConsole.DoMain.Crawlername2017-11-15 15:16:04,053 [4] ERROR WebCrawlerConsole.DoMain.Crawler - 江苏环保厅-省内要闻采集异常,【新闻列表加载失败】
 WebCrawlerConsole.DoMain.Crawlername2017-11-15 15:16:04,085 [4] ERROR WebCrawlerConsole.DoMain.Crawler - 江苏环保厅-省内要闻采集异常,【新闻列表加载失败】
 WebCrawlerConsole.DoMain.Crawlername2017-11-15 15:16:04,110 [4] ERROR WebCrawlerConsole.DoMain.Crawler - 江苏环保厅-省内要闻采集异常,【新闻列表加载失败】
 WebCrawlerConsole.DoMain.Crawlername2017-11-15 15:16:04,145 [4] ERROR WebCrawlerConsole.DoMain.Crawler - 江苏环保厅-省内要闻采集异常,【新闻列表加载失败】
 WebCrawlerConsole.DoMain.Crawlername2017-11-15 15:16:04,174 [4] ERROR WebCrawlerConsole.DoMain.Crawler - 江苏环保厅-省内要闻采集异常,【新闻列表加载失败】
 WebCrawlerConsole.DoMain.Crawlername2017-11-15 15:16:04,243 [4] ERROR WebCrawlerConsole.DoMain.Crawler - 江苏环保厅-省内要闻采集异常,【新闻列表加载失败】
 WebCrawlerConsole.DoMain.Crawlername2017-11-15 15:16:04,330 [4] ERROR WebCrawlerConsole.DoMain.Crawler - 江苏环保厅-省内要闻采集异常,【新闻列表加载失败】
 WebCrawlerConsole.DoMain.Crawlername2017-11-15 15:16:04,424 [4] ERROR WebCrawlerConsole.DoMain.Crawler - 江苏环保厅-省内要闻采集异常,【新闻列表加载失败】
 WebCrawlerConsole.DoMain.Crawlername2017-11-15 15:16:04,618 [4] ERROR WebCrawlerConsole.DoMain.Crawler - 江苏环保厅-省内要闻采集异常,【新闻列表加载失败】
 WebCrawlerConsole.DoMain.Crawlername2017-11-15 15:16:04,916 [4] ERROR WebCrawlerConsole.DoMain.Crawler - 江苏环保厅-省内要闻采集异常,【新闻列表加载失败】
 WebCrawlerConsole.DoMain.Crawlername2017-11-15 15:16:04,945 [4] ERROR WebCrawlerConsole.DoMain.Crawler - 江苏环保厅-省内要闻采集异常,【新闻列表加载失败】
 WebCrawlerConsole.DoMain.Crawlername2017-11-15 15:16:04,971 [4] ERROR WebCrawlerConsole.DoMain.Crawler - 江苏环保厅-省内要闻采集异常,【新闻列表加载失败】
 WebCrawlerConsole.DoMain.Crawlername2017-11-15 15:16:04,999 [4] ERROR WebCrawlerConsole.DoMain.Crawler - 江苏环保厅-省内要闻采集异常,【新闻列表加载失败】
 WebCrawlerConsole.DoMain.Crawlername2017-11-15 15:16:05,027 [4] ERROR WebCrawlerConsole.DoMain.Crawler - 江苏环保厅-省内要闻采集异常,【新闻列表加载失败】
 WebCrawlerConsole.DoMain.Crawlername2017-11-15 15:16:05,066 [4] ERROR WebCrawlerConsole.DoMain.Crawler - 江苏环保厅-省内要闻采集异常,【新闻列表加载失败】
 WebCrawlerConsole.DoMain.Crawlername2017-11-15 15:16:05,094 [4] ERROR WebCrawlerConsole.DoMain.Crawler - 江苏环保厅-省内要闻采集异常,【新闻列表加载失败】
 WebCrawlerConsole.DoMain.Crawlername2017-11-15 15:16:05,135 [4] ERROR WebCrawlerConsole.DoMain.Crawler - 江苏环保厅-省内要闻采集异常,【新闻列表加载失败】
 WebCrawlerConsole.DoMain.Crawlername2017-11-15 15:16:05,199 [4] ERROR WebCrawlerConsole.DoMain.Crawler - 江苏环保厅-省内要闻采集异常,【新闻列表加载失败】
 WebCrawlerConsole.DoMain.Crawlername2017-11-15 15:16:05,258 [4] ERROR WebCrawlerConsole.DoMain.Crawler - 江苏环保厅-省内要闻采集异常,【新闻列表加载失败】
 WebCrawlerConsole.DoMain.Crawlername2017-11-15 15:16:05,344 [4] ERROR WebCrawlerConsole.DoMain.Crawler - 江苏环保厅-省内要闻采集异常,【新闻列表加载失败】
 WebCrawlerConsole.DoMain.Crawlername2017-11-15 15:16:05,434 [4] ERROR WebCrawlerConsole.DoMain.Crawler - 江苏环保厅-省内要闻采集异常,【新闻列表加载失败】
 WebCrawlerConsole.DoMain.Crawlername2017-11-15 15:16:05,535 [4] ERROR WebCrawlerConsole.DoMain.Crawler - 江苏环保厅-省内要闻采集异常,【新闻列表加载失败】
 WebCrawlerConsole.DoMain.Crawlername2017-11-15 15:16:05,670 [4] ERROR WebCrawlerConsole.DoMain.Crawler - 江苏环保厅-省内要闻采集异常,【新闻列表加载失败】
 WebCrawlerConsole.DoMain.Crawlername2017-11-15 15:16:05,700 [4] ERROR WebCrawlerConsole.DoMain.Crawler - 江苏环保厅-省内要闻采集异常,【新闻列表加载失败】
 WebCrawlerConsole.DoMain.Crawlername2017-11-15 15:16:05,729 [4] ERROR WebCrawlerConsole.DoMain.Crawler - 江苏环保厅-省内要闻采集异常,【新闻列表加载失败】
 WebCrawlerConsole.DoMain.Crawlername2017-11-15 15:16:05,755 [4] ERROR WebCrawlerConsole.DoMain.Crawler - 江苏环保厅-省内要闻采集异常,【新闻列表加载失败】
 WebCrawlerConsole.DoMain.Crawlername2017-11-15 15:16:05,779 [4] ERROR WebCrawlerConsole.DoMain.Crawler - 江苏环保厅-省内要闻采集异常,【新闻列表加载失败】
 WebCrawlerConsole.DoMain.Crawlername2017-11-15 15:16:05,806 [4] ERROR WebCrawlerConsole.DoMain.Crawler - 江苏环保厅-省内要闻采集异常,【新闻列表加载失败】
 WebCrawlerConsole.DoMain.Crawlername2017-11-15 15:16:05,833 [4] ERROR WebCrawlerConsole.DoMain.Crawler - 江苏环保厅-省内要闻采集异常,【新闻列表加载失败】
 WebCrawlerConsole.DoMain.Crawlername2017-11-15 15:16:05,861 [4] ERROR WebCrawlerConsole.DoMain.Crawler - 江苏环保厅-省内要闻采集异常,【新闻列表加载失败】
 WebCrawlerConsole.DoMain.Crawlername2017-11-15 15:16:05,888 [4] ERROR WebCrawlerConsole.DoMain.Crawler - 江苏环保厅-省内要闻采集异常,【新闻列表加载失败】
 WebCrawlerConsole.DoMain.Crawlername2017-11-15 15:16:05,915 [4] ERROR WebCrawlerConsole.DoMain.Crawler - 江苏环保厅-省内要闻采集异常,【新闻列表加载失败】
 WebCrawlerConsole.DoMain.Crawlername2017-11-15 15:16:05,944 [4] ERROR WebCrawlerConsole.DoMain.Crawler - 江苏环保厅-省内要闻采集异常,【新闻列表加载失败】
 WebCrawlerConsole.DoMain.Crawlername2017-11-15 15:16:05,972 [4] ERROR WebCrawlerConsole.DoMain.Crawler - 江苏环保厅-省内要闻采集异常,【新闻列表加载失败】
 WebCrawlerConsole.DoMain.Crawlername2017-11-15 15:16:05,999 [4] ERROR WebCrawlerConsole.DoMain.Crawler - 江苏环保厅-省内要闻采集异常,【新闻列表加载失败】
 WebCrawlerConsole.DoMain.Crawlername2017-11-15 15:16:06,026 [4] ERROR WebCrawlerConsole.DoMain.Crawler - 江苏环保厅-省内要闻采集异常,【新闻列表加载失败】
 WebCrawlerConsole.DoMain.Crawlername2017-11-15 15:16:06,053 [4] ERROR WebCrawlerConsole.DoMain.Crawler - 江苏环保厅-省内要闻采集异常,【新闻列表加载失败】
 WebCrawlerConsole.DoMain.Crawlername2017-11-15 15:16:06,084 [4] ERROR WebCrawlerConsole.DoMain.Crawler - 江苏环保厅-省内要闻采集异常,【新闻列表加载失败】
 WebCrawlerConsole.DoMain.Crawlername2017-11-15 15:16:06,111 [4] ERROR WebCrawlerConsole.DoMain.Crawler - 江苏环保厅-省内要闻采集异常,【新闻列表加载失败】
 WebCrawlerConsole.DoMain.Crawlername2017-11-15 15:16:06,140 [4] ERROR WebCrawlerConsole.DoMain.Crawler - 江苏环保厅-省内要闻采集异常,【新闻列表加载失败】
 WebCrawlerConsole.DoMain.Crawlername2017-11-15 15:16:06,182 [4] ERROR WebCrawlerConsole.DoMain.Crawler - 江苏环保厅-省内要闻采集异常,【新闻列表加载失败】
 WebCrawlerConsole.DoMain.Crawlername2017-11-15 15:16:06,212 [4] ERROR WebCrawlerConsole.DoMain.Crawler - 江苏环保厅-省内要闻采集异常,【新闻列表加载失败】
 WebCrawlerConsole.DoMain.Crawlername2017-11-15 15:16:06,252 [4] ERROR WebCrawlerConsole.DoMain.Crawler - 江苏环保厅-省内要闻采集异常,【新闻列表加载失败】
 WebCrawlerConsole.DoMain.Crawlername2017-11-15 15:16:06,279 [4] ERROR WebCrawlerConsole.DoMain.Crawler - 江苏环保厅-省内要闻采集异常,【新闻列表加载失败】
 WebCrawlerConsole.DoMain.Crawlername2017-11-15 15:16:06,306 [4] ERROR WebCrawlerConsole.DoMain.Crawler - 江苏环保厅-省内要闻采集异常,【新闻列表加载失败】
 WebCrawlerConsole.DoMain.Crawlername2017-11-15 15:16:06,334 [4] ERROR WebCrawlerConsole.DoMain.Crawler - 江苏环保厅-省内要闻采集异常,【新闻列表加载失败】
 WebCrawlerConsole.DoMain.Crawlername2017-11-15 15:16:06,363 [4] ERROR WebCrawlerConsole.DoMain.Crawler - 江苏环保厅-省内要闻采集异常,【新闻列表加载失败】
 WebCrawlerConsole.DoMain.Crawlername2017-11-15 15:16:10,142 [4] ERROR WebCrawlerConsole.DoMain.Crawler - 江苏环保厅-省内要闻采集异常,【新闻列表加载失败】
 WebCrawlerConsole.DoMain.Crawlername2017-11-15 15:16:10,188 [4] ERROR WebCrawlerConsole.DoMain.Crawler - 江苏环保厅-省内要闻采集异常,【新闻列表加载失败】
 WebCrawlerConsole.DoMain.Crawlername2017-11-15 15:16:10,216 [4] ERROR WebCrawlerConsole.DoMain.Crawler - 江苏环保厅-省内要闻采集异常,【新闻列表加载失败】
 WebCrawlerConsole.DoMain.Crawlername2017-11-15 15:16:10,269 [4] ERROR WebCrawlerConsole.DoMain.Crawler - 江苏环保厅-省内要闻采集异常,【新闻列表加载失败】
 WebCrawlerConsole.DoMain.Crawlername2017-11-15 15:16:10,295 [4] ERROR WebCrawlerConsole.DoMain.Crawler - 江苏环保厅-省内要闻采集异常,【新闻列表加载失败】
 WebCrawlerConsole.DoMain.Crawlername2017-11-15 15:16:10,322 [4] ERROR WebCrawlerConsole.DoMain.Crawler - 江苏环保厅-省内要闻采集异常,【新闻列表加载失败】
 WebCrawlerConsole.DoMain.Crawlername2017-11-15 15:16:27,896 [1] INFO  WebCrawler.Services.Program - 文章采集系统开始...
 WebCrawler.Services.Programname2017-11-15 15:16:29,165 [4] INFO  WebCrawlerConsole.DoMain.Crawler - 江苏环保厅-省内要闻采集开始***************************
 WebCrawlerConsole.DoMain.Crawlername2017-11-15 15:17:57,389 [4] ERROR WebCrawlerConsole.DoMain.Crawler - 江苏环保厅-省内要闻,http://www.jshb.gov.cn/jshbw/xwdt/slyw/,省“263”办组织设区市交叉互查 确保群众诉求问题真处理2017-11-15,文章内容获取失败
 WebCrawlerConsole.DoMain.Crawlername2017-11-15 15:24:01,057 [1] INFO  WebCrawler.Services.Program - 文章采集系统开始...
 WebCrawler.Services.Programname2017-11-15 15:24:02,087 [4] INFO  WebCrawlerConsole.DoMain.Crawler - 江苏环保厅-省内要闻采集开始***************************
 WebCrawlerConsole.DoMain.Crawlername2017-11-15 15:25:01,405 [1] INFO  WebCrawler.Services.Program - 文章采集系统开始...
 WebCrawler.Services.Programname2017-11-15 15:25:02,297 [4] INFO  WebCrawlerConsole.DoMain.Crawler - 江苏环保厅-省内要闻采集开始***************************
 WebCrawlerConsole.DoMain.Crawlername2017-11-15 15:27:08,718 [1] INFO  WebCrawler.Services.Program - 文章采集系统开始...
 WebCrawler.Services.Programname2017-11-15 15:27:09,527 [4] INFO  WebCrawlerConsole.DoMain.Crawler - 江苏环保厅-省内要闻采集开始***************************
 WebCrawlerConsole.DoMain.Crawlername2017-11-15 15:28:45,446 [1] INFO  WebCrawler.Services.Program - 文章采集系统开始...
 WebCrawler.Services.Programname2017-11-15 15:28:46,465 [4] INFO  WebCrawlerConsole.DoMain.Crawler - 江苏环保厅-省内要闻采集开始***************************
 WebCrawlerConsole.DoMain.Crawlername2017-11-15 15:30:58,775 [1] INFO  WebCrawler.Services.Program - 文章采集系统开始...
 WebCrawler.Services.Programname2017-11-15 15:30:59,754 [4] INFO  WebCrawlerConsole.DoMain.Crawler - 江苏环保厅-省内要闻采集开始***************************
 WebCrawlerConsole.DoMain.Crawlername2017-11-15 15:31:34,292 [4] ERROR WebCrawlerConsole.DoMain.Crawler - 江苏环保厅-省内要闻,http://www.jshb.gov.cn/jshbw/xwdt/slyw/,省“263”办组织设区市交叉互查 确保群众诉求问题真处理2017-11-15,文章内容获取失败
 WebCrawlerConsole.DoMain.Crawlername2017-11-15 15:31:36,362 [4] ERROR WebCrawlerConsole.DoMain.Crawler - 江苏环保厅-省内要闻,http://www.jshb.gov.cn/jshbw/xwdt/slyw/,未来3年，江苏将会重点解决这些“城市病”2017-11-15,文章内容获取失败
 WebCrawlerConsole.DoMain.Crawlername2017-11-15 15:31:40,287 [4] ERROR WebCrawlerConsole.DoMain.Crawler - 江苏环保厅-省内要闻,http://www.jshb.gov.cn/jshbw/xwdt/slyw/,省环保厅召开全省秋冬季大气污染防治新闻发布会2017-11-15,文章内容获取失败
 WebCrawlerConsole.DoMain.Crawlername2017-11-15 15:33:25,424 [4] ERROR WebCrawlerConsole.DoMain.Crawler - 江苏环保厅-省内要闻,http://www.jshb.gov.cn/jshbw/xwdt/slyw/,首批环境守护者“走马上任”江苏生态文明建设注入民众“新力量”2017-11-10,文章内容获取失败
 WebCrawlerConsole.DoMain.Crawlername2017-11-15 15:33:55,584 [4] ERROR WebCrawlerConsole.DoMain.Crawler - 江苏环保厅-省内要闻采集异常,【新闻列表加载失败】
 WebCrawlerConsole.DoMain.Crawlername2017-11-15 15:33:55,612 [4] ERROR WebCrawlerConsole.DoMain.Crawler - 江苏环保厅-省内要闻采集异常,【新闻列表加载失败】
 WebCrawlerConsole.DoMain.Crawlername2017-11-15 15:33:55,640 [4] ERROR WebCrawlerConsole.DoMain.Crawler - 江苏环保厅-省内要闻采集异常,【新闻列表加载失败】
 WebCrawlerConsole.DoMain.Crawlername2017-11-15 15:33:55,667 [4] ERROR WebCrawlerConsole.DoMain.Crawler - 江苏环保厅-省内要闻采集异常,【新闻列表加载失败】
 WebCrawlerConsole.DoMain.Crawlername2017-11-15 15:33:55,697 [4] ERROR WebCrawlerConsole.DoMain.Crawler - 江苏环保厅-省内要闻采集异常,【新闻列表加载失败】
 WebCrawlerConsole.DoMain.Crawlername2017-11-15 15:33:55,728 [4] ERROR WebCrawlerConsole.DoMain.Crawler - 江苏环保厅-省内要闻采集异常,【新闻列表加载失败】
 WebCrawlerConsole.DoMain.Crawlername2017-11-15 15:33:55,753 [4] ERROR WebCrawlerConsole.DoMain.Crawler - 江苏环保厅-省内要闻采集异常,【新闻列表加载失败】
 WebCrawlerConsole.DoMain.Crawlername2017-11-15 15:33:55,781 [4] ERROR WebCrawlerConsole.DoMain.Crawler - 江苏环保厅-省内要闻采集异常,【新闻列表加载失败】
 WebCrawlerConsole.DoMain.Crawlername2017-11-15 15:33:55,810 [4] ERROR WebCrawlerConsole.DoMain.Crawler - 江苏环保厅-省内要闻采集异常,【新闻列表加载失败】
 WebCrawlerConsole.DoMain.Crawlername2017-11-15 15:33:55,843 [4] ERROR WebCrawlerConsole.DoMain.Crawler - 江苏环保厅-省内要闻采集异常,【新闻列表加载失败】
 WebCrawlerConsole.DoMain.Crawlername2017-11-15 15:33:55,884 [4] ERROR WebCrawlerConsole.DoMain.Crawler - 江苏环保厅-省内要闻采集异常,【新闻列表加载失败】
 WebCrawlerConsole.DoMain.Crawlername2017-11-15 15:33:55,919 [4] ERROR WebCrawlerConsole.DoMain.Crawler - 江苏环保厅-省内要闻采集异常,【新闻列表加载失败】
 WebCrawlerConsole.DoMain.Crawlername2017-11-15 15:33:55,947 [4] ERROR WebCrawlerConsole.DoMain.Crawler - 江苏环保厅-省内要闻采集异常,【新闻列表加载失败】
 WebCrawlerConsole.DoMain.Crawlername2017-11-15 15:33:55,975 [4] ERROR WebCrawlerConsole.DoMain.Crawler - 江苏环保厅-省内要闻采集异常,【新闻列表加载失败】
 WebCrawlerConsole.DoMain.Crawlername2017-11-15 15:33:56,006 [4] ERROR WebCrawlerConsole.DoMain.Crawler - 江苏环保厅-省内要闻采集异常,【新闻列表加载失败】
 WebCrawlerConsole.DoMain.Crawlername2017-11-15 15:33:56,037 [4] ERROR WebCrawlerConsole.DoMain.Crawler - 江苏环保厅-省内要闻采集异常,【新闻列表加载失败】
 WebCrawlerConsole.DoMain.Crawlername2017-11-15 15:33:56,067 [4] ERROR WebCrawlerConsole.DoMain.Crawler - 江苏环保厅-省内要闻采集异常,【新闻列表加载失败】
 WebCrawlerConsole.DoMain.Crawlername2017-11-15 15:33:56,097 [4] ERROR WebCrawlerConsole.DoMain.Crawler - 江苏环保厅-省内要闻采集异常,【新闻列表加载失败】
 WebCrawlerConsole.DoMain.Crawlername2017-11-15 15:33:56,128 [4] ERROR WebCrawlerConsole.DoMain.Crawler - 江苏环保厅-省内要闻采集异常,【新闻列表加载失败】
 WebCrawlerConsole.DoMain.Crawlername2017-11-15 15:33:56,157 [4] ERROR WebCrawlerConsole.DoMain.Crawler - 江苏环保厅-省内要闻采集异常,【新闻列表加载失败】
 WebCrawlerConsole.DoMain.Crawlername2017-11-15 15:33:56,184 [4] ERROR WebCrawlerConsole.DoMain.Crawler - 江苏环保厅-省内要闻采集异常,【新闻列表加载失败】
 WebCrawlerConsole.DoMain.Crawlername2017-11-15 15:33:56,217 [4] ERROR WebCrawlerConsole.DoMain.Crawler - 江苏环保厅-省内要闻采集异常,【新闻列表加载失败】
 WebCrawlerConsole.DoMain.Crawlername2017-11-15 15:33:56,245 [4] ERROR WebCrawlerConsole.DoMain.Crawler - 江苏环保厅-省内要闻采集异常,【新闻列表加载失败】
 WebCrawlerConsole.DoMain.Crawlername2017-11-15 15:33:56,275 [4] ERROR WebCrawlerConsole.DoMain.Crawler - 江苏环保厅-省内要闻采集异常,【新闻列表加载失败】
 WebCrawlerConsole.DoMain.Crawlername2017-11-15 15:33:56,310 [4] ERROR WebCrawlerConsole.DoMain.Crawler - 江苏环保厅-省内要闻采集异常,【新闻列表加载失败】
 WebCrawlerConsole.DoMain.Crawlername2017-11-15 15:33:56,339 [4] ERROR WebCrawlerConsole.DoMain.Crawler - 江苏环保厅-省内要闻采集异常,【新闻列表加载失败】
 WebCrawlerConsole.DoMain.Crawlername2017-11-15 15:33:56,368 [4] ERROR WebCrawlerConsole.DoMain.Crawler - 江苏环保厅-省内要闻采集异常,【新闻列表加载失败】
 WebCrawlerConsole.DoMain.Crawlername2017-11-15 15:33:56,396 [4] ERROR WebCrawlerConsole.DoMain.Crawler - 江苏环保厅-省内要闻采集异常,【新闻列表加载失败】
 WebCrawlerConsole.DoMain.Crawlername2017-11-15 15:33:56,424 [4] ERROR WebCrawlerConsole.DoMain.Crawler - 江苏环保厅-省内要闻采集异常,【新闻列表加载失败】
 WebCrawlerConsole.DoMain.Crawlername2017-11-15 15:33:56,455 [4] ERROR WebCrawlerConsole.DoMain.Crawler - 江苏环保厅-省内要闻采集异常,【新闻列表加载失败】
 WebCrawlerConsole.DoMain.Crawlername2017-11-15 15:33:56,484 [4] ERROR WebCrawlerConsole.DoMain.Crawler - 江苏环保厅-省内要闻采集异常,【新闻列表加载失败】
 WebCrawlerConsole.DoMain.Crawlername2017-11-15 15:33:56,515 [4] ERROR WebCrawlerConsole.DoMain.Crawler - 江苏环保厅-省内要闻采集异常,【新闻列表加载失败】
 WebCrawlerConsole.DoMain.Crawlername2017-11-15 15:33:56,549 [4] ERROR WebCrawlerConsole.DoMain.Crawler - 江苏环保厅-省内要闻采集异常,【新闻列表加载失败】
 WebCrawlerConsole.DoMain.Crawlername2017-11-15 15:33:56,579 [4] ERROR WebCrawlerConsole.DoMain.Crawler - 江苏环保厅-省内要闻采集异常,【新闻列表加载失败】
 WebCrawlerConsole.DoMain.Crawlername2017-11-15 15:33:56,611 [4] ERROR WebCrawlerConsole.DoMain.Crawler - 江苏环保厅-省内要闻采集异常,【新闻列表加载失败】
 WebCrawlerConsole.DoMain.Crawlername2017-11-15 15:33:56,638 [4] ERROR WebCrawlerConsole.DoMain.Crawler - 江苏环保厅-省内要闻采集异常,【新闻列表加载失败】
 WebCrawlerConsole.DoMain.Crawlername2017-11-15 15:33:56,665 [4] ERROR WebCrawlerConsole.DoMain.Crawler - 江苏环保厅-省内要闻采集异常,【新闻列表加载失败】
 WebCrawlerConsole.DoMain.Crawlername2017-11-15 15:33:56,696 [4] ERROR WebCrawlerConsole.DoMain.Crawler - 江苏环保厅-省内要闻采集异常,【新闻列表加载失败】
 WebCrawlerConsole.DoMain.Crawlername2017-11-15 15:33:56,739 [4] ERROR WebCrawlerConsole.DoMain.Crawler - 江苏环保厅-省内要闻采集异常,【新闻列表加载失败】
 WebCrawlerConsole.DoMain.Crawlername2017-11-15 15:33:56,765 [4] ERROR WebCrawlerConsole.DoMain.Crawler - 江苏环保厅-省内要闻采集异常,【新闻列表加载失败】
 WebCrawlerConsole.DoMain.Crawlername2017-11-15 15:33:56,792 [4] ERROR WebCrawlerConsole.DoMain.Crawler - 江苏环保厅-省内要闻采集异常,【新闻列表加载失败】
 WebCrawlerConsole.DoMain.Crawlername2017-11-15 15:33:56,819 [4] ERROR WebCrawlerConsole.DoMain.Crawler - 江苏环保厅-省内要闻采集异常,【新闻列表加载失败】
 WebCrawlerConsole.DoMain.Crawlername2017-11-15 15:33:56,852 [4] ERROR WebCrawlerConsole.DoMain.Crawler - 江苏环保厅-省内要闻采集异常,【新闻列表加载失败】
 WebCrawlerConsole.DoMain.Crawlername2017-11-15 15:33:56,881 [4] ERROR WebCrawlerConsole.DoMain.Crawler - 江苏环保厅-省内要闻采集异常,【新闻列表加载失败】
 WebCrawlerConsole.DoMain.Crawlername2017-11-15 15:33:56,912 [4] ERROR WebCrawlerConsole.DoMain.Crawler - 江苏环保厅-省内要闻采集异常,【新闻列表加载失败】
 WebCrawlerConsole.DoMain.Crawlername2017-11-15 15:33:56,944 [4] ERROR WebCrawlerConsole.DoMain.Crawler - 江苏环保厅-省内要闻采集异常,【新闻列表加载失败】
 WebCrawlerConsole.DoMain.Crawlername2017-11-15 15:33:56,985 [4] ERROR WebCrawlerConsole.DoMain.Crawler - 江苏环保厅-省内要闻采集异常,【新闻列表加载失败】
 WebCrawlerConsole.DoMain.Crawlername2017-11-15 15:33:57,011 [4] ERROR WebCrawlerConsole.DoMain.Crawler - 江苏环保厅-省内要闻采集异常,【新闻列表加载失败】
 WebCrawlerConsole.DoMain.Crawlername2017-11-15 15:33:57,038 [4] ERROR WebCrawlerConsole.DoMain.Crawler - 江苏环保厅-省内要闻采集异常,【新闻列表加载失败】
 WebCrawlerConsole.DoMain.Crawlername2017-11-15 15:33:57,065 [4] ERROR WebCrawlerConsole.DoMain.Crawler - 江苏环保厅-省内要闻采集异常,【新闻列表加载失败】
 WebCrawlerConsole.DoMain.Crawlername2017-11-15 15:33:57,102 [4] ERROR WebCrawlerConsole.DoMain.Crawler - 江苏环保厅-省内要闻采集异常,【新闻列表加载失败】
 WebCrawlerConsole.DoMain.Crawlername2017-11-15 15:33:57,130 [4] ERROR WebCrawlerConsole.DoMain.Crawler - 江苏环保厅-省内要闻采集异常,【新闻列表加载失败】
 WebCrawlerConsole.DoMain.Crawlername2017-11-15 15:33:57,168 [4] ERROR WebCrawlerConsole.DoMain.Crawler - 江苏环保厅-省内要闻采集异常,【新闻列表加载失败】
 WebCrawlerConsole.DoMain.Crawlername2017-11-15 15:33:57,195 [4] ERROR WebCrawlerConsole.DoMain.Crawler - 江苏环保厅-省内要闻采集异常,【新闻列表加载失败】
 WebCrawlerConsole.DoMain.Crawlername2017-11-15 15:33:57,222 [4] ERROR WebCrawlerConsole.DoMain.Crawler - 江苏环保厅-省内要闻采集异常,【新闻列表加载失败】
 WebCrawlerConsole.DoMain.Crawlername2017-11-15 15:33:57,250 [4] ERROR WebCrawlerConsole.DoMain.Crawler - 江苏环保厅-省内要闻采集异常,【新闻列表加载失败】
 WebCrawlerConsole.DoMain.Crawlername2017-11-15 15:33:57,276 [4] ERROR WebCrawlerConsole.DoMain.Crawler - 江苏环保厅-省内要闻采集异常,【新闻列表加载失败】
 WebCrawlerConsole.DoMain.Crawlername2017-11-15 15:33:57,305 [4] ERROR WebCrawlerConsole.DoMain.Crawler - 江苏环保厅-省内要闻采集异常,【新闻列表加载失败】
 WebCrawlerConsole.DoMain.Crawlername2017-11-15 15:33:57,333 [4] ERROR WebCrawlerConsole.DoMain.Crawler - 江苏环保厅-省内要闻采集异常,【新闻列表加载失败】
 WebCrawlerConsole.DoMain.Crawlername2017-11-15 15:33:57,361 [4] ERROR WebCrawlerConsole.DoMain.Crawler - 江苏环保厅-省内要闻采集异常,【新闻列表加载失败】
 WebCrawlerConsole.DoMain.Crawlername2017-11-15 15:33:57,389 [4] ERROR WebCrawlerConsole.DoMain.Crawler - 江苏环保厅-省内要闻采集异常,【新闻列表加载失败】
 WebCrawlerConsole.DoMain.Crawlername2017-11-15 15:33:57,415 [4] ERROR WebCrawlerConsole.DoMain.Crawler - 江苏环保厅-省内要闻采集异常,【新闻列表加载失败】
 WebCrawlerConsole.DoMain.Crawlername2017-11-15 15:33:57,444 [4] ERROR WebCrawlerConsole.DoMain.Crawler - 江苏环保厅-省内要闻采集异常,【新闻列表加载失败】
 WebCrawlerConsole.DoMain.Crawlername2017-11-15 15:33:57,476 [4] ERROR WebCrawlerConsole.DoMain.Crawler - 江苏环保厅-省内要闻采集异常,【新闻列表加载失败】
 WebCrawlerConsole.DoMain.Crawlername2017-11-15 15:33:57,508 [4] ERROR WebCrawlerConsole.DoMain.Crawler - 江苏环保厅-省内要闻采集异常,【新闻列表加载失败】
 WebCrawlerConsole.DoMain.Crawlername2017-11-15 15:33:57,536 [4] ERROR WebCrawlerConsole.DoMain.Crawler - 江苏环保厅-省内要闻采集异常,【新闻列表加载失败】
 WebCrawlerConsole.DoMain.Crawlername2017-11-15 15:33:57,571 [4] ERROR WebCrawlerConsole.DoMain.Crawler - 江苏环保厅-省内要闻采集异常,【新闻列表加载失败】
 WebCrawlerConsole.DoMain.Crawlername2017-11-15 15:33:57,599 [4] ERROR WebCrawlerConsole.DoMain.Crawler - 江苏环保厅-省内要闻采集异常,【新闻列表加载失败】
 WebCrawlerConsole.DoMain.Crawlername2017-11-15 15:33:57,626 [4] ERROR WebCrawlerConsole.DoMain.Crawler - 江苏环保厅-省内要闻采集异常,【新闻列表加载失败】
 WebCrawlerConsole.DoMain.Crawlername2017-11-15 15:33:57,653 [4] ERROR WebCrawlerConsole.DoMain.Crawler - 江苏环保厅-省内要闻采集异常,【新闻列表加载失败】
 WebCrawlerConsole.DoMain.Crawlername2017-11-15 15:33:57,681 [4] ERROR WebCrawlerConsole.DoMain.Crawler - 江苏环保厅-省内要闻采集异常,【新闻列表加载失败】
 WebCrawlerConsole.DoMain.Crawlername2017-11-15 15:33:57,708 [4] ERROR WebCrawlerConsole.DoMain.Crawler - 江苏环保厅-省内要闻采集异常,【新闻列表加载失败】
 WebCrawlerConsole.DoMain.Crawlername2017-11-15 15:33:57,737 [4] ERROR WebCrawlerConsole.DoMain.Crawler - 江苏环保厅-省内要闻采集异常,【新闻列表加载失败】
 WebCrawlerConsole.DoMain.Crawlername2017-11-15 15:33:57,767 [4] ERROR WebCrawlerConsole.DoMain.Crawler - 江苏环保厅-省内要闻采集异常,【新闻列表加载失败】
 WebCrawlerConsole.DoMain.Crawlername2017-11-15 15:33:57,796 [4] ERROR WebCrawlerConsole.DoMain.Crawler - 江苏环保厅-省内要闻采集异常,【新闻列表加载失败】
 WebCrawlerConsole.DoMain.Crawlername2017-11-15 15:33:57,823 [4] ERROR WebCrawlerConsole.DoMain.Crawler - 江苏环保厅-省内要闻采集异常,【新闻列表加载失败】
 WebCrawlerConsole.DoMain.Crawlername2017-11-15 15:33:57,852 [4] ERROR WebCrawlerConsole.DoMain.Crawler - 江苏环保厅-省内要闻采集异常,【新闻列表加载失败】
 WebCrawlerConsole.DoMain.Crawlername2017-11-15 15:33:57,878 [4] ERROR WebCrawlerConsole.DoMain.Crawler - 江苏环保厅-省内要闻采集异常,【新闻列表加载失败】
 WebCrawlerConsole.DoMain.Crawlername2017-11-15 15:33:57,906 [4] ERROR WebCrawlerConsole.DoMain.Crawler - 江苏环保厅-省内要闻采集异常,【新闻列表加载失败】
 WebCrawlerConsole.DoMain.Crawlername2017-11-15 15:33:57,932 [4] ERROR WebCrawlerConsole.DoMain.Crawler - 江苏环保厅-省内要闻采集异常,【新闻列表加载失败】
 WebCrawlerConsole.DoMain.Crawlername2017-11-15 15:33:57,960 [4] ERROR WebCrawlerConsole.DoMain.Crawler - 江苏环保厅-省内要闻采集异常,【新闻列表加载失败】
 WebCrawlerConsole.DoMain.Crawlername2017-11-15 15:33:57,988 [4] ERROR WebCrawlerConsole.DoMain.Crawler - 江苏环保厅-省内要闻采集异常,【新闻列表加载失败】
 WebCrawlerConsole.DoMain.Crawlername2017-11-15 15:33:58,014 [4] ERROR WebCrawlerConsole.DoMain.Crawler - 江苏环保厅-省内要闻采集异常,【新闻列表加载失败】
 WebCrawlerConsole.DoMain.Crawlername2017-11-15 15:33:58,041 [4] ERROR WebCrawlerConsole.DoMain.Crawler - 江苏环保厅-省内要闻采集异常,【新闻列表加载失败】
 WebCrawlerConsole.DoMain.Crawlername2017-11-15 15:33:58,069 [4] ERROR WebCrawlerConsole.DoMain.Crawler - 江苏环保厅-省内要闻采集异常,【新闻列表加载失败】
 WebCrawlerConsole.DoMain.Crawlername2017-11-15 15:33:58,096 [4] ERROR WebCrawlerConsole.DoMain.Crawler - 江苏环保厅-省内要闻采集异常,【新闻列表加载失败】
 WebCrawlerConsole.DoMain.Crawlername2017-11-15 15:33:58,123 [4] ERROR WebCrawlerConsole.DoMain.Crawler - 江苏环保厅-省内要闻采集异常,【新闻列表加载失败】
 WebCrawlerConsole.DoMain.Crawlername2017-11-15 15:33:58,152 [4] ERROR WebCrawlerConsole.DoMain.Crawler - 江苏环保厅-省内要闻采集异常,【新闻列表加载失败】
 WebCrawlerConsole.DoMain.Crawlername2017-11-15 15:33:58,229 [4] ERROR WebCrawlerConsole.DoMain.Crawler - 江苏环保厅-省内要闻采集异常,【新闻列表加载失败】
 WebCrawlerConsole.DoMain.Crawlername2017-11-15 15:33:58,254 [4] ERROR WebCrawlerConsole.DoMain.Crawler - 江苏环保厅-省内要闻采集异常,【新闻列表加载失败】
 WebCrawlerConsole.DoMain.Crawlername2017-11-15 15:33:58,279 [4] ERROR WebCrawlerConsole.DoMain.Crawler - 江苏环保厅-省内要闻采集异常,【新闻列表加载失败】
 WebCrawlerConsole.DoMain.Crawlername2017-11-15 15:33:58,305 [4] ERROR WebCrawlerConsole.DoMain.Crawler - 江苏环保厅-省内要闻采集异常,【新闻列表加载失败】
 WebCrawlerConsole.DoMain.Crawlername2017-11-15 15:33:58,332 [4] ERROR WebCrawlerConsole.DoMain.Crawler - 江苏环保厅-省内要闻采集异常,【新闻列表加载失败】
 WebCrawlerConsole.DoMain.Crawlername2017-11-15 15:33:58,359 [4] ERROR WebCrawlerConsole.DoMain.Crawler - 江苏环保厅-省内要闻采集异常,【新闻列表加载失败】
 WebCrawlerConsole.DoMain.Crawlername2017-11-15 15:33:58,689 [4] ERROR WebCrawlerConsole.DoMain.Crawler - 江苏环保厅-省内要闻采集异常,【新闻列表加载失败】
 WebCrawlerConsole.DoMain.Crawlername2017-11-15 15:33:58,719 [4] ERROR WebCrawlerConsole.DoMain.Crawler - 江苏环保厅-省内要闻采集异常,【新闻列表加载失败】
 WebCrawlerConsole.DoMain.Crawlername2017-11-15 15:33:58,747 [4] ERROR WebCrawlerConsole.DoMain.Crawler - 江苏环保厅-省内要闻采集异常,【新闻列表加载失败】
 WebCrawlerConsole.DoMain.Crawlername2017-11-15 15:33:58,782 [4] ERROR WebCrawlerConsole.DoMain.Crawler - 江苏环保厅-省内要闻采集异常,【新闻列表加载失败】
 WebCrawlerConsole.DoMain.Crawlername2017-11-15 15:33:58,810 [4] ERROR WebCrawlerConsole.DoMain.Crawler - 江苏环保厅-省内要闻采集异常,【新闻列表加载失败】
 WebCrawlerConsole.DoMain.Crawlername2017-11-15 15:33:58,837 [4] ERROR WebCrawlerConsole.DoMain.Crawler - 江苏环保厅-省内要闻采集异常,【新闻列表加载失败】
 WebCrawlerConsole.DoMain.Crawlername2017-11-15 15:33:58,865 [4] ERROR WebCrawlerConsole.DoMain.Crawler - 江苏环保厅-省内要闻采集异常,【新闻列表加载失败】
 WebCrawlerConsole.DoMain.Crawlername2017-11-15 15:33:58,893 [4] ERROR WebCrawlerConsole.DoMain.Crawler - 江苏环保厅-省内要闻采集异常,【新闻列表加载失败】
 WebCrawlerConsole.DoMain.Crawlername2017-11-15 15:33:58,919 [4] ERROR WebCrawlerConsole.DoMain.Crawler - 江苏环保厅-省内要闻采集异常,【新闻列表加载失败】
 WebCrawlerConsole.DoMain.Crawlername2017-11-15 15:33:58,945 [4] ERROR WebCrawlerConsole.DoMain.Crawler - 江苏环保厅-省内要闻采集异常,【新闻列表加载失败】
 WebCrawlerConsole.DoMain.Crawlername2017-11-15 15:33:58,972 [4] ERROR WebCrawlerConsole.DoMain.Crawler - 江苏环保厅-省内要闻采集异常,【新闻列表加载失败】
 WebCrawlerConsole.DoMain.Crawlername2017-11-15 15:33:59,000 [4] ERROR WebCrawlerConsole.DoMain.Crawler - 江苏环保厅-省内要闻采集异常,【新闻列表加载失败】
 WebCrawlerConsole.DoMain.Crawlername2017-11-15 15:33:59,036 [4] ERROR WebCrawlerConsole.DoMain.Crawler - 江苏环保厅-省内要闻采集异常,【新闻列表加载失败】
 WebCrawlerConsole.DoMain.Crawlername2017-11-15 15:33:59,067 [4] ERROR WebCrawlerConsole.DoMain.Crawler - 江苏环保厅-省内要闻采集异常,【新闻列表加载失败】
 WebCrawlerConsole.DoMain.Crawlername2017-11-15 15:33:59,093 [4] ERROR WebCrawlerConsole.DoMain.Crawler - 江苏环保厅-省内要闻采集异常,【新闻列表加载失败】
 WebCrawlerConsole.DoMain.Crawlername2017-11-15 15:33:59,120 [4] ERROR WebCrawlerConsole.DoMain.Crawler - 江苏环保厅-省内要闻采集异常,【新闻列表加载失败】
 WebCrawlerConsole.DoMain.Crawlername2017-11-15 15:33:59,146 [4] ERROR WebCrawlerConsole.DoMain.Crawler - 江苏环保厅-省内要闻采集异常,【新闻列表加载失败】
 WebCrawlerConsole.DoMain.Crawlername2017-11-15 15:33:59,174 [4] ERROR WebCrawlerConsole.DoMain.Crawler - 江苏环保厅-省内要闻采集异常,【新闻列表加载失败】
 WebCrawlerConsole.DoMain.Crawlername2017-11-15 15:33:59,211 [4] ERROR WebCrawlerConsole.DoMain.Crawler - 江苏环保厅-省内要闻采集异常,【新闻列表加载失败】
 WebCrawlerConsole.DoMain.Crawlername2017-11-15 15:33:59,301 [4] ERROR WebCrawlerConsole.DoMain.Crawler - 江苏环保厅-省内要闻采集异常,【新闻列表加载失败】
 WebCrawlerConsole.DoMain.Crawlername2017-11-15 15:33:59,425 [4] ERROR WebCrawlerConsole.DoMain.Crawler - 江苏环保厅-省内要闻采集异常,【新闻列表加载失败】
 WebCrawlerConsole.DoMain.Crawlername2017-11-15 15:34:00,223 [4] ERROR WebCrawlerConsole.DoMain.Crawler - 江苏环保厅-省内要闻采集异常,【新闻列表加载失败】
 WebCrawlerConsole.DoMain.Crawlername2017-11-15 15:34:00,400 [4] ERROR WebCrawlerConsole.DoMain.Crawler - 江苏环保厅-省内要闻采集异常,【新闻列表加载失败】
 WebCrawlerConsole.DoMain.Crawlername2017-11-15 15:34:00,440 [4] ERROR WebCrawlerConsole.DoMain.Crawler - 江苏环保厅-省内要闻采集异常,【新闻列表加载失败】
 WebCrawlerConsole.DoMain.Crawlername2017-11-15 15:34:00,467 [4] ERROR WebCrawlerConsole.DoMain.Crawler - 江苏环保厅-省内要闻采集异常,【新闻列表加载失败】
 WebCrawlerConsole.DoMain.Crawlername2017-11-15 15:34:00,494 [4] ERROR WebCrawlerConsole.DoMain.Crawler - 江苏环保厅-省内要闻采集异常,【新闻列表加载失败】
 WebCrawlerConsole.DoMain.Crawlername2017-11-15 15:34:00,525 [4] ERROR WebCrawlerConsole.DoMain.Crawler - 江苏环保厅-省内要闻采集异常,【新闻列表加载失败】
 WebCrawlerConsole.DoMain.Crawlername2017-11-15 15:34:00,554 [4] ERROR WebCrawlerConsole.DoMain.Crawler - 江苏环保厅-省内要闻采集异常,【新闻列表加载失败】
 WebCrawlerConsole.DoMain.Crawlername2017-11-15 15:34:00,583 [4] ERROR WebCrawlerConsole.DoMain.Crawler - 江苏环保厅-省内要闻采集异常,【新闻列表加载失败】
 WebCrawlerConsole.DoMain.Crawlername2017-11-15 15:34:00,611 [4] ERROR WebCrawlerConsole.DoMain.Crawler - 江苏环保厅-省内要闻采集异常,【新闻列表加载失败】
 WebCrawlerConsole.DoMain.Crawlername2017-11-15 15:34:00,639 [4] ERROR WebCrawlerConsole.DoMain.Crawler - 江苏环保厅-省内要闻采集异常,【新闻列表加载失败】
 WebCrawlerConsole.DoMain.Crawlername2017-11-15 15:34:00,669 [4] ERROR WebCrawlerConsole.DoMain.Crawler - 江苏环保厅-省内要闻采集异常,【新闻列表加载失败】
 WebCrawlerConsole.DoMain.Crawlername2017-11-15 15:34:00,698 [4] ERROR WebCrawlerConsole.DoMain.Crawler - 江苏环保厅-省内要闻采集异常,【新闻列表加载失败】
 WebCrawlerConsole.DoMain.Crawlername2017-11-15 15:34:00,726 [4] ERROR WebCrawlerConsole.DoMain.Crawler - 江苏环保厅-省内要闻采集异常,【新闻列表加载失败】
 WebCrawlerConsole.DoMain.Crawlername2017-11-15 15:34:00,870 [4] ERROR WebCrawlerConsole.DoMain.Crawler - 江苏环保厅-省内要闻采集异常,【新闻列表加载失败】
 WebCrawlerConsole.DoMain.Crawlername2017-11-15 15:34:01,372 [4] ERROR WebCrawlerConsole.DoMain.Crawler - 江苏环保厅-省内要闻采集异常,【新闻列表加载失败】
 WebCrawlerConsole.DoMain.Crawlername2017-11-15 15:34:07,794 [4] ERROR WebCrawlerConsole.DoMain.Crawler - 江苏环保厅-省内要闻采集异常,【新闻列表加载失败】
 WebCrawlerConsole.DoMain.Crawlername2017-11-15 15:34:07,844 [4] ERROR WebCrawlerConsole.DoMain.Crawler - 江苏环保厅-省内要闻采集异常,【新闻列表加载失败】
 WebCrawlerConsole.DoMain.Crawlername2017-11-15 15:34:07,873 [4] ERROR WebCrawlerConsole.DoMain.Crawler - 江苏环保厅-省内要闻采集异常,【新闻列表加载失败】
 WebCrawlerConsole.DoMain.Crawlername2017-11-15 15:34:07,902 [4] ERROR WebCrawlerConsole.DoMain.Crawler - 江苏环保厅-省内要闻采集异常,【新闻列表加载失败】
 WebCrawlerConsole.DoMain.Crawlername2017-11-15 15:34:07,945 [4] ERROR WebCrawlerConsole.DoMain.Crawler - 江苏环保厅-省内要闻采集异常,【新闻列表加载失败】
 WebCrawlerConsole.DoMain.Crawlername2017-11-15 15:34:07,972 [4] ERROR WebCrawlerConsole.DoMain.Crawler - 江苏环保厅-省内要闻采集异常,【新闻列表加载失败】
 WebCrawlerConsole.DoMain.Crawlername2017-11-15 15:34:07,998 [4] ERROR WebCrawlerConsole.DoMain.Crawler - 江苏环保厅-省内要闻采集异常,【新闻列表加载失败】
 WebCrawlerConsole.DoMain.Crawlername2017-11-15 15:34:08,026 [4] ERROR WebCrawlerConsole.DoMain.Crawler - 江苏环保厅-省内要闻采集异常,【新闻列表加载失败】
 WebCrawlerConsole.DoMain.Crawlername2017-11-15 15:34:08,055 [4] ERROR WebCrawlerConsole.DoMain.Crawler - 江苏环保厅-省内要闻采集异常,【新闻列表加载失败】
 WebCrawlerConsole.DoMain.Crawlername2017-11-15 15:34:08,082 [4] ERROR WebCrawlerConsole.DoMain.Crawler - 江苏环保厅-省内要闻采集异常,【新闻列表加载失败】
 WebCrawlerConsole.DoMain.Crawlername2017-11-15 15:34:08,109 [4] ERROR WebCrawlerConsole.DoMain.Crawler - 江苏环保厅-省内要闻采集异常,【新闻列表加载失败】
 WebCrawlerConsole.DoMain.Crawlername2017-11-15 15:34:08,138 [4] ERROR WebCrawlerConsole.DoMain.Crawler - 江苏环保厅-省内要闻采集异常,【新闻列表加载失败】
 WebCrawlerConsole.DoMain.Crawlername2017-11-15 15:34:08,175 [4] ERROR WebCrawlerConsole.DoMain.Crawler - 江苏环保厅-省内要闻采集异常,【新闻列表加载失败】
 WebCrawlerConsole.DoMain.Crawlername2017-11-15 15:34:08,205 [4] ERROR WebCrawlerConsole.DoMain.Crawler - 江苏环保厅-省内要闻采集异常,【新闻列表加载失败】
 WebCrawlerConsole.DoMain.Crawlername2017-11-15 15:34:08,233 [4] ERROR WebCrawlerConsole.DoMain.Crawler - 江苏环保厅-省内要闻采集异常,【新闻列表加载失败】
 WebCrawlerConsole.DoMain.Crawlername2017-11-15 15:34:08,262 [4] ERROR WebCrawlerConsole.DoMain.Crawler - 江苏环保厅-省内要闻采集异常,【新闻列表加载失败】
 WebCrawlerConsole.DoMain.Crawlername2017-11-15 15:34:08,291 [4] ERROR WebCrawlerConsole.DoMain.Crawler - 江苏环保厅-省内要闻采集异常,【新闻列表加载失败】
 WebCrawlerConsole.DoMain.Crawlername2017-11-15 15:34:08,318 [4] ERROR WebCrawlerConsole.DoMain.Crawler - 江苏环保厅-省内要闻采集异常,【新闻列表加载失败】
 WebCrawlerConsole.DoMain.Crawlername2017-11-15 15:34:08,363 [4] ERROR WebCrawlerConsole.DoMain.Crawler - 江苏环保厅-省内要闻采集异常,【新闻列表加载失败】
 WebCrawlerConsole.DoMain.Crawlername2017-11-15 15:34:08,388 [4] ERROR WebCrawlerConsole.DoMain.Crawler - 江苏环保厅-省内要闻采集异常,【新闻列表加载失败】
 WebCrawlerConsole.DoMain.Crawlername2017-11-15 15:34:08,413 [4] ERROR WebCrawlerConsole.DoMain.Crawler - 江苏环保厅-省内要闻采集异常,【新闻列表加载失败】
 WebCrawlerConsole.DoMain.Crawlername2017-11-15 15:34:08,444 [4] ERROR WebCrawlerConsole.DoMain.Crawler - 江苏环保厅-省内要闻采集异常,【新闻列表加载失败】
 WebCrawlerConsole.DoMain.Crawlername2017-11-15 15:34:08,475 [4] ERROR WebCrawlerConsole.DoMain.Crawler - 江苏环保厅-省内要闻采集异常,【新闻列表加载失败】
 WebCrawlerConsole.DoMain.Crawlername2017-11-15 15:34:08,503 [4] ERROR WebCrawlerConsole.DoMain.Crawler - 江苏环保厅-省内要闻采集异常,【新闻列表加载失败】
 WebCrawlerConsole.DoMain.Crawlername2017-11-15 15:34:08,530 [4] ERROR WebCrawlerConsole.DoMain.Crawler - 江苏环保厅-省内要闻采集异常,【新闻列表加载失败】
 WebCrawlerConsole.DoMain.Crawlername2017-11-15 15:34:08,578 [4] ERROR WebCrawlerConsole.DoMain.Crawler - 江苏环保厅-省内要闻采集异常,【新闻列表加载失败】
 WebCrawlerConsole.DoMain.Crawlername2017-11-15 15:34:08,650 [4] ERROR WebCrawlerConsole.DoMain.Crawler - 江苏环保厅-省内要闻采集异常,【新闻列表加载失败】
 WebCrawlerConsole.DoMain.Crawlername2017-11-15 15:34:08,701 [4] ERROR WebCrawlerConsole.DoMain.Crawler - 江苏环保厅-省内要闻采集异常,【新闻列表加载失败】
 WebCrawlerConsole.DoMain.Crawlername2017-11-15 15:34:08,762 [4] ERROR WebCrawlerConsole.DoMain.Crawler - 江苏环保厅-省内要闻采集异常,【新闻列表加载失败】
 WebCrawlerConsole.DoMain.Crawlername2017-11-15 15:34:08,827 [4] ERROR WebCrawlerConsole.DoMain.Crawler - 江苏环保厅-省内要闻采集异常,【新闻列表加载失败】
 WebCrawlerConsole.DoMain.Crawlername2017-11-15 15:34:08,887 [4] ERROR WebCrawlerConsole.DoMain.Crawler - 江苏环保厅-省内要闻采集异常,【新闻列表加载失败】
 WebCrawlerConsole.DoMain.Crawlername2017-11-15 15:34:08,939 [4] ERROR WebCrawlerConsole.DoMain.Crawler - 江苏环保厅-省内要闻采集异常,【新闻列表加载失败】
 WebCrawlerConsole.DoMain.Crawlername2017-11-15 15:34:08,994 [4] ERROR WebCrawlerConsole.DoMain.Crawler - 江苏环保厅-省内要闻采集异常,【新闻列表加载失败】
 WebCrawlerConsole.DoMain.Crawlername2017-11-15 15:34:09,022 [4] ERROR WebCrawlerConsole.DoMain.Crawler - 江苏环保厅-省内要闻采集异常,【新闻列表加载失败】
 WebCrawlerConsole.DoMain.Crawlername2017-11-15 15:34:09,052 [4] ERROR WebCrawlerConsole.DoMain.Crawler - 江苏环保厅-省内要闻采集异常,【新闻列表加载失败】
 WebCrawlerConsole.DoMain.Crawlername2017-11-15 15:34:09,083 [4] ERROR WebCrawlerConsole.DoMain.Crawler - 江苏环保厅-省内要闻采集异常,【新闻列表加载失败】
 WebCrawlerConsole.DoMain.Crawlername2017-11-15 15:34:09,111 [4] ERROR WebCrawlerConsole.DoMain.Crawler - 江苏环保厅-省内要闻采集异常,【新闻列表加载失败】
 WebCrawlerConsole.DoMain.Crawlername2017-11-15 15:34:09,138 [4] ERROR WebCrawlerConsole.DoMain.Crawler - 江苏环保厅-省内要闻采集异常,【新闻列表加载失败】
 WebCrawlerConsole.DoMain.Crawlername2017-11-15 15:34:09,166 [4] ERROR WebCrawlerConsole.DoMain.Crawler - 江苏环保厅-省内要闻采集异常,【新闻列表加载失败】
 WebCrawlerConsole.DoMain.Crawlername2017-11-15 15:34:09,194 [4] ERROR WebCrawlerConsole.DoMain.Crawler - 江苏环保厅-省内要闻采集异常,【新闻列表加载失败】
 WebCrawlerConsole.DoMain.Crawlername2017-11-15 15:34:09,223 [4] ERROR WebCrawlerConsole.DoMain.Crawler - 江苏环保厅-省内要闻采集异常,【新闻列表加载失败】
 WebCrawlerConsole.DoMain.Crawlername2017-11-15 15:34:09,250 [4] ERROR WebCrawlerConsole.DoMain.Crawler - 江苏环保厅-省内要闻采集异常,【新闻列表加载失败】
 WebCrawlerConsole.DoMain.Crawlername2017-11-15 15:34:09,283 [4] ERROR WebCrawlerConsole.DoMain.Crawler - 江苏环保厅-省内要闻采集异常,【新闻列表加载失败】
 WebCrawlerConsole.DoMain.Crawlername2017-11-15 15:34:09,313 [4] ERROR WebCrawlerConsole.DoMain.Crawler - 江苏环保厅-省内要闻采集异常,【新闻列表加载失败】
 WebCrawlerConsole.DoMain.Crawlername2017-11-15 15:34:09,344 [4] ERROR WebCrawlerConsole.DoMain.Crawler - 江苏环保厅-省内要闻采集异常,【新闻列表加载失败】
 WebCrawlerConsole.DoMain.Crawlername2017-11-15 15:34:09,372 [4] ERROR WebCrawlerConsole.DoMain.Crawler - 江苏环保厅-省内要闻采集异常,【新闻列表加载失败】
 WebCrawlerConsole.DoMain.Crawlername2017-11-15 15:34:09,411 [4] ERROR WebCrawlerConsole.DoMain.Crawler - 江苏环保厅-省内要闻采集异常,【新闻列表加载失败】
 WebCrawlerConsole.DoMain.Crawlername2017-11-15 15:34:09,444 [4] ERROR WebCrawlerConsole.DoMain.Crawler - 江苏环保厅-省内要闻采集异常,【新闻列表加载失败】
 WebCrawlerConsole.DoMain.Crawlername2017-11-15 15:34:09,472 [4] ERROR WebCrawlerConsole.DoMain.Crawler - 江苏环保厅-省内要闻采集异常,【新闻列表加载失败】
 WebCrawlerConsole.DoMain.Crawlername2017-11-15 15:34:09,501 [4] ERROR WebCrawlerConsole.DoMain.Crawler - 江苏环保厅-省内要闻采集异常,【新闻列表加载失败】
 WebCrawlerConsole.DoMain.Crawlername2017-11-15 15:34:09,530 [4] ERROR WebCrawlerConsole.DoMain.Crawler - 江苏环保厅-省内要闻采集异常,【新闻列表加载失败】
 WebCrawlerConsole.DoMain.Crawlername2017-11-15 15:34:09,560 [4] ERROR WebCrawlerConsole.DoMain.Crawler - 江苏环保厅-省内要闻采集异常,【新闻列表加载失败】
 WebCrawlerConsole.DoMain.Crawlername2017-11-15 15:34:09,587 [4] ERROR WebCrawlerConsole.DoMain.Crawler - 江苏环保厅-省内要闻采集异常,【新闻列表加载失败】
 WebCrawlerConsole.DoMain.Crawlername2017-11-15 15:34:09,616 [4] ERROR WebCrawlerConsole.DoMain.Crawler - 江苏环保厅-省内要闻采集异常,【新闻列表加载失败】
 WebCrawlerConsole.DoMain.Crawlername2017-11-15 15:34:09,649 [4] ERROR WebCrawlerConsole.DoMain.Crawler - 江苏环保厅-省内要闻采集异常,【新闻列表加载失败】
 WebCrawlerConsole.DoMain.Crawlername2017-11-15 15:34:09,677 [4] ERROR WebCrawlerConsole.DoMain.Crawler - 江苏环保厅-省内要闻采集异常,【新闻列表加载失败】
 WebCrawlerConsole.DoMain.Crawlername2017-11-15 15:34:09,709 [4] ERROR WebCrawlerConsole.DoMain.Crawler - 江苏环保厅-省内要闻采集异常,【新闻列表加载失败】
 WebCrawlerConsole.DoMain.Crawlername2017-11-15 15:34:09,741 [4] ERROR WebCrawlerConsole.DoMain.Crawler - 江苏环保厅-省内要闻采集异常,【新闻列表加载失败】
 WebCrawlerConsole.DoMain.Crawlername2017-11-15 15:34:09,769 [4] ERROR WebCrawlerConsole.DoMain.Crawler - 江苏环保厅-省内要闻采集异常,【新闻列表加载失败】
 WebCrawlerConsole.DoMain.Crawlername2017-11-15 15:34:09,801 [4] ERROR WebCrawlerConsole.DoMain.Crawler - 江苏环保厅-省内要闻采集异常,【新闻列表加载失败】
 WebCrawlerConsole.DoMain.Crawlername2017-11-15 15:34:09,833 [4] ERROR WebCrawlerConsole.DoMain.Crawler - 江苏环保厅-省内要闻采集异常,【新闻列表加载失败】
 WebCrawlerConsole.DoMain.Crawlername2017-11-15 15:34:09,849 [4] ERROR WebCrawlerConsole.DoMain.Crawler - 江苏环保厅-省内要闻采集异常,【新闻列表加载失败】
 WebCrawlerConsole.DoMain.Crawlername2017-11-15 15:34:09,863 [4] ERROR WebCrawlerConsole.DoMain.Crawler - 江苏环保厅-省内要闻采集异常,【新闻列表加载失败】
 WebCrawlerConsole.DoMain.Crawlername2017-11-15 15:34:09,900 [4] ERROR WebCrawlerConsole.DoMain.Crawler - 江苏环保厅-省内要闻采集异常,【新闻列表加载失败】
 WebCrawlerConsole.DoMain.Crawlername2017-11-15 15:34:09,915 [4] ERROR WebCrawlerConsole.DoMain.Crawler - 江苏环保厅-省内要闻采集异常,【新闻列表加载失败】
 WebCrawlerConsole.DoMain.Crawlername2017-11-15 15:34:09,929 [4] ERROR WebCrawlerConsole.DoMain.Crawler - 江苏环保厅-省内要闻采集异常,【新闻列表加载失败】
 WebCrawlerConsole.DoMain.Crawlername2017-11-15 15:34:09,945 [4] ERROR WebCrawlerConsole.DoMain.Crawler - 江苏环保厅-省内要闻采集异常,【新闻列表加载失败】
 WebCrawlerConsole.DoMain.Crawlername2017-11-15 15:34:09,960 [4] ERROR WebCrawlerConsole.DoMain.Crawler - 江苏环保厅-省内要闻采集异常,【新闻列表加载失败】
 WebCrawlerConsole.DoMain.Crawlername2017-11-15 15:34:09,975 [4] ERROR WebCrawlerConsole.DoMain.Crawler - 江苏环保厅-省内要闻采集异常,【新闻列表加载失败】
 WebCrawlerConsole.DoMain.Crawlername2017-11-15 15:34:09,989 [4] ERROR WebCrawlerConsole.DoMain.Crawler - 江苏环保厅-省内要闻采集异常,【新闻列表加载失败】
 WebCrawlerConsole.DoMain.Crawlername2017-11-15 15:34:10,006 [4] ERROR WebCrawlerConsole.DoMain.Crawler - 江苏环保厅-省内要闻采集异常,【新闻列表加载失败】
 WebCrawlerConsole.DoMain.Crawlername2017-11-15 15:34:10,023 [4] ERROR WebCrawlerConsole.DoMain.Crawler - 江苏环保厅-省内要闻采集异常,【新闻列表加载失败】
 WebCrawlerConsole.DoMain.Crawlername2017-11-15 15:34:10,042 [4] ERROR WebCrawlerConsole.DoMain.Crawler - 江苏环保厅-省内要闻采集异常,【新闻列表加载失败】
 WebCrawlerConsole.DoMain.Crawlername2017-11-15 15:34:10,057 [4] ERROR WebCrawlerConsole.DoMain.Crawler - 江苏环保厅-省内要闻采集异常,【新闻列表加载失败】
 WebCrawlerConsole.DoMain.Crawlername2017-11-15 15:34:10,075 [4] ERROR WebCrawlerConsole.DoMain.Crawler - 江苏环保厅-省内要闻采集异常,【新闻列表加载失败】
 WebCrawlerConsole.DoMain.Crawlername2017-11-15 15:34:10,091 [4] ERROR WebCrawlerConsole.DoMain.Crawler - 江苏环保厅-省内要闻采集异常,【新闻列表加载失败】
 WebCrawlerConsole.DoMain.Crawlername2017-11-15 15:34:10,105 [4] ERROR WebCrawlerConsole.DoMain.Crawler - 江苏环保厅-省内要闻采集异常,【新闻列表加载失败】
 WebCrawlerConsole.DoMain.Crawlername2017-11-15 15:34:10,121 [4] ERROR WebCrawlerConsole.DoMain.Crawler - 江苏环保厅-省内要闻采集异常,【新闻列表加载失败】
 WebCrawlerConsole.DoMain.Crawlername2017-11-15 15:34:10,135 [4] ERROR WebCrawlerConsole.DoMain.Crawler - 江苏环保厅-省内要闻采集异常,【新闻列表加载失败】
 WebCrawlerConsole.DoMain.Crawlername2017-11-15 15:34:10,170 [4] ERROR WebCrawlerConsole.DoMain.Crawler - 江苏环保厅-省内要闻采集异常,【新闻列表加载失败】
 WebCrawlerConsole.DoMain.Crawlername2017-11-15 15:34:10,184 [4] ERROR WebCrawlerConsole.DoMain.Crawler - 江苏环保厅-省内要闻采集异常,【新闻列表加载失败】
 WebCrawlerConsole.DoMain.Crawlername2017-11-15 15:34:10,197 [4] ERROR WebCrawlerConsole.DoMain.Crawler - 江苏环保厅-省内要闻采集异常,【新闻列表加载失败】
 WebCrawlerConsole.DoMain.Crawlername2017-11-15 15:34:10,211 [4] ERROR WebCrawlerConsole.DoMain.Crawler - 江苏环保厅-省内要闻采集异常,【新闻列表加载失败】
 WebCrawlerConsole.DoMain.Crawlername2017-11-15 15:34:10,227 [4] ERROR WebCrawlerConsole.DoMain.Crawler - 江苏环保厅-省内要闻采集异常,【新闻列表加载失败】
 WebCrawlerConsole.DoMain.Crawlername2017-11-15 15:34:10,244 [4] ERROR WebCrawlerConsole.DoMain.Crawler - 江苏环保厅-省内要闻采集异常,【新闻列表加载失败】
 WebCrawlerConsole.DoMain.Crawlername2017-11-15 15:34:10,258 [4] ERROR WebCrawlerConsole.DoMain.Crawler - 江苏环保厅-省内要闻采集异常,【新闻列表加载失败】
 WebCrawlerConsole.DoMain.Crawlername2017-11-15 15:34:10,274 [4] ERROR WebCrawlerConsole.DoMain.Crawler - 江苏环保厅-省内要闻采集异常,【新闻列表加载失败】
 WebCrawlerConsole.DoMain.Crawlername2017-11-15 15:34:10,289 [4] ERROR WebCrawlerConsole.DoMain.Crawler - 江苏环保厅-省内要闻采集异常,【新闻列表加载失败】
 WebCrawlerConsole.DoMain.Crawlername2017-11-15 15:34:10,303 [4] ERROR WebCrawlerConsole.DoMain.Crawler - 江苏环保厅-省内要闻采集异常,【新闻列表加载失败】
 WebCrawlerConsole.DoMain.Crawlername2017-11-15 15:34:10,320 [4] ERROR WebCrawlerConsole.DoMain.Crawler - 江苏环保厅-省内要闻采集异常,【新闻列表加载失败】
 WebCrawlerConsole.DoMain.Crawlername2017-11-15 15:34:10,339 [4] ERROR WebCrawlerConsole.DoMain.Crawler - 江苏环保厅-省内要闻采集异常,【新闻列表加载失败】
 WebCrawlerConsole.DoMain.Crawlername2017-11-15 15:34:10,373 [4] ERROR WebCrawlerConsole.DoMain.Crawler - 江苏环保厅-省内要闻采集异常,【新闻列表加载失败】
 WebCrawlerConsole.DoMain.Crawlername2017-11-15 15:35:56,222 [4] ERROR WebCrawlerConsole.DoMain.Crawler - 江苏环保厅-省内要闻采集异常,【新闻列表加载失败】
 WebCrawlerConsole.DoMain.Crawlername2017-11-15 15:36:22,530 [4] ERROR WebCrawlerConsole.DoMain.Crawler - 江苏环保厅-省内要闻采集异常,【新闻列表加载失败】
 WebCrawlerConsole.DoMain.Crawlername2017-11-15 15:43:03,421 [4] ERROR WebCrawlerConsole.DoMain.Crawler - 江苏环保厅-省内要闻采集异常,【新闻列表加载失败】
 WebCrawlerConsole.DoMain.Crawlername2017-11-15 15:43:24,462 [4] ERROR WebCrawlerConsole.DoMain.Crawler - 江苏环保厅-省内要闻采集异常,【新闻列表加载失败】
 WebCrawlerConsole.DoMain.Crawlername2017-11-15 15:43:45,481 [4] ERROR WebCrawlerConsole.DoMain.Crawler - 江苏环保厅-省内要闻采集异常,【新闻列表加载失败】
 WebCrawlerConsole.DoMain.Crawlername2017-11-15 15:43:45,486 [4] INFO  WebCrawlerConsole.DoMain.Crawler - 江苏环保厅-省内要闻,采集结束,共采集18条...共耗时765730毫秒********
 WebCrawlerConsole.DoMain.Crawlername2017-11-15 15:43:45,489 [4] INFO  WebCrawlerConsole.DoMain.Crawler - *******************************************************************************************
 WebCrawlerConsole.DoMain.Crawlername2017-11-15 15:43:45,553 [1] INFO  WebCrawler.Services.Program - 采集结束
 WebCrawler.Services.Programname