2017-11-16 10:39:11,080 [1] INFO  WebCrawler.Services.Program - 文章采集系统开始...
 WebCrawler.Services.Programname2017-11-16 10:39:13,274 [4] INFO  WebCrawlerConsole.DoMain.Crawler - 江苏环保厅-省内要闻采集开始***************************
 WebCrawlerConsole.DoMain.Crawlername2017-11-16 10:39:24,553 [4] ERROR WebCrawlerConsole.DoMain.Crawler - 江苏环保厅-省内要闻,http://www.jshb.gov.cn/jshbw/xwdt/slyw/,未来3年，江苏将会重点解决这些“城市病”2017-11-15,文章内容获取失败
 WebCrawlerConsole.DoMain.Crawlername2017-11-16 10:39:27,582 [4] ERROR WebCrawlerConsole.DoMain.Crawler - 江苏环保厅-省内要闻,http://www.jshb.gov.cn/jshbw/xwdt/slyw/,省环保厅召开全省秋冬季大气污染防治新闻发布会2017-11-15,文章内容获取失败
 WebCrawlerConsole.DoMain.Crawlername2017-11-16 10:39:27,585 [4] WARN  WebCrawlerConsole.DoMain.Crawler - 江苏环保厅-省内要闻,新闻内容已到上一次最后采集新闻,结束采集
 WebCrawlerConsole.DoMain.Crawlername2017-11-16 10:39:27,825 [4] INFO  WebCrawlerConsole.DoMain.Crawler - 江苏环保厅-省内要闻,采集结束,共采集3条...共耗时14548毫秒********
 WebCrawlerConsole.DoMain.Crawlername2017-11-16 10:39:27,828 [4] INFO  WebCrawlerConsole.DoMain.Crawler - *******************************************************************************************
 WebCrawlerConsole.DoMain.Crawlername2017-11-16 10:39:27,879 [1] INFO  WebCrawler.Services.Program - 采集结束
 WebCrawler.Services.Programname2017-11-16 11:13:39,111 [1] INFO  WebCrawler.Services.Program - 文章采集系统开始...
 WebCrawler.Services.Programname2017-11-16 11:13:46,566 [4] INFO  WebCrawlerConsole.DoMain.Crawler - 广东省环境保护厅-环保要闻采集开始***************************
 WebCrawlerConsole.DoMain.Crawlername2017-11-16 11:20:39,434 [1] INFO  WebCrawler.Services.Program - 文章采集系统开始...
 WebCrawler.Services.Programname2017-11-16 11:20:42,721 [4] INFO  WebCrawlerConsole.DoMain.Crawler - 广东省环境保护厅-环保要闻采集开始***************************
 WebCrawlerConsole.DoMain.Crawlername2017-11-16 11:21:25,647 [1] INFO  WebCrawler.Services.Program - 文章采集系统开始...
 WebCrawler.Services.Programname2017-11-16 11:21:28,629 [4] INFO  WebCrawlerConsole.DoMain.Crawler - 广东省环境保护厅-环保要闻采集开始***************************
 WebCrawlerConsole.DoMain.Crawlername2017-11-16 11:23:00,105 [1] INFO  WebCrawler.Services.Program - 文章采集系统开始...
 WebCrawler.Services.Programname2017-11-16 11:23:03,839 [4] INFO  WebCrawlerConsole.DoMain.Crawler - 广东省环境保护厅-环保要闻采集开始***************************
 WebCrawlerConsole.DoMain.Crawlername2017-11-16 11:23:24,490 [4] ERROR WebCrawlerConsole.DoMain.Crawler - 【广东省环境保护厅-环保要闻】采集失败,长度不能小于 0。
参数名: length
 WebCrawlerConsole.DoMain.Crawlername2017-11-16 11:23:24,505 [1] INFO  WebCrawler.Services.Program - 采集结束
 WebCrawler.Services.Programname2017-11-16 11:24:38,280 [1] INFO  WebCrawler.Services.Program - 文章采集系统开始...
 WebCrawler.Services.Programname2017-11-16 11:24:41,290 [4] INFO  WebCrawlerConsole.DoMain.Crawler - 广东省环境保护厅-环保要闻采集开始***************************
 WebCrawlerConsole.DoMain.Crawlername2017-11-16 11:25:00,991 [4] ERROR WebCrawlerConsole.DoMain.Crawler - 广东省环境保护厅-环保要闻采集异常,【新闻列表加载失败】
 WebCrawlerConsole.DoMain.Crawlername2017-11-16 11:26:53,252 [1] INFO  WebCrawler.Services.Program - 文章采集系统开始...
 WebCrawler.Services.Programname2017-11-16 11:26:57,402 [4] INFO  WebCrawlerConsole.DoMain.Crawler - 广东省环境保护厅-环保要闻采集开始***************************
 WebCrawlerConsole.DoMain.Crawlername2017-11-16 11:27:12,487 [4] WARN  WebCrawlerConsole.DoMain.Crawler - 广东省环境保护厅-环保要闻,新闻日期小于2017年1月1日,不再采集
 WebCrawlerConsole.DoMain.Crawlername2017-11-16 11:27:27,910 [1] INFO  WebCrawler.Services.Program - 文章采集系统开始...
 WebCrawler.Services.Programname2017-11-16 11:27:30,911 [4] INFO  WebCrawlerConsole.DoMain.Crawler - 广东省环境保护厅-环保要闻采集开始***************************
 WebCrawlerConsole.DoMain.Crawlername2017-11-16 11:28:46,524 [1] INFO  WebCrawler.Services.Program - 文章采集系统开始...
 WebCrawler.Services.Programname2017-11-16 11:28:47,466 [4] INFO  WebCrawlerConsole.DoMain.Crawler - 广东省环境保护厅-环保要闻采集开始***************************
 WebCrawlerConsole.DoMain.Crawlername2017-11-16 11:34:49,644 [1] INFO  WebCrawler.Services.Program - 文章采集系统开始...
 WebCrawler.Services.Programname2017-11-16 11:34:50,448 [4] INFO  WebCrawlerConsole.DoMain.Crawler - 广东省环境保护厅-环保要闻采集开始***************************
 WebCrawlerConsole.DoMain.Crawlername2017-11-16 11:36:05,698 [1] INFO  WebCrawler.Services.Program - 文章采集系统开始...
 WebCrawler.Services.Programname2017-11-16 11:36:06,658 [4] INFO  WebCrawlerConsole.DoMain.Crawler - 广东省环境保护厅-环保要闻采集开始***************************
 WebCrawlerConsole.DoMain.Crawlername2017-11-16 11:40:20,167 [1] INFO  WebCrawler.Services.Program - 文章采集系统开始...
 WebCrawler.Services.Programname2017-11-16 11:40:21,044 [4] INFO  WebCrawlerConsole.DoMain.Crawler - 广东省环境保护厅-环保要闻采集开始***************************
 WebCrawlerConsole.DoMain.Crawlername2017-11-16 11:43:09,771 [1] INFO  WebCrawler.Services.Program - 文章采集系统开始...
 WebCrawler.Services.Programname2017-11-16 11:43:10,827 [4] INFO  WebCrawlerConsole.DoMain.Crawler - 广东省环境保护厅-环保要闻采集开始***************************
 WebCrawlerConsole.DoMain.Crawlername2017-11-16 11:43:29,587 [1] INFO  WebCrawler.Services.Program - 文章采集系统开始...
 WebCrawler.Services.Programname2017-11-16 11:43:31,022 [4] INFO  WebCrawlerConsole.DoMain.Crawler - 广东省环境保护厅-环保要闻采集开始***************************
 WebCrawlerConsole.DoMain.Crawlername2017-11-16 11:44:29,226 [1] INFO  WebCrawler.Services.Program - 文章采集系统开始...
 WebCrawler.Services.Programname2017-11-16 11:44:30,223 [4] INFO  WebCrawlerConsole.DoMain.Crawler - 广东省环境保护厅-环保要闻采集开始***************************
 WebCrawlerConsole.DoMain.Crawlername2017-11-16 11:44:55,399 [1] INFO  WebCrawler.Services.Program - 文章采集系统开始...
 WebCrawler.Services.Programname2017-11-16 11:44:57,358 [4] INFO  WebCrawlerConsole.DoMain.Crawler - 广东省环境保护厅-环保要闻采集开始***************************
 WebCrawlerConsole.DoMain.Crawlername2017-11-16 11:53:36,013 [1] INFO  WebCrawler.Services.Program - 文章采集系统开始...
 WebCrawler.Services.Programname2017-11-16 11:53:36,834 [4] INFO  WebCrawlerConsole.DoMain.Crawler - 广东省环境保护厅-环保要闻采集开始***************************
 WebCrawlerConsole.DoMain.Crawlername2017-11-16 11:53:43,055 [4] ERROR WebCrawlerConsole.DoMain.Crawler - 广东省环境保护厅-环保要闻采集异常,【新闻列表加载失败】
 WebCrawlerConsole.DoMain.Crawlername2017-11-16 11:53:43,196 [4] ERROR WebCrawlerConsole.DoMain.Crawler - 广东省环境保护厅-环保要闻采集异常,【新闻列表加载失败】
 WebCrawlerConsole.DoMain.Crawlername2017-11-16 11:53:43,306 [4] ERROR WebCrawlerConsole.DoMain.Crawler - 广东省环境保护厅-环保要闻采集异常,【新闻列表加载失败】
 WebCrawlerConsole.DoMain.Crawlername2017-11-16 11:53:43,446 [4] ERROR WebCrawlerConsole.DoMain.Crawler - 广东省环境保护厅-环保要闻采集异常,【新闻列表加载失败】
 WebCrawlerConsole.DoMain.Crawlername2017-11-16 11:53:43,571 [4] ERROR WebCrawlerConsole.DoMain.Crawler - 广东省环境保护厅-环保要闻采集异常,【新闻列表加载失败】
 WebCrawlerConsole.DoMain.Crawlername2017-11-16 11:53:43,696 [4] ERROR WebCrawlerConsole.DoMain.Crawler - 广东省环境保护厅-环保要闻采集异常,【新闻列表加载失败】
 WebCrawlerConsole.DoMain.Crawlername2017-11-16 11:53:43,821 [4] ERROR WebCrawlerConsole.DoMain.Crawler - 广东省环境保护厅-环保要闻采集异常,【新闻列表加载失败】
 WebCrawlerConsole.DoMain.Crawlername2017-11-16 11:53:43,946 [4] ERROR WebCrawlerConsole.DoMain.Crawler - 广东省环境保护厅-环保要闻采集异常,【新闻列表加载失败】
 WebCrawlerConsole.DoMain.Crawlername2017-11-16 11:53:44,071 [4] ERROR WebCrawlerConsole.DoMain.Crawler - 广东省环境保护厅-环保要闻采集异常,【新闻列表加载失败】
 WebCrawlerConsole.DoMain.Crawlername2017-11-16 11:53:44,196 [4] ERROR WebCrawlerConsole.DoMain.Crawler - 广东省环境保护厅-环保要闻采集异常,【新闻列表加载失败】
 WebCrawlerConsole.DoMain.Crawlername2017-11-16 11:53:54,206 [4] ERROR WebCrawlerConsole.DoMain.Crawler - 广东省环境保护厅-环保要闻采集异常,【新闻列表加载失败】
 WebCrawlerConsole.DoMain.Crawlername2017-11-16 11:53:54,392 [4] ERROR WebCrawlerConsole.DoMain.Crawler - 广东省环境保护厅-环保要闻采集异常,【新闻列表加载失败】
 WebCrawlerConsole.DoMain.Crawlername2017-11-16 11:53:54,602 [4] ERROR WebCrawlerConsole.DoMain.Crawler - 广东省环境保护厅-环保要闻采集异常,【新闻列表加载失败】
 WebCrawlerConsole.DoMain.Crawlername2017-11-16 11:53:54,784 [4] ERROR WebCrawlerConsole.DoMain.Crawler - 广东省环境保护厅-环保要闻采集异常,【新闻列表加载失败】
 WebCrawlerConsole.DoMain.Crawlername2017-11-16 11:53:54,969 [4] ERROR WebCrawlerConsole.DoMain.Crawler - 广东省环境保护厅-环保要闻采集异常,【新闻列表加载失败】
 WebCrawlerConsole.DoMain.Crawlername2017-11-16 11:53:55,134 [4] ERROR WebCrawlerConsole.DoMain.Crawler - 广东省环境保护厅-环保要闻采集异常,【新闻列表加载失败】
 WebCrawlerConsole.DoMain.Crawlername2017-11-16 11:53:55,307 [4] ERROR WebCrawlerConsole.DoMain.Crawler - 广东省环境保护厅-环保要闻采集异常,【新闻列表加载失败】
 WebCrawlerConsole.DoMain.Crawlername2017-11-16 11:53:55,456 [4] ERROR WebCrawlerConsole.DoMain.Crawler - 广东省环境保护厅-环保要闻采集异常,【新闻列表加载失败】
 WebCrawlerConsole.DoMain.Crawlername2017-11-16 11:53:55,624 [4] ERROR WebCrawlerConsole.DoMain.Crawler - 广东省环境保护厅-环保要闻采集异常,【新闻列表加载失败】
 WebCrawlerConsole.DoMain.Crawlername2017-11-16 11:53:55,805 [4] ERROR WebCrawlerConsole.DoMain.Crawler - 广东省环境保护厅-环保要闻采集异常,【新闻列表加载失败】
 WebCrawlerConsole.DoMain.Crawlername2017-11-16 11:53:55,993 [4] ERROR WebCrawlerConsole.DoMain.Crawler - 广东省环境保护厅-环保要闻采集异常,【新闻列表加载失败】
 WebCrawlerConsole.DoMain.Crawlername2017-11-16 11:53:56,128 [4] ERROR WebCrawlerConsole.DoMain.Crawler - 广东省环境保护厅-环保要闻采集异常,【新闻列表加载失败】
 WebCrawlerConsole.DoMain.Crawlername2017-11-16 11:53:56,272 [4] ERROR WebCrawlerConsole.DoMain.Crawler - 广东省环境保护厅-环保要闻采集异常,【新闻列表加载失败】
 WebCrawlerConsole.DoMain.Crawlername2017-11-16 11:53:56,401 [4] ERROR WebCrawlerConsole.DoMain.Crawler - 广东省环境保护厅-环保要闻采集异常,【新闻列表加载失败】
 WebCrawlerConsole.DoMain.Crawlername2017-11-16 11:53:56,579 [4] ERROR WebCrawlerConsole.DoMain.Crawler - 广东省环境保护厅-环保要闻采集异常,【新闻列表加载失败】
 WebCrawlerConsole.DoMain.Crawlername2017-11-16 11:53:56,713 [4] ERROR WebCrawlerConsole.DoMain.Crawler - 广东省环境保护厅-环保要闻采集异常,【新闻列表加载失败】
 WebCrawlerConsole.DoMain.Crawlername2017-11-16 11:53:56,848 [4] ERROR WebCrawlerConsole.DoMain.Crawler - 广东省环境保护厅-环保要闻采集异常,【新闻列表加载失败】
 WebCrawlerConsole.DoMain.Crawlername2017-11-16 11:53:56,975 [4] ERROR WebCrawlerConsole.DoMain.Crawler - 广东省环境保护厅-环保要闻采集异常,【新闻列表加载失败】
 WebCrawlerConsole.DoMain.Crawlername2017-11-16 11:53:57,110 [4] ERROR WebCrawlerConsole.DoMain.Crawler - 广东省环境保护厅-环保要闻采集异常,【新闻列表加载失败】
 WebCrawlerConsole.DoMain.Crawlername2017-11-16 11:53:57,236 [4] ERROR WebCrawlerConsole.DoMain.Crawler - 广东省环境保护厅-环保要闻采集异常,【新闻列表加载失败】
 WebCrawlerConsole.DoMain.Crawlername2017-11-16 11:53:57,384 [4] ERROR WebCrawlerConsole.DoMain.Crawler - 广东省环境保护厅-环保要闻采集异常,【新闻列表加载失败】
 WebCrawlerConsole.DoMain.Crawlername2017-11-16 11:53:57,532 [4] ERROR WebCrawlerConsole.DoMain.Crawler - 广东省环境保护厅-环保要闻采集异常,【新闻列表加载失败】
 WebCrawlerConsole.DoMain.Crawlername2017-11-16 11:53:57,945 [4] ERROR WebCrawlerConsole.DoMain.Crawler - 广东省环境保护厅-环保要闻采集异常,【新闻列表加载失败】
 WebCrawlerConsole.DoMain.Crawlername2017-11-16 11:53:58,102 [4] ERROR WebCrawlerConsole.DoMain.Crawler - 广东省环境保护厅-环保要闻采集异常,【新闻列表加载失败】
 WebCrawlerConsole.DoMain.Crawlername2017-11-16 11:53:58,232 [4] ERROR WebCrawlerConsole.DoMain.Crawler - 广东省环境保护厅-环保要闻采集异常,【新闻列表加载失败】
 WebCrawlerConsole.DoMain.Crawlername2017-11-16 11:53:58,356 [4] ERROR WebCrawlerConsole.DoMain.Crawler - 广东省环境保护厅-环保要闻采集异常,【新闻列表加载失败】
 WebCrawlerConsole.DoMain.Crawlername2017-11-16 11:53:58,471 [4] ERROR WebCrawlerConsole.DoMain.Crawler - 广东省环境保护厅-环保要闻采集异常,【新闻列表加载失败】
 WebCrawlerConsole.DoMain.Crawlername2017-11-16 11:53:58,609 [4] ERROR WebCrawlerConsole.DoMain.Crawler - 广东省环境保护厅-环保要闻采集异常,【新闻列表加载失败】
 WebCrawlerConsole.DoMain.Crawlername2017-11-16 11:53:58,733 [4] ERROR WebCrawlerConsole.DoMain.Crawler - 广东省环境保护厅-环保要闻采集异常,【新闻列表加载失败】
 WebCrawlerConsole.DoMain.Crawlername2017-11-16 11:53:58,854 [4] ERROR WebCrawlerConsole.DoMain.Crawler - 广东省环境保护厅-环保要闻采集异常,【新闻列表加载失败】
 WebCrawlerConsole.DoMain.Crawlername2017-11-16 11:53:59,006 [4] ERROR WebCrawlerConsole.DoMain.Crawler - 广东省环境保护厅-环保要闻采集异常,【新闻列表加载失败】
 WebCrawlerConsole.DoMain.Crawlername2017-11-16 11:53:59,156 [4] ERROR WebCrawlerConsole.DoMain.Crawler - 广东省环境保护厅-环保要闻采集异常,【新闻列表加载失败】
 WebCrawlerConsole.DoMain.Crawlername2017-11-16 11:53:59,294 [4] ERROR WebCrawlerConsole.DoMain.Crawler - 广东省环境保护厅-环保要闻采集异常,【新闻列表加载失败】
 WebCrawlerConsole.DoMain.Crawlername2017-11-16 11:53:59,420 [4] ERROR WebCrawlerConsole.DoMain.Crawler - 广东省环境保护厅-环保要闻采集异常,【新闻列表加载失败】
 WebCrawlerConsole.DoMain.Crawlername2017-11-16 11:53:59,560 [4] ERROR WebCrawlerConsole.DoMain.Crawler - 广东省环境保护厅-环保要闻采集异常,【新闻列表加载失败】
 WebCrawlerConsole.DoMain.Crawlername2017-11-16 11:53:59,699 [4] ERROR WebCrawlerConsole.DoMain.Crawler - 广东省环境保护厅-环保要闻采集异常,【新闻列表加载失败】
 WebCrawlerConsole.DoMain.Crawlername2017-11-16 11:53:59,863 [4] ERROR WebCrawlerConsole.DoMain.Crawler - 广东省环境保护厅-环保要闻采集异常,【新闻列表加载失败】
 WebCrawlerConsole.DoMain.Crawlername2017-11-16 11:54:00,015 [4] ERROR WebCrawlerConsole.DoMain.Crawler - 广东省环境保护厅-环保要闻采集异常,【新闻列表加载失败】
 WebCrawlerConsole.DoMain.Crawlername2017-11-16 11:54:00,392 [4] ERROR WebCrawlerConsole.DoMain.Crawler - 广东省环境保护厅-环保要闻采集异常,【新闻列表加载失败】
 WebCrawlerConsole.DoMain.Crawlername2017-11-16 11:54:00,538 [4] ERROR WebCrawlerConsole.DoMain.Crawler - 广东省环境保护厅-环保要闻采集异常,【新闻列表加载失败】
 WebCrawlerConsole.DoMain.Crawlername2017-11-16 11:54:00,664 [4] ERROR WebCrawlerConsole.DoMain.Crawler - 广东省环境保护厅-环保要闻采集异常,【新闻列表加载失败】
 WebCrawlerConsole.DoMain.Crawlername2017-11-16 11:54:00,794 [4] ERROR WebCrawlerConsole.DoMain.Crawler - 广东省环境保护厅-环保要闻采集异常,【新闻列表加载失败】
 WebCrawlerConsole.DoMain.Crawlername2017-11-16 11:54:00,931 [4] ERROR WebCrawlerConsole.DoMain.Crawler - 广东省环境保护厅-环保要闻采集异常,【新闻列表加载失败】
 WebCrawlerConsole.DoMain.Crawlername2017-11-16 11:54:01,087 [4] ERROR WebCrawlerConsole.DoMain.Crawler - 广东省环境保护厅-环保要闻采集异常,【新闻列表加载失败】
 WebCrawlerConsole.DoMain.Crawlername2017-11-16 11:54:01,231 [4] ERROR WebCrawlerConsole.DoMain.Crawler - 广东省环境保护厅-环保要闻采集异常,【新闻列表加载失败】
 WebCrawlerConsole.DoMain.Crawlername2017-11-16 11:54:01,364 [4] ERROR WebCrawlerConsole.DoMain.Crawler - 广东省环境保护厅-环保要闻采集异常,【新闻列表加载失败】
 WebCrawlerConsole.DoMain.Crawlername2017-11-16 11:54:01,525 [4] ERROR WebCrawlerConsole.DoMain.Crawler - 广东省环境保护厅-环保要闻采集异常,【新闻列表加载失败】
 WebCrawlerConsole.DoMain.Crawlername2017-11-16 11:54:01,661 [4] ERROR WebCrawlerConsole.DoMain.Crawler - 广东省环境保护厅-环保要闻采集异常,【新闻列表加载失败】
 WebCrawlerConsole.DoMain.Crawlername2017-11-16 11:54:01,789 [4] ERROR WebCrawlerConsole.DoMain.Crawler - 广东省环境保护厅-环保要闻采集异常,【新闻列表加载失败】
 WebCrawlerConsole.DoMain.Crawlername2017-11-16 11:54:01,974 [4] ERROR WebCrawlerConsole.DoMain.Crawler - 广东省环境保护厅-环保要闻采集异常,【新闻列表加载失败】
 WebCrawlerConsole.DoMain.Crawlername2017-11-16 11:54:02,101 [4] ERROR WebCrawlerConsole.DoMain.Crawler - 广东省环境保护厅-环保要闻采集异常,【新闻列表加载失败】
 WebCrawlerConsole.DoMain.Crawlername2017-11-16 11:54:02,233 [4] ERROR WebCrawlerConsole.DoMain.Crawler - 广东省环境保护厅-环保要闻采集异常,【新闻列表加载失败】
 WebCrawlerConsole.DoMain.Crawlername2017-11-16 11:54:03,376 [4] ERROR WebCrawlerConsole.DoMain.Crawler - 广东省环境保护厅-环保要闻采集异常,【新闻列表加载失败】
 WebCrawlerConsole.DoMain.Crawlername2017-11-16 11:54:03,509 [4] ERROR WebCrawlerConsole.DoMain.Crawler - 广东省环境保护厅-环保要闻采集异常,【新闻列表加载失败】
 WebCrawlerConsole.DoMain.Crawlername2017-11-16 11:54:03,702 [4] ERROR WebCrawlerConsole.DoMain.Crawler - 广东省环境保护厅-环保要闻采集异常,【新闻列表加载失败】
 WebCrawlerConsole.DoMain.Crawlername2017-11-16 11:54:03,824 [4] ERROR WebCrawlerConsole.DoMain.Crawler - 广东省环境保护厅-环保要闻采集异常,【新闻列表加载失败】
 WebCrawlerConsole.DoMain.Crawlername2017-11-16 11:54:03,964 [4] ERROR WebCrawlerConsole.DoMain.Crawler - 广东省环境保护厅-环保要闻采集异常,【新闻列表加载失败】
 WebCrawlerConsole.DoMain.Crawlername2017-11-16 11:54:04,142 [4] ERROR WebCrawlerConsole.DoMain.Crawler - 广东省环境保护厅-环保要闻采集异常,【新闻列表加载失败】
 WebCrawlerConsole.DoMain.Crawlername2017-11-16 11:54:04,290 [4] ERROR WebCrawlerConsole.DoMain.Crawler - 广东省环境保护厅-环保要闻采集异常,【新闻列表加载失败】
 WebCrawlerConsole.DoMain.Crawlername2017-11-16 11:54:04,437 [4] ERROR WebCrawlerConsole.DoMain.Crawler - 广东省环境保护厅-环保要闻采集异常,【新闻列表加载失败】
 WebCrawlerConsole.DoMain.Crawlername2017-11-16 11:54:04,575 [4] ERROR WebCrawlerConsole.DoMain.Crawler - 广东省环境保护厅-环保要闻采集异常,【新闻列表加载失败】
 WebCrawlerConsole.DoMain.Crawlername2017-11-16 11:54:04,705 [4] ERROR WebCrawlerConsole.DoMain.Crawler - 广东省环境保护厅-环保要闻采集异常,【新闻列表加载失败】
 WebCrawlerConsole.DoMain.Crawlername2017-11-16 11:54:04,837 [4] ERROR WebCrawlerConsole.DoMain.Crawler - 广东省环境保护厅-环保要闻采集异常,【新闻列表加载失败】
 WebCrawlerConsole.DoMain.Crawlername2017-11-16 11:54:04,992 [4] ERROR WebCrawlerConsole.DoMain.Crawler - 广东省环境保护厅-环保要闻采集异常,【新闻列表加载失败】
 WebCrawlerConsole.DoMain.Crawlername2017-11-16 11:54:05,128 [4] ERROR WebCrawlerConsole.DoMain.Crawler - 广东省环境保护厅-环保要闻采集异常,【新闻列表加载失败】
 WebCrawlerConsole.DoMain.Crawlername2017-11-16 11:54:05,250 [4] ERROR WebCrawlerConsole.DoMain.Crawler - 广东省环境保护厅-环保要闻采集异常,【新闻列表加载失败】
 WebCrawlerConsole.DoMain.Crawlername2017-11-16 11:54:05,372 [4] ERROR WebCrawlerConsole.DoMain.Crawler - 广东省环境保护厅-环保要闻采集异常,【新闻列表加载失败】
 WebCrawlerConsole.DoMain.Crawlername2017-11-16 11:54:05,509 [4] ERROR WebCrawlerConsole.DoMain.Crawler - 广东省环境保护厅-环保要闻采集异常,【新闻列表加载失败】
 WebCrawlerConsole.DoMain.Crawlername2017-11-16 11:54:05,639 [4] ERROR WebCrawlerConsole.DoMain.Crawler - 广东省环境保护厅-环保要闻采集异常,【新闻列表加载失败】
 WebCrawlerConsole.DoMain.Crawlername2017-11-16 11:54:05,776 [4] ERROR WebCrawlerConsole.DoMain.Crawler - 广东省环境保护厅-环保要闻采集异常,【新闻列表加载失败】
 WebCrawlerConsole.DoMain.Crawlername2017-11-16 11:54:08,909 [4] ERROR WebCrawlerConsole.DoMain.Crawler - 广东省环境保护厅-环保要闻采集异常,【新闻列表加载失败】
 WebCrawlerConsole.DoMain.Crawlername2017-11-16 11:54:11,762 [4] ERROR WebCrawlerConsole.DoMain.Crawler - 广东省环境保护厅-环保要闻采集异常,【新闻列表加载失败】
 WebCrawlerConsole.DoMain.Crawlername2017-11-16 11:54:11,972 [4] ERROR WebCrawlerConsole.DoMain.Crawler - 广东省环境保护厅-环保要闻采集异常,【新闻列表加载失败】
 WebCrawlerConsole.DoMain.Crawlername2017-11-16 11:54:12,144 [4] ERROR WebCrawlerConsole.DoMain.Crawler - 广东省环境保护厅-环保要闻采集异常,【新闻列表加载失败】
 WebCrawlerConsole.DoMain.Crawlername2017-11-16 11:54:12,310 [4] ERROR WebCrawlerConsole.DoMain.Crawler - 广东省环境保护厅-环保要闻采集异常,【新闻列表加载失败】
 WebCrawlerConsole.DoMain.Crawlername2017-11-16 11:54:12,473 [4] ERROR WebCrawlerConsole.DoMain.Crawler - 广东省环境保护厅-环保要闻采集异常,【新闻列表加载失败】
 WebCrawlerConsole.DoMain.Crawlername2017-11-16 11:54:12,629 [4] ERROR WebCrawlerConsole.DoMain.Crawler - 广东省环境保护厅-环保要闻采集异常,【新闻列表加载失败】
 WebCrawlerConsole.DoMain.Crawlername2017-11-16 11:54:12,824 [4] ERROR WebCrawlerConsole.DoMain.Crawler - 广东省环境保护厅-环保要闻采集异常,【新闻列表加载失败】
 WebCrawlerConsole.DoMain.Crawlername2017-11-16 11:54:13,001 [4] ERROR WebCrawlerConsole.DoMain.Crawler - 广东省环境保护厅-环保要闻采集异常,【新闻列表加载失败】
 WebCrawlerConsole.DoMain.Crawlername2017-11-16 11:54:13,143 [4] ERROR WebCrawlerConsole.DoMain.Crawler - 广东省环境保护厅-环保要闻采集异常,【新闻列表加载失败】
 WebCrawlerConsole.DoMain.Crawlername2017-11-16 11:54:13,309 [4] ERROR WebCrawlerConsole.DoMain.Crawler - 广东省环境保护厅-环保要闻采集异常,【新闻列表加载失败】
 WebCrawlerConsole.DoMain.Crawlername2017-11-16 11:54:13,456 [4] ERROR WebCrawlerConsole.DoMain.Crawler - 广东省环境保护厅-环保要闻采集异常,【新闻列表加载失败】
 WebCrawlerConsole.DoMain.Crawlername2017-11-16 11:54:13,609 [4] ERROR WebCrawlerConsole.DoMain.Crawler - 广东省环境保护厅-环保要闻采集异常,【新闻列表加载失败】
 WebCrawlerConsole.DoMain.Crawlername2017-11-16 11:54:13,754 [4] ERROR WebCrawlerConsole.DoMain.Crawler - 广东省环境保护厅-环保要闻采集异常,【新闻列表加载失败】
 WebCrawlerConsole.DoMain.Crawlername2017-11-16 11:54:14,262 [4] ERROR WebCrawlerConsole.DoMain.Crawler - 广东省环境保护厅-环保要闻采集异常,【新闻列表加载失败】
 WebCrawlerConsole.DoMain.Crawlername2017-11-16 11:54:14,394 [4] ERROR WebCrawlerConsole.DoMain.Crawler - 广东省环境保护厅-环保要闻采集异常,【新闻列表加载失败】
 WebCrawlerConsole.DoMain.Crawlername2017-11-16 11:54:14,529 [4] ERROR WebCrawlerConsole.DoMain.Crawler - 广东省环境保护厅-环保要闻采集异常,【新闻列表加载失败】
 WebCrawlerConsole.DoMain.Crawlername2017-11-16 11:54:14,661 [4] ERROR WebCrawlerConsole.DoMain.Crawler - 广东省环境保护厅-环保要闻采集异常,【新闻列表加载失败】
 WebCrawlerConsole.DoMain.Crawlername2017-11-16 11:54:14,794 [4] ERROR WebCrawlerConsole.DoMain.Crawler - 广东省环境保护厅-环保要闻采集异常,【新闻列表加载失败】
 WebCrawlerConsole.DoMain.Crawlername2017-11-16 11:54:14,910 [4] ERROR WebCrawlerConsole.DoMain.Crawler - 广东省环境保护厅-环保要闻采集异常,【新闻列表加载失败】
 WebCrawlerConsole.DoMain.Crawlername2017-11-16 11:54:15,060 [4] ERROR WebCrawlerConsole.DoMain.Crawler - 广东省环境保护厅-环保要闻采集异常,【新闻列表加载失败】
 WebCrawlerConsole.DoMain.Crawlername2017-11-16 11:54:16,207 [4] ERROR WebCrawlerConsole.DoMain.Crawler - 广东省环境保护厅-环保要闻采集异常,【新闻列表加载失败】
 WebCrawlerConsole.DoMain.Crawlername2017-11-16 11:54:16,383 [4] ERROR WebCrawlerConsole.DoMain.Crawler - 广东省环境保护厅-环保要闻采集异常,【新闻列表加载失败】
 WebCrawlerConsole.DoMain.Crawlername2017-11-16 11:54:16,510 [4] ERROR WebCrawlerConsole.DoMain.Crawler - 广东省环境保护厅-环保要闻采集异常,【新闻列表加载失败】
 WebCrawlerConsole.DoMain.Crawlername2017-11-16 11:54:16,653 [4] ERROR WebCrawlerConsole.DoMain.Crawler - 广东省环境保护厅-环保要闻采集异常,【新闻列表加载失败】
 WebCrawlerConsole.DoMain.Crawlername2017-11-16 11:54:16,796 [4] ERROR WebCrawlerConsole.DoMain.Crawler - 广东省环境保护厅-环保要闻采集异常,【新闻列表加载失败】
 WebCrawlerConsole.DoMain.Crawlername2017-11-16 11:54:16,921 [4] ERROR WebCrawlerConsole.DoMain.Crawler - 广东省环境保护厅-环保要闻采集异常,【新闻列表加载失败】
 WebCrawlerConsole.DoMain.Crawlername2017-11-16 11:54:17,049 [4] ERROR WebCrawlerConsole.DoMain.Crawler - 广东省环境保护厅-环保要闻采集异常,【新闻列表加载失败】
 WebCrawlerConsole.DoMain.Crawlername2017-11-16 11:54:17,190 [4] ERROR WebCrawlerConsole.DoMain.Crawler - 广东省环境保护厅-环保要闻采集异常,【新闻列表加载失败】
 WebCrawlerConsole.DoMain.Crawlername2017-11-16 11:54:17,315 [4] ERROR WebCrawlerConsole.DoMain.Crawler - 广东省环境保护厅-环保要闻采集异常,【新闻列表加载失败】
 WebCrawlerConsole.DoMain.Crawlername2017-11-16 11:54:17,456 [4] ERROR WebCrawlerConsole.DoMain.Crawler - 广东省环境保护厅-环保要闻采集异常,【新闻列表加载失败】
 WebCrawlerConsole.DoMain.Crawlername2017-11-16 11:54:17,585 [4] ERROR WebCrawlerConsole.DoMain.Crawler - 广东省环境保护厅-环保要闻采集异常,【新闻列表加载失败】
 WebCrawlerConsole.DoMain.Crawlername2017-11-16 11:54:17,712 [4] ERROR WebCrawlerConsole.DoMain.Crawler - 广东省环境保护厅-环保要闻采集异常,【新闻列表加载失败】
 WebCrawlerConsole.DoMain.Crawlername2017-11-16 11:54:17,857 [4] ERROR WebCrawlerConsole.DoMain.Crawler - 广东省环境保护厅-环保要闻采集异常,【新闻列表加载失败】
 WebCrawlerConsole.DoMain.Crawlername2017-11-16 11:54:17,999 [4] ERROR WebCrawlerConsole.DoMain.Crawler - 广东省环境保护厅-环保要闻采集异常,【新闻列表加载失败】
 WebCrawlerConsole.DoMain.Crawlername2017-11-16 11:54:18,121 [4] ERROR WebCrawlerConsole.DoMain.Crawler - 广东省环境保护厅-环保要闻采集异常,【新闻列表加载失败】
 WebCrawlerConsole.DoMain.Crawlername2017-11-16 11:54:18,253 [4] ERROR WebCrawlerConsole.DoMain.Crawler - 广东省环境保护厅-环保要闻采集异常,【新闻列表加载失败】
 WebCrawlerConsole.DoMain.Crawlername2017-11-16 11:54:18,382 [4] ERROR WebCrawlerConsole.DoMain.Crawler - 广东省环境保护厅-环保要闻采集异常,【新闻列表加载失败】
 WebCrawlerConsole.DoMain.Crawlername2017-11-16 11:54:18,520 [4] ERROR WebCrawlerConsole.DoMain.Crawler - 广东省环境保护厅-环保要闻采集异常,【新闻列表加载失败】
 WebCrawlerConsole.DoMain.Crawlername2017-11-16 11:54:18,643 [4] ERROR WebCrawlerConsole.DoMain.Crawler - 广东省环境保护厅-环保要闻采集异常,【新闻列表加载失败】
 WebCrawlerConsole.DoMain.Crawlername2017-11-16 11:54:18,775 [4] ERROR WebCrawlerConsole.DoMain.Crawler - 广东省环境保护厅-环保要闻采集异常,【新闻列表加载失败】
 WebCrawlerConsole.DoMain.Crawlername2017-11-16 11:54:18,904 [4] ERROR WebCrawlerConsole.DoMain.Crawler - 广东省环境保护厅-环保要闻采集异常,【新闻列表加载失败】
 WebCrawlerConsole.DoMain.Crawlername2017-11-16 11:54:19,033 [4] ERROR WebCrawlerConsole.DoMain.Crawler - 广东省环境保护厅-环保要闻采集异常,【新闻列表加载失败】
 WebCrawlerConsole.DoMain.Crawlername2017-11-16 11:54:19,173 [4] ERROR WebCrawlerConsole.DoMain.Crawler - 广东省环境保护厅-环保要闻采集异常,【新闻列表加载失败】
 WebCrawlerConsole.DoMain.Crawlername2017-11-16 11:54:19,310 [4] ERROR WebCrawlerConsole.DoMain.Crawler - 广东省环境保护厅-环保要闻采集异常,【新闻列表加载失败】
 WebCrawlerConsole.DoMain.Crawlername2017-11-16 11:54:19,449 [4] ERROR WebCrawlerConsole.DoMain.Crawler - 广东省环境保护厅-环保要闻采集异常,【新闻列表加载失败】
 WebCrawlerConsole.DoMain.Crawlername2017-11-16 11:54:19,596 [4] ERROR WebCrawlerConsole.DoMain.Crawler - 广东省环境保护厅-环保要闻采集异常,【新闻列表加载失败】
 WebCrawlerConsole.DoMain.Crawlername2017-11-16 11:54:19,740 [4] ERROR WebCrawlerConsole.DoMain.Crawler - 广东省环境保护厅-环保要闻采集异常,【新闻列表加载失败】
 WebCrawlerConsole.DoMain.Crawlername2017-11-16 11:54:19,870 [4] ERROR WebCrawlerConsole.DoMain.Crawler - 广东省环境保护厅-环保要闻采集异常,【新闻列表加载失败】
 WebCrawlerConsole.DoMain.Crawlername2017-11-16 11:54:20,001 [4] ERROR WebCrawlerConsole.DoMain.Crawler - 广东省环境保护厅-环保要闻采集异常,【新闻列表加载失败】
 WebCrawlerConsole.DoMain.Crawlername2017-11-16 11:54:20,377 [4] ERROR WebCrawlerConsole.DoMain.Crawler - 广东省环境保护厅-环保要闻采集异常,【新闻列表加载失败】
 WebCrawlerConsole.DoMain.Crawlername2017-11-16 11:54:20,499 [4] ERROR WebCrawlerConsole.DoMain.Crawler - 广东省环境保护厅-环保要闻采集异常,【新闻列表加载失败】
 WebCrawlerConsole.DoMain.Crawlername2017-11-16 11:54:20,622 [4] ERROR WebCrawlerConsole.DoMain.Crawler - 广东省环境保护厅-环保要闻采集异常,【新闻列表加载失败】
 WebCrawlerConsole.DoMain.Crawlername2017-11-16 11:54:20,745 [4] ERROR WebCrawlerConsole.DoMain.Crawler - 广东省环境保护厅-环保要闻采集异常,【新闻列表加载失败】
 WebCrawlerConsole.DoMain.Crawlername2017-11-16 11:54:20,874 [4] ERROR WebCrawlerConsole.DoMain.Crawler - 广东省环境保护厅-环保要闻采集异常,【新闻列表加载失败】
 WebCrawlerConsole.DoMain.Crawlername2017-11-16 11:54:21,004 [4] ERROR WebCrawlerConsole.DoMain.Crawler - 广东省环境保护厅-环保要闻采集异常,【新闻列表加载失败】
 WebCrawlerConsole.DoMain.Crawlername2017-11-16 11:54:21,128 [4] ERROR WebCrawlerConsole.DoMain.Crawler - 广东省环境保护厅-环保要闻采集异常,【新闻列表加载失败】
 WebCrawlerConsole.DoMain.Crawlername2017-11-16 11:54:21,250 [4] ERROR WebCrawlerConsole.DoMain.Crawler - 广东省环境保护厅-环保要闻采集异常,【新闻列表加载失败】
 WebCrawlerConsole.DoMain.Crawlername2017-11-16 11:54:21,376 [4] ERROR WebCrawlerConsole.DoMain.Crawler - 广东省环境保护厅-环保要闻采集异常,【新闻列表加载失败】
 WebCrawlerConsole.DoMain.Crawlername2017-11-16 11:54:21,500 [4] ERROR WebCrawlerConsole.DoMain.Crawler - 广东省环境保护厅-环保要闻采集异常,【新闻列表加载失败】
 WebCrawlerConsole.DoMain.Crawlername2017-11-16 11:54:21,642 [4] ERROR WebCrawlerConsole.DoMain.Crawler - 广东省环境保护厅-环保要闻采集异常,【新闻列表加载失败】
 WebCrawlerConsole.DoMain.Crawlername2017-11-16 11:54:21,778 [4] ERROR WebCrawlerConsole.DoMain.Crawler - 广东省环境保护厅-环保要闻采集异常,【新闻列表加载失败】
 WebCrawlerConsole.DoMain.Crawlername2017-11-16 11:54:21,895 [4] ERROR WebCrawlerConsole.DoMain.Crawler - 广东省环境保护厅-环保要闻采集异常,【新闻列表加载失败】
 WebCrawlerConsole.DoMain.Crawlername2017-11-16 11:54:22,022 [4] ERROR WebCrawlerConsole.DoMain.Crawler - 广东省环境保护厅-环保要闻采集异常,【新闻列表加载失败】
 WebCrawlerConsole.DoMain.Crawlername2017-11-16 11:54:23,174 [4] ERROR WebCrawlerConsole.DoMain.Crawler - 广东省环境保护厅-环保要闻采集异常,【新闻列表加载失败】
 WebCrawlerConsole.DoMain.Crawlername2017-11-16 11:54:23,321 [4] ERROR WebCrawlerConsole.DoMain.Crawler - 广东省环境保护厅-环保要闻采集异常,【新闻列表加载失败】
 WebCrawlerConsole.DoMain.Crawlername2017-11-16 11:54:23,486 [4] ERROR WebCrawlerConsole.DoMain.Crawler - 广东省环境保护厅-环保要闻采集异常,【新闻列表加载失败】
 WebCrawlerConsole.DoMain.Crawlername2017-11-16 11:54:23,832 [4] ERROR WebCrawlerConsole.DoMain.Crawler - 广东省环境保护厅-环保要闻采集异常,【新闻列表加载失败】
 WebCrawlerConsole.DoMain.Crawlername2017-11-16 11:54:25,000 [4] ERROR WebCrawlerConsole.DoMain.Crawler - 广东省环境保护厅-环保要闻采集异常,【新闻列表加载失败】
 WebCrawlerConsole.DoMain.Crawlername2017-11-16 11:54:25,138 [4] ERROR WebCrawlerConsole.DoMain.Crawler - 广东省环境保护厅-环保要闻采集异常,【新闻列表加载失败】
 WebCrawlerConsole.DoMain.Crawlername2017-11-16 11:54:25,266 [4] ERROR WebCrawlerConsole.DoMain.Crawler - 广东省环境保护厅-环保要闻采集异常,【新闻列表加载失败】
 WebCrawlerConsole.DoMain.Crawlername2017-11-16 11:54:25,413 [4] ERROR WebCrawlerConsole.DoMain.Crawler - 广东省环境保护厅-环保要闻采集异常,【新闻列表加载失败】
 WebCrawlerConsole.DoMain.Crawlername2017-11-16 11:54:25,531 [4] ERROR WebCrawlerConsole.DoMain.Crawler - 广东省环境保护厅-环保要闻采集异常,【新闻列表加载失败】
 WebCrawlerConsole.DoMain.Crawlername2017-11-16 11:54:25,679 [4] ERROR WebCrawlerConsole.DoMain.Crawler - 广东省环境保护厅-环保要闻采集异常,【新闻列表加载失败】
 WebCrawlerConsole.DoMain.Crawlername2017-11-16 11:54:25,812 [4] ERROR WebCrawlerConsole.DoMain.Crawler - 广东省环境保护厅-环保要闻采集异常,【新闻列表加载失败】
 WebCrawlerConsole.DoMain.Crawlername2017-11-16 11:54:25,944 [4] ERROR WebCrawlerConsole.DoMain.Crawler - 广东省环境保护厅-环保要闻采集异常,【新闻列表加载失败】
 WebCrawlerConsole.DoMain.Crawlername2017-11-16 11:54:26,096 [4] ERROR WebCrawlerConsole.DoMain.Crawler - 广东省环境保护厅-环保要闻采集异常,【新闻列表加载失败】
 WebCrawlerConsole.DoMain.Crawlername2017-11-16 11:54:26,250 [4] ERROR WebCrawlerConsole.DoMain.Crawler - 广东省环境保护厅-环保要闻采集异常,【新闻列表加载失败】
 WebCrawlerConsole.DoMain.Crawlername2017-11-16 11:54:26,398 [4] ERROR WebCrawlerConsole.DoMain.Crawler - 广东省环境保护厅-环保要闻采集异常,【新闻列表加载失败】
 WebCrawlerConsole.DoMain.Crawlername2017-11-16 11:54:26,532 [4] ERROR WebCrawlerConsole.DoMain.Crawler - 广东省环境保护厅-环保要闻采集异常,【新闻列表加载失败】
 WebCrawlerConsole.DoMain.Crawlername2017-11-16 11:54:26,679 [4] ERROR WebCrawlerConsole.DoMain.Crawler - 广东省环境保护厅-环保要闻采集异常,【新闻列表加载失败】
 WebCrawlerConsole.DoMain.Crawlername2017-11-16 11:54:26,796 [4] ERROR WebCrawlerConsole.DoMain.Crawler - 广东省环境保护厅-环保要闻采集异常,【新闻列表加载失败】
 WebCrawlerConsole.DoMain.Crawlername2017-11-16 11:54:26,914 [4] ERROR WebCrawlerConsole.DoMain.Crawler - 广东省环境保护厅-环保要闻采集异常,【新闻列表加载失败】
 WebCrawlerConsole.DoMain.Crawlername2017-11-16 11:54:27,047 [4] ERROR WebCrawlerConsole.DoMain.Crawler - 广东省环境保护厅-环保要闻采集异常,【新闻列表加载失败】
 WebCrawlerConsole.DoMain.Crawlername2017-11-16 11:54:27,195 [4] ERROR WebCrawlerConsole.DoMain.Crawler - 广东省环境保护厅-环保要闻采集异常,【新闻列表加载失败】
 WebCrawlerConsole.DoMain.Crawlername2017-11-16 11:54:27,347 [4] ERROR WebCrawlerConsole.DoMain.Crawler - 广东省环境保护厅-环保要闻采集异常,【新闻列表加载失败】
 WebCrawlerConsole.DoMain.Crawlername2017-11-16 11:54:27,461 [4] ERROR WebCrawlerConsole.DoMain.Crawler - 广东省环境保护厅-环保要闻采集异常,【新闻列表加载失败】
 WebCrawlerConsole.DoMain.Crawlername2017-11-16 11:54:27,604 [4] ERROR WebCrawlerConsole.DoMain.Crawler - 广东省环境保护厅-环保要闻采集异常,【新闻列表加载失败】
 WebCrawlerConsole.DoMain.Crawlername2017-11-16 11:54:27,726 [4] ERROR WebCrawlerConsole.DoMain.Crawler - 广东省环境保护厅-环保要闻采集异常,【新闻列表加载失败】
 WebCrawlerConsole.DoMain.Crawlername2017-11-16 11:54:27,869 [4] ERROR WebCrawlerConsole.DoMain.Crawler - 广东省环境保护厅-环保要闻采集异常,【新闻列表加载失败】
 WebCrawlerConsole.DoMain.Crawlername2017-11-16 11:54:28,000 [4] ERROR WebCrawlerConsole.DoMain.Crawler - 广东省环境保护厅-环保要闻采集异常,【新闻列表加载失败】
 WebCrawlerConsole.DoMain.Crawlername2017-11-16 11:54:28,134 [4] ERROR WebCrawlerConsole.DoMain.Crawler - 广东省环境保护厅-环保要闻采集异常,【新闻列表加载失败】
 WebCrawlerConsole.DoMain.Crawlername2017-11-16 11:54:28,267 [4] ERROR WebCrawlerConsole.DoMain.Crawler - 广东省环境保护厅-环保要闻采集异常,【新闻列表加载失败】
 WebCrawlerConsole.DoMain.Crawlername2017-11-16 11:54:28,385 [4] ERROR WebCrawlerConsole.DoMain.Crawler - 广东省环境保护厅-环保要闻采集异常,【新闻列表加载失败】
 WebCrawlerConsole.DoMain.Crawlername2017-11-16 11:54:28,516 [4] ERROR WebCrawlerConsole.DoMain.Crawler - 广东省环境保护厅-环保要闻采集异常,【新闻列表加载失败】
 WebCrawlerConsole.DoMain.Crawlername2017-11-16 11:54:28,666 [4] ERROR WebCrawlerConsole.DoMain.Crawler - 广东省环境保护厅-环保要闻采集异常,【新闻列表加载失败】
 WebCrawlerConsole.DoMain.Crawlername2017-11-16 11:54:28,799 [4] ERROR WebCrawlerConsole.DoMain.Crawler - 广东省环境保护厅-环保要闻采集异常,【新闻列表加载失败】
 WebCrawlerConsole.DoMain.Crawlername2017-11-16 11:54:28,932 [4] ERROR WebCrawlerConsole.DoMain.Crawler - 广东省环境保护厅-环保要闻采集异常,【新闻列表加载失败】
 WebCrawlerConsole.DoMain.Crawlername2017-11-16 11:54:29,064 [4] ERROR WebCrawlerConsole.DoMain.Crawler - 广东省环境保护厅-环保要闻采集异常,【新闻列表加载失败】
 WebCrawlerConsole.DoMain.Crawlername2017-11-16 11:54:29,196 [4] ERROR WebCrawlerConsole.DoMain.Crawler - 广东省环境保护厅-环保要闻采集异常,【新闻列表加载失败】
 WebCrawlerConsole.DoMain.Crawlername2017-11-16 11:54:29,362 [4] ERROR WebCrawlerConsole.DoMain.Crawler - 广东省环境保护厅-环保要闻采集异常,【新闻列表加载失败】
 WebCrawlerConsole.DoMain.Crawlername2017-11-16 11:54:29,497 [4] ERROR WebCrawlerConsole.DoMain.Crawler - 广东省环境保护厅-环保要闻采集异常,【新闻列表加载失败】
 WebCrawlerConsole.DoMain.Crawlername2017-11-16 11:54:29,632 [4] ERROR WebCrawlerConsole.DoMain.Crawler - 广东省环境保护厅-环保要闻采集异常,【新闻列表加载失败】
 WebCrawlerConsole.DoMain.Crawlername2017-11-16 11:54:29,752 [4] ERROR WebCrawlerConsole.DoMain.Crawler - 广东省环境保护厅-环保要闻采集异常,【新闻列表加载失败】
 WebCrawlerConsole.DoMain.Crawlername2017-11-16 11:54:30,881 [4] ERROR WebCrawlerConsole.DoMain.Crawler - 广东省环境保护厅-环保要闻采集异常,【新闻列表加载失败】
 WebCrawlerConsole.DoMain.Crawlername2017-11-16 11:54:31,003 [4] ERROR WebCrawlerConsole.DoMain.Crawler - 广东省环境保护厅-环保要闻采集异常,【新闻列表加载失败】
 WebCrawlerConsole.DoMain.Crawlername2017-11-16 11:54:31,119 [4] ERROR WebCrawlerConsole.DoMain.Crawler - 广东省环境保护厅-环保要闻采集异常,【新闻列表加载失败】
 WebCrawlerConsole.DoMain.Crawlername2017-11-16 11:54:31,252 [4] ERROR WebCrawlerConsole.DoMain.Crawler - 广东省环境保护厅-环保要闻采集异常,【新闻列表加载失败】
 WebCrawlerConsole.DoMain.Crawlername2017-11-16 11:54:31,389 [4] ERROR WebCrawlerConsole.DoMain.Crawler - 广东省环境保护厅-环保要闻采集异常,【新闻列表加载失败】
 WebCrawlerConsole.DoMain.Crawlername2017-11-16 11:54:31,525 [4] ERROR WebCrawlerConsole.DoMain.Crawler - 广东省环境保护厅-环保要闻采集异常,【新闻列表加载失败】
 WebCrawlerConsole.DoMain.Crawlername2017-11-16 11:54:31,651 [4] ERROR WebCrawlerConsole.DoMain.Crawler - 广东省环境保护厅-环保要闻采集异常,【新闻列表加载失败】
 WebCrawlerConsole.DoMain.Crawlername2017-11-16 11:54:31,799 [4] ERROR WebCrawlerConsole.DoMain.Crawler - 广东省环境保护厅-环保要闻采集异常,【新闻列表加载失败】
 WebCrawlerConsole.DoMain.Crawlername2017-11-16 11:54:31,931 [4] ERROR WebCrawlerConsole.DoMain.Crawler - 广东省环境保护厅-环保要闻采集异常,【新闻列表加载失败】
 WebCrawlerConsole.DoMain.Crawlername2017-11-16 11:54:32,060 [4] ERROR WebCrawlerConsole.DoMain.Crawler - 广东省环境保护厅-环保要闻采集异常,【新闻列表加载失败】
 WebCrawlerConsole.DoMain.Crawlername2017-11-16 11:54:32,187 [4] ERROR WebCrawlerConsole.DoMain.Crawler - 广东省环境保护厅-环保要闻采集异常,【新闻列表加载失败】
 WebCrawlerConsole.DoMain.Crawlername2017-11-16 11:54:32,318 [4] ERROR WebCrawlerConsole.DoMain.Crawler - 广东省环境保护厅-环保要闻采集异常,【新闻列表加载失败】
 WebCrawlerConsole.DoMain.Crawlername2017-11-16 11:54:32,446 [4] ERROR WebCrawlerConsole.DoMain.Crawler - 广东省环境保护厅-环保要闻采集异常,【新闻列表加载失败】
 WebCrawlerConsole.DoMain.Crawlername2017-11-16 11:54:32,588 [4] ERROR WebCrawlerConsole.DoMain.Crawler - 广东省环境保护厅-环保要闻采集异常,【新闻列表加载失败】
 WebCrawlerConsole.DoMain.Crawlername2017-11-16 11:54:32,727 [4] ERROR WebCrawlerConsole.DoMain.Crawler - 广东省环境保护厅-环保要闻采集异常,【新闻列表加载失败】
 WebCrawlerConsole.DoMain.Crawlername2017-11-16 11:54:33,848 [4] ERROR WebCrawlerConsole.DoMain.Crawler - 广东省环境保护厅-环保要闻采集异常,【新闻列表加载失败】
 WebCrawlerConsole.DoMain.Crawlername2017-11-16 11:54:33,995 [4] ERROR WebCrawlerConsole.DoMain.Crawler - 广东省环境保护厅-环保要闻采集异常,【新闻列表加载失败】
 WebCrawlerConsole.DoMain.Crawlername2017-11-16 11:54:34,130 [4] ERROR WebCrawlerConsole.DoMain.Crawler - 广东省环境保护厅-环保要闻采集异常,【新闻列表加载失败】
 WebCrawlerConsole.DoMain.Crawlername2017-11-16 11:54:34,256 [4] ERROR WebCrawlerConsole.DoMain.Crawler - 广东省环境保护厅-环保要闻采集异常,【新闻列表加载失败】
 WebCrawlerConsole.DoMain.Crawlername2017-11-16 11:54:34,382 [4] ERROR WebCrawlerConsole.DoMain.Crawler - 广东省环境保护厅-环保要闻采集异常,【新闻列表加载失败】
 WebCrawlerConsole.DoMain.Crawlername2017-11-16 11:54:34,509 [4] ERROR WebCrawlerConsole.DoMain.Crawler - 广东省环境保护厅-环保要闻采集异常,【新闻列表加载失败】
 WebCrawlerConsole.DoMain.Crawlername2017-11-16 11:54:34,662 [4] ERROR WebCrawlerConsole.DoMain.Crawler - 广东省环境保护厅-环保要闻采集异常,【新闻列表加载失败】
 WebCrawlerConsole.DoMain.Crawlername2017-11-16 11:54:34,790 [4] ERROR WebCrawlerConsole.DoMain.Crawler - 广东省环境保护厅-环保要闻采集异常,【新闻列表加载失败】
 WebCrawlerConsole.DoMain.Crawlername2017-11-16 11:54:34,912 [4] ERROR WebCrawlerConsole.DoMain.Crawler - 广东省环境保护厅-环保要闻采集异常,【新闻列表加载失败】
 WebCrawlerConsole.DoMain.Crawlername2017-11-16 11:54:35,048 [4] ERROR WebCrawlerConsole.DoMain.Crawler - 广东省环境保护厅-环保要闻采集异常,【新闻列表加载失败】
 WebCrawlerConsole.DoMain.Crawlername2017-11-16 11:54:35,177 [4] ERROR WebCrawlerConsole.DoMain.Crawler - 广东省环境保护厅-环保要闻采集异常,【新闻列表加载失败】
 WebCrawlerConsole.DoMain.Crawlername2017-11-16 11:54:35,316 [4] ERROR WebCrawlerConsole.DoMain.Crawler - 广东省环境保护厅-环保要闻采集异常,【新闻列表加载失败】
 WebCrawlerConsole.DoMain.Crawlername2017-11-16 11:54:35,478 [4] ERROR WebCrawlerConsole.DoMain.Crawler - 广东省环境保护厅-环保要闻采集异常,【新闻列表加载失败】
 WebCrawlerConsole.DoMain.Crawlername2017-11-16 11:54:35,604 [4] ERROR WebCrawlerConsole.DoMain.Crawler - 广东省环境保护厅-环保要闻采集异常,【新闻列表加载失败】
 WebCrawlerConsole.DoMain.Crawlername2017-11-16 11:54:35,732 [4] ERROR WebCrawlerConsole.DoMain.Crawler - 广东省环境保护厅-环保要闻采集异常,【新闻列表加载失败】
 WebCrawlerConsole.DoMain.Crawlername2017-11-16 11:54:35,860 [4] ERROR WebCrawlerConsole.DoMain.Crawler - 广东省环境保护厅-环保要闻采集异常,【新闻列表加载失败】
 WebCrawlerConsole.DoMain.Crawlername2017-11-16 11:54:36,003 [4] ERROR WebCrawlerConsole.DoMain.Crawler - 广东省环境保护厅-环保要闻采集异常,【新闻列表加载失败】
 WebCrawlerConsole.DoMain.Crawlername2017-11-16 11:54:36,129 [4] ERROR WebCrawlerConsole.DoMain.Crawler - 广东省环境保护厅-环保要闻采集异常,【新闻列表加载失败】
 WebCrawlerConsole.DoMain.Crawlername2017-11-16 11:54:36,281 [4] ERROR WebCrawlerConsole.DoMain.Crawler - 广东省环境保护厅-环保要闻采集异常,【新闻列表加载失败】
 WebCrawlerConsole.DoMain.Crawlername2017-11-16 11:54:36,401 [4] ERROR WebCrawlerConsole.DoMain.Crawler - 广东省环境保护厅-环保要闻采集异常,【新闻列表加载失败】
 WebCrawlerConsole.DoMain.Crawlername2017-11-16 11:54:36,551 [4] ERROR WebCrawlerConsole.DoMain.Crawler - 广东省环境保护厅-环保要闻采集异常,【新闻列表加载失败】
 WebCrawlerConsole.DoMain.Crawlername2017-11-16 11:54:36,698 [4] ERROR WebCrawlerConsole.DoMain.Crawler - 广东省环境保护厅-环保要闻采集异常,【新闻列表加载失败】
 WebCrawlerConsole.DoMain.Crawlername2017-11-16 11:54:36,817 [4] ERROR WebCrawlerConsole.DoMain.Crawler - 广东省环境保护厅-环保要闻采集异常,【新闻列表加载失败】
 WebCrawlerConsole.DoMain.Crawlername2017-11-16 11:54:36,966 [4] ERROR WebCrawlerConsole.DoMain.Crawler - 广东省环境保护厅-环保要闻采集异常,【新闻列表加载失败】
 WebCrawlerConsole.DoMain.Crawlername2017-11-16 11:54:37,121 [4] ERROR WebCrawlerConsole.DoMain.Crawler - 广东省环境保护厅-环保要闻采集异常,【新闻列表加载失败】
 WebCrawlerConsole.DoMain.Crawlername2017-11-16 11:54:37,248 [4] ERROR WebCrawlerConsole.DoMain.Crawler - 广东省环境保护厅-环保要闻采集异常,【新闻列表加载失败】
 WebCrawlerConsole.DoMain.Crawlername2017-11-16 11:54:37,369 [4] ERROR WebCrawlerConsole.DoMain.Crawler - 广东省环境保护厅-环保要闻采集异常,【新闻列表加载失败】
 WebCrawlerConsole.DoMain.Crawlername2017-11-16 11:54:37,504 [4] ERROR WebCrawlerConsole.DoMain.Crawler - 广东省环境保护厅-环保要闻采集异常,【新闻列表加载失败】
 WebCrawlerConsole.DoMain.Crawlername2017-11-16 11:54:37,870 [4] ERROR WebCrawlerConsole.DoMain.Crawler - 广东省环境保护厅-环保要闻采集异常,【新闻列表加载失败】
 WebCrawlerConsole.DoMain.Crawlername2017-11-16 11:54:37,994 [4] ERROR WebCrawlerConsole.DoMain.Crawler - 广东省环境保护厅-环保要闻采集异常,【新闻列表加载失败】
 WebCrawlerConsole.DoMain.Crawlername2017-11-16 11:54:38,153 [4] ERROR WebCrawlerConsole.DoMain.Crawler - 广东省环境保护厅-环保要闻采集异常,【新闻列表加载失败】
 WebCrawlerConsole.DoMain.Crawlername2017-11-16 11:54:38,296 [4] ERROR WebCrawlerConsole.DoMain.Crawler - 广东省环境保护厅-环保要闻采集异常,【新闻列表加载失败】
 WebCrawlerConsole.DoMain.Crawlername2017-11-16 11:54:38,420 [4] ERROR WebCrawlerConsole.DoMain.Crawler - 广东省环境保护厅-环保要闻采集异常,【新闻列表加载失败】
 WebCrawlerConsole.DoMain.Crawlername2017-11-16 11:54:38,567 [4] ERROR WebCrawlerConsole.DoMain.Crawler - 广东省环境保护厅-环保要闻采集异常,【新闻列表加载失败】
 WebCrawlerConsole.DoMain.Crawlername2017-11-16 11:54:38,716 [4] ERROR WebCrawlerConsole.DoMain.Crawler - 广东省环境保护厅-环保要闻采集异常,【新闻列表加载失败】
 WebCrawlerConsole.DoMain.Crawlername2017-11-16 11:54:38,833 [4] ERROR WebCrawlerConsole.DoMain.Crawler - 广东省环境保护厅-环保要闻采集异常,【新闻列表加载失败】
 WebCrawlerConsole.DoMain.Crawlername2017-11-16 11:54:38,989 [4] ERROR WebCrawlerConsole.DoMain.Crawler - 广东省环境保护厅-环保要闻采集异常,【新闻列表加载失败】
 WebCrawlerConsole.DoMain.Crawlername2017-11-16 11:54:39,134 [4] ERROR WebCrawlerConsole.DoMain.Crawler - 广东省环境保护厅-环保要闻采集异常,【新闻列表加载失败】
 WebCrawlerConsole.DoMain.Crawlername2017-11-16 11:54:39,261 [4] ERROR WebCrawlerConsole.DoMain.Crawler - 广东省环境保护厅-环保要闻采集异常,【新闻列表加载失败】
 WebCrawlerConsole.DoMain.Crawlername2017-11-16 11:54:39,372 [4] ERROR WebCrawlerConsole.DoMain.Crawler - 广东省环境保护厅-环保要闻采集异常,【新闻列表加载失败】
 WebCrawlerConsole.DoMain.Crawlername2017-11-16 11:54:39,524 [4] ERROR WebCrawlerConsole.DoMain.Crawler - 广东省环境保护厅-环保要闻采集异常,【新闻列表加载失败】
 WebCrawlerConsole.DoMain.Crawlername2017-11-16 11:54:39,654 [4] ERROR WebCrawlerConsole.DoMain.Crawler - 广东省环境保护厅-环保要闻采集异常,【新闻列表加载失败】
 WebCrawlerConsole.DoMain.Crawlername2017-11-16 11:54:39,770 [4] ERROR WebCrawlerConsole.DoMain.Crawler - 广东省环境保护厅-环保要闻采集异常,【新闻列表加载失败】
 WebCrawlerConsole.DoMain.Crawlername2017-11-16 11:54:39,889 [4] ERROR WebCrawlerConsole.DoMain.Crawler - 广东省环境保护厅-环保要闻采集异常,【新闻列表加载失败】
 WebCrawlerConsole.DoMain.Crawlername2017-11-16 11:54:40,022 [4] ERROR WebCrawlerConsole.DoMain.Crawler - 广东省环境保护厅-环保要闻采集异常,【新闻列表加载失败】
 WebCrawlerConsole.DoMain.Crawlername2017-11-16 11:54:40,171 [4] ERROR WebCrawlerConsole.DoMain.Crawler - 广东省环境保护厅-环保要闻采集异常,【新闻列表加载失败】
 WebCrawlerConsole.DoMain.Crawlername2017-11-16 11:54:40,304 [4] ERROR WebCrawlerConsole.DoMain.Crawler - 广东省环境保护厅-环保要闻采集异常,【新闻列表加载失败】
 WebCrawlerConsole.DoMain.Crawlername2017-11-16 11:54:40,436 [4] ERROR WebCrawlerConsole.DoMain.Crawler - 广东省环境保护厅-环保要闻采集异常,【新闻列表加载失败】
 WebCrawlerConsole.DoMain.Crawlername2017-11-16 11:54:40,569 [4] ERROR WebCrawlerConsole.DoMain.Crawler - 广东省环境保护厅-环保要闻采集异常,【新闻列表加载失败】
 WebCrawlerConsole.DoMain.Crawlername2017-11-16 11:54:40,709 [4] ERROR WebCrawlerConsole.DoMain.Crawler - 广东省环境保护厅-环保要闻采集异常,【新闻列表加载失败】
 WebCrawlerConsole.DoMain.Crawlername2017-11-16 11:54:40,854 [4] ERROR WebCrawlerConsole.DoMain.Crawler - 广东省环境保护厅-环保要闻采集异常,【新闻列表加载失败】
 WebCrawlerConsole.DoMain.Crawlername2017-11-16 11:54:40,998 [4] ERROR WebCrawlerConsole.DoMain.Crawler - 广东省环境保护厅-环保要闻采集异常,【新闻列表加载失败】
 WebCrawlerConsole.DoMain.Crawlername2017-11-16 11:54:41,136 [4] ERROR WebCrawlerConsole.DoMain.Crawler - 广东省环境保护厅-环保要闻采集异常,【新闻列表加载失败】
 WebCrawlerConsole.DoMain.Crawlername2017-11-16 11:54:41,522 [4] ERROR WebCrawlerConsole.DoMain.Crawler - 广东省环境保护厅-环保要闻采集异常,【新闻列表加载失败】
 WebCrawlerConsole.DoMain.Crawlername2017-11-16 11:54:41,919 [4] ERROR WebCrawlerConsole.DoMain.Crawler - 广东省环境保护厅-环保要闻采集异常,【新闻列表加载失败】
 WebCrawlerConsole.DoMain.Crawlername2017-11-16 11:54:42,267 [4] ERROR WebCrawlerConsole.DoMain.Crawler - 广东省环境保护厅-环保要闻采集异常,【新闻列表加载失败】
 WebCrawlerConsole.DoMain.Crawlername2017-11-16 11:54:42,718 [4] ERROR WebCrawlerConsole.DoMain.Crawler - 广东省环境保护厅-环保要闻采集异常,【新闻列表加载失败】
 WebCrawlerConsole.DoMain.Crawlername2017-11-16 11:54:42,859 [4] ERROR WebCrawlerConsole.DoMain.Crawler - 广东省环境保护厅-环保要闻采集异常,【新闻列表加载失败】
 WebCrawlerConsole.DoMain.Crawlername2017-11-16 11:54:42,991 [4] ERROR WebCrawlerConsole.DoMain.Crawler - 广东省环境保护厅-环保要闻采集异常,【新闻列表加载失败】
 WebCrawlerConsole.DoMain.Crawlername2017-11-16 11:54:43,128 [4] ERROR WebCrawlerConsole.DoMain.Crawler - 广东省环境保护厅-环保要闻采集异常,【新闻列表加载失败】
 WebCrawlerConsole.DoMain.Crawlername2017-11-16 11:54:43,273 [4] ERROR WebCrawlerConsole.DoMain.Crawler - 广东省环境保护厅-环保要闻采集异常,【新闻列表加载失败】
 WebCrawlerConsole.DoMain.Crawlername2017-11-16 11:54:43,412 [4] ERROR WebCrawlerConsole.DoMain.Crawler - 广东省环境保护厅-环保要闻采集异常,【新闻列表加载失败】
 WebCrawlerConsole.DoMain.Crawlername2017-11-16 11:54:43,537 [4] ERROR WebCrawlerConsole.DoMain.Crawler - 广东省环境保护厅-环保要闻采集异常,【新闻列表加载失败】
 WebCrawlerConsole.DoMain.Crawlername2017-11-16 11:54:43,672 [4] ERROR WebCrawlerConsole.DoMain.Crawler - 广东省环境保护厅-环保要闻采集异常,【新闻列表加载失败】
 WebCrawlerConsole.DoMain.Crawlername2017-11-16 11:54:43,824 [4] ERROR WebCrawlerConsole.DoMain.Crawler - 广东省环境保护厅-环保要闻采集异常,【新闻列表加载失败】
 WebCrawlerConsole.DoMain.Crawlername2017-11-16 11:54:43,947 [4] ERROR WebCrawlerConsole.DoMain.Crawler - 广东省环境保护厅-环保要闻采集异常,【新闻列表加载失败】
 WebCrawlerConsole.DoMain.Crawlername2017-11-16 11:54:44,074 [4] ERROR WebCrawlerConsole.DoMain.Crawler - 广东省环境保护厅-环保要闻采集异常,【新闻列表加载失败】
 WebCrawlerConsole.DoMain.Crawlername2017-11-16 11:54:44,221 [4] ERROR WebCrawlerConsole.DoMain.Crawler - 广东省环境保护厅-环保要闻采集异常,【新闻列表加载失败】
 WebCrawlerConsole.DoMain.Crawlername2017-11-16 11:54:44,357 [4] ERROR WebCrawlerConsole.DoMain.Crawler - 广东省环境保护厅-环保要闻采集异常,【新闻列表加载失败】
 WebCrawlerConsole.DoMain.Crawlername2017-11-16 11:54:44,492 [4] ERROR WebCrawlerConsole.DoMain.Crawler - 广东省环境保护厅-环保要闻采集异常,【新闻列表加载失败】
 WebCrawlerConsole.DoMain.Crawlername2017-11-16 11:54:44,645 [4] ERROR WebCrawlerConsole.DoMain.Crawler - 广东省环境保护厅-环保要闻采集异常,【新闻列表加载失败】
 WebCrawlerConsole.DoMain.Crawlername2017-11-16 11:54:44,772 [4] ERROR WebCrawlerConsole.DoMain.Crawler - 广东省环境保护厅-环保要闻采集异常,【新闻列表加载失败】
 WebCrawlerConsole.DoMain.Crawlername2017-11-16 11:54:44,902 [4] ERROR WebCrawlerConsole.DoMain.Crawler - 广东省环境保护厅-环保要闻采集异常,【新闻列表加载失败】
 WebCrawlerConsole.DoMain.Crawlername2017-11-16 11:54:45,047 [4] ERROR WebCrawlerConsole.DoMain.Crawler - 广东省环境保护厅-环保要闻采集异常,【新闻列表加载失败】
 WebCrawlerConsole.DoMain.Crawlername2017-11-16 11:54:45,171 [4] ERROR WebCrawlerConsole.DoMain.Crawler - 广东省环境保护厅-环保要闻采集异常,【新闻列表加载失败】
 WebCrawlerConsole.DoMain.Crawlername2017-11-16 11:54:45,314 [4] ERROR WebCrawlerConsole.DoMain.Crawler - 广东省环境保护厅-环保要闻采集异常,【新闻列表加载失败】
 WebCrawlerConsole.DoMain.Crawlername2017-11-16 11:54:45,460 [4] ERROR WebCrawlerConsole.DoMain.Crawler - 广东省环境保护厅-环保要闻采集异常,【新闻列表加载失败】
 WebCrawlerConsole.DoMain.Crawlername2017-11-16 11:54:45,590 [4] ERROR WebCrawlerConsole.DoMain.Crawler - 广东省环境保护厅-环保要闻采集异常,【新闻列表加载失败】
 WebCrawlerConsole.DoMain.Crawlername2017-11-16 11:54:45,761 [4] ERROR WebCrawlerConsole.DoMain.Crawler - 广东省环境保护厅-环保要闻采集异常,【新闻列表加载失败】
 WebCrawlerConsole.DoMain.Crawlername2017-11-16 11:54:45,893 [4] ERROR WebCrawlerConsole.DoMain.Crawler - 广东省环境保护厅-环保要闻采集异常,【新闻列表加载失败】
 WebCrawlerConsole.DoMain.Crawlername2017-11-16 11:54:46,028 [4] ERROR WebCrawlerConsole.DoMain.Crawler - 广东省环境保护厅-环保要闻采集异常,【新闻列表加载失败】
 WebCrawlerConsole.DoMain.Crawlername2017-11-16 11:54:46,159 [4] ERROR WebCrawlerConsole.DoMain.Crawler - 广东省环境保护厅-环保要闻采集异常,【新闻列表加载失败】
 WebCrawlerConsole.DoMain.Crawlername2017-11-16 11:54:46,290 [4] ERROR WebCrawlerConsole.DoMain.Crawler - 广东省环境保护厅-环保要闻采集异常,【新闻列表加载失败】
 WebCrawlerConsole.DoMain.Crawlername2017-11-16 11:54:46,423 [4] ERROR WebCrawlerConsole.DoMain.Crawler - 广东省环境保护厅-环保要闻采集异常,【新闻列表加载失败】
 WebCrawlerConsole.DoMain.Crawlername2017-11-16 11:54:46,553 [4] ERROR WebCrawlerConsole.DoMain.Crawler - 广东省环境保护厅-环保要闻采集异常,【新闻列表加载失败】
 WebCrawlerConsole.DoMain.Crawlername2017-11-16 11:54:46,682 [4] ERROR WebCrawlerConsole.DoMain.Crawler - 广东省环境保护厅-环保要闻采集异常,【新闻列表加载失败】
 WebCrawlerConsole.DoMain.Crawlername2017-11-16 11:54:46,804 [4] ERROR WebCrawlerConsole.DoMain.Crawler - 广东省环境保护厅-环保要闻采集异常,【新闻列表加载失败】
 WebCrawlerConsole.DoMain.Crawlername2017-11-16 11:54:46,929 [4] ERROR WebCrawlerConsole.DoMain.Crawler - 广东省环境保护厅-环保要闻采集异常,【新闻列表加载失败】
 WebCrawlerConsole.DoMain.Crawlername2017-11-16 11:54:47,055 [4] ERROR WebCrawlerConsole.DoMain.Crawler - 广东省环境保护厅-环保要闻采集异常,【新闻列表加载失败】
 WebCrawlerConsole.DoMain.Crawlername2017-11-16 11:54:47,185 [4] ERROR WebCrawlerConsole.DoMain.Crawler - 广东省环境保护厅-环保要闻采集异常,【新闻列表加载失败】
 WebCrawlerConsole.DoMain.Crawlername2017-11-16 11:54:47,310 [4] ERROR WebCrawlerConsole.DoMain.Crawler - 广东省环境保护厅-环保要闻采集异常,【新闻列表加载失败】
 WebCrawlerConsole.DoMain.Crawlername2017-11-16 11:54:47,453 [4] ERROR WebCrawlerConsole.DoMain.Crawler - 广东省环境保护厅-环保要闻采集异常,【新闻列表加载失败】
 WebCrawlerConsole.DoMain.Crawlername2017-11-16 11:54:47,594 [4] ERROR WebCrawlerConsole.DoMain.Crawler - 广东省环境保护厅-环保要闻采集异常,【新闻列表加载失败】
 WebCrawlerConsole.DoMain.Crawlername2017-11-16 11:54:47,723 [4] ERROR WebCrawlerConsole.DoMain.Crawler - 广东省环境保护厅-环保要闻采集异常,【新闻列表加载失败】
 WebCrawlerConsole.DoMain.Crawlername2017-11-16 11:54:47,853 [4] ERROR WebCrawlerConsole.DoMain.Crawler - 广东省环境保护厅-环保要闻采集异常,【新闻列表加载失败】
 WebCrawlerConsole.DoMain.Crawlername2017-11-16 11:54:48,000 [4] ERROR WebCrawlerConsole.DoMain.Crawler - 广东省环境保护厅-环保要闻采集异常,【新闻列表加载失败】
 WebCrawlerConsole.DoMain.Crawlername2017-11-16 11:54:48,123 [4] ERROR WebCrawlerConsole.DoMain.Crawler - 广东省环境保护厅-环保要闻采集异常,【新闻列表加载失败】
 WebCrawlerConsole.DoMain.Crawlername2017-11-16 11:54:48,373 [4] ERROR WebCrawlerConsole.DoMain.Crawler - 广东省环境保护厅-环保要闻采集异常,【新闻列表加载失败】
 WebCrawlerConsole.DoMain.Crawlername2017-11-16 11:55:36,083 [4] ERROR WebCrawlerConsole.DoMain.Crawler - 广东省环境保护厅-环保要闻采集异常,【新闻列表加载失败】
 WebCrawlerConsole.DoMain.Crawlername2017-11-16 13:54:30,143 [1] INFO  WebCrawler.Services.Program - 文章采集系统开始...
 WebCrawler.Services.Programname2017-11-16 13:54:31,034 [4] INFO  WebCrawlerConsole.DoMain.Crawler - 广东省环境保护厅-环保要闻采集开始***************************
 WebCrawlerConsole.DoMain.Crawlername2017-11-16 13:56:54,100 [4] ERROR WebCrawlerConsole.DoMain.Crawler - 广东省环境保护厅-环保要闻采集异常,【新闻列表加载失败】
 WebCrawlerConsole.DoMain.Crawlername2017-11-16 13:57:55,803 [1] INFO  WebCrawler.Services.Program - 文章采集系统开始...
 WebCrawler.Services.Programname2017-11-16 13:57:56,794 [4] INFO  WebCrawlerConsole.DoMain.Crawler - 广东省环境保护厅-环保要闻采集开始***************************
 WebCrawlerConsole.DoMain.Crawlername2017-11-16 14:03:18,986 [1] INFO  WebCrawler.Services.Program - 文章采集系统开始...
 WebCrawler.Services.Programname2017-11-16 14:03:20,093 [4] INFO  WebCrawlerConsole.DoMain.Crawler - 江苏环保厅-省内要闻采集开始***************************
 WebCrawlerConsole.DoMain.Crawlername2017-11-16 14:03:23,062 [4] WARN  WebCrawlerConsole.DoMain.Crawler - 江苏环保厅-省内要闻,新闻内容已到上一次最后采集新闻,结束采集
 WebCrawlerConsole.DoMain.Crawlername2017-11-16 14:03:23,177 [4] INFO  WebCrawlerConsole.DoMain.Crawler - 江苏环保厅-省内要闻,采集结束,共采集1条...共耗时3082毫秒********
 WebCrawlerConsole.DoMain.Crawlername2017-11-16 14:03:23,179 [4] INFO  WebCrawlerConsole.DoMain.Crawler - *******************************************************************************************
 WebCrawlerConsole.DoMain.Crawlername2017-11-16 14:03:23,249 [1] INFO  WebCrawler.Services.Program - 采集结束
 WebCrawler.Services.Programname2017-11-16 14:03:58,068 [1] INFO  WebCrawler.Services.Program - 文章采集系统开始...
 WebCrawler.Services.Programname2017-11-16 14:03:58,947 [4] INFO  WebCrawlerConsole.DoMain.Crawler - 江苏环保厅-省内要闻采集开始***************************
 WebCrawlerConsole.DoMain.Crawlername2017-11-16 14:04:19,663 [4] WARN  WebCrawlerConsole.DoMain.Crawler - 江苏环保厅-省内要闻,新闻内容已到上一次最后采集新闻,结束采集
 WebCrawlerConsole.DoMain.Crawlername2017-11-16 14:04:34,863 [4] INFO  WebCrawlerConsole.DoMain.Crawler - 江苏环保厅-省内要闻,采集结束,共采集1条...共耗时35646毫秒********
 WebCrawlerConsole.DoMain.Crawlername2017-11-16 14:04:35,284 [4] INFO  WebCrawlerConsole.DoMain.Crawler - *******************************************************************************************
 WebCrawlerConsole.DoMain.Crawlername2017-11-16 14:04:44,976 [1] INFO  WebCrawler.Services.Program - 采集结束
 WebCrawler.Services.Programname2017-11-16 14:04:57,964 [1] INFO  WebCrawler.Services.Program - 文章采集系统开始...
 WebCrawler.Services.Programname2017-11-16 14:04:58,929 [4] INFO  WebCrawlerConsole.DoMain.Crawler - 江苏环保厅-省内要闻采集开始***************************
 WebCrawlerConsole.DoMain.Crawlername2017-11-16 14:06:05,858 [1] INFO  WebCrawler.Services.Program - 文章采集系统开始...
 WebCrawler.Services.Programname2017-11-16 14:06:06,998 [4] INFO  WebCrawlerConsole.DoMain.Crawler - 广东省环境保护厅-环保要闻采集开始***************************
 WebCrawlerConsole.DoMain.Crawlername2017-11-16 14:08:16,135 [1] INFO  WebCrawler.Services.Program - 文章采集系统开始...
 WebCrawler.Services.Programname2017-11-16 14:08:17,198 [4] INFO  WebCrawlerConsole.DoMain.Crawler - 广东省环境保护厅-环保要闻采集开始***************************
 WebCrawlerConsole.DoMain.Crawlername2017-11-16 14:12:22,498 [1] INFO  WebCrawler.Services.Program - 文章采集系统开始...
 WebCrawler.Services.Programname2017-11-16 14:12:23,546 [4] INFO  WebCrawlerConsole.DoMain.Crawler - 广东省环境保护厅-环保要闻采集开始***************************
 WebCrawlerConsole.DoMain.Crawlername2017-11-16 14:12:50,637 [1] INFO  WebCrawler.Services.Program - 文章采集系统开始...
 WebCrawler.Services.Programname2017-11-16 14:12:51,716 [4] INFO  WebCrawlerConsole.DoMain.Crawler - 广东省环境保护厅-环保要闻采集开始***************************
 WebCrawlerConsole.DoMain.Crawlername2017-11-16 14:13:11,613 [1] INFO  WebCrawler.Services.Program - 文章采集系统开始...
 WebCrawler.Services.Programname2017-11-16 14:13:12,939 [4] INFO  WebCrawlerConsole.DoMain.Crawler - 广东省环境保护厅-环保要闻采集开始***************************
 WebCrawlerConsole.DoMain.Crawlername2017-11-16 14:21:42,163 [4] ERROR WebCrawlerConsole.DoMain.Crawler - 广东省环境保护厅-环保要闻,http://www.gdep.gov.cn/news/hbxw/index_14.html,?・?31?ò?????・à????????è?,文章内容获取失败
 WebCrawlerConsole.DoMain.Crawlername2017-11-16 14:25:24,621 [4] WARN  WebCrawlerConsole.DoMain.Crawler - 广东省环境保护厅-环保要闻,新闻日期小于2017年1月1日,不再采集
 WebCrawlerConsole.DoMain.Crawlername2017-11-16 14:25:25,385 [4] INFO  WebCrawlerConsole.DoMain.Crawler - 广东省环境保护厅-环保要闻,采集结束,共采集521条...共耗时732445毫秒********
 WebCrawlerConsole.DoMain.Crawlername2017-11-16 14:25:25,387 [4] INFO  WebCrawlerConsole.DoMain.Crawler - *******************************************************************************************
 WebCrawlerConsole.DoMain.Crawlername2017-11-16 14:25:25,439 [1] INFO  WebCrawler.Services.Program - 采集结束
 WebCrawler.Services.Programname2017-11-16 14:44:12,896 [1] INFO  WebCrawler.Services.Program - 文章采集系统开始...
 WebCrawler.Services.Programname2017-11-16 14:44:14,098 [4] INFO  WebCrawlerConsole.DoMain.Crawler - 广东省环境保护厅-环保要闻采集开始***************************
 WebCrawlerConsole.DoMain.Crawlername2017-11-16 14:44:45,082 [4] ERROR WebCrawlerConsole.DoMain.Crawler - 广东省环境保护厅-环保要闻,http://www.gdep.gov.cn/news/hbxw/,?・?3±￡?¤2??ù?aè?1ú?・?à????í???×ùì??á,文章内容获取失败
 WebCrawlerConsole.DoMain.Crawlername2017-11-16 14:44:45,085 [4] WARN  WebCrawlerConsole.DoMain.Crawler - 广东省环境保护厅-环保要闻,新闻内容已到上一次最后采集新闻,结束采集
 WebCrawlerConsole.DoMain.Crawlername2017-11-16 14:44:45,192 [4] INFO  WebCrawlerConsole.DoMain.Crawler - 广东省环境保护厅-环保要闻,采集结束,共采集1条...共耗时31093毫秒********
 WebCrawlerConsole.DoMain.Crawlername2017-11-16 14:44:45,194 [4] INFO  WebCrawlerConsole.DoMain.Crawler - *******************************************************************************************
 WebCrawlerConsole.DoMain.Crawlername2017-11-16 14:44:45,243 [1] INFO  WebCrawler.Services.Program - 采集结束
 WebCrawler.Services.Programname2017-11-16 14:55:31,913 [1] INFO  WebCrawler.Services.Program - 文章采集系统开始...
 WebCrawler.Services.Programname2017-11-16 14:55:32,877 [4] INFO  WebCrawlerConsole.DoMain.Crawler - 广东省环境保护厅-环保要闻采集开始***************************
 WebCrawlerConsole.DoMain.Crawlername2017-11-16 14:55:34,359 [4] WARN  WebCrawlerConsole.DoMain.Crawler - 广东省环境保护厅-环保要闻,新闻内容已到上一次最后采集新闻,结束采集
 WebCrawlerConsole.DoMain.Crawlername2017-11-16 14:55:34,468 [4] INFO  WebCrawlerConsole.DoMain.Crawler - 广东省环境保护厅-环保要闻,采集结束,共采集2条...共耗时1590毫秒********
 WebCrawlerConsole.DoMain.Crawlername2017-11-16 14:55:34,470 [4] INFO  WebCrawlerConsole.DoMain.Crawler - *******************************************************************************************
 WebCrawlerConsole.DoMain.Crawlername2017-11-16 14:55:34,518 [1] INFO  WebCrawler.Services.Program - 采集结束
 WebCrawler.Services.Programname2017-11-16 14:56:28,011 [1] INFO  WebCrawler.Services.Program - 文章采集系统开始...
 WebCrawler.Services.Programname2017-11-16 14:56:28,879 [4] INFO  WebCrawlerConsole.DoMain.Crawler - 广东省环境保护厅-环保要闻采集开始***************************
 WebCrawlerConsole.DoMain.Crawlername2017-11-16 14:56:55,138 [1] INFO  WebCrawler.Services.Program - 文章采集系统开始...
 WebCrawler.Services.Programname2017-11-16 14:56:56,216 [4] INFO  WebCrawlerConsole.DoMain.Crawler - 广东省环境保护厅-环保要闻采集开始***************************
 WebCrawlerConsole.DoMain.Crawlername2017-11-16 15:00:12,493 [4] ERROR WebCrawlerConsole.DoMain.Crawler - 广东省环境保护厅-环保要闻,http://www.gdep.gov.cn/news/hbxw/index_13.html,1??????ˉ′ó??oí????è?・à??×¨????2éDD?ˉ,文章内容获取失败
 WebCrawlerConsole.DoMain.Crawlername2017-11-16 15:01:12,683 [4] ERROR WebCrawlerConsole.DoMain.Crawler - 广东省环境保护厅-环保要闻,http://www.gdep.gov.cn/news/hbxw/index_19.html,???ê??1?2????ê×?o??￠×?2?ê?3?êD??μ￥,文章内容获取失败
 WebCrawlerConsole.DoMain.Crawlername2017-11-16 15:02:26,852 [4] ERROR WebCrawlerConsole.DoMain.Crawler - 广东省环境保护厅-环保要闻,http://www.gdep.gov.cn/news/hbxw/index_20.html,°o1óμ?à???・?àà??ê?3μ￡?′ó2?・??D??á?,文章内容获取失败
 WebCrawlerConsole.DoMain.Crawlername2017-11-16 15:03:47,669 [4] WARN  WebCrawlerConsole.DoMain.Crawler - 广东省环境保护厅-环保要闻,新闻内容已到上一次最后采集新闻,结束采集
 WebCrawlerConsole.DoMain.Crawlername2017-11-16 15:03:47,724 [4] INFO  WebCrawlerConsole.DoMain.Crawler - 广东省环境保护厅-环保要闻,采集结束,共采集519条...共耗时411507毫秒********
 WebCrawlerConsole.DoMain.Crawlername2017-11-16 15:03:47,725 [4] INFO  WebCrawlerConsole.DoMain.Crawler - *******************************************************************************************
 WebCrawlerConsole.DoMain.Crawlername2017-11-16 15:03:47,773 [1] INFO  WebCrawler.Services.Program - 采集结束
 WebCrawler.Services.Programname